<?xml version="1.0" encoding="UTF-8"?>
<!-- Generated by org.testng.reporters.JUnitXMLReporter -->
<testsuite ignored="13" hostname="DESKTOP-193VCU3" failures="1" tests="1" name="Default test" time="13.701" errors="0" timestamp="2024-04-03T12:20:47 IST">
  <testcase classname="scripts.SearchPage_T_C" name="verifyApplyButton" time="8.847">
    <failure type="java.lang.AssertionError" message="The following asserts failed:
	expected [true] but found [false]">
      <![CDATA[java.lang.AssertionError: The following asserts failed:
expected [true] but found [false]
at org.testng.asserts.SoftAssert.assertAll(SoftAssert.java:46)
at org.testng.asserts.SoftAssert.assertAll(SoftAssert.java:30)
at scripts.SearchPage_T_C.verifyApplyButton(SearchPage_T_C.java:75)
at java.base/jdk.internal.reflect.DirectMethodHandleAccessor.invoke(DirectMethodHandleAccessor.java:104)
at java.base/java.lang.reflect.Method.invoke(Method.java:578)
at org.testng.internal.invokers.MethodInvocationHelper.invokeMethod(MethodInvocationHelper.java:139)
at org.testng.internal.invokers.TestInvoker.invokeMethod(TestInvoker.java:664)
at org.testng.internal.invokers.TestInvoker.invokeTestMethod(TestInvoker.java:227)
at org.testng.internal.invokers.MethodRunner.runInSequence(MethodRunner.java:50)
at org.testng.internal.invokers.TestInvoker$MethodInvocationAgent.invoke(TestInvoker.java:957)
at org.testng.internal.invokers.TestInvoker.invokeTestMethods(TestInvoker.java:200)
at org.testng.internal.invokers.TestMethodWorker.invokeTestMethods(TestMethodWorker.java:148)
at org.testng.internal.invokers.TestMethodWorker.run(TestMethodWorker.java:128)
at java.base/java.util.ArrayList.forEach(ArrayList.java:1511)
at org.testng.TestRunner.privateRun(TestRunner.java:848)
at org.testng.TestRunner.run(TestRunner.java:621)
at org.testng.SuiteRunner.runTest(SuiteRunner.java:443)
at org.testng.SuiteRunner.runSequentially(SuiteRunner.java:437)
at org.testng.SuiteRunner.privateRun(SuiteRunner.java:397)
at org.testng.SuiteRunner.run(SuiteRunner.java:336)
at org.testng.SuiteRunnerWorker.runSuite(SuiteRunnerWorker.java:52)
at org.testng.SuiteRunnerWorker.run(SuiteRunnerWorker.java:95)
at org.testng.TestNG.runSuitesSequentially(TestNG.java:1280)
at org.testng.TestNG.runSuitesLocally(TestNG.java:1200)
at org.testng.TestNG.runSuites(TestNG.java:1114)
at org.testng.TestNG.run(TestNG.java:1082)
at org.testng.remote.AbstractRemoteTestNG.run(AbstractRemoteTestNG.java:115)
at org.testng.remote.RemoteTestNG.initAndRun(RemoteTestNG.java:251)
at org.testng.remote.RemoteTestNG.main(RemoteTestNG.java:77)
]]>
    </failure>
  </testcase> <!-- verifyApplyButton -->
  <testcase classname="scripts.SearchPage_T_C" name="verifyClearButton" time="0.0">
    <ignored/>
  </testcase> <!-- verifyClearButton -->
  <testcase classname="scripts.SearchPage_T_C" name="verifyScrollButton" time="0.0">
    <ignored/>
  </testcase> <!-- verifyScrollButton -->
  <testcase classname="scripts.SearchPage_T_C" name="verifyOgUrlRepetition" time="0.0">
    <ignored/>
  </testcase> <!-- verifyOgUrlRepetition -->
  <testcase classname="scripts.SearchPage_T_C" name="verifyProtocol" time="0.0">
    <ignored/>
  </testcase> <!-- verifyProtocol -->
  <testcase classname="scripts.SearchPage_T_C" name="verifyTitleRepetition" time="0.0">
    <ignored/>
  </testcase> <!-- verifyTitleRepetition -->
  <testcase classname="scripts.SearchPage_T_C" name="validateCompanyFilter" time="0.0">
    <ignored/>
  </testcase> <!-- validateCompanyFilter -->
  <testcase classname="scripts.SearchPage_T_C" name="verifyConsole" time="0.0">
    <ignored/>
  </testcase> <!-- verifyConsole -->
  <testcase classname="scripts.SearchPage_T_C" name="verifyMetaContent" time="0.0">
    <ignored/>
  </testcase> <!-- verifyMetaContent -->
  <testcase classname="scripts.SearchPage_T_C" name="validateMinimumJobCount" time="0.0">
    <ignored/>
  </testcase> <!-- validateMinimumJobCount -->
  <testcase classname="scripts.SearchPage_T_C" name="verifyNetworkStatus" time="0.0">
    <ignored/>
  </testcase> <!-- verifyNetworkStatus -->
  <testcase classname="scripts.SearchPage_T_C" name="verifyDescRepetition" time="0.0">
    <ignored/>
  </testcase> <!-- verifyDescRepetition -->
  <testcase classname="scripts.SearchPage_T_C" name="verifyHttpInPageSource" time="0.0">
    <ignored/>
  </testcase> <!-- verifyHttpInPageSource -->
  <testcase classname="scripts.SearchPage_T_C" name="verifySubdomain" time="0.0">
    <ignored/>
  </testcase> <!-- verifySubdomain -->
</testsuite> <!-- Default test -->
