<?xml version="1.0" encoding="UTF-8"?>
<!-- Generated by org.testng.reporters.JUnitXMLReporter -->
<testsuite ignored="0" hostname="DESKTOP-193VCU3" failures="32" tests="172" name="Cookie Page" time="629.347" errors="0" timestamp="2024-04-06T08:20:03 IST">
  <testcase classname="scripts.HomePage_T_C" name="verifyConsole" time="2.061"/>
  <testcase classname="scripts.PrivacyPage_T_C" name="verifyConsole" time="7.635"/>
  <testcase classname="scripts.HomePage_T_C" name="verifyConsole" time="4.794"/>
  <testcase classname="scripts.ContactPage_T_C" name="clientSideValidation" time="14.736"/>
  <testcase classname="scripts.SearchPage_T_C" name="validateCompanyFilter" time="16.512"/>
  <testcase classname="scripts.PrivacyPage_T_C" name="verifyConsole" time="5.682"/>
  <testcase classname="scripts.ContactPage_T_C" name="clientSideValidation" time="7.378"/>
  <testcase classname="scripts.HomePage_T_C" name="verifyDescRepetition" time="6.034"/>
  <testcase classname="scripts.PrivacyPage_T_C" name="verifyDescRepetition" time="6.836"/>
  <testcase classname="scripts.ContactPage_T_C" name="serverSideValidationWithInvalidDetails" time="7.838"/>
  <testcase classname="scripts.SearchPage_T_C" name="validateCompanyFilter" time="14.125">
    <failure type="org.openqa.selenium.NoSuchElementException" message="no such element: Unable to locate element: {&amp;quot;method&amp;quot;:&amp;quot;xpath&amp;quot;,&amp;quot;selector&amp;quot;:&amp;quot;//*[text()=&amp;apos;SEARCH&amp;apos; or text()=&amp;apos;FIND JOBS&amp;apos; or text()=&amp;apos;Search&amp;apos;or text()=&amp;apos;Browse Jobs&amp;apos; or text()=&amp;apos;BROWSE JOBS&amp;apos; or @type=&amp;apos;submit&amp;apos; or text()=&amp;apos;More Jobs&amp;apos;]&amp;quot;}
  (Session info: chrome=123.0.6312.106)
For documentation on this error, please visit: https://www.selenium.dev/documentation/webdriver/troubleshooting/errors#no-such-element-exception
Build info: version: &amp;apos;4.15.0&amp;apos;, revision: &amp;apos;1d14b5521b&amp;apos;
System info: os.name: &amp;apos;Windows 10&amp;apos;, os.arch: &amp;apos;amd64&amp;apos;, os.version: &amp;apos;10.0&amp;apos;, java.version: &amp;apos;19.0.2&amp;apos;
Driver info: org.openqa.selenium.remote.RemoteWebDriver
Command: [dd409679ebb912cb124a6cad6c3ec842, findElement {using=xpath, value=//*[text()=&amp;apos;SEARCH&amp;apos; or text()=&amp;apos;FIND JOBS&amp;apos; or text()=&amp;apos;Search&amp;apos;or text()=&amp;apos;Browse Jobs&amp;apos; or text()=&amp;apos;BROWSE JOBS&amp;apos; or @type=&amp;apos;submit&amp;apos; or text()=&amp;apos;More Jobs&amp;apos;]}]
Capabilities {acceptInsecureCerts: false, browserName: chrome, browserVersion: 123.0.6312.106, chrome: {chromedriverVersion: 122.0.6261.94 (880dbf29479c..., userDataDir: C:\Users\JOBIAK\AppData\Loc...}, fedcm:accounts: true, goog:chromeOptions: {debuggerAddress: localhost:61602}, networkConnectionEnabled: false, pageLoadStrategy: normal, platformName: Windows 10, proxy: Proxy(), se:bidiEnabled: false, se:cdp: ws://192.168.0.7:4444/sessi..., se:cdpVersion: 123.0.6312.106, setWindowRect: true, strictFileInteractability: false, timeouts: {implicit: 0, pageLoad: 300000, script: 30000}, unhandledPromptBehavior: dismiss and notify, webauthn:extension:credBlob: true, webauthn:extension:largeBlob: true, webauthn:extension:minPinLength: true, webauthn:extension:prf: true, webauthn:virtualAuthenticators: true}
Session ID: dd409679ebb912cb124a6cad6c3ec842">
      <![CDATA[org.openqa.selenium.NoSuchElementException: no such element: Unable to locate element: {"method":"xpath","selector":"//*[text()='SEARCH' or text()='FIND JOBS' or text()='Search'or text()='Browse Jobs' or text()='BROWSE JOBS' or @type='submit' or text()='More Jobs']"}
  (Session info: chrome=123.0.6312.106)
For documentation on this error, please visit: https://www.selenium.dev/documentation/webdriver/troubleshooting/errors#no-such-element-exception
Build info: version: '4.15.0', revision: '1d14b5521b'
System info: os.name: 'Windows 10', os.arch: 'amd64', os.version: '10.0', java.version: '19.0.2'
Driver info: org.openqa.selenium.remote.RemoteWebDriver
Command: [dd409679ebb912cb124a6cad6c3ec842, findElement {using=xpath, value=//*[text()='SEARCH' or text()='FIND JOBS' or text()='Search'or text()='Browse Jobs' or text()='BROWSE JOBS' or @type='submit' or text()='More Jobs']}]
Capabilities {acceptInsecureCerts: false, browserName: chrome, browserVersion: 123.0.6312.106, chrome: {chromedriverVersion: 122.0.6261.94 (880dbf29479c..., userDataDir: C:\Users\JOBIAK\AppData\Loc...}, fedcm:accounts: true, goog:chromeOptions: {debuggerAddress: localhost:61602}, networkConnectionEnabled: false, pageLoadStrategy: normal, platformName: Windows 10, proxy: Proxy(), se:bidiEnabled: false, se:cdp: ws://192.168.0.7:4444/sessi..., se:cdpVersion: 123.0.6312.106, setWindowRect: true, strictFileInteractability: false, timeouts: {implicit: 0, pageLoad: 300000, script: 30000}, unhandledPromptBehavior: dismiss and notify, webauthn:extension:credBlob: true, webauthn:extension:largeBlob: true, webauthn:extension:minPinLength: true, webauthn:extension:prf: true, webauthn:virtualAuthenticators: true}
Session ID: dd409679ebb912cb124a6cad6c3ec842
at org.openqa.selenium.remote.codec.w3c.W3CHttpResponseCodec.createException(W3CHttpResponseCodec.java:200)
at org.openqa.selenium.remote.codec.w3c.W3CHttpResponseCodec.decode(W3CHttpResponseCodec.java:133)
at org.openqa.selenium.remote.codec.w3c.W3CHttpResponseCodec.decode(W3CHttpResponseCodec.java:52)
at org.openqa.selenium.remote.HttpCommandExecutor.execute(HttpCommandExecutor.java:191)
at org.openqa.selenium.remote.TracedCommandExecutor.execute(TracedCommandExecutor.java:51)
at org.openqa.selenium.remote.RemoteWebDriver.execute(RemoteWebDriver.java:607)
at org.openqa.selenium.remote.ElementLocation$ElementFinder$2.findElement(ElementLocation.java:165)
at org.openqa.selenium.remote.ElementLocation.findElement(ElementLocation.java:59)
at org.openqa.selenium.remote.RemoteWebDriver.findElement(RemoteWebDriver.java:364)
at org.openqa.selenium.remote.RemoteWebDriver.findElement(RemoteWebDriver.java:358)
at pageElements.AbstractComponents.elementStore(AbstractComponents.java:23)
at pageElements.HomePageElements.clickOnSearch(HomePageElements.java:64)
at scripts.SearchPage_T_C.validateCompanyFilter(SearchPage_T_C.java:17)
at java.base/java.util.concurrent.ThreadPoolExecutor.runWorker(ThreadPoolExecutor.java:1144)
at java.base/java.util.concurrent.ThreadPoolExecutor$Worker.run(ThreadPoolExecutor.java:642)
at java.base/java.lang.Thread.run(Thread.java:1589)
... Removed 13 stack frames]]>
    </failure>
  </testcase> <!-- validateCompanyFilter -->
  <testcase classname="scripts.HomePage_T_C" name="verifyDescRepetition" time="4.028"/>
  <testcase classname="scripts.HomePage_T_C" name="verifyDomainPipeline" time="4.796"/>
  <testcase classname="scripts.PrivacyPage_T_C" name="verifyDescRepetition" time="6.606"/>
  <testcase classname="scripts.SearchPage_T_C" name="validateMinimumJobCount" time="7.189"/>
  <testcase classname="scripts.ContactPage_T_C" name="serverSideValidationWithInvalidDetails" time="10.152"/>
  <testcase classname="scripts.HomePage_T_C" name="verifyDomainPipeline" time="3.976"/>
  <testcase classname="scripts.PrivacyPage_T_C" name="verifyHttpInPageSource" time="6.256"/>
  <testcase classname="scripts.HomePage_T_C" name="verifyDomainViewPort" time="3.021"/>
  <testcase classname="scripts.ContactPage_T_C" name="serverSideValidationWithValidDetails" time="10.194"/>
  <testcase classname="scripts.PrivacyPage_T_C" name="verifyHttpInPageSource" time="5.203"/>
  <testcase classname="scripts.SearchPage_T_C" name="validateMinimumJobCount" time="15.248">
    <failure type="org.openqa.selenium.NoSuchElementException" message="no such element: Unable to locate element: {&amp;quot;method&amp;quot;:&amp;quot;xpath&amp;quot;,&amp;quot;selector&amp;quot;:&amp;quot;//*[text()=&amp;apos;SEARCH&amp;apos; or text()=&amp;apos;FIND JOBS&amp;apos; or text()=&amp;apos;Search&amp;apos;or text()=&amp;apos;Browse Jobs&amp;apos; or text()=&amp;apos;BROWSE JOBS&amp;apos; or @type=&amp;apos;submit&amp;apos; or text()=&amp;apos;More Jobs&amp;apos;]&amp;quot;}
  (Session info: chrome=123.0.6312.106)
For documentation on this error, please visit: https://www.selenium.dev/documentation/webdriver/troubleshooting/errors#no-such-element-exception
Build info: version: &amp;apos;4.15.0&amp;apos;, revision: &amp;apos;1d14b5521b&amp;apos;
System info: os.name: &amp;apos;Windows 10&amp;apos;, os.arch: &amp;apos;amd64&amp;apos;, os.version: &amp;apos;10.0&amp;apos;, java.version: &amp;apos;19.0.2&amp;apos;
Driver info: org.openqa.selenium.remote.RemoteWebDriver
Command: [4912cbfe54334fb202eac57fb8447619, findElement {using=xpath, value=//*[text()=&amp;apos;SEARCH&amp;apos; or text()=&amp;apos;FIND JOBS&amp;apos; or text()=&amp;apos;Search&amp;apos;or text()=&amp;apos;Browse Jobs&amp;apos; or text()=&amp;apos;BROWSE JOBS&amp;apos; or @type=&amp;apos;submit&amp;apos; or text()=&amp;apos;More Jobs&amp;apos;]}]
Capabilities {acceptInsecureCerts: false, browserName: chrome, browserVersion: 123.0.6312.106, chrome: {chromedriverVersion: 122.0.6261.94 (880dbf29479c..., userDataDir: C:\Users\JOBIAK\AppData\Loc...}, fedcm:accounts: true, goog:chromeOptions: {debuggerAddress: localhost:61827}, networkConnectionEnabled: false, pageLoadStrategy: normal, platformName: Windows 10, proxy: Proxy(), se:bidiEnabled: false, se:cdp: ws://192.168.0.7:4444/sessi..., se:cdpVersion: 123.0.6312.106, setWindowRect: true, strictFileInteractability: false, timeouts: {implicit: 0, pageLoad: 300000, script: 30000}, unhandledPromptBehavior: dismiss and notify, webauthn:extension:credBlob: true, webauthn:extension:largeBlob: true, webauthn:extension:minPinLength: true, webauthn:extension:prf: true, webauthn:virtualAuthenticators: true}
Session ID: 4912cbfe54334fb202eac57fb8447619">
      <![CDATA[org.openqa.selenium.NoSuchElementException: no such element: Unable to locate element: {"method":"xpath","selector":"//*[text()='SEARCH' or text()='FIND JOBS' or text()='Search'or text()='Browse Jobs' or text()='BROWSE JOBS' or @type='submit' or text()='More Jobs']"}
  (Session info: chrome=123.0.6312.106)
For documentation on this error, please visit: https://www.selenium.dev/documentation/webdriver/troubleshooting/errors#no-such-element-exception
Build info: version: '4.15.0', revision: '1d14b5521b'
System info: os.name: 'Windows 10', os.arch: 'amd64', os.version: '10.0', java.version: '19.0.2'
Driver info: org.openqa.selenium.remote.RemoteWebDriver
Command: [4912cbfe54334fb202eac57fb8447619, findElement {using=xpath, value=//*[text()='SEARCH' or text()='FIND JOBS' or text()='Search'or text()='Browse Jobs' or text()='BROWSE JOBS' or @type='submit' or text()='More Jobs']}]
Capabilities {acceptInsecureCerts: false, browserName: chrome, browserVersion: 123.0.6312.106, chrome: {chromedriverVersion: 122.0.6261.94 (880dbf29479c..., userDataDir: C:\Users\JOBIAK\AppData\Loc...}, fedcm:accounts: true, goog:chromeOptions: {debuggerAddress: localhost:61827}, networkConnectionEnabled: false, pageLoadStrategy: normal, platformName: Windows 10, proxy: Proxy(), se:bidiEnabled: false, se:cdp: ws://192.168.0.7:4444/sessi..., se:cdpVersion: 123.0.6312.106, setWindowRect: true, strictFileInteractability: false, timeouts: {implicit: 0, pageLoad: 300000, script: 30000}, unhandledPromptBehavior: dismiss and notify, webauthn:extension:credBlob: true, webauthn:extension:largeBlob: true, webauthn:extension:minPinLength: true, webauthn:extension:prf: true, webauthn:virtualAuthenticators: true}
Session ID: 4912cbfe54334fb202eac57fb8447619
at org.openqa.selenium.remote.codec.w3c.W3CHttpResponseCodec.createException(W3CHttpResponseCodec.java:200)
at org.openqa.selenium.remote.codec.w3c.W3CHttpResponseCodec.decode(W3CHttpResponseCodec.java:133)
at org.openqa.selenium.remote.codec.w3c.W3CHttpResponseCodec.decode(W3CHttpResponseCodec.java:52)
at org.openqa.selenium.remote.HttpCommandExecutor.execute(HttpCommandExecutor.java:191)
at org.openqa.selenium.remote.TracedCommandExecutor.execute(TracedCommandExecutor.java:51)
at org.openqa.selenium.remote.RemoteWebDriver.execute(RemoteWebDriver.java:607)
at org.openqa.selenium.remote.ElementLocation$ElementFinder$2.findElement(ElementLocation.java:165)
at org.openqa.selenium.remote.ElementLocation.findElement(ElementLocation.java:59)
at org.openqa.selenium.remote.RemoteWebDriver.findElement(RemoteWebDriver.java:364)
at org.openqa.selenium.remote.RemoteWebDriver.findElement(RemoteWebDriver.java:358)
at pageElements.AbstractComponents.elementStore(AbstractComponents.java:23)
at pageElements.HomePageElements.clickOnSearch(HomePageElements.java:64)
at scripts.SearchPage_T_C.validateMinimumJobCount(SearchPage_T_C.java:43)
at java.base/java.util.concurrent.ThreadPoolExecutor.runWorker(ThreadPoolExecutor.java:1144)
at java.base/java.util.concurrent.ThreadPoolExecutor$Worker.run(ThreadPoolExecutor.java:642)
at java.base/java.lang.Thread.run(Thread.java:1589)
... Removed 13 stack frames]]>
    </failure>
  </testcase> <!-- validateMinimumJobCount -->
  <testcase classname="scripts.HomePage_T_C" name="verifyDomainViewPort" time="1.984"/>
  <testcase classname="scripts.PrivacyPage_T_C" name="verifyMetaContent" time="6.472"/>
  <testcase classname="scripts.HomePage_T_C" name="verifyFaviconNetwork" time="4.688"/>
  <testcase classname="scripts.ContactPage_T_C" name="serverSideValidationWithValidDetails" time="12.458"/>
  <testcase classname="scripts.SearchPage_T_C" name="verifyApplyButton" time="11.172"/>
  <testcase classname="scripts.HomePage_T_C" name="verifyFaviconNetwork" time="4.885"/>
  <testcase classname="scripts.ContactPage_T_C" name="validateErrorMessages" time="6.046">
    <failure type="java.lang.AssertionError" message="The following asserts failed:
	Phone	 error is not matching expected [true] but found [false]">
      <![CDATA[java.lang.AssertionError: The following asserts failed:
Phone error is not matching expected [true] but found [false]
at scripts.ContactPage_T_C.validateErrorMessages(ContactPage_T_C.java:34)
at java.base/java.util.concurrent.ThreadPoolExecutor.runWorker(ThreadPoolExecutor.java:1144)
at java.base/java.util.concurrent.ThreadPoolExecutor$Worker.run(ThreadPoolExecutor.java:642)
at java.base/java.lang.Thread.run(Thread.java:1589)
... Removed 12 stack frames]]>
    </failure>
  </testcase> <!-- validateErrorMessages -->
  <testcase classname="scripts.PrivacyPage_T_C" name="verifyMetaContent" time="4.695"/>
  <testcase classname="scripts.HomePage_T_C" name="verifyFolderNameInPath" time="6.958"/>
  <testcase classname="scripts.ContactPage_T_C" name="validateErrorMessages" time="5.792"/>
  <testcase classname="scripts.PrivacyPage_T_C" name="verifyNetworkStatus" time="6.225"/>
  <testcase classname="scripts.SearchPage_T_C" name="verifyApplyButton" time="14.232">
    <failure type="org.openqa.selenium.NoSuchElementException" message="no such element: Unable to locate element: {&amp;quot;method&amp;quot;:&amp;quot;xpath&amp;quot;,&amp;quot;selector&amp;quot;:&amp;quot;//*[text()=&amp;apos;SEARCH&amp;apos; or text()=&amp;apos;FIND JOBS&amp;apos; or text()=&amp;apos;Search&amp;apos;or text()=&amp;apos;Browse Jobs&amp;apos; or text()=&amp;apos;BROWSE JOBS&amp;apos; or @type=&amp;apos;submit&amp;apos; or text()=&amp;apos;More Jobs&amp;apos;]&amp;quot;}
  (Session info: chrome=123.0.6312.106)
For documentation on this error, please visit: https://www.selenium.dev/documentation/webdriver/troubleshooting/errors#no-such-element-exception
Build info: version: &amp;apos;4.15.0&amp;apos;, revision: &amp;apos;1d14b5521b&amp;apos;
System info: os.name: &amp;apos;Windows 10&amp;apos;, os.arch: &amp;apos;amd64&amp;apos;, os.version: &amp;apos;10.0&amp;apos;, java.version: &amp;apos;19.0.2&amp;apos;
Driver info: org.openqa.selenium.remote.RemoteWebDriver
Command: [fe9df8596f99af1361ce8a2c23465fb8, findElement {using=xpath, value=//*[text()=&amp;apos;SEARCH&amp;apos; or text()=&amp;apos;FIND JOBS&amp;apos; or text()=&amp;apos;Search&amp;apos;or text()=&amp;apos;Browse Jobs&amp;apos; or text()=&amp;apos;BROWSE JOBS&amp;apos; or @type=&amp;apos;submit&amp;apos; or text()=&amp;apos;More Jobs&amp;apos;]}]
Capabilities {acceptInsecureCerts: false, browserName: chrome, browserVersion: 123.0.6312.106, chrome: {chromedriverVersion: 122.0.6261.94 (880dbf29479c..., userDataDir: C:\Users\JOBIAK\AppData\Loc...}, fedcm:accounts: true, goog:chromeOptions: {debuggerAddress: localhost:62071}, networkConnectionEnabled: false, pageLoadStrategy: normal, platformName: Windows 10, proxy: Proxy(), se:bidiEnabled: false, se:cdp: ws://192.168.0.7:4444/sessi..., se:cdpVersion: 123.0.6312.106, setWindowRect: true, strictFileInteractability: false, timeouts: {implicit: 0, pageLoad: 300000, script: 30000}, unhandledPromptBehavior: dismiss and notify, webauthn:extension:credBlob: true, webauthn:extension:largeBlob: true, webauthn:extension:minPinLength: true, webauthn:extension:prf: true, webauthn:virtualAuthenticators: true}
Session ID: fe9df8596f99af1361ce8a2c23465fb8">
      <![CDATA[org.openqa.selenium.NoSuchElementException: no such element: Unable to locate element: {"method":"xpath","selector":"//*[text()='SEARCH' or text()='FIND JOBS' or text()='Search'or text()='Browse Jobs' or text()='BROWSE JOBS' or @type='submit' or text()='More Jobs']"}
  (Session info: chrome=123.0.6312.106)
For documentation on this error, please visit: https://www.selenium.dev/documentation/webdriver/troubleshooting/errors#no-such-element-exception
Build info: version: '4.15.0', revision: '1d14b5521b'
System info: os.name: 'Windows 10', os.arch: 'amd64', os.version: '10.0', java.version: '19.0.2'
Driver info: org.openqa.selenium.remote.RemoteWebDriver
Command: [fe9df8596f99af1361ce8a2c23465fb8, findElement {using=xpath, value=//*[text()='SEARCH' or text()='FIND JOBS' or text()='Search'or text()='Browse Jobs' or text()='BROWSE JOBS' or @type='submit' or text()='More Jobs']}]
Capabilities {acceptInsecureCerts: false, browserName: chrome, browserVersion: 123.0.6312.106, chrome: {chromedriverVersion: 122.0.6261.94 (880dbf29479c..., userDataDir: C:\Users\JOBIAK\AppData\Loc...}, fedcm:accounts: true, goog:chromeOptions: {debuggerAddress: localhost:62071}, networkConnectionEnabled: false, pageLoadStrategy: normal, platformName: Windows 10, proxy: Proxy(), se:bidiEnabled: false, se:cdp: ws://192.168.0.7:4444/sessi..., se:cdpVersion: 123.0.6312.106, setWindowRect: true, strictFileInteractability: false, timeouts: {implicit: 0, pageLoad: 300000, script: 30000}, unhandledPromptBehavior: dismiss and notify, webauthn:extension:credBlob: true, webauthn:extension:largeBlob: true, webauthn:extension:minPinLength: true, webauthn:extension:prf: true, webauthn:virtualAuthenticators: true}
Session ID: fe9df8596f99af1361ce8a2c23465fb8
at org.openqa.selenium.remote.codec.w3c.W3CHttpResponseCodec.createException(W3CHttpResponseCodec.java:200)
at org.openqa.selenium.remote.codec.w3c.W3CHttpResponseCodec.decode(W3CHttpResponseCodec.java:133)
at org.openqa.selenium.remote.codec.w3c.W3CHttpResponseCodec.decode(W3CHttpResponseCodec.java:52)
at org.openqa.selenium.remote.HttpCommandExecutor.execute(HttpCommandExecutor.java:191)
at org.openqa.selenium.remote.TracedCommandExecutor.execute(TracedCommandExecutor.java:51)
at org.openqa.selenium.remote.RemoteWebDriver.execute(RemoteWebDriver.java:607)
at org.openqa.selenium.remote.ElementLocation$ElementFinder$2.findElement(ElementLocation.java:165)
at org.openqa.selenium.remote.ElementLocation.findElement(ElementLocation.java:59)
at org.openqa.selenium.remote.RemoteWebDriver.findElement(RemoteWebDriver.java:364)
at org.openqa.selenium.remote.RemoteWebDriver.findElement(RemoteWebDriver.java:358)
at pageElements.AbstractComponents.elementStore(AbstractComponents.java:23)
at pageElements.HomePageElements.clickOnSearch(HomePageElements.java:64)
at scripts.SearchPage_T_C.verifyApplyButton(SearchPage_T_C.java:65)
at java.base/java.util.concurrent.ThreadPoolExecutor.runWorker(ThreadPoolExecutor.java:1144)
at java.base/java.util.concurrent.ThreadPoolExecutor$Worker.run(ThreadPoolExecutor.java:642)
at java.base/java.lang.Thread.run(Thread.java:1589)
... Removed 13 stack frames]]>
    </failure>
  </testcase> <!-- verifyApplyButton -->
  <testcase classname="scripts.ContactPage_T_C" name="verifyConsole" time="3.907"/>
  <testcase classname="scripts.HomePage_T_C" name="verifyFolderNameInPath" time="8.19"/>
  <testcase classname="scripts.PrivacyPage_T_C" name="verifyNetworkStatus" time="6.339"/>
  <testcase classname="scripts.HomePage_T_C" name="verifyHttpInPageSource" time="3.776"/>
  <testcase classname="scripts.ContactPage_T_C" name="verifyConsole" time="5.915"/>
  <testcase classname="scripts.PrivacyPage_T_C" name="verifyOgUrlRepetition" time="5.726"/>
  <testcase classname="scripts.SearchPage_T_C" name="verifyClearButton" time="12.888"/>
  <testcase classname="scripts.HomePage_T_C" name="verifyHttpInPageSource" time="3.439"/>
  <testcase classname="scripts.ContactPage_T_C" name="verifyDescRepetition" time="4.65"/>
  <testcase classname="scripts.PrivacyPage_T_C" name="verifyOgUrlRepetition" time="7.763"/>
  <testcase classname="scripts.ContactPage_T_C" name="verifyDescRepetition" time="4.724"/>
  <testcase classname="scripts.HomePage_T_C" name="verifyImageFormat" time="5.422">
    <failure type="java.lang.AssertionError" message="The following asserts failed:
	https://jobsnotion.com/design-folder/pictures/company-logos/jn-live-trucking-logo.png expected [true] but found [false],
	https://jobsnotion.com/design-folder/pictures/icons/location.svg expected [true] but found [false],
	https://jobsnotion.com/design-folder/pictures/icons/clock.svg expected [true] but found [false],
	https://jobsnotion.com/design-folder/pictures/company-logos/jn-petsmart-logo.png expected [true] but found [false],
	https://jobsnotion.com/design-folder/pictures/icons/location.svg expected [true] but found [false],
	https://jobsnotion.com/design-folder/pictures/icons/clock.svg expected [true] but found [false],
	https://jobsnotion.com/design-folder/pictures/company-logos/jn-federal-bureau-of-investigation-logo.png expected [true] but found [false],
	https://jobsnotion.com/design-folder/pictures/icons/location.svg expected [true] but found [false],
	https://jobsnotion.com/design-folder/pictures/icons/clock.svg expected [true] but found [false],
	https://jobsnotion.com/design-folder/pictures/company-logos/jn-superprof-logo.png expected [true] but found [false],
	https://jobsnotion.com/design-folder/pictures/icons/location.svg expected [true] but found [false],
	https://jobsnotion.com/design-folder/pictures/icons/clock.svg expected [true] but found [false],
	https://jobsnotion.com/design-folder/pictures/company-logos/jn-autozone-logo.png expected [true] but found [false],
	https://jobsnotion.com/design-folder/pictures/icons/location.svg expected [true] but found [false],
	https://jobsnotion.com/design-folder/pictures/icons/clock.svg expected [true] but found [false]">
      <![CDATA[java.lang.AssertionError: The following asserts failed:
https://jobsnotion.com/design-folder/pictures/company-logos/jn-live-trucking-logo.png expected [true] but found [false],
https://jobsnotion.com/design-folder/pictures/icons/location.svg expected [true] but found [false],
https://jobsnotion.com/design-folder/pictures/icons/clock.svg expected [true] but found [false],
https://jobsnotion.com/design-folder/pictures/company-logos/jn-petsmart-logo.png expected [true] but found [false],
https://jobsnotion.com/design-folder/pictures/icons/location.svg expected [true] but found [false],
https://jobsnotion.com/design-folder/pictures/icons/clock.svg expected [true] but found [false],
https://jobsnotion.com/design-folder/pictures/company-logos/jn-federal-bureau-of-investigation-logo.png expected [true] but found [false],
https://jobsnotion.com/design-folder/pictures/icons/location.svg expected [true] but found [false],
https://jobsnotion.com/design-folder/pictures/icons/clock.svg expected [true] but found [false],
https://jobsnotion.com/design-folder/pictures/company-logos/jn-superprof-logo.png expected [true] but found [false],
https://jobsnotion.com/design-folder/pictures/icons/location.svg expected [true] but found [false],
https://jobsnotion.com/design-folder/pictures/icons/clock.svg expected [true] but found [false],
https://jobsnotion.com/design-folder/pictures/company-logos/jn-autozone-logo.png expected [true] but found [false],
https://jobsnotion.com/design-folder/pictures/icons/location.svg expected [true] but found [false],
https://jobsnotion.com/design-folder/pictures/icons/clock.svg expected [true] but found [false]
at scripts.HomePage_T_C.verifyImageFormat(HomePage_T_C.java:183)
at java.base/java.util.concurrent.ThreadPoolExecutor.runWorker(ThreadPoolExecutor.java:1144)
at java.base/java.util.concurrent.ThreadPoolExecutor$Worker.run(ThreadPoolExecutor.java:642)
at java.base/java.lang.Thread.run(Thread.java:1589)
... Removed 12 stack frames]]>
    </failure>
  </testcase> <!-- verifyImageFormat -->
  <testcase classname="scripts.SearchPage_T_C" name="verifyClearButton" time="14.89">
    <failure type="org.openqa.selenium.NoSuchElementException" message="no such element: Unable to locate element: {&amp;quot;method&amp;quot;:&amp;quot;xpath&amp;quot;,&amp;quot;selector&amp;quot;:&amp;quot;//*[text()=&amp;apos;SEARCH&amp;apos; or text()=&amp;apos;FIND JOBS&amp;apos; or text()=&amp;apos;Search&amp;apos;or text()=&amp;apos;Browse Jobs&amp;apos; or text()=&amp;apos;BROWSE JOBS&amp;apos; or @type=&amp;apos;submit&amp;apos; or text()=&amp;apos;More Jobs&amp;apos;]&amp;quot;}
  (Session info: chrome=123.0.6312.106)
For documentation on this error, please visit: https://www.selenium.dev/documentation/webdriver/troubleshooting/errors#no-such-element-exception
Build info: version: &amp;apos;4.15.0&amp;apos;, revision: &amp;apos;1d14b5521b&amp;apos;
System info: os.name: &amp;apos;Windows 10&amp;apos;, os.arch: &amp;apos;amd64&amp;apos;, os.version: &amp;apos;10.0&amp;apos;, java.version: &amp;apos;19.0.2&amp;apos;
Driver info: org.openqa.selenium.remote.RemoteWebDriver
Command: [da767b3b49567c51d0c529086fe9add5, findElement {using=xpath, value=//*[text()=&amp;apos;SEARCH&amp;apos; or text()=&amp;apos;FIND JOBS&amp;apos; or text()=&amp;apos;Search&amp;apos;or text()=&amp;apos;Browse Jobs&amp;apos; or text()=&amp;apos;BROWSE JOBS&amp;apos; or @type=&amp;apos;submit&amp;apos; or text()=&amp;apos;More Jobs&amp;apos;]}]
Capabilities {acceptInsecureCerts: false, browserName: chrome, browserVersion: 123.0.6312.106, chrome: {chromedriverVersion: 122.0.6261.94 (880dbf29479c..., userDataDir: C:\Users\JOBIAK\AppData\Loc...}, fedcm:accounts: true, goog:chromeOptions: {debuggerAddress: localhost:62326}, networkConnectionEnabled: false, pageLoadStrategy: normal, platformName: Windows 10, proxy: Proxy(), se:bidiEnabled: false, se:cdp: ws://192.168.0.7:4444/sessi..., se:cdpVersion: 123.0.6312.106, setWindowRect: true, strictFileInteractability: false, timeouts: {implicit: 0, pageLoad: 300000, script: 30000}, unhandledPromptBehavior: dismiss and notify, webauthn:extension:credBlob: true, webauthn:extension:largeBlob: true, webauthn:extension:minPinLength: true, webauthn:extension:prf: true, webauthn:virtualAuthenticators: true}
Session ID: da767b3b49567c51d0c529086fe9add5">
      <![CDATA[org.openqa.selenium.NoSuchElementException: no such element: Unable to locate element: {"method":"xpath","selector":"//*[text()='SEARCH' or text()='FIND JOBS' or text()='Search'or text()='Browse Jobs' or text()='BROWSE JOBS' or @type='submit' or text()='More Jobs']"}
  (Session info: chrome=123.0.6312.106)
For documentation on this error, please visit: https://www.selenium.dev/documentation/webdriver/troubleshooting/errors#no-such-element-exception
Build info: version: '4.15.0', revision: '1d14b5521b'
System info: os.name: 'Windows 10', os.arch: 'amd64', os.version: '10.0', java.version: '19.0.2'
Driver info: org.openqa.selenium.remote.RemoteWebDriver
Command: [da767b3b49567c51d0c529086fe9add5, findElement {using=xpath, value=//*[text()='SEARCH' or text()='FIND JOBS' or text()='Search'or text()='Browse Jobs' or text()='BROWSE JOBS' or @type='submit' or text()='More Jobs']}]
Capabilities {acceptInsecureCerts: false, browserName: chrome, browserVersion: 123.0.6312.106, chrome: {chromedriverVersion: 122.0.6261.94 (880dbf29479c..., userDataDir: C:\Users\JOBIAK\AppData\Loc...}, fedcm:accounts: true, goog:chromeOptions: {debuggerAddress: localhost:62326}, networkConnectionEnabled: false, pageLoadStrategy: normal, platformName: Windows 10, proxy: Proxy(), se:bidiEnabled: false, se:cdp: ws://192.168.0.7:4444/sessi..., se:cdpVersion: 123.0.6312.106, setWindowRect: true, strictFileInteractability: false, timeouts: {implicit: 0, pageLoad: 300000, script: 30000}, unhandledPromptBehavior: dismiss and notify, webauthn:extension:credBlob: true, webauthn:extension:largeBlob: true, webauthn:extension:minPinLength: true, webauthn:extension:prf: true, webauthn:virtualAuthenticators: true}
Session ID: da767b3b49567c51d0c529086fe9add5
at org.openqa.selenium.remote.codec.w3c.W3CHttpResponseCodec.createException(W3CHttpResponseCodec.java:200)
at org.openqa.selenium.remote.codec.w3c.W3CHttpResponseCodec.decode(W3CHttpResponseCodec.java:133)
at org.openqa.selenium.remote.codec.w3c.W3CHttpResponseCodec.decode(W3CHttpResponseCodec.java:52)
at org.openqa.selenium.remote.HttpCommandExecutor.execute(HttpCommandExecutor.java:191)
at org.openqa.selenium.remote.TracedCommandExecutor.execute(TracedCommandExecutor.java:51)
at org.openqa.selenium.remote.RemoteWebDriver.execute(RemoteWebDriver.java:607)
at org.openqa.selenium.remote.ElementLocation$ElementFinder$2.findElement(ElementLocation.java:165)
at org.openqa.selenium.remote.ElementLocation.findElement(ElementLocation.java:59)
at org.openqa.selenium.remote.RemoteWebDriver.findElement(RemoteWebDriver.java:364)
at org.openqa.selenium.remote.RemoteWebDriver.findElement(RemoteWebDriver.java:358)
at pageElements.AbstractComponents.elementStore(AbstractComponents.java:23)
at pageElements.HomePageElements.clickOnSearch(HomePageElements.java:64)
at scripts.SearchPage_T_C.verifyClearButton(SearchPage_T_C.java:32)
at java.base/java.util.concurrent.ThreadPoolExecutor.runWorker(ThreadPoolExecutor.java:1144)
at java.base/java.util.concurrent.ThreadPoolExecutor$Worker.run(ThreadPoolExecutor.java:642)
at java.base/java.lang.Thread.run(Thread.java:1589)
... Removed 13 stack frames]]>
    </failure>
  </testcase> <!-- verifyClearButton -->
  <testcase classname="scripts.PrivacyPage_T_C" name="verifyPageHeading" time="7.637"/>
  <testcase classname="scripts.HomePage_T_C" name="verifyImageFormat" time="4.042">
    <failure type="java.lang.AssertionError" message="The following asserts failed:
	https://worksfyi.com/wf-theme/images/company-logos/rnjz-chewy-logo.png expected [true] but found [false],
	https://worksfyi.com/wf-theme/images/company-logos/rnjz-dominos-logo.png expected [true] but found [false],
	https://worksfyi.com/wf-theme/images/company-logos/rnjz-dollar_tree-logo.png expected [true] but found [false],
	https://worksfyi.com/wf-theme/images/company-logos/rnjz-us_postal_service-logo.png expected [true] but found [false],
	https://worksfyi.com/wf-theme/images/company-logos/rnjz-crash_champions-logo.png expected [true] but found [false],
	https://worksfyi.com/wf-theme/images/company-logos/rnjz-petsmart-logo.jpg expected [true] but found [false]">
      <![CDATA[java.lang.AssertionError: The following asserts failed:
https://worksfyi.com/wf-theme/images/company-logos/rnjz-chewy-logo.png expected [true] but found [false],
https://worksfyi.com/wf-theme/images/company-logos/rnjz-dominos-logo.png expected [true] but found [false],
https://worksfyi.com/wf-theme/images/company-logos/rnjz-dollar_tree-logo.png expected [true] but found [false],
https://worksfyi.com/wf-theme/images/company-logos/rnjz-us_postal_service-logo.png expected [true] but found [false],
https://worksfyi.com/wf-theme/images/company-logos/rnjz-crash_champions-logo.png expected [true] but found [false],
https://worksfyi.com/wf-theme/images/company-logos/rnjz-petsmart-logo.jpg expected [true] but found [false]
at scripts.HomePage_T_C.verifyImageFormat(HomePage_T_C.java:183)
at java.base/java.util.concurrent.ThreadPoolExecutor.runWorker(ThreadPoolExecutor.java:1144)
at java.base/java.util.concurrent.ThreadPoolExecutor$Worker.run(ThreadPoolExecutor.java:642)
at java.base/java.lang.Thread.run(Thread.java:1589)
... Removed 12 stack frames]]>
    </failure>
  </testcase> <!-- verifyImageFormat -->
  <testcase classname="scripts.SearchPage_T_C" name="verifyConsole" time="5.677"/>
  <testcase classname="scripts.ContactPage_T_C" name="verifyHttpInPageSource" time="5.001"/>
  <testcase classname="scripts.ContactPage_T_C" name="verifyHttpInPageSource" time="4.295"/>
  <testcase classname="scripts.PrivacyPage_T_C" name="verifyPageHeading" time="10.112"/>
  <testcase classname="scripts.HomePage_T_C" name="verifyMetaContent" time="3.643"/>
  <testcase classname="scripts.ContactPage_T_C" name="verifyMailId" time="5.83"/>
  <testcase classname="scripts.HomePage_T_C" name="verifyMetaContent" time="3.228"/>
  <testcase classname="scripts.SearchPage_T_C" name="verifyConsole" time="13.981">
    <failure type="org.openqa.selenium.NoSuchElementException" message="no such element: Unable to locate element: {&amp;quot;method&amp;quot;:&amp;quot;xpath&amp;quot;,&amp;quot;selector&amp;quot;:&amp;quot;//*[text()=&amp;apos;SEARCH&amp;apos; or text()=&amp;apos;FIND JOBS&amp;apos; or text()=&amp;apos;Search&amp;apos;or text()=&amp;apos;Browse Jobs&amp;apos; or text()=&amp;apos;BROWSE JOBS&amp;apos; or @type=&amp;apos;submit&amp;apos; or text()=&amp;apos;More Jobs&amp;apos;]&amp;quot;}
  (Session info: chrome=123.0.6312.106)
For documentation on this error, please visit: https://www.selenium.dev/documentation/webdriver/troubleshooting/errors#no-such-element-exception
Build info: version: &amp;apos;4.15.0&amp;apos;, revision: &amp;apos;1d14b5521b&amp;apos;
System info: os.name: &amp;apos;Windows 10&amp;apos;, os.arch: &amp;apos;amd64&amp;apos;, os.version: &amp;apos;10.0&amp;apos;, java.version: &amp;apos;19.0.2&amp;apos;
Driver info: org.openqa.selenium.remote.RemoteWebDriver
Command: [1c9ea734743312246052af8b844e2b4e, findElement {using=xpath, value=//*[text()=&amp;apos;SEARCH&amp;apos; or text()=&amp;apos;FIND JOBS&amp;apos; or text()=&amp;apos;Search&amp;apos;or text()=&amp;apos;Browse Jobs&amp;apos; or text()=&amp;apos;BROWSE JOBS&amp;apos; or @type=&amp;apos;submit&amp;apos; or text()=&amp;apos;More Jobs&amp;apos;]}]
Capabilities {acceptInsecureCerts: false, browserName: chrome, browserVersion: 123.0.6312.106, chrome: {chromedriverVersion: 122.0.6261.94 (880dbf29479c..., userDataDir: C:\Users\JOBIAK\AppData\Loc...}, fedcm:accounts: true, goog:chromeOptions: {debuggerAddress: localhost:62535}, networkConnectionEnabled: false, pageLoadStrategy: normal, platformName: Windows 10, proxy: Proxy(), se:bidiEnabled: false, se:cdp: ws://192.168.0.7:4444/sessi..., se:cdpVersion: 123.0.6312.106, setWindowRect: true, strictFileInteractability: false, timeouts: {implicit: 0, pageLoad: 300000, script: 30000}, unhandledPromptBehavior: dismiss and notify, webauthn:extension:credBlob: true, webauthn:extension:largeBlob: true, webauthn:extension:minPinLength: true, webauthn:extension:prf: true, webauthn:virtualAuthenticators: true}
Session ID: 1c9ea734743312246052af8b844e2b4e">
      <![CDATA[org.openqa.selenium.NoSuchElementException: no such element: Unable to locate element: {"method":"xpath","selector":"//*[text()='SEARCH' or text()='FIND JOBS' or text()='Search'or text()='Browse Jobs' or text()='BROWSE JOBS' or @type='submit' or text()='More Jobs']"}
  (Session info: chrome=123.0.6312.106)
For documentation on this error, please visit: https://www.selenium.dev/documentation/webdriver/troubleshooting/errors#no-such-element-exception
Build info: version: '4.15.0', revision: '1d14b5521b'
System info: os.name: 'Windows 10', os.arch: 'amd64', os.version: '10.0', java.version: '19.0.2'
Driver info: org.openqa.selenium.remote.RemoteWebDriver
Command: [1c9ea734743312246052af8b844e2b4e, findElement {using=xpath, value=//*[text()='SEARCH' or text()='FIND JOBS' or text()='Search'or text()='Browse Jobs' or text()='BROWSE JOBS' or @type='submit' or text()='More Jobs']}]
Capabilities {acceptInsecureCerts: false, browserName: chrome, browserVersion: 123.0.6312.106, chrome: {chromedriverVersion: 122.0.6261.94 (880dbf29479c..., userDataDir: C:\Users\JOBIAK\AppData\Loc...}, fedcm:accounts: true, goog:chromeOptions: {debuggerAddress: localhost:62535}, networkConnectionEnabled: false, pageLoadStrategy: normal, platformName: Windows 10, proxy: Proxy(), se:bidiEnabled: false, se:cdp: ws://192.168.0.7:4444/sessi..., se:cdpVersion: 123.0.6312.106, setWindowRect: true, strictFileInteractability: false, timeouts: {implicit: 0, pageLoad: 300000, script: 30000}, unhandledPromptBehavior: dismiss and notify, webauthn:extension:credBlob: true, webauthn:extension:largeBlob: true, webauthn:extension:minPinLength: true, webauthn:extension:prf: true, webauthn:virtualAuthenticators: true}
Session ID: 1c9ea734743312246052af8b844e2b4e
at org.openqa.selenium.remote.codec.w3c.W3CHttpResponseCodec.createException(W3CHttpResponseCodec.java:200)
at org.openqa.selenium.remote.codec.w3c.W3CHttpResponseCodec.decode(W3CHttpResponseCodec.java:133)
at org.openqa.selenium.remote.codec.w3c.W3CHttpResponseCodec.decode(W3CHttpResponseCodec.java:52)
at org.openqa.selenium.remote.HttpCommandExecutor.execute(HttpCommandExecutor.java:191)
at org.openqa.selenium.remote.TracedCommandExecutor.execute(TracedCommandExecutor.java:51)
at org.openqa.selenium.remote.RemoteWebDriver.execute(RemoteWebDriver.java:607)
at org.openqa.selenium.remote.ElementLocation$ElementFinder$2.findElement(ElementLocation.java:165)
at org.openqa.selenium.remote.ElementLocation.findElement(ElementLocation.java:59)
at org.openqa.selenium.remote.RemoteWebDriver.findElement(RemoteWebDriver.java:364)
at org.openqa.selenium.remote.RemoteWebDriver.findElement(RemoteWebDriver.java:358)
at pageElements.AbstractComponents.elementStore(AbstractComponents.java:23)
at pageElements.HomePageElements.clickOnSearch(HomePageElements.java:64)
at scripts.SearchPage_T_C.verifyConsole(SearchPage_T_C.java:108)
at java.base/java.util.concurrent.ThreadPoolExecutor.runWorker(ThreadPoolExecutor.java:1144)
at java.base/java.util.concurrent.ThreadPoolExecutor$Worker.run(ThreadPoolExecutor.java:642)
at java.base/java.lang.Thread.run(Thread.java:1589)
... Removed 13 stack frames]]>
    </failure>
  </testcase> <!-- verifyConsole -->
  <testcase classname="scripts.PrivacyPage_T_C" name="verifyProtocol" time="10.927"/>
  <testcase classname="scripts.HomePage_T_C" name="verifyNetworkStatus" time="5.05"/>
  <testcase classname="scripts.ContactPage_T_C" name="verifyMailId" time="5.313">
    <failure type="java.lang.AssertionError" message="The following asserts failed:
	expected [true] but found [false]">
      <![CDATA[java.lang.AssertionError: The following asserts failed:
expected [true] but found [false]
at scripts.ContactPage_T_C.verifyMailId(ContactPage_T_C.java:21)
at java.base/java.util.concurrent.ThreadPoolExecutor.runWorker(ThreadPoolExecutor.java:1144)
at java.base/java.util.concurrent.ThreadPoolExecutor$Worker.run(ThreadPoolExecutor.java:642)
at java.base/java.lang.Thread.run(Thread.java:1589)
... Removed 12 stack frames]]>
    </failure>
  </testcase> <!-- verifyMailId -->
  <testcase classname="scripts.SearchPage_T_C" name="verifyDescRepetition" time="8.932"/>
  <testcase classname="scripts.HomePage_T_C" name="verifyNetworkStatus" time="3.167"/>
  <testcase classname="scripts.PrivacyPage_T_C" name="verifyProtocol" time="7.228"/>
  <testcase classname="scripts.ContactPage_T_C" name="verifyMetaContent" time="4.148"/>
  <testcase classname="scripts.HomePage_T_C" name="verifyOgImageNetwork" time="4.311"/>
  <testcase classname="scripts.PrivacyPage_T_C" name="verifyScrollButton" time="8.364">
    <failure type="java.lang.AssertionError" message="The following asserts failed:
	981 expected [true] but found [false]">
      <![CDATA[java.lang.AssertionError: The following asserts failed:
981 expected [true] but found [false]
at scripts.PrivacyPage_T_C.verifyScrollButton(PrivacyPage_T_C.java:54)
at java.base/java.util.concurrent.ThreadPoolExecutor.runWorker(ThreadPoolExecutor.java:1144)
at java.base/java.util.concurrent.ThreadPoolExecutor$Worker.run(ThreadPoolExecutor.java:642)
at java.base/java.lang.Thread.run(Thread.java:1589)
... Removed 12 stack frames]]>
    </failure>
  </testcase> <!-- verifyScrollButton -->
  <testcase classname="scripts.ContactPage_T_C" name="verifyMetaContent" time="5.607"/>
  <testcase classname="scripts.HomePage_T_C" name="verifyOgImageNetwork" time="5.332"/>
  <testcase classname="scripts.SearchPage_T_C" name="verifyDescRepetition" time="14.13">
    <failure type="org.openqa.selenium.NoSuchElementException" message="no such element: Unable to locate element: {&amp;quot;method&amp;quot;:&amp;quot;xpath&amp;quot;,&amp;quot;selector&amp;quot;:&amp;quot;//*[text()=&amp;apos;SEARCH&amp;apos; or text()=&amp;apos;FIND JOBS&amp;apos; or text()=&amp;apos;Search&amp;apos;or text()=&amp;apos;Browse Jobs&amp;apos; or text()=&amp;apos;BROWSE JOBS&amp;apos; or @type=&amp;apos;submit&amp;apos; or text()=&amp;apos;More Jobs&amp;apos;]&amp;quot;}
  (Session info: chrome=123.0.6312.106)
For documentation on this error, please visit: https://www.selenium.dev/documentation/webdriver/troubleshooting/errors#no-such-element-exception
Build info: version: &amp;apos;4.15.0&amp;apos;, revision: &amp;apos;1d14b5521b&amp;apos;
System info: os.name: &amp;apos;Windows 10&amp;apos;, os.arch: &amp;apos;amd64&amp;apos;, os.version: &amp;apos;10.0&amp;apos;, java.version: &amp;apos;19.0.2&amp;apos;
Driver info: org.openqa.selenium.remote.RemoteWebDriver
Command: [03cae504cc0773f772b5caaccf1cebb5, findElement {using=xpath, value=//*[text()=&amp;apos;SEARCH&amp;apos; or text()=&amp;apos;FIND JOBS&amp;apos; or text()=&amp;apos;Search&amp;apos;or text()=&amp;apos;Browse Jobs&amp;apos; or text()=&amp;apos;BROWSE JOBS&amp;apos; or @type=&amp;apos;submit&amp;apos; or text()=&amp;apos;More Jobs&amp;apos;]}]
Capabilities {acceptInsecureCerts: false, browserName: chrome, browserVersion: 123.0.6312.106, chrome: {chromedriverVersion: 122.0.6261.94 (880dbf29479c..., userDataDir: C:\Users\JOBIAK\AppData\Loc...}, fedcm:accounts: true, goog:chromeOptions: {debuggerAddress: localhost:62768}, networkConnectionEnabled: false, pageLoadStrategy: normal, platformName: Windows 10, proxy: Proxy(), se:bidiEnabled: false, se:cdp: ws://192.168.0.7:4444/sessi..., se:cdpVersion: 123.0.6312.106, setWindowRect: true, strictFileInteractability: false, timeouts: {implicit: 0, pageLoad: 300000, script: 30000}, unhandledPromptBehavior: dismiss and notify, webauthn:extension:credBlob: true, webauthn:extension:largeBlob: true, webauthn:extension:minPinLength: true, webauthn:extension:prf: true, webauthn:virtualAuthenticators: true}
Session ID: 03cae504cc0773f772b5caaccf1cebb5">
      <![CDATA[org.openqa.selenium.NoSuchElementException: no such element: Unable to locate element: {"method":"xpath","selector":"//*[text()='SEARCH' or text()='FIND JOBS' or text()='Search'or text()='Browse Jobs' or text()='BROWSE JOBS' or @type='submit' or text()='More Jobs']"}
  (Session info: chrome=123.0.6312.106)
For documentation on this error, please visit: https://www.selenium.dev/documentation/webdriver/troubleshooting/errors#no-such-element-exception
Build info: version: '4.15.0', revision: '1d14b5521b'
System info: os.name: 'Windows 10', os.arch: 'amd64', os.version: '10.0', java.version: '19.0.2'
Driver info: org.openqa.selenium.remote.RemoteWebDriver
Command: [03cae504cc0773f772b5caaccf1cebb5, findElement {using=xpath, value=//*[text()='SEARCH' or text()='FIND JOBS' or text()='Search'or text()='Browse Jobs' or text()='BROWSE JOBS' or @type='submit' or text()='More Jobs']}]
Capabilities {acceptInsecureCerts: false, browserName: chrome, browserVersion: 123.0.6312.106, chrome: {chromedriverVersion: 122.0.6261.94 (880dbf29479c..., userDataDir: C:\Users\JOBIAK\AppData\Loc...}, fedcm:accounts: true, goog:chromeOptions: {debuggerAddress: localhost:62768}, networkConnectionEnabled: false, pageLoadStrategy: normal, platformName: Windows 10, proxy: Proxy(), se:bidiEnabled: false, se:cdp: ws://192.168.0.7:4444/sessi..., se:cdpVersion: 123.0.6312.106, setWindowRect: true, strictFileInteractability: false, timeouts: {implicit: 0, pageLoad: 300000, script: 30000}, unhandledPromptBehavior: dismiss and notify, webauthn:extension:credBlob: true, webauthn:extension:largeBlob: true, webauthn:extension:minPinLength: true, webauthn:extension:prf: true, webauthn:virtualAuthenticators: true}
Session ID: 03cae504cc0773f772b5caaccf1cebb5
at org.openqa.selenium.remote.codec.w3c.W3CHttpResponseCodec.createException(W3CHttpResponseCodec.java:200)
at org.openqa.selenium.remote.codec.w3c.W3CHttpResponseCodec.decode(W3CHttpResponseCodec.java:133)
at org.openqa.selenium.remote.codec.w3c.W3CHttpResponseCodec.decode(W3CHttpResponseCodec.java:52)
at org.openqa.selenium.remote.HttpCommandExecutor.execute(HttpCommandExecutor.java:191)
at org.openqa.selenium.remote.TracedCommandExecutor.execute(TracedCommandExecutor.java:51)
at org.openqa.selenium.remote.RemoteWebDriver.execute(RemoteWebDriver.java:607)
at org.openqa.selenium.remote.ElementLocation$ElementFinder$2.findElement(ElementLocation.java:165)
at org.openqa.selenium.remote.ElementLocation.findElement(ElementLocation.java:59)
at org.openqa.selenium.remote.RemoteWebDriver.findElement(RemoteWebDriver.java:364)
at org.openqa.selenium.remote.RemoteWebDriver.findElement(RemoteWebDriver.java:358)
at pageElements.AbstractComponents.elementStore(AbstractComponents.java:23)
at pageElements.HomePageElements.clickOnSearch(HomePageElements.java:64)
at scripts.SearchPage_T_C.verifyDescRepetition(SearchPage_T_C.java:162)
at java.base/java.util.concurrent.ThreadPoolExecutor.runWorker(ThreadPoolExecutor.java:1144)
at java.base/java.util.concurrent.ThreadPoolExecutor$Worker.run(ThreadPoolExecutor.java:642)
at java.base/java.lang.Thread.run(Thread.java:1589)
... Removed 13 stack frames]]>
    </failure>
  </testcase> <!-- verifyDescRepetition -->
  <testcase classname="scripts.PrivacyPage_T_C" name="verifyScrollButton" time="8.347">
    <failure type="java.lang.AssertionError" message="The following asserts failed:
	0 expected [true] but found [false]">
      <![CDATA[java.lang.AssertionError: The following asserts failed:
0 expected [true] but found [false]
at scripts.PrivacyPage_T_C.verifyScrollButton(PrivacyPage_T_C.java:54)
at java.base/java.util.concurrent.ThreadPoolExecutor.runWorker(ThreadPoolExecutor.java:1144)
at java.base/java.util.concurrent.ThreadPoolExecutor$Worker.run(ThreadPoolExecutor.java:642)
at java.base/java.lang.Thread.run(Thread.java:1589)
... Removed 12 stack frames]]>
    </failure>
  </testcase> <!-- verifyScrollButton -->
  <testcase classname="scripts.HomePage_T_C" name="verifyOgImageRepetition" time="4.391"/>
  <testcase classname="scripts.ContactPage_T_C" name="verifyNetworkStatus" time="5.626"/>
  <testcase classname="scripts.SearchPage_T_C" name="verifyHttpInPageSource" time="7.598"/>
  <testcase classname="scripts.HomePage_T_C" name="verifyOgImageRepetition" time="3.276"/>
  <testcase classname="scripts.PrivacyPage_T_C" name="verifyStaticContent" time="7.155"/>
  <testcase classname="scripts.ContactPage_T_C" name="verifyNetworkStatus" time="7.288"/>
  <testcase classname="scripts.HomePage_T_C" name="verifyOgSiteName" time="6.143">
    <failure type="java.lang.AssertionError" message="The following asserts failed:
	Domain name:Jobs Notion og:sitename: jobsnotion expected [true] but found [false]">
      <![CDATA[java.lang.AssertionError: The following asserts failed:
Domain name:Jobs Notion og:sitename: jobsnotion expected [true] but found [false]
at scripts.HomePage_T_C.verifyOgSiteName(HomePage_T_C.java:140)
at java.base/java.util.concurrent.ThreadPoolExecutor.runWorker(ThreadPoolExecutor.java:1144)
at java.base/java.util.concurrent.ThreadPoolExecutor$Worker.run(ThreadPoolExecutor.java:642)
at java.base/java.lang.Thread.run(Thread.java:1589)
... Removed 12 stack frames]]>
    </failure>
  </testcase> <!-- verifyOgSiteName -->
  <testcase classname="scripts.PrivacyPage_T_C" name="verifyStaticContent" time="7.616"/>
  <testcase classname="scripts.SearchPage_T_C" name="verifyHttpInPageSource" time="15.538">
    <failure type="org.openqa.selenium.NoSuchElementException" message="no such element: Unable to locate element: {&amp;quot;method&amp;quot;:&amp;quot;xpath&amp;quot;,&amp;quot;selector&amp;quot;:&amp;quot;//*[text()=&amp;apos;SEARCH&amp;apos; or text()=&amp;apos;FIND JOBS&amp;apos; or text()=&amp;apos;Search&amp;apos;or text()=&amp;apos;Browse Jobs&amp;apos; or text()=&amp;apos;BROWSE JOBS&amp;apos; or @type=&amp;apos;submit&amp;apos; or text()=&amp;apos;More Jobs&amp;apos;]&amp;quot;}
  (Session info: chrome=123.0.6312.106)
For documentation on this error, please visit: https://www.selenium.dev/documentation/webdriver/troubleshooting/errors#no-such-element-exception
Build info: version: &amp;apos;4.15.0&amp;apos;, revision: &amp;apos;1d14b5521b&amp;apos;
System info: os.name: &amp;apos;Windows 10&amp;apos;, os.arch: &amp;apos;amd64&amp;apos;, os.version: &amp;apos;10.0&amp;apos;, java.version: &amp;apos;19.0.2&amp;apos;
Driver info: org.openqa.selenium.remote.RemoteWebDriver
Command: [3cb444347469820dc98b1bfb3f8651a1, findElement {using=xpath, value=//*[text()=&amp;apos;SEARCH&amp;apos; or text()=&amp;apos;FIND JOBS&amp;apos; or text()=&amp;apos;Search&amp;apos;or text()=&amp;apos;Browse Jobs&amp;apos; or text()=&amp;apos;BROWSE JOBS&amp;apos; or @type=&amp;apos;submit&amp;apos; or text()=&amp;apos;More Jobs&amp;apos;]}]
Capabilities {acceptInsecureCerts: false, browserName: chrome, browserVersion: 123.0.6312.106, chrome: {chromedriverVersion: 122.0.6261.94 (880dbf29479c..., userDataDir: C:\Users\JOBIAK\AppData\Loc...}, fedcm:accounts: true, goog:chromeOptions: {debuggerAddress: localhost:62984}, networkConnectionEnabled: false, pageLoadStrategy: normal, platformName: Windows 10, proxy: Proxy(), se:bidiEnabled: false, se:cdp: ws://192.168.0.7:4444/sessi..., se:cdpVersion: 123.0.6312.106, setWindowRect: true, strictFileInteractability: false, timeouts: {implicit: 0, pageLoad: 300000, script: 30000}, unhandledPromptBehavior: dismiss and notify, webauthn:extension:credBlob: true, webauthn:extension:largeBlob: true, webauthn:extension:minPinLength: true, webauthn:extension:prf: true, webauthn:virtualAuthenticators: true}
Session ID: 3cb444347469820dc98b1bfb3f8651a1">
      <![CDATA[org.openqa.selenium.NoSuchElementException: no such element: Unable to locate element: {"method":"xpath","selector":"//*[text()='SEARCH' or text()='FIND JOBS' or text()='Search'or text()='Browse Jobs' or text()='BROWSE JOBS' or @type='submit' or text()='More Jobs']"}
  (Session info: chrome=123.0.6312.106)
For documentation on this error, please visit: https://www.selenium.dev/documentation/webdriver/troubleshooting/errors#no-such-element-exception
Build info: version: '4.15.0', revision: '1d14b5521b'
System info: os.name: 'Windows 10', os.arch: 'amd64', os.version: '10.0', java.version: '19.0.2'
Driver info: org.openqa.selenium.remote.RemoteWebDriver
Command: [3cb444347469820dc98b1bfb3f8651a1, findElement {using=xpath, value=//*[text()='SEARCH' or text()='FIND JOBS' or text()='Search'or text()='Browse Jobs' or text()='BROWSE JOBS' or @type='submit' or text()='More Jobs']}]
Capabilities {acceptInsecureCerts: false, browserName: chrome, browserVersion: 123.0.6312.106, chrome: {chromedriverVersion: 122.0.6261.94 (880dbf29479c..., userDataDir: C:\Users\JOBIAK\AppData\Loc...}, fedcm:accounts: true, goog:chromeOptions: {debuggerAddress: localhost:62984}, networkConnectionEnabled: false, pageLoadStrategy: normal, platformName: Windows 10, proxy: Proxy(), se:bidiEnabled: false, se:cdp: ws://192.168.0.7:4444/sessi..., se:cdpVersion: 123.0.6312.106, setWindowRect: true, strictFileInteractability: false, timeouts: {implicit: 0, pageLoad: 300000, script: 30000}, unhandledPromptBehavior: dismiss and notify, webauthn:extension:credBlob: true, webauthn:extension:largeBlob: true, webauthn:extension:minPinLength: true, webauthn:extension:prf: true, webauthn:virtualAuthenticators: true}
Session ID: 3cb444347469820dc98b1bfb3f8651a1
at org.openqa.selenium.remote.codec.w3c.W3CHttpResponseCodec.createException(W3CHttpResponseCodec.java:200)
at org.openqa.selenium.remote.codec.w3c.W3CHttpResponseCodec.decode(W3CHttpResponseCodec.java:133)
at org.openqa.selenium.remote.codec.w3c.W3CHttpResponseCodec.decode(W3CHttpResponseCodec.java:52)
at org.openqa.selenium.remote.HttpCommandExecutor.execute(HttpCommandExecutor.java:191)
at org.openqa.selenium.remote.TracedCommandExecutor.execute(TracedCommandExecutor.java:51)
at org.openqa.selenium.remote.RemoteWebDriver.execute(RemoteWebDriver.java:607)
at org.openqa.selenium.remote.ElementLocation$ElementFinder$2.findElement(ElementLocation.java:165)
at org.openqa.selenium.remote.ElementLocation.findElement(ElementLocation.java:59)
at org.openqa.selenium.remote.RemoteWebDriver.findElement(RemoteWebDriver.java:364)
at org.openqa.selenium.remote.RemoteWebDriver.findElement(RemoteWebDriver.java:358)
at pageElements.AbstractComponents.elementStore(AbstractComponents.java:23)
at pageElements.HomePageElements.clickOnSearch(HomePageElements.java:64)
at scripts.SearchPage_T_C.verifyHttpInPageSource(SearchPage_T_C.java:140)
at java.base/java.util.concurrent.ThreadPoolExecutor.runWorker(ThreadPoolExecutor.java:1144)
at java.base/java.util.concurrent.ThreadPoolExecutor$Worker.run(ThreadPoolExecutor.java:642)
at java.base/java.lang.Thread.run(Thread.java:1589)
... Removed 13 stack frames]]>
    </failure>
  </testcase> <!-- verifyHttpInPageSource -->
  <testcase classname="scripts.ContactPage_T_C" name="verifyOgUrlRepetition" time="5.89"/>
  <testcase classname="scripts.HomePage_T_C" name="verifyOgSiteName" time="7.022"/>
  <testcase classname="scripts.PrivacyPage_T_C" name="verifySubdomain" time="8.313"/>
  <testcase classname="scripts.ContactPage_T_C" name="verifyOgUrlRepetition" time="3.789"/>
  <testcase classname="scripts.SearchPage_T_C" name="verifyMetaContent" time="5.742"/>
  <testcase classname="scripts.HomePage_T_C" name="verifyOgUrlRepetition" time="5.844"/>
  <testcase classname="scripts.ContactPage_T_C" name="verifyProtocol" time="3.855"/>
  <testcase classname="scripts.PrivacyPage_T_C" name="verifySubdomain" time="6.842"/>
  <testcase classname="scripts.HomePage_T_C" name="verifyOgUrlRepetition" time="5.532"/>
  <testcase classname="scripts.SearchPage_T_C" name="verifyMetaContent" time="12.09">
    <failure type="org.openqa.selenium.NoSuchElementException" message="no such element: Unable to locate element: {&amp;quot;method&amp;quot;:&amp;quot;xpath&amp;quot;,&amp;quot;selector&amp;quot;:&amp;quot;//*[text()=&amp;apos;SEARCH&amp;apos; or text()=&amp;apos;FIND JOBS&amp;apos; or text()=&amp;apos;Search&amp;apos;or text()=&amp;apos;Browse Jobs&amp;apos; or text()=&amp;apos;BROWSE JOBS&amp;apos; or @type=&amp;apos;submit&amp;apos; or text()=&amp;apos;More Jobs&amp;apos;]&amp;quot;}
  (Session info: chrome=123.0.6312.106)
For documentation on this error, please visit: https://www.selenium.dev/documentation/webdriver/troubleshooting/errors#no-such-element-exception
Build info: version: &amp;apos;4.15.0&amp;apos;, revision: &amp;apos;1d14b5521b&amp;apos;
System info: os.name: &amp;apos;Windows 10&amp;apos;, os.arch: &amp;apos;amd64&amp;apos;, os.version: &amp;apos;10.0&amp;apos;, java.version: &amp;apos;19.0.2&amp;apos;
Driver info: org.openqa.selenium.remote.RemoteWebDriver
Command: [77899721314ac6e019e32e7091d3b21b, findElement {using=xpath, value=//*[text()=&amp;apos;SEARCH&amp;apos; or text()=&amp;apos;FIND JOBS&amp;apos; or text()=&amp;apos;Search&amp;apos;or text()=&amp;apos;Browse Jobs&amp;apos; or text()=&amp;apos;BROWSE JOBS&amp;apos; or @type=&amp;apos;submit&amp;apos; or text()=&amp;apos;More Jobs&amp;apos;]}]
Capabilities {acceptInsecureCerts: false, browserName: chrome, browserVersion: 123.0.6312.106, chrome: {chromedriverVersion: 122.0.6261.94 (880dbf29479c..., userDataDir: C:\Users\JOBIAK\AppData\Loc...}, fedcm:accounts: true, goog:chromeOptions: {debuggerAddress: localhost:63208}, networkConnectionEnabled: false, pageLoadStrategy: normal, platformName: Windows 10, proxy: Proxy(), se:bidiEnabled: false, se:cdp: ws://192.168.0.7:4444/sessi..., se:cdpVersion: 123.0.6312.106, setWindowRect: true, strictFileInteractability: false, timeouts: {implicit: 0, pageLoad: 300000, script: 30000}, unhandledPromptBehavior: dismiss and notify, webauthn:extension:credBlob: true, webauthn:extension:largeBlob: true, webauthn:extension:minPinLength: true, webauthn:extension:prf: true, webauthn:virtualAuthenticators: true}
Session ID: 77899721314ac6e019e32e7091d3b21b">
      <![CDATA[org.openqa.selenium.NoSuchElementException: no such element: Unable to locate element: {"method":"xpath","selector":"//*[text()='SEARCH' or text()='FIND JOBS' or text()='Search'or text()='Browse Jobs' or text()='BROWSE JOBS' or @type='submit' or text()='More Jobs']"}
  (Session info: chrome=123.0.6312.106)
For documentation on this error, please visit: https://www.selenium.dev/documentation/webdriver/troubleshooting/errors#no-such-element-exception
Build info: version: '4.15.0', revision: '1d14b5521b'
System info: os.name: 'Windows 10', os.arch: 'amd64', os.version: '10.0', java.version: '19.0.2'
Driver info: org.openqa.selenium.remote.RemoteWebDriver
Command: [77899721314ac6e019e32e7091d3b21b, findElement {using=xpath, value=//*[text()='SEARCH' or text()='FIND JOBS' or text()='Search'or text()='Browse Jobs' or text()='BROWSE JOBS' or @type='submit' or text()='More Jobs']}]
Capabilities {acceptInsecureCerts: false, browserName: chrome, browserVersion: 123.0.6312.106, chrome: {chromedriverVersion: 122.0.6261.94 (880dbf29479c..., userDataDir: C:\Users\JOBIAK\AppData\Loc...}, fedcm:accounts: true, goog:chromeOptions: {debuggerAddress: localhost:63208}, networkConnectionEnabled: false, pageLoadStrategy: normal, platformName: Windows 10, proxy: Proxy(), se:bidiEnabled: false, se:cdp: ws://192.168.0.7:4444/sessi..., se:cdpVersion: 123.0.6312.106, setWindowRect: true, strictFileInteractability: false, timeouts: {implicit: 0, pageLoad: 300000, script: 30000}, unhandledPromptBehavior: dismiss and notify, webauthn:extension:credBlob: true, webauthn:extension:largeBlob: true, webauthn:extension:minPinLength: true, webauthn:extension:prf: true, webauthn:virtualAuthenticators: true}
Session ID: 77899721314ac6e019e32e7091d3b21b
at org.openqa.selenium.remote.codec.w3c.W3CHttpResponseCodec.createException(W3CHttpResponseCodec.java:200)
at org.openqa.selenium.remote.codec.w3c.W3CHttpResponseCodec.decode(W3CHttpResponseCodec.java:133)
at org.openqa.selenium.remote.codec.w3c.W3CHttpResponseCodec.decode(W3CHttpResponseCodec.java:52)
at org.openqa.selenium.remote.HttpCommandExecutor.execute(HttpCommandExecutor.java:191)
at org.openqa.selenium.remote.TracedCommandExecutor.execute(TracedCommandExecutor.java:51)
at org.openqa.selenium.remote.RemoteWebDriver.execute(RemoteWebDriver.java:607)
at org.openqa.selenium.remote.ElementLocation$ElementFinder$2.findElement(ElementLocation.java:165)
at org.openqa.selenium.remote.ElementLocation.findElement(ElementLocation.java:59)
at org.openqa.selenium.remote.RemoteWebDriver.findElement(RemoteWebDriver.java:364)
at org.openqa.selenium.remote.RemoteWebDriver.findElement(RemoteWebDriver.java:358)
at pageElements.AbstractComponents.elementStore(AbstractComponents.java:23)
at pageElements.HomePageElements.clickOnSearch(HomePageElements.java:64)
at scripts.SearchPage_T_C.verifyMetaContent(SearchPage_T_C.java:125)
at java.base/java.util.concurrent.ThreadPoolExecutor.runWorker(ThreadPoolExecutor.java:1144)
at java.base/java.util.concurrent.ThreadPoolExecutor$Worker.run(ThreadPoolExecutor.java:642)
at java.base/java.lang.Thread.run(Thread.java:1589)
... Removed 13 stack frames]]>
    </failure>
  </testcase> <!-- verifyMetaContent -->
  <testcase classname="scripts.ContactPage_T_C" name="verifyProtocol" time="6.256"/>
  <testcase classname="scripts.PrivacyPage_T_C" name="verifyTitleRepetition" time="6.924"/>
  <testcase classname="scripts.HomePage_T_C" name="verifyProtocol" time="3.291"/>
  <testcase classname="scripts.HomePage_T_C" name="verifyProtocol" time="3.234"/>
  <testcase classname="scripts.SearchPage_T_C" name="verifyNetworkStatus" time="10.101"/>
  <testcase classname="scripts.PrivacyPage_T_C" name="verifyTitleRepetition" time="4.642"/>
  <testcase classname="scripts.ContactPage_T_C" name="verifyScrollButton" time="5.779">
    <failure type="java.lang.AssertionError" message="The following asserts failed:
	33 expected [true] but found [false]">
      <![CDATA[java.lang.AssertionError: The following asserts failed:
33 expected [true] but found [false]
at scripts.ContactPage_T_C.verifyScrollButton(ContactPage_T_C.java:115)
at java.base/java.util.concurrent.ThreadPoolExecutor.runWorker(ThreadPoolExecutor.java:1144)
at java.base/java.util.concurrent.ThreadPoolExecutor$Worker.run(ThreadPoolExecutor.java:642)
at java.base/java.lang.Thread.run(Thread.java:1589)
... Removed 12 stack frames]]>
    </failure>
  </testcase> <!-- verifyScrollButton -->
  <testcase classname="scripts.HomePage_T_C" name="verifyRobotsBeforeSubmission" time="4.511">
    <failure type="java.lang.AssertionError" message="The following asserts failed:
	expected [true] but found [false]">
      <![CDATA[java.lang.AssertionError: The following asserts failed:
expected [true] but found [false]
at scripts.HomePage_T_C.verifyRobotsBeforeSubmission(HomePage_T_C.java:20)
at java.base/java.util.concurrent.ThreadPoolExecutor.runWorker(ThreadPoolExecutor.java:1144)
at java.base/java.util.concurrent.ThreadPoolExecutor$Worker.run(ThreadPoolExecutor.java:642)
at java.base/java.lang.Thread.run(Thread.java:1589)
... Removed 12 stack frames]]>
    </failure>
  </testcase> <!-- verifyRobotsBeforeSubmission -->
  <testcase classname="scripts.TermsPage_T_C" name="verifyConsole" time="5.893"/>
  <testcase classname="scripts.HomePage_T_C" name="verifyRobotsBeforeSubmission" time="0.718">
    <failure type="java.lang.AssertionError" message="The following asserts failed:
	expected [true] but found [false]">
      <![CDATA[java.lang.AssertionError: The following asserts failed:
expected [true] but found [false]
at scripts.HomePage_T_C.verifyRobotsBeforeSubmission(HomePage_T_C.java:20)
at java.base/java.util.concurrent.ThreadPoolExecutor.runWorker(ThreadPoolExecutor.java:1144)
at java.base/java.util.concurrent.ThreadPoolExecutor$Worker.run(ThreadPoolExecutor.java:642)
at java.base/java.lang.Thread.run(Thread.java:1589)
... Removed 12 stack frames]]>
    </failure>
  </testcase> <!-- verifyRobotsBeforeSubmission -->
  <testcase classname="scripts.ContactPage_T_C" name="verifyScrollButton" time="7.502">
    <failure type="java.lang.AssertionError" message="The following asserts failed:
	337 expected [true] but found [false]">
      <![CDATA[java.lang.AssertionError: The following asserts failed:
337 expected [true] but found [false]
at scripts.ContactPage_T_C.verifyScrollButton(ContactPage_T_C.java:115)
at java.base/java.util.concurrent.ThreadPoolExecutor.runWorker(ThreadPoolExecutor.java:1144)
at java.base/java.util.concurrent.ThreadPoolExecutor$Worker.run(ThreadPoolExecutor.java:642)
at java.base/java.lang.Thread.run(Thread.java:1589)
... Removed 12 stack frames]]>
    </failure>
  </testcase> <!-- verifyScrollButton -->
  <testcase classname="scripts.SearchPage_T_C" name="verifyNetworkStatus" time="14.736">
    <failure type="org.openqa.selenium.NoSuchElementException" message="no such element: Unable to locate element: {&amp;quot;method&amp;quot;:&amp;quot;xpath&amp;quot;,&amp;quot;selector&amp;quot;:&amp;quot;//*[text()=&amp;apos;SEARCH&amp;apos; or text()=&amp;apos;FIND JOBS&amp;apos; or text()=&amp;apos;Search&amp;apos;or text()=&amp;apos;Browse Jobs&amp;apos; or text()=&amp;apos;BROWSE JOBS&amp;apos; or @type=&amp;apos;submit&amp;apos; or text()=&amp;apos;More Jobs&amp;apos;]&amp;quot;}
  (Session info: chrome=123.0.6312.106)
For documentation on this error, please visit: https://www.selenium.dev/documentation/webdriver/troubleshooting/errors#no-such-element-exception
Build info: version: &amp;apos;4.15.0&amp;apos;, revision: &amp;apos;1d14b5521b&amp;apos;
System info: os.name: &amp;apos;Windows 10&amp;apos;, os.arch: &amp;apos;amd64&amp;apos;, os.version: &amp;apos;10.0&amp;apos;, java.version: &amp;apos;19.0.2&amp;apos;
Driver info: org.openqa.selenium.remote.RemoteWebDriver
Command: [b5aa3788a7a4c48f37c19f688553ea18, findElement {using=xpath, value=//*[text()=&amp;apos;SEARCH&amp;apos; or text()=&amp;apos;FIND JOBS&amp;apos; or text()=&amp;apos;Search&amp;apos;or text()=&amp;apos;Browse Jobs&amp;apos; or text()=&amp;apos;BROWSE JOBS&amp;apos; or @type=&amp;apos;submit&amp;apos; or text()=&amp;apos;More Jobs&amp;apos;]}]
Capabilities {acceptInsecureCerts: false, browserName: chrome, browserVersion: 123.0.6312.106, chrome: {chromedriverVersion: 122.0.6261.94 (880dbf29479c..., userDataDir: C:\Users\JOBIAK\AppData\Loc...}, fedcm:accounts: true, goog:chromeOptions: {debuggerAddress: localhost:63452}, networkConnectionEnabled: false, pageLoadStrategy: normal, platformName: Windows 10, proxy: Proxy(), se:bidiEnabled: false, se:cdp: ws://192.168.0.7:4444/sessi..., se:cdpVersion: 123.0.6312.106, setWindowRect: true, strictFileInteractability: false, timeouts: {implicit: 0, pageLoad: 300000, script: 30000}, unhandledPromptBehavior: dismiss and notify, webauthn:extension:credBlob: true, webauthn:extension:largeBlob: true, webauthn:extension:minPinLength: true, webauthn:extension:prf: true, webauthn:virtualAuthenticators: true}
Session ID: b5aa3788a7a4c48f37c19f688553ea18">
      <![CDATA[org.openqa.selenium.NoSuchElementException: no such element: Unable to locate element: {"method":"xpath","selector":"//*[text()='SEARCH' or text()='FIND JOBS' or text()='Search'or text()='Browse Jobs' or text()='BROWSE JOBS' or @type='submit' or text()='More Jobs']"}
  (Session info: chrome=123.0.6312.106)
For documentation on this error, please visit: https://www.selenium.dev/documentation/webdriver/troubleshooting/errors#no-such-element-exception
Build info: version: '4.15.0', revision: '1d14b5521b'
System info: os.name: 'Windows 10', os.arch: 'amd64', os.version: '10.0', java.version: '19.0.2'
Driver info: org.openqa.selenium.remote.RemoteWebDriver
Command: [b5aa3788a7a4c48f37c19f688553ea18, findElement {using=xpath, value=//*[text()='SEARCH' or text()='FIND JOBS' or text()='Search'or text()='Browse Jobs' or text()='BROWSE JOBS' or @type='submit' or text()='More Jobs']}]
Capabilities {acceptInsecureCerts: false, browserName: chrome, browserVersion: 123.0.6312.106, chrome: {chromedriverVersion: 122.0.6261.94 (880dbf29479c..., userDataDir: C:\Users\JOBIAK\AppData\Loc...}, fedcm:accounts: true, goog:chromeOptions: {debuggerAddress: localhost:63452}, networkConnectionEnabled: false, pageLoadStrategy: normal, platformName: Windows 10, proxy: Proxy(), se:bidiEnabled: false, se:cdp: ws://192.168.0.7:4444/sessi..., se:cdpVersion: 123.0.6312.106, setWindowRect: true, strictFileInteractability: false, timeouts: {implicit: 0, pageLoad: 300000, script: 30000}, unhandledPromptBehavior: dismiss and notify, webauthn:extension:credBlob: true, webauthn:extension:largeBlob: true, webauthn:extension:minPinLength: true, webauthn:extension:prf: true, webauthn:virtualAuthenticators: true}
Session ID: b5aa3788a7a4c48f37c19f688553ea18
at org.openqa.selenium.remote.codec.w3c.W3CHttpResponseCodec.createException(W3CHttpResponseCodec.java:200)
at org.openqa.selenium.remote.codec.w3c.W3CHttpResponseCodec.decode(W3CHttpResponseCodec.java:133)
at org.openqa.selenium.remote.codec.w3c.W3CHttpResponseCodec.decode(W3CHttpResponseCodec.java:52)
at org.openqa.selenium.remote.HttpCommandExecutor.execute(HttpCommandExecutor.java:191)
at org.openqa.selenium.remote.TracedCommandExecutor.execute(TracedCommandExecutor.java:51)
at org.openqa.selenium.remote.RemoteWebDriver.execute(RemoteWebDriver.java:607)
at org.openqa.selenium.remote.ElementLocation$ElementFinder$2.findElement(ElementLocation.java:165)
at org.openqa.selenium.remote.ElementLocation.findElement(ElementLocation.java:59)
at org.openqa.selenium.remote.RemoteWebDriver.findElement(RemoteWebDriver.java:364)
at org.openqa.selenium.remote.RemoteWebDriver.findElement(RemoteWebDriver.java:358)
at pageElements.AbstractComponents.elementStore(AbstractComponents.java:23)
at pageElements.HomePageElements.clickOnSearch(HomePageElements.java:64)
at scripts.SearchPage_T_C.verifyNetworkStatus(SearchPage_T_C.java:89)
at java.base/java.util.concurrent.ThreadPoolExecutor.runWorker(ThreadPoolExecutor.java:1144)
at java.base/java.util.concurrent.ThreadPoolExecutor$Worker.run(ThreadPoolExecutor.java:642)
at java.base/java.lang.Thread.run(Thread.java:1589)
... Removed 13 stack frames]]>
    </failure>
  </testcase> <!-- verifyNetworkStatus -->
  <testcase classname="scripts.TermsPage_T_C" name="verifyConsole" time="5.904"/>
  <testcase classname="scripts.HomePage_T_C" name="verifyScrollButton" time="7.632"/>
  <testcase classname="scripts.ContactPage_T_C" name="verifySubdomain" time="5.489"/>
  <testcase classname="scripts.SearchPage_T_C" name="verifyOgUrlRepetition" time="8.179"/>
  <testcase classname="scripts.TermsPage_T_C" name="verifyDescRepetition" time="5.492"/>
  <testcase classname="scripts.HomePage_T_C" name="verifyScrollButton" time="8.922"/>
  <testcase classname="scripts.ContactPage_T_C" name="verifySubdomain" time="9.833"/>
  <testcase classname="scripts.TermsPage_T_C" name="verifyDescRepetition" time="5.994"/>
  <testcase classname="scripts.HomePage_T_C" name="verifySitemap" time="1.016"/>
  <testcase classname="scripts.SearchPage_T_C" name="verifyOgUrlRepetition" time="13.562">
    <failure type="org.openqa.selenium.NoSuchElementException" message="no such element: Unable to locate element: {&amp;quot;method&amp;quot;:&amp;quot;xpath&amp;quot;,&amp;quot;selector&amp;quot;:&amp;quot;//*[text()=&amp;apos;SEARCH&amp;apos; or text()=&amp;apos;FIND JOBS&amp;apos; or text()=&amp;apos;Search&amp;apos;or text()=&amp;apos;Browse Jobs&amp;apos; or text()=&amp;apos;BROWSE JOBS&amp;apos; or @type=&amp;apos;submit&amp;apos; or text()=&amp;apos;More Jobs&amp;apos;]&amp;quot;}
  (Session info: chrome=123.0.6312.106)
For documentation on this error, please visit: https://www.selenium.dev/documentation/webdriver/troubleshooting/errors#no-such-element-exception
Build info: version: &amp;apos;4.15.0&amp;apos;, revision: &amp;apos;1d14b5521b&amp;apos;
System info: os.name: &amp;apos;Windows 10&amp;apos;, os.arch: &amp;apos;amd64&amp;apos;, os.version: &amp;apos;10.0&amp;apos;, java.version: &amp;apos;19.0.2&amp;apos;
Driver info: org.openqa.selenium.remote.RemoteWebDriver
Command: [f0f7dcb6029c1547d7a9fd55b5b85a1e, findElement {using=xpath, value=//*[text()=&amp;apos;SEARCH&amp;apos; or text()=&amp;apos;FIND JOBS&amp;apos; or text()=&amp;apos;Search&amp;apos;or text()=&amp;apos;Browse Jobs&amp;apos; or text()=&amp;apos;BROWSE JOBS&amp;apos; or @type=&amp;apos;submit&amp;apos; or text()=&amp;apos;More Jobs&amp;apos;]}]
Capabilities {acceptInsecureCerts: false, browserName: chrome, browserVersion: 123.0.6312.106, chrome: {chromedriverVersion: 122.0.6261.94 (880dbf29479c..., userDataDir: C:\Users\JOBIAK\AppData\Loc...}, fedcm:accounts: true, goog:chromeOptions: {debuggerAddress: localhost:63663}, networkConnectionEnabled: false, pageLoadStrategy: normal, platformName: Windows 10, proxy: Proxy(), se:bidiEnabled: false, se:cdp: ws://192.168.0.7:4444/sessi..., se:cdpVersion: 123.0.6312.106, setWindowRect: true, strictFileInteractability: false, timeouts: {implicit: 0, pageLoad: 300000, script: 30000}, unhandledPromptBehavior: dismiss and notify, webauthn:extension:credBlob: true, webauthn:extension:largeBlob: true, webauthn:extension:minPinLength: true, webauthn:extension:prf: true, webauthn:virtualAuthenticators: true}
Session ID: f0f7dcb6029c1547d7a9fd55b5b85a1e">
      <![CDATA[org.openqa.selenium.NoSuchElementException: no such element: Unable to locate element: {"method":"xpath","selector":"//*[text()='SEARCH' or text()='FIND JOBS' or text()='Search'or text()='Browse Jobs' or text()='BROWSE JOBS' or @type='submit' or text()='More Jobs']"}
  (Session info: chrome=123.0.6312.106)
For documentation on this error, please visit: https://www.selenium.dev/documentation/webdriver/troubleshooting/errors#no-such-element-exception
Build info: version: '4.15.0', revision: '1d14b5521b'
System info: os.name: 'Windows 10', os.arch: 'amd64', os.version: '10.0', java.version: '19.0.2'
Driver info: org.openqa.selenium.remote.RemoteWebDriver
Command: [f0f7dcb6029c1547d7a9fd55b5b85a1e, findElement {using=xpath, value=//*[text()='SEARCH' or text()='FIND JOBS' or text()='Search'or text()='Browse Jobs' or text()='BROWSE JOBS' or @type='submit' or text()='More Jobs']}]
Capabilities {acceptInsecureCerts: false, browserName: chrome, browserVersion: 123.0.6312.106, chrome: {chromedriverVersion: 122.0.6261.94 (880dbf29479c..., userDataDir: C:\Users\JOBIAK\AppData\Loc...}, fedcm:accounts: true, goog:chromeOptions: {debuggerAddress: localhost:63663}, networkConnectionEnabled: false, pageLoadStrategy: normal, platformName: Windows 10, proxy: Proxy(), se:bidiEnabled: false, se:cdp: ws://192.168.0.7:4444/sessi..., se:cdpVersion: 123.0.6312.106, setWindowRect: true, strictFileInteractability: false, timeouts: {implicit: 0, pageLoad: 300000, script: 30000}, unhandledPromptBehavior: dismiss and notify, webauthn:extension:credBlob: true, webauthn:extension:largeBlob: true, webauthn:extension:minPinLength: true, webauthn:extension:prf: true, webauthn:virtualAuthenticators: true}
Session ID: f0f7dcb6029c1547d7a9fd55b5b85a1e
at org.openqa.selenium.remote.codec.w3c.W3CHttpResponseCodec.createException(W3CHttpResponseCodec.java:200)
at org.openqa.selenium.remote.codec.w3c.W3CHttpResponseCodec.decode(W3CHttpResponseCodec.java:133)
at org.openqa.selenium.remote.codec.w3c.W3CHttpResponseCodec.decode(W3CHttpResponseCodec.java:52)
at org.openqa.selenium.remote.HttpCommandExecutor.execute(HttpCommandExecutor.java:191)
at org.openqa.selenium.remote.TracedCommandExecutor.execute(TracedCommandExecutor.java:51)
at org.openqa.selenium.remote.RemoteWebDriver.execute(RemoteWebDriver.java:607)
at org.openqa.selenium.remote.ElementLocation$ElementFinder$2.findElement(ElementLocation.java:165)
at org.openqa.selenium.remote.ElementLocation.findElement(ElementLocation.java:59)
at org.openqa.selenium.remote.RemoteWebDriver.findElement(RemoteWebDriver.java:364)
at org.openqa.selenium.remote.RemoteWebDriver.findElement(RemoteWebDriver.java:358)
at pageElements.AbstractComponents.elementStore(AbstractComponents.java:23)
at pageElements.HomePageElements.clickOnSearch(HomePageElements.java:64)
at scripts.SearchPage_T_C.verifyOgUrlRepetition(SearchPage_T_C.java:171)
at java.base/java.util.concurrent.ThreadPoolExecutor.runWorker(ThreadPoolExecutor.java:1144)
at java.base/java.util.concurrent.ThreadPoolExecutor$Worker.run(ThreadPoolExecutor.java:642)
at java.base/java.lang.Thread.run(Thread.java:1589)
... Removed 13 stack frames]]>
    </failure>
  </testcase> <!-- verifyOgUrlRepetition -->
  <testcase classname="scripts.ContactPage_T_C" name="verifyTitleRepetition" time="6.524"/>
  <testcase classname="scripts.HomePage_T_C" name="verifySitemap" time="0.979"/>
  <testcase classname="scripts.TermsPage_T_C" name="verifyHttpInPageSource" time="6.156"/>
  <testcase classname="scripts.HomePage_T_C" name="verifyStyleSheets" time="6.984"/>
  <testcase classname="scripts.SearchPage_T_C" name="verifyProtocol" time="6.476"/>
  <testcase classname="scripts.ContactPage_T_C" name="verifyTitleRepetition" time="6.799"/>
  <testcase classname="scripts.TermsPage_T_C" name="verifyHttpInPageSource" time="6.376"/>
  <testcase classname="scripts.HomePage_T_C" name="verifyStyleSheets" time="4.58"/>
  <testcase classname="scripts.TermsPage_T_C" name="verifyMetaContent" time="4.615">
    <failure type="java.lang.AssertionError" message="The following asserts failed:
	Protecting your rights and a positive user experience is our priority. Review our Terms of Service to understand the terms of your agreement with us. Protecting your rights and a positive user experience is our priority. Review our Terms &amp;amp; Conditions to understand the terms of your agreement with us. expected [true] but found [false]">
      <![CDATA[java.lang.AssertionError: The following asserts failed:
Protecting your rights and a positive user experience is our priority. Review our Terms of Service to understand the terms of your agreement with us. Protecting your rights and a positive user experience is our priority. Review our Terms & Conditions to understand the terms of your agreement with us. expected [true] but found [false]
at scripts.TermsPage_T_C.verifyMetaContent(TermsPage_T_C.java:91)
at java.base/java.util.concurrent.ThreadPoolExecutor.runWorker(ThreadPoolExecutor.java:1144)
at java.base/java.util.concurrent.ThreadPoolExecutor$Worker.run(ThreadPoolExecutor.java:642)
at java.base/java.lang.Thread.run(Thread.java:1589)
... Removed 12 stack frames]]>
    </failure>
  </testcase> <!-- verifyMetaContent -->
  <testcase classname="scripts.CookiePage_T_C" name="verifyConsole" time="4.628"/>
  <testcase classname="scripts.SearchPage_T_C" name="verifyProtocol" time="14.298">
    <failure type="org.openqa.selenium.NoSuchElementException" message="no such element: Unable to locate element: {&amp;quot;method&amp;quot;:&amp;quot;xpath&amp;quot;,&amp;quot;selector&amp;quot;:&amp;quot;//*[text()=&amp;apos;SEARCH&amp;apos; or text()=&amp;apos;FIND JOBS&amp;apos; or text()=&amp;apos;Search&amp;apos;or text()=&amp;apos;Browse Jobs&amp;apos; or text()=&amp;apos;BROWSE JOBS&amp;apos; or @type=&amp;apos;submit&amp;apos; or text()=&amp;apos;More Jobs&amp;apos;]&amp;quot;}
  (Session info: chrome=123.0.6312.106)
For documentation on this error, please visit: https://www.selenium.dev/documentation/webdriver/troubleshooting/errors#no-such-element-exception
Build info: version: &amp;apos;4.15.0&amp;apos;, revision: &amp;apos;1d14b5521b&amp;apos;
System info: os.name: &amp;apos;Windows 10&amp;apos;, os.arch: &amp;apos;amd64&amp;apos;, os.version: &amp;apos;10.0&amp;apos;, java.version: &amp;apos;19.0.2&amp;apos;
Driver info: org.openqa.selenium.remote.RemoteWebDriver
Command: [41334b0969c568da273c4198d04819dc, findElement {using=xpath, value=//*[text()=&amp;apos;SEARCH&amp;apos; or text()=&amp;apos;FIND JOBS&amp;apos; or text()=&amp;apos;Search&amp;apos;or text()=&amp;apos;Browse Jobs&amp;apos; or text()=&amp;apos;BROWSE JOBS&amp;apos; or @type=&amp;apos;submit&amp;apos; or text()=&amp;apos;More Jobs&amp;apos;]}]
Capabilities {acceptInsecureCerts: false, browserName: chrome, browserVersion: 123.0.6312.106, chrome: {chromedriverVersion: 122.0.6261.94 (880dbf29479c..., userDataDir: C:\Users\JOBIAK\AppData\Loc...}, fedcm:accounts: true, goog:chromeOptions: {debuggerAddress: localhost:63882}, networkConnectionEnabled: false, pageLoadStrategy: normal, platformName: Windows 10, proxy: Proxy(), se:bidiEnabled: false, se:cdp: ws://192.168.0.7:4444/sessi..., se:cdpVersion: 123.0.6312.106, setWindowRect: true, strictFileInteractability: false, timeouts: {implicit: 0, pageLoad: 300000, script: 30000}, unhandledPromptBehavior: dismiss and notify, webauthn:extension:credBlob: true, webauthn:extension:largeBlob: true, webauthn:extension:minPinLength: true, webauthn:extension:prf: true, webauthn:virtualAuthenticators: true}
Session ID: 41334b0969c568da273c4198d04819dc">
      <![CDATA[org.openqa.selenium.NoSuchElementException: no such element: Unable to locate element: {"method":"xpath","selector":"//*[text()='SEARCH' or text()='FIND JOBS' or text()='Search'or text()='Browse Jobs' or text()='BROWSE JOBS' or @type='submit' or text()='More Jobs']"}
  (Session info: chrome=123.0.6312.106)
For documentation on this error, please visit: https://www.selenium.dev/documentation/webdriver/troubleshooting/errors#no-such-element-exception
Build info: version: '4.15.0', revision: '1d14b5521b'
System info: os.name: 'Windows 10', os.arch: 'amd64', os.version: '10.0', java.version: '19.0.2'
Driver info: org.openqa.selenium.remote.RemoteWebDriver
Command: [41334b0969c568da273c4198d04819dc, findElement {using=xpath, value=//*[text()='SEARCH' or text()='FIND JOBS' or text()='Search'or text()='Browse Jobs' or text()='BROWSE JOBS' or @type='submit' or text()='More Jobs']}]
Capabilities {acceptInsecureCerts: false, browserName: chrome, browserVersion: 123.0.6312.106, chrome: {chromedriverVersion: 122.0.6261.94 (880dbf29479c..., userDataDir: C:\Users\JOBIAK\AppData\Loc...}, fedcm:accounts: true, goog:chromeOptions: {debuggerAddress: localhost:63882}, networkConnectionEnabled: false, pageLoadStrategy: normal, platformName: Windows 10, proxy: Proxy(), se:bidiEnabled: false, se:cdp: ws://192.168.0.7:4444/sessi..., se:cdpVersion: 123.0.6312.106, setWindowRect: true, strictFileInteractability: false, timeouts: {implicit: 0, pageLoad: 300000, script: 30000}, unhandledPromptBehavior: dismiss and notify, webauthn:extension:credBlob: true, webauthn:extension:largeBlob: true, webauthn:extension:minPinLength: true, webauthn:extension:prf: true, webauthn:virtualAuthenticators: true}
Session ID: 41334b0969c568da273c4198d04819dc
at org.openqa.selenium.remote.codec.w3c.W3CHttpResponseCodec.createException(W3CHttpResponseCodec.java:200)
at org.openqa.selenium.remote.codec.w3c.W3CHttpResponseCodec.decode(W3CHttpResponseCodec.java:133)
at org.openqa.selenium.remote.codec.w3c.W3CHttpResponseCodec.decode(W3CHttpResponseCodec.java:52)
at org.openqa.selenium.remote.HttpCommandExecutor.execute(HttpCommandExecutor.java:191)
at org.openqa.selenium.remote.TracedCommandExecutor.execute(TracedCommandExecutor.java:51)
at org.openqa.selenium.remote.RemoteWebDriver.execute(RemoteWebDriver.java:607)
at org.openqa.selenium.remote.ElementLocation$ElementFinder$2.findElement(ElementLocation.java:165)
at org.openqa.selenium.remote.ElementLocation.findElement(ElementLocation.java:59)
at org.openqa.selenium.remote.RemoteWebDriver.findElement(RemoteWebDriver.java:364)
at org.openqa.selenium.remote.RemoteWebDriver.findElement(RemoteWebDriver.java:358)
at pageElements.AbstractComponents.elementStore(AbstractComponents.java:23)
at pageElements.HomePageElements.clickOnSearch(HomePageElements.java:64)
at scripts.SearchPage_T_C.verifyProtocol(SearchPage_T_C.java:81)
at java.base/java.util.concurrent.ThreadPoolExecutor.runWorker(ThreadPoolExecutor.java:1144)
at java.base/java.util.concurrent.ThreadPoolExecutor$Worker.run(ThreadPoolExecutor.java:642)
at java.base/java.lang.Thread.run(Thread.java:1589)
... Removed 13 stack frames]]>
    </failure>
  </testcase> <!-- verifyProtocol -->
  <testcase classname="scripts.HomePage_T_C" name="verifySubdomain" time="5.375"/>
  <testcase classname="scripts.TermsPage_T_C" name="verifyMetaContent" time="6.762">
    <failure type="java.lang.AssertionError" message="The following asserts failed:
	Our terms of use outline the rules and guidelines for using our platform. Familiarize yourself with our policies to ensure compliance. Our terms and conditions outline the rules and guidelines for using our platform. Familiarize yourself with our policies to ensure compliance. expected [true] but found [false]">
      <![CDATA[java.lang.AssertionError: The following asserts failed:
Our terms of use outline the rules and guidelines for using our platform. Familiarize yourself with our policies to ensure compliance. Our terms and conditions outline the rules and guidelines for using our platform. Familiarize yourself with our policies to ensure compliance. expected [true] but found [false]
at scripts.TermsPage_T_C.verifyMetaContent(TermsPage_T_C.java:91)
at java.base/java.util.concurrent.ThreadPoolExecutor.runWorker(ThreadPoolExecutor.java:1144)
at java.base/java.util.concurrent.ThreadPoolExecutor$Worker.run(ThreadPoolExecutor.java:642)
at java.base/java.lang.Thread.run(Thread.java:1589)
... Removed 12 stack frames]]>
    </failure>
  </testcase> <!-- verifyMetaContent -->
  <testcase classname="scripts.HomePage_T_C" name="verifySubdomain" time="6.419"/>
  <testcase classname="scripts.SearchPage_T_C" name="verifyScrollButton" time="6.178">
    <failure type="java.lang.AssertionError" message="The following asserts failed:
	992 expected [true] but found [false]">
      <![CDATA[java.lang.AssertionError: The following asserts failed:
992 expected [true] but found [false]
at scripts.SearchPage_T_C.verifyScrollButton(SearchPage_T_C.java:101)
at java.base/java.util.concurrent.ThreadPoolExecutor.runWorker(ThreadPoolExecutor.java:1144)
at java.base/java.util.concurrent.ThreadPoolExecutor$Worker.run(ThreadPoolExecutor.java:642)
at java.base/java.lang.Thread.run(Thread.java:1589)
... Removed 12 stack frames]]>
    </failure>
  </testcase> <!-- verifyScrollButton -->
  <testcase classname="scripts.CookiePage_T_C" name="verifyConsole" time="7.07"/>
  <testcase classname="scripts.TermsPage_T_C" name="verifyNetworkStatus" time="6.111"/>
  <testcase classname="scripts.HomePage_T_C" name="verifyTitleRepetition" time="4.499"/>
  <testcase classname="scripts.CookiePage_T_C" name="verifyDescRepetition" time="6.006"/>
  <testcase classname="scripts.SearchPage_T_C" name="verifyScrollButton" time="12.363">
    <failure type="org.openqa.selenium.NoSuchElementException" message="no such element: Unable to locate element: {&amp;quot;method&amp;quot;:&amp;quot;xpath&amp;quot;,&amp;quot;selector&amp;quot;:&amp;quot;//*[text()=&amp;apos;SEARCH&amp;apos; or text()=&amp;apos;FIND JOBS&amp;apos; or text()=&amp;apos;Search&amp;apos;or text()=&amp;apos;Browse Jobs&amp;apos; or text()=&amp;apos;BROWSE JOBS&amp;apos; or @type=&amp;apos;submit&amp;apos; or text()=&amp;apos;More Jobs&amp;apos;]&amp;quot;}
  (Session info: chrome=123.0.6312.106)
For documentation on this error, please visit: https://www.selenium.dev/documentation/webdriver/troubleshooting/errors#no-such-element-exception
Build info: version: &amp;apos;4.15.0&amp;apos;, revision: &amp;apos;1d14b5521b&amp;apos;
System info: os.name: &amp;apos;Windows 10&amp;apos;, os.arch: &amp;apos;amd64&amp;apos;, os.version: &amp;apos;10.0&amp;apos;, java.version: &amp;apos;19.0.2&amp;apos;
Driver info: org.openqa.selenium.remote.RemoteWebDriver
Command: [e6b15f5a263501fd1c8edb0433392346, findElement {using=xpath, value=//*[text()=&amp;apos;SEARCH&amp;apos; or text()=&amp;apos;FIND JOBS&amp;apos; or text()=&amp;apos;Search&amp;apos;or text()=&amp;apos;Browse Jobs&amp;apos; or text()=&amp;apos;BROWSE JOBS&amp;apos; or @type=&amp;apos;submit&amp;apos; or text()=&amp;apos;More Jobs&amp;apos;]}]
Capabilities {acceptInsecureCerts: false, browserName: chrome, browserVersion: 123.0.6312.106, chrome: {chromedriverVersion: 122.0.6261.94 (880dbf29479c..., userDataDir: C:\Users\JOBIAK\AppData\Loc...}, fedcm:accounts: true, goog:chromeOptions: {debuggerAddress: localhost:64091}, networkConnectionEnabled: false, pageLoadStrategy: normal, platformName: Windows 10, proxy: Proxy(), se:bidiEnabled: false, se:cdp: ws://192.168.0.7:4444/sessi..., se:cdpVersion: 123.0.6312.106, setWindowRect: true, strictFileInteractability: false, timeouts: {implicit: 0, pageLoad: 300000, script: 30000}, unhandledPromptBehavior: dismiss and notify, webauthn:extension:credBlob: true, webauthn:extension:largeBlob: true, webauthn:extension:minPinLength: true, webauthn:extension:prf: true, webauthn:virtualAuthenticators: true}
Session ID: e6b15f5a263501fd1c8edb0433392346">
      <![CDATA[org.openqa.selenium.NoSuchElementException: no such element: Unable to locate element: {"method":"xpath","selector":"//*[text()='SEARCH' or text()='FIND JOBS' or text()='Search'or text()='Browse Jobs' or text()='BROWSE JOBS' or @type='submit' or text()='More Jobs']"}
  (Session info: chrome=123.0.6312.106)
For documentation on this error, please visit: https://www.selenium.dev/documentation/webdriver/troubleshooting/errors#no-such-element-exception
Build info: version: '4.15.0', revision: '1d14b5521b'
System info: os.name: 'Windows 10', os.arch: 'amd64', os.version: '10.0', java.version: '19.0.2'
Driver info: org.openqa.selenium.remote.RemoteWebDriver
Command: [e6b15f5a263501fd1c8edb0433392346, findElement {using=xpath, value=//*[text()='SEARCH' or text()='FIND JOBS' or text()='Search'or text()='Browse Jobs' or text()='BROWSE JOBS' or @type='submit' or text()='More Jobs']}]
Capabilities {acceptInsecureCerts: false, browserName: chrome, browserVersion: 123.0.6312.106, chrome: {chromedriverVersion: 122.0.6261.94 (880dbf29479c..., userDataDir: C:\Users\JOBIAK\AppData\Loc...}, fedcm:accounts: true, goog:chromeOptions: {debuggerAddress: localhost:64091}, networkConnectionEnabled: false, pageLoadStrategy: normal, platformName: Windows 10, proxy: Proxy(), se:bidiEnabled: false, se:cdp: ws://192.168.0.7:4444/sessi..., se:cdpVersion: 123.0.6312.106, setWindowRect: true, strictFileInteractability: false, timeouts: {implicit: 0, pageLoad: 300000, script: 30000}, unhandledPromptBehavior: dismiss and notify, webauthn:extension:credBlob: true, webauthn:extension:largeBlob: true, webauthn:extension:minPinLength: true, webauthn:extension:prf: true, webauthn:virtualAuthenticators: true}
Session ID: e6b15f5a263501fd1c8edb0433392346
at org.openqa.selenium.remote.codec.w3c.W3CHttpResponseCodec.createException(W3CHttpResponseCodec.java:200)
at org.openqa.selenium.remote.codec.w3c.W3CHttpResponseCodec.decode(W3CHttpResponseCodec.java:133)
at org.openqa.selenium.remote.codec.w3c.W3CHttpResponseCodec.decode(W3CHttpResponseCodec.java:52)
at org.openqa.selenium.remote.HttpCommandExecutor.execute(HttpCommandExecutor.java:191)
at org.openqa.selenium.remote.TracedCommandExecutor.execute(TracedCommandExecutor.java:51)
at org.openqa.selenium.remote.RemoteWebDriver.execute(RemoteWebDriver.java:607)
at org.openqa.selenium.remote.ElementLocation$ElementFinder$2.findElement(ElementLocation.java:165)
at org.openqa.selenium.remote.ElementLocation.findElement(ElementLocation.java:59)
at org.openqa.selenium.remote.RemoteWebDriver.findElement(RemoteWebDriver.java:364)
at org.openqa.selenium.remote.RemoteWebDriver.findElement(RemoteWebDriver.java:358)
at pageElements.AbstractComponents.elementStore(AbstractComponents.java:23)
at pageElements.HomePageElements.clickOnSearch(HomePageElements.java:64)
at scripts.SearchPage_T_C.verifyScrollButton(SearchPage_T_C.java:97)
at java.base/java.util.concurrent.ThreadPoolExecutor.runWorker(ThreadPoolExecutor.java:1144)
at java.base/java.util.concurrent.ThreadPoolExecutor$Worker.run(ThreadPoolExecutor.java:642)
at java.base/java.lang.Thread.run(Thread.java:1589)
... Removed 13 stack frames]]>
    </failure>
  </testcase> <!-- verifyScrollButton -->
  <testcase classname="scripts.HomePage_T_C" name="verifyTitleRepetition" time="5.649"/>
  <testcase classname="scripts.TermsPage_T_C" name="verifyNetworkStatus" time="6.672"/>
  <testcase classname="scripts.CookiePage_T_C" name="verifyDescRepetition" time="4.499"/>
  <testcase classname="scripts.TermsPage_T_C" name="verifyOgUrlRepetition" time="5.378"/>
  <testcase classname="scripts.SearchPage_T_C" name="verifySubdomain" time="10.3"/>
  <testcase classname="scripts.CookiePage_T_C" name="verifyHttpInPageSource" time="5.076"/>
  <testcase classname="scripts.TermsPage_T_C" name="verifyOgUrlRepetition" time="6.411"/>
  <testcase classname="scripts.CookiePage_T_C" name="verifyHttpInPageSource" time="6.168"/>
  <testcase classname="scripts.TermsPage_T_C" name="verifyPageHeading" time="6.327"/>
  <testcase classname="scripts.SearchPage_T_C" name="verifySubdomain" time="12.969">
    <failure type="org.openqa.selenium.NoSuchElementException" message="no such element: Unable to locate element: {&amp;quot;method&amp;quot;:&amp;quot;xpath&amp;quot;,&amp;quot;selector&amp;quot;:&amp;quot;//*[text()=&amp;apos;SEARCH&amp;apos; or text()=&amp;apos;FIND JOBS&amp;apos; or text()=&amp;apos;Search&amp;apos;or text()=&amp;apos;Browse Jobs&amp;apos; or text()=&amp;apos;BROWSE JOBS&amp;apos; or @type=&amp;apos;submit&amp;apos; or text()=&amp;apos;More Jobs&amp;apos;]&amp;quot;}
  (Session info: chrome=123.0.6312.106)
For documentation on this error, please visit: https://www.selenium.dev/documentation/webdriver/troubleshooting/errors#no-such-element-exception
Build info: version: &amp;apos;4.15.0&amp;apos;, revision: &amp;apos;1d14b5521b&amp;apos;
System info: os.name: &amp;apos;Windows 10&amp;apos;, os.arch: &amp;apos;amd64&amp;apos;, os.version: &amp;apos;10.0&amp;apos;, java.version: &amp;apos;19.0.2&amp;apos;
Driver info: org.openqa.selenium.remote.RemoteWebDriver
Command: [f82747ed8687ce7dea60e6f581a4bd64, findElement {using=xpath, value=//*[text()=&amp;apos;SEARCH&amp;apos; or text()=&amp;apos;FIND JOBS&amp;apos; or text()=&amp;apos;Search&amp;apos;or text()=&amp;apos;Browse Jobs&amp;apos; or text()=&amp;apos;BROWSE JOBS&amp;apos; or @type=&amp;apos;submit&amp;apos; or text()=&amp;apos;More Jobs&amp;apos;]}]
Capabilities {acceptInsecureCerts: false, browserName: chrome, browserVersion: 123.0.6312.106, chrome: {chromedriverVersion: 122.0.6261.94 (880dbf29479c..., userDataDir: C:\Users\JOBIAK\AppData\Loc...}, fedcm:accounts: true, goog:chromeOptions: {debuggerAddress: localhost:64285}, networkConnectionEnabled: false, pageLoadStrategy: normal, platformName: Windows 10, proxy: Proxy(), se:bidiEnabled: false, se:cdp: ws://192.168.0.7:4444/sessi..., se:cdpVersion: 123.0.6312.106, setWindowRect: true, strictFileInteractability: false, timeouts: {implicit: 0, pageLoad: 300000, script: 30000}, unhandledPromptBehavior: dismiss and notify, webauthn:extension:credBlob: true, webauthn:extension:largeBlob: true, webauthn:extension:minPinLength: true, webauthn:extension:prf: true, webauthn:virtualAuthenticators: true}
Session ID: f82747ed8687ce7dea60e6f581a4bd64">
      <![CDATA[org.openqa.selenium.NoSuchElementException: no such element: Unable to locate element: {"method":"xpath","selector":"//*[text()='SEARCH' or text()='FIND JOBS' or text()='Search'or text()='Browse Jobs' or text()='BROWSE JOBS' or @type='submit' or text()='More Jobs']"}
  (Session info: chrome=123.0.6312.106)
For documentation on this error, please visit: https://www.selenium.dev/documentation/webdriver/troubleshooting/errors#no-such-element-exception
Build info: version: '4.15.0', revision: '1d14b5521b'
System info: os.name: 'Windows 10', os.arch: 'amd64', os.version: '10.0', java.version: '19.0.2'
Driver info: org.openqa.selenium.remote.RemoteWebDriver
Command: [f82747ed8687ce7dea60e6f581a4bd64, findElement {using=xpath, value=//*[text()='SEARCH' or text()='FIND JOBS' or text()='Search'or text()='Browse Jobs' or text()='BROWSE JOBS' or @type='submit' or text()='More Jobs']}]
Capabilities {acceptInsecureCerts: false, browserName: chrome, browserVersion: 123.0.6312.106, chrome: {chromedriverVersion: 122.0.6261.94 (880dbf29479c..., userDataDir: C:\Users\JOBIAK\AppData\Loc...}, fedcm:accounts: true, goog:chromeOptions: {debuggerAddress: localhost:64285}, networkConnectionEnabled: false, pageLoadStrategy: normal, platformName: Windows 10, proxy: Proxy(), se:bidiEnabled: false, se:cdp: ws://192.168.0.7:4444/sessi..., se:cdpVersion: 123.0.6312.106, setWindowRect: true, strictFileInteractability: false, timeouts: {implicit: 0, pageLoad: 300000, script: 30000}, unhandledPromptBehavior: dismiss and notify, webauthn:extension:credBlob: true, webauthn:extension:largeBlob: true, webauthn:extension:minPinLength: true, webauthn:extension:prf: true, webauthn:virtualAuthenticators: true}
Session ID: f82747ed8687ce7dea60e6f581a4bd64
at org.openqa.selenium.remote.codec.w3c.W3CHttpResponseCodec.createException(W3CHttpResponseCodec.java:200)
at org.openqa.selenium.remote.codec.w3c.W3CHttpResponseCodec.decode(W3CHttpResponseCodec.java:133)
at org.openqa.selenium.remote.codec.w3c.W3CHttpResponseCodec.decode(W3CHttpResponseCodec.java:52)
at org.openqa.selenium.remote.HttpCommandExecutor.execute(HttpCommandExecutor.java:191)
at org.openqa.selenium.remote.TracedCommandExecutor.execute(TracedCommandExecutor.java:51)
at org.openqa.selenium.remote.RemoteWebDriver.execute(RemoteWebDriver.java:607)
at org.openqa.selenium.remote.ElementLocation$ElementFinder$2.findElement(ElementLocation.java:165)
at org.openqa.selenium.remote.ElementLocation.findElement(ElementLocation.java:59)
at org.openqa.selenium.remote.RemoteWebDriver.findElement(RemoteWebDriver.java:364)
at org.openqa.selenium.remote.RemoteWebDriver.findElement(RemoteWebDriver.java:358)
at pageElements.AbstractComponents.elementStore(AbstractComponents.java:23)
at pageElements.HomePageElements.clickOnSearch(HomePageElements.java:64)
at scripts.SearchPage_T_C.verifySubdomain(SearchPage_T_C.java:116)
at java.base/java.util.concurrent.ThreadPoolExecutor.runWorker(ThreadPoolExecutor.java:1144)
at java.base/java.util.concurrent.ThreadPoolExecutor$Worker.run(ThreadPoolExecutor.java:642)
at java.base/java.lang.Thread.run(Thread.java:1589)
... Removed 13 stack frames]]>
    </failure>
  </testcase> <!-- verifySubdomain -->
  <testcase classname="scripts.CookiePage_T_C" name="verifyMetaContent" time="5.659"/>
  <testcase classname="scripts.TermsPage_T_C" name="verifyPageHeading" time="4.963"/>
  <testcase classname="scripts.SearchPage_T_C" name="verifyTitleRepetition" time="6.049"/>
  <testcase classname="scripts.CookiePage_T_C" name="verifyMetaContent" time="6.699"/>
  <testcase classname="scripts.TermsPage_T_C" name="verifyProtocol" time="4.82"/>
  <testcase classname="scripts.TermsPage_T_C" name="verifyProtocol" time="4.758"/>
  <testcase classname="scripts.CookiePage_T_C" name="verifyNetworkStatus" time="7.098"/>
  <testcase classname="scripts.SearchPage_T_C" name="verifyTitleRepetition" time="12.388">
    <failure type="org.openqa.selenium.NoSuchElementException" message="no such element: Unable to locate element: {&amp;quot;method&amp;quot;:&amp;quot;xpath&amp;quot;,&amp;quot;selector&amp;quot;:&amp;quot;//*[text()=&amp;apos;SEARCH&amp;apos; or text()=&amp;apos;FIND JOBS&amp;apos; or text()=&amp;apos;Search&amp;apos;or text()=&amp;apos;Browse Jobs&amp;apos; or text()=&amp;apos;BROWSE JOBS&amp;apos; or @type=&amp;apos;submit&amp;apos; or text()=&amp;apos;More Jobs&amp;apos;]&amp;quot;}
  (Session info: chrome=123.0.6312.106)
For documentation on this error, please visit: https://www.selenium.dev/documentation/webdriver/troubleshooting/errors#no-such-element-exception
Build info: version: &amp;apos;4.15.0&amp;apos;, revision: &amp;apos;1d14b5521b&amp;apos;
System info: os.name: &amp;apos;Windows 10&amp;apos;, os.arch: &amp;apos;amd64&amp;apos;, os.version: &amp;apos;10.0&amp;apos;, java.version: &amp;apos;19.0.2&amp;apos;
Driver info: org.openqa.selenium.remote.RemoteWebDriver
Command: [63997432cc9ac9125281ddc6d6f7394e, findElement {using=xpath, value=//*[text()=&amp;apos;SEARCH&amp;apos; or text()=&amp;apos;FIND JOBS&amp;apos; or text()=&amp;apos;Search&amp;apos;or text()=&amp;apos;Browse Jobs&amp;apos; or text()=&amp;apos;BROWSE JOBS&amp;apos; or @type=&amp;apos;submit&amp;apos; or text()=&amp;apos;More Jobs&amp;apos;]}]
Capabilities {acceptInsecureCerts: false, browserName: chrome, browserVersion: 123.0.6312.106, chrome: {chromedriverVersion: 122.0.6261.94 (880dbf29479c..., userDataDir: C:\Users\JOBIAK\AppData\Loc...}, fedcm:accounts: true, goog:chromeOptions: {debuggerAddress: localhost:64444}, networkConnectionEnabled: false, pageLoadStrategy: normal, platformName: Windows 10, proxy: Proxy(), se:bidiEnabled: false, se:cdp: ws://192.168.0.7:4444/sessi..., se:cdpVersion: 123.0.6312.106, setWindowRect: true, strictFileInteractability: false, timeouts: {implicit: 0, pageLoad: 300000, script: 30000}, unhandledPromptBehavior: dismiss and notify, webauthn:extension:credBlob: true, webauthn:extension:largeBlob: true, webauthn:extension:minPinLength: true, webauthn:extension:prf: true, webauthn:virtualAuthenticators: true}
Session ID: 63997432cc9ac9125281ddc6d6f7394e">
      <![CDATA[org.openqa.selenium.NoSuchElementException: no such element: Unable to locate element: {"method":"xpath","selector":"//*[text()='SEARCH' or text()='FIND JOBS' or text()='Search'or text()='Browse Jobs' or text()='BROWSE JOBS' or @type='submit' or text()='More Jobs']"}
  (Session info: chrome=123.0.6312.106)
For documentation on this error, please visit: https://www.selenium.dev/documentation/webdriver/troubleshooting/errors#no-such-element-exception
Build info: version: '4.15.0', revision: '1d14b5521b'
System info: os.name: 'Windows 10', os.arch: 'amd64', os.version: '10.0', java.version: '19.0.2'
Driver info: org.openqa.selenium.remote.RemoteWebDriver
Command: [63997432cc9ac9125281ddc6d6f7394e, findElement {using=xpath, value=//*[text()='SEARCH' or text()='FIND JOBS' or text()='Search'or text()='Browse Jobs' or text()='BROWSE JOBS' or @type='submit' or text()='More Jobs']}]
Capabilities {acceptInsecureCerts: false, browserName: chrome, browserVersion: 123.0.6312.106, chrome: {chromedriverVersion: 122.0.6261.94 (880dbf29479c..., userDataDir: C:\Users\JOBIAK\AppData\Loc...}, fedcm:accounts: true, goog:chromeOptions: {debuggerAddress: localhost:64444}, networkConnectionEnabled: false, pageLoadStrategy: normal, platformName: Windows 10, proxy: Proxy(), se:bidiEnabled: false, se:cdp: ws://192.168.0.7:4444/sessi..., se:cdpVersion: 123.0.6312.106, setWindowRect: true, strictFileInteractability: false, timeouts: {implicit: 0, pageLoad: 300000, script: 30000}, unhandledPromptBehavior: dismiss and notify, webauthn:extension:credBlob: true, webauthn:extension:largeBlob: true, webauthn:extension:minPinLength: true, webauthn:extension:prf: true, webauthn:virtualAuthenticators: true}
Session ID: 63997432cc9ac9125281ddc6d6f7394e
at org.openqa.selenium.remote.codec.w3c.W3CHttpResponseCodec.createException(W3CHttpResponseCodec.java:200)
at org.openqa.selenium.remote.codec.w3c.W3CHttpResponseCodec.decode(W3CHttpResponseCodec.java:133)
at org.openqa.selenium.remote.codec.w3c.W3CHttpResponseCodec.decode(W3CHttpResponseCodec.java:52)
at org.openqa.selenium.remote.HttpCommandExecutor.execute(HttpCommandExecutor.java:191)
at org.openqa.selenium.remote.TracedCommandExecutor.execute(TracedCommandExecutor.java:51)
at org.openqa.selenium.remote.RemoteWebDriver.execute(RemoteWebDriver.java:607)
at org.openqa.selenium.remote.ElementLocation$ElementFinder$2.findElement(ElementLocation.java:165)
at org.openqa.selenium.remote.ElementLocation.findElement(ElementLocation.java:59)
at org.openqa.selenium.remote.RemoteWebDriver.findElement(RemoteWebDriver.java:364)
at org.openqa.selenium.remote.RemoteWebDriver.findElement(RemoteWebDriver.java:358)
at pageElements.AbstractComponents.elementStore(AbstractComponents.java:23)
at pageElements.HomePageElements.clickOnSearch(HomePageElements.java:64)
at scripts.SearchPage_T_C.verifyTitleRepetition(SearchPage_T_C.java:153)
at java.base/java.util.concurrent.ThreadPoolExecutor.runWorker(ThreadPoolExecutor.java:1144)
at java.base/java.util.concurrent.ThreadPoolExecutor$Worker.run(ThreadPoolExecutor.java:642)
at java.base/java.lang.Thread.run(Thread.java:1589)
... Removed 13 stack frames]]>
    </failure>
  </testcase> <!-- verifyTitleRepetition -->
  <testcase classname="scripts.TermsPage_T_C" name="verifyScrollButton" time="5.625">
    <failure type="java.lang.AssertionError" message="The following asserts failed:
	924 expected [true] but found [false]">
      <![CDATA[java.lang.AssertionError: The following asserts failed:
924 expected [true] but found [false]
at scripts.TermsPage_T_C.verifyScrollButton(TermsPage_T_C.java:56)
at java.base/java.util.concurrent.ThreadPoolExecutor.runWorker(ThreadPoolExecutor.java:1144)
at java.base/java.util.concurrent.ThreadPoolExecutor$Worker.run(ThreadPoolExecutor.java:642)
at java.base/java.lang.Thread.run(Thread.java:1589)
... Removed 12 stack frames]]>
    </failure>
  </testcase> <!-- verifyScrollButton -->
  <testcase classname="scripts.CookiePage_T_C" name="verifyNetworkStatus" time="7.728"/>
  <testcase classname="scripts.TermsPage_T_C" name="verifyScrollButton" time="4.808">
    <failure type="java.lang.AssertionError" message="The following asserts failed:
	991 expected [true] but found [false]">
      <![CDATA[java.lang.AssertionError: The following asserts failed:
991 expected [true] but found [false]
at scripts.TermsPage_T_C.verifyScrollButton(TermsPage_T_C.java:56)
at java.base/java.util.concurrent.ThreadPoolExecutor.runWorker(ThreadPoolExecutor.java:1144)
at java.base/java.util.concurrent.ThreadPoolExecutor$Worker.run(ThreadPoolExecutor.java:642)
at java.base/java.lang.Thread.run(Thread.java:1589)
... Removed 12 stack frames]]>
    </failure>
  </testcase> <!-- verifyScrollButton -->
  <testcase classname="scripts.CookiePage_T_C" name="verifyOgUrlRepetition" time="5.095"/>
  <testcase classname="scripts.TermsPage_T_C" name="verifyStaticContent" time="5.436"/>
  <testcase classname="scripts.CookiePage_T_C" name="verifyOgUrlRepetition" time="4.592"/>
  <testcase classname="scripts.TermsPage_T_C" name="verifyStaticContent" time="3.947"/>
  <testcase classname="scripts.CookiePage_T_C" name="verifyPageHeading" time="5.018"/>
  <testcase classname="scripts.TermsPage_T_C" name="verifySubdomain" time="6.103"/>
  <testcase classname="scripts.CookiePage_T_C" name="verifyPageHeading" time="5.015"/>
  <testcase classname="scripts.TermsPage_T_C" name="verifySubdomain" time="6.188"/>
  <testcase classname="scripts.CookiePage_T_C" name="verifyProtocol" time="4.192"/>
  <testcase classname="scripts.TermsPage_T_C" name="verifyTitleRepetition" time="5.264"/>
  <testcase classname="scripts.CookiePage_T_C" name="verifyProtocol" time="7.428"/>
  <testcase classname="scripts.TermsPage_T_C" name="verifyTitleRepetition" time="5.579"/>
  <testcase classname="scripts.CookiePage_T_C" name="verifyScrollButton" time="5.078">
    <failure type="java.lang.AssertionError" message="The following asserts failed:
	991 expected [true] but found [false]">
      <![CDATA[java.lang.AssertionError: The following asserts failed:
991 expected [true] but found [false]
at scripts.CookiePage_T_C.verifyScrollButton(CookiePage_T_C.java:54)
at java.base/java.util.concurrent.ThreadPoolExecutor.runWorker(ThreadPoolExecutor.java:1144)
at java.base/java.util.concurrent.ThreadPoolExecutor$Worker.run(ThreadPoolExecutor.java:642)
at java.base/java.lang.Thread.run(Thread.java:1589)
... Removed 12 stack frames]]>
    </failure>
  </testcase> <!-- verifyScrollButton -->
  <testcase classname="scripts.CookiePage_T_C" name="verifyScrollButton" time="4.903">
    <failure type="java.lang.AssertionError" message="The following asserts failed:
	992 expected [true] but found [false]">
      <![CDATA[java.lang.AssertionError: The following asserts failed:
992 expected [true] but found [false]
at scripts.CookiePage_T_C.verifyScrollButton(CookiePage_T_C.java:54)
at java.base/java.util.concurrent.ThreadPoolExecutor.runWorker(ThreadPoolExecutor.java:1144)
at java.base/java.util.concurrent.ThreadPoolExecutor$Worker.run(ThreadPoolExecutor.java:642)
at java.base/java.lang.Thread.run(Thread.java:1589)
... Removed 12 stack frames]]>
    </failure>
  </testcase> <!-- verifyScrollButton -->
  <testcase classname="scripts.CookiePage_T_C" name="verifyStaticContent" time="5.029"/>
  <testcase classname="scripts.CookiePage_T_C" name="verifyStaticContent" time="4.298"/>
  <testcase classname="scripts.CookiePage_T_C" name="verifySubdomain" time="6.929"/>
  <testcase classname="scripts.CookiePage_T_C" name="verifySubdomain" time="8.76"/>
  <testcase classname="scripts.CookiePage_T_C" name="verifyTitleRepetition" time="4.568"/>
  <testcase classname="scripts.CookiePage_T_C" name="verifyTitleRepetition" time="5.456"/>
</testsuite> <!-- Cookie Page -->
