<html>
<head>
<title>TestNG:  Cookie Page</title>
<link href="../testng.css" rel="stylesheet" type="text/css" />
<link href="../my-testng.css" rel="stylesheet" type="text/css" />

<style type="text/css">
.log { display: none;} 
.stack-trace { display: none;} 
</style>
<script type="text/javascript">
<!--
function flip(e) {
  current = e.style.display;
  if (current == 'block') {
    e.style.display = 'none';
    return 0;
  }
  else {
    e.style.display = 'block';
    return 1;
  }
}

function toggleBox(szDivId, elem, msg1, msg2)
{
  var res = -1;  if (document.getElementById) {
    res = flip(document.getElementById(szDivId));
  }
  else if (document.all) {
    // this is the way old msie versions work
    res = flip(document.all[szDivId]);
  }
  if(elem) {
    if(res == 0) elem.innerHTML = msg1; else elem.innerHTML = msg2;
  }

}

function toggleAllBoxes() {
  if (document.getElementsByTagName) {
    d = document.getElementsByTagName('div');
    for (i = 0; i < d.length; i++) {
      if (d[i].className == 'log') {
        flip(d[i]);
      }
    }
  }
}

// -->
</script>

</head>
<body>
<h2 align='center'>Cookie Page</h2><table border='1' align="center">
<tr>
<td>Tests passed/Failed/Skipped:</td><td>140/32/0</td>
</tr><tr>
<td>Started on:</td><td>Sat Apr 06 08:09:33 IST 2024</td>
</tr>
<tr><td>Total time:</td><td>629 seconds (629347 ms)</td>
</tr><tr>
<td>Included groups:</td><td></td>
</tr><tr>
<td>Excluded groups:</td><td></td>
</tr>
</table><p/>
<small><i>(Hover the method name to see the test class name)</i></small><p/>
<table width='100%' border='1' class='invocation-failed'>
<tr><td colspan='4' align='center'><b>FAILED TESTS</b></td></tr>
<tr><td><b>Test method</b></td>
<td><b>Attribute(s)</b></td>
<td width="30%"><b>Exception</b></td>
<td width="10%"><b>Time (seconds)</b></td>
<td><b>Instance</b></td>
</tr>
<tr>
<td title='scripts.SearchPage_T_C.verifyClearButton()'><b>verifyClearButton</b><br>Test class: scripts.SearchPage_T_C<br>Parameters: https://worksfyi.com</td>
<td><div><pre>org.openqa.selenium.NoSuchElementException: no such element: Unable to locate element: {&quot;method&quot;:&quot;xpath&quot;,&quot;selector&quot;:&quot;//*[text()=&apos;SEARCH&apos; or text()=&apos;FIND JOBS&apos; or text()=&apos;Search&apos;or text()=&apos;Browse Jobs&apos; or text()=&apos;BROWSE JOBS&apos; or @type=&apos;submit&apos; or text()=&apos;More Jobs&apos;]&quot;}
  (Session info: chrome=123.0.6312.106)
For documentation on this error, please visit: https://www.selenium.dev/documentation/webdriver/troubleshooting/errors#no-such-element-exception
Build info: version: &apos;4.15.0&apos;, revision: &apos;1d14b5521b&apos;
System info: os.name: &apos;Windows 10&apos;, os.arch: &apos;amd64&apos;, os.version: &apos;10.0&apos;, java.version: &apos;19.0.2&apos;
Driver info: org.openqa.selenium.remote.RemoteWebDriver
Command: [da767b3b49567c51d0c529086fe9add5, findElement {using=xpath, value=//*[text()=&apos;SEARCH&apos; or text()=&apos;FIND JOBS&apos; or text()=&apos;Search&apos;or text()=&apos;Browse Jobs&apos; or text()=&apos;BROWSE JOBS&apos; or @type=&apos;submit&apos; or text()=&apos;More Jobs&apos;]}]
Capabilities {acceptInsecureCerts: false, browserName: chrome, browserVersion: 123.0.6312.106, chrome: {chromedriverVersion: 122.0.6261.94 (880dbf29479c..., userDataDir: C:\Users\JOBIAK\AppData\Loc...}, fedcm:accounts: true, goog:chromeOptions: {debuggerAddress: localhost:62326}, networkConnectionEnabled: false, pageLoadStrategy: normal, platformName: Windows 10, proxy: Proxy(), se:bidiEnabled: false, se:cdp: ws://192.168.0.7:4444/sessi..., se:cdpVersion: 123.0.6312.106, setWindowRect: true, strictFileInteractability: false, timeouts: {implicit: 0, pageLoad: 300000, script: 30000}, unhandledPromptBehavior: dismiss and notify, webauthn:extension:credBlob: true, webauthn:extension:largeBlob: true, webauthn:extension:minPinLength: true, webauthn:extension:prf: true, webauthn:virtualAuthenticators: true}
Session ID: da767b3b49567c51d0c529086fe9add5
	at org.openqa.selenium.remote.codec.w3c.W3CHttpResponseCodec.createException(W3CHttpResponseCodec.java:200)
	at org.openqa.selenium.remote.codec.w3c.W3CHttpResponseCodec.decode(W3CHttpResponseCodec.java:133)
	at org.openqa.selenium.remote.codec.w3c.W3CHttpResponseCodec.decode(W3CHttpResponseCodec.java:52)
	at org.openqa.selenium.remote.HttpCommandExecutor.execute(HttpCommandExecutor.java:191)
	at org.openqa.selenium.remote.TracedCommandExecutor.execute(TracedCommandExecutor.java:51)
	at org.openqa.selenium.remote.RemoteWebDriver.execute(RemoteWebDriver.java:607)
	at org.openqa.selenium.remote.ElementLocation$ElementFinder$2.findElement(ElementLocation.java:165)
	at org.openqa.selenium.remote.ElementLocation.findElement(ElementLocation.java:59)
	at org.openqa.selenium.remote.RemoteWebDriver.findElement(RemoteWebDriver.java:364)
	at org.openqa.selenium.remote.RemoteWebDriver.findElement(RemoteWebDriver.java:358)
	at pageElements.AbstractComponents.elementStore(AbstractComponents.java:23)
	at pageElements.HomePageElements.clickOnSearch(HomePageElements.java:64)
	at scripts.SearchPage_T_C.verifyClearButton(SearchPage_T_C.java:32)
	at java.base/java.util.concurrent.ThreadPoolExecutor.runWorker(ThreadPoolExecutor.java:1144)
	at java.base/java.util.concurrent.ThreadPoolExecutor$Worker.run(ThreadPoolExecutor.java:642)
	at java.base/java.lang.Thread.run(Thread.java:1589)
... Removed 13 stack frames</pre></div><a href='#' onClick='toggleBox("stack-trace516343494", this, "Click to show all stack frames", "Click to hide stack frames")'>Click to show all stack frames</a>
<div class='stack-trace' id='stack-trace516343494'><pre>org.openqa.selenium.NoSuchElementException: no such element: Unable to locate element: {&quot;method&quot;:&quot;xpath&quot;,&quot;selector&quot;:&quot;//*[text()=&apos;SEARCH&apos; or text()=&apos;FIND JOBS&apos; or text()=&apos;Search&apos;or text()=&apos;Browse Jobs&apos; or text()=&apos;BROWSE JOBS&apos; or @type=&apos;submit&apos; or text()=&apos;More Jobs&apos;]&quot;}
  (Session info: chrome=123.0.6312.106)
For documentation on this error, please visit: https://www.selenium.dev/documentation/webdriver/troubleshooting/errors#no-such-element-exception
Build info: version: &apos;4.15.0&apos;, revision: &apos;1d14b5521b&apos;
System info: os.name: &apos;Windows 10&apos;, os.arch: &apos;amd64&apos;, os.version: &apos;10.0&apos;, java.version: &apos;19.0.2&apos;
Driver info: org.openqa.selenium.remote.RemoteWebDriver
Command: [da767b3b49567c51d0c529086fe9add5, findElement {using=xpath, value=//*[text()=&apos;SEARCH&apos; or text()=&apos;FIND JOBS&apos; or text()=&apos;Search&apos;or text()=&apos;Browse Jobs&apos; or text()=&apos;BROWSE JOBS&apos; or @type=&apos;submit&apos; or text()=&apos;More Jobs&apos;]}]
Capabilities {acceptInsecureCerts: false, browserName: chrome, browserVersion: 123.0.6312.106, chrome: {chromedriverVersion: 122.0.6261.94 (880dbf29479c..., userDataDir: C:\Users\JOBIAK\AppData\Loc...}, fedcm:accounts: true, goog:chromeOptions: {debuggerAddress: localhost:62326}, networkConnectionEnabled: false, pageLoadStrategy: normal, platformName: Windows 10, proxy: Proxy(), se:bidiEnabled: false, se:cdp: ws://192.168.0.7:4444/sessi..., se:cdpVersion: 123.0.6312.106, setWindowRect: true, strictFileInteractability: false, timeouts: {implicit: 0, pageLoad: 300000, script: 30000}, unhandledPromptBehavior: dismiss and notify, webauthn:extension:credBlob: true, webauthn:extension:largeBlob: true, webauthn:extension:minPinLength: true, webauthn:extension:prf: true, webauthn:virtualAuthenticators: true}
Session ID: da767b3b49567c51d0c529086fe9add5
	at java.base/jdk.internal.reflect.DirectConstructorHandleAccessor.newInstance(DirectConstructorHandleAccessor.java:67)
	at java.base/java.lang.reflect.Constructor.newInstanceWithCaller(Constructor.java:500)
	at java.base/java.lang.reflect.Constructor.newInstance(Constructor.java:484)
	at org.openqa.selenium.remote.codec.w3c.W3CHttpResponseCodec.createException(W3CHttpResponseCodec.java:200)
	at org.openqa.selenium.remote.codec.w3c.W3CHttpResponseCodec.decode(W3CHttpResponseCodec.java:133)
	at org.openqa.selenium.remote.codec.w3c.W3CHttpResponseCodec.decode(W3CHttpResponseCodec.java:52)
	at org.openqa.selenium.remote.HttpCommandExecutor.execute(HttpCommandExecutor.java:191)
	at org.openqa.selenium.remote.TracedCommandExecutor.execute(TracedCommandExecutor.java:51)
	at org.openqa.selenium.remote.RemoteWebDriver.execute(RemoteWebDriver.java:607)
	at org.openqa.selenium.remote.ElementLocation$ElementFinder$2.findElement(ElementLocation.java:165)
	at org.openqa.selenium.remote.ElementLocation.findElement(ElementLocation.java:59)
	at org.openqa.selenium.remote.RemoteWebDriver.findElement(RemoteWebDriver.java:364)
	at org.openqa.selenium.remote.RemoteWebDriver.findElement(RemoteWebDriver.java:358)
	at pageElements.AbstractComponents.elementStore(AbstractComponents.java:23)
	at pageElements.HomePageElements.clickOnSearch(HomePageElements.java:64)
	at scripts.SearchPage_T_C.verifyClearButton(SearchPage_T_C.java:32)
	at java.base/jdk.internal.reflect.DirectMethodHandleAccessor.invoke(DirectMethodHandleAccessor.java:104)
	at java.base/java.lang.reflect.Method.invoke(Method.java:578)
	at org.testng.internal.invokers.MethodInvocationHelper.invokeMethod(MethodInvocationHelper.java:139)
	at org.testng.internal.invokers.TestInvoker.invokeMethod(TestInvoker.java:664)
	at org.testng.internal.invokers.TestInvoker.invokeTestMethod(TestInvoker.java:227)
	at org.testng.internal.invokers.MethodRunner.runInSequence(MethodRunner.java:50)
	at org.testng.internal.invokers.TestInvoker$MethodInvocationAgent.invoke(TestInvoker.java:957)
	at org.testng.internal.invokers.TestInvoker.invokeTestMethods(TestInvoker.java:200)
	at org.testng.internal.invokers.TestMethodWorker.invokeTestMethods(TestMethodWorker.java:148)
	at org.testng.internal.invokers.TestMethodWorker.run(TestMethodWorker.java:128)
	at java.base/java.util.concurrent.ThreadPoolExecutor.runWorker(ThreadPoolExecutor.java:1144)
	at java.base/java.util.concurrent.ThreadPoolExecutor$Worker.run(ThreadPoolExecutor.java:642)
	at java.base/java.lang.Thread.run(Thread.java:1589)
</pre></div></td>
<td>14</td>
<td>scripts.SearchPage_T_C@45c7e403</td></tr>
<tr>
<td title='scripts.ContactPage_T_C.verifyScrollButton()'><b>verifyScrollButton</b><br>Test class: scripts.ContactPage_T_C<br>Parameters: https://jobsnotion.com</td>
<td><div><pre>java.lang.AssertionError: The following asserts failed:
	33 expected [true] but found [false]
	at scripts.ContactPage_T_C.verifyScrollButton(ContactPage_T_C.java:115)
	at java.base/java.util.concurrent.ThreadPoolExecutor.runWorker(ThreadPoolExecutor.java:1144)
	at java.base/java.util.concurrent.ThreadPoolExecutor$Worker.run(ThreadPoolExecutor.java:642)
	at java.base/java.lang.Thread.run(Thread.java:1589)
... Removed 12 stack frames</pre></div><a href='#' onClick='toggleBox("stack-trace241270880", this, "Click to show all stack frames", "Click to hide stack frames")'>Click to show all stack frames</a>
<div class='stack-trace' id='stack-trace241270880'><pre>java.lang.AssertionError: The following asserts failed:
	33 expected [true] but found [false]
	at org.testng.asserts.SoftAssert.assertAll(SoftAssert.java:46)
	at org.testng.asserts.SoftAssert.assertAll(SoftAssert.java:30)
	at scripts.ContactPage_T_C.verifyScrollButton(ContactPage_T_C.java:115)
	at java.base/jdk.internal.reflect.DirectMethodHandleAccessor.invoke(DirectMethodHandleAccessor.java:104)
	at java.base/java.lang.reflect.Method.invoke(Method.java:578)
	at org.testng.internal.invokers.MethodInvocationHelper.invokeMethod(MethodInvocationHelper.java:139)
	at org.testng.internal.invokers.TestInvoker.invokeMethod(TestInvoker.java:664)
	at org.testng.internal.invokers.TestInvoker.invokeTestMethod(TestInvoker.java:227)
	at org.testng.internal.invokers.MethodRunner.runInSequence(MethodRunner.java:50)
	at org.testng.internal.invokers.TestInvoker$MethodInvocationAgent.invoke(TestInvoker.java:957)
	at org.testng.internal.invokers.TestInvoker.invokeTestMethods(TestInvoker.java:200)
	at org.testng.internal.invokers.TestMethodWorker.invokeTestMethods(TestMethodWorker.java:148)
	at org.testng.internal.invokers.TestMethodWorker.run(TestMethodWorker.java:128)
	at java.base/java.util.concurrent.ThreadPoolExecutor.runWorker(ThreadPoolExecutor.java:1144)
	at java.base/java.util.concurrent.ThreadPoolExecutor$Worker.run(ThreadPoolExecutor.java:642)
	at java.base/java.lang.Thread.run(Thread.java:1589)
</pre></div></td>
<td>5</td>
<td>scripts.ContactPage_T_C@2925bf5b</td></tr>
<tr>
<td title='scripts.SearchPage_T_C.verifyApplyButton()'><b>verifyApplyButton</b><br>Test class: scripts.SearchPage_T_C<br>Parameters: https://worksfyi.com</td>
<td><div><pre>org.openqa.selenium.NoSuchElementException: no such element: Unable to locate element: {&quot;method&quot;:&quot;xpath&quot;,&quot;selector&quot;:&quot;//*[text()=&apos;SEARCH&apos; or text()=&apos;FIND JOBS&apos; or text()=&apos;Search&apos;or text()=&apos;Browse Jobs&apos; or text()=&apos;BROWSE JOBS&apos; or @type=&apos;submit&apos; or text()=&apos;More Jobs&apos;]&quot;}
  (Session info: chrome=123.0.6312.106)
For documentation on this error, please visit: https://www.selenium.dev/documentation/webdriver/troubleshooting/errors#no-such-element-exception
Build info: version: &apos;4.15.0&apos;, revision: &apos;1d14b5521b&apos;
System info: os.name: &apos;Windows 10&apos;, os.arch: &apos;amd64&apos;, os.version: &apos;10.0&apos;, java.version: &apos;19.0.2&apos;
Driver info: org.openqa.selenium.remote.RemoteWebDriver
Command: [fe9df8596f99af1361ce8a2c23465fb8, findElement {using=xpath, value=//*[text()=&apos;SEARCH&apos; or text()=&apos;FIND JOBS&apos; or text()=&apos;Search&apos;or text()=&apos;Browse Jobs&apos; or text()=&apos;BROWSE JOBS&apos; or @type=&apos;submit&apos; or text()=&apos;More Jobs&apos;]}]
Capabilities {acceptInsecureCerts: false, browserName: chrome, browserVersion: 123.0.6312.106, chrome: {chromedriverVersion: 122.0.6261.94 (880dbf29479c..., userDataDir: C:\Users\JOBIAK\AppData\Loc...}, fedcm:accounts: true, goog:chromeOptions: {debuggerAddress: localhost:62071}, networkConnectionEnabled: false, pageLoadStrategy: normal, platformName: Windows 10, proxy: Proxy(), se:bidiEnabled: false, se:cdp: ws://192.168.0.7:4444/sessi..., se:cdpVersion: 123.0.6312.106, setWindowRect: true, strictFileInteractability: false, timeouts: {implicit: 0, pageLoad: 300000, script: 30000}, unhandledPromptBehavior: dismiss and notify, webauthn:extension:credBlob: true, webauthn:extension:largeBlob: true, webauthn:extension:minPinLength: true, webauthn:extension:prf: true, webauthn:virtualAuthenticators: true}
Session ID: fe9df8596f99af1361ce8a2c23465fb8
	at org.openqa.selenium.remote.codec.w3c.W3CHttpResponseCodec.createException(W3CHttpResponseCodec.java:200)
	at org.openqa.selenium.remote.codec.w3c.W3CHttpResponseCodec.decode(W3CHttpResponseCodec.java:133)
	at org.openqa.selenium.remote.codec.w3c.W3CHttpResponseCodec.decode(W3CHttpResponseCodec.java:52)
	at org.openqa.selenium.remote.HttpCommandExecutor.execute(HttpCommandExecutor.java:191)
	at org.openqa.selenium.remote.TracedCommandExecutor.execute(TracedCommandExecutor.java:51)
	at org.openqa.selenium.remote.RemoteWebDriver.execute(RemoteWebDriver.java:607)
	at org.openqa.selenium.remote.ElementLocation$ElementFinder$2.findElement(ElementLocation.java:165)
	at org.openqa.selenium.remote.ElementLocation.findElement(ElementLocation.java:59)
	at org.openqa.selenium.remote.RemoteWebDriver.findElement(RemoteWebDriver.java:364)
	at org.openqa.selenium.remote.RemoteWebDriver.findElement(RemoteWebDriver.java:358)
	at pageElements.AbstractComponents.elementStore(AbstractComponents.java:23)
	at pageElements.HomePageElements.clickOnSearch(HomePageElements.java:64)
	at scripts.SearchPage_T_C.verifyApplyButton(SearchPage_T_C.java:65)
	at java.base/java.util.concurrent.ThreadPoolExecutor.runWorker(ThreadPoolExecutor.java:1144)
	at java.base/java.util.concurrent.ThreadPoolExecutor$Worker.run(ThreadPoolExecutor.java:642)
	at java.base/java.lang.Thread.run(Thread.java:1589)
... Removed 13 stack frames</pre></div><a href='#' onClick='toggleBox("stack-trace17617423", this, "Click to show all stack frames", "Click to hide stack frames")'>Click to show all stack frames</a>
<div class='stack-trace' id='stack-trace17617423'><pre>org.openqa.selenium.NoSuchElementException: no such element: Unable to locate element: {&quot;method&quot;:&quot;xpath&quot;,&quot;selector&quot;:&quot;//*[text()=&apos;SEARCH&apos; or text()=&apos;FIND JOBS&apos; or text()=&apos;Search&apos;or text()=&apos;Browse Jobs&apos; or text()=&apos;BROWSE JOBS&apos; or @type=&apos;submit&apos; or text()=&apos;More Jobs&apos;]&quot;}
  (Session info: chrome=123.0.6312.106)
For documentation on this error, please visit: https://www.selenium.dev/documentation/webdriver/troubleshooting/errors#no-such-element-exception
Build info: version: &apos;4.15.0&apos;, revision: &apos;1d14b5521b&apos;
System info: os.name: &apos;Windows 10&apos;, os.arch: &apos;amd64&apos;, os.version: &apos;10.0&apos;, java.version: &apos;19.0.2&apos;
Driver info: org.openqa.selenium.remote.RemoteWebDriver
Command: [fe9df8596f99af1361ce8a2c23465fb8, findElement {using=xpath, value=//*[text()=&apos;SEARCH&apos; or text()=&apos;FIND JOBS&apos; or text()=&apos;Search&apos;or text()=&apos;Browse Jobs&apos; or text()=&apos;BROWSE JOBS&apos; or @type=&apos;submit&apos; or text()=&apos;More Jobs&apos;]}]
Capabilities {acceptInsecureCerts: false, browserName: chrome, browserVersion: 123.0.6312.106, chrome: {chromedriverVersion: 122.0.6261.94 (880dbf29479c..., userDataDir: C:\Users\JOBIAK\AppData\Loc...}, fedcm:accounts: true, goog:chromeOptions: {debuggerAddress: localhost:62071}, networkConnectionEnabled: false, pageLoadStrategy: normal, platformName: Windows 10, proxy: Proxy(), se:bidiEnabled: false, se:cdp: ws://192.168.0.7:4444/sessi..., se:cdpVersion: 123.0.6312.106, setWindowRect: true, strictFileInteractability: false, timeouts: {implicit: 0, pageLoad: 300000, script: 30000}, unhandledPromptBehavior: dismiss and notify, webauthn:extension:credBlob: true, webauthn:extension:largeBlob: true, webauthn:extension:minPinLength: true, webauthn:extension:prf: true, webauthn:virtualAuthenticators: true}
Session ID: fe9df8596f99af1361ce8a2c23465fb8
	at java.base/jdk.internal.reflect.DirectConstructorHandleAccessor.newInstance(DirectConstructorHandleAccessor.java:67)
	at java.base/java.lang.reflect.Constructor.newInstanceWithCaller(Constructor.java:500)
	at java.base/java.lang.reflect.Constructor.newInstance(Constructor.java:484)
	at org.openqa.selenium.remote.codec.w3c.W3CHttpResponseCodec.createException(W3CHttpResponseCodec.java:200)
	at org.openqa.selenium.remote.codec.w3c.W3CHttpResponseCodec.decode(W3CHttpResponseCodec.java:133)
	at org.openqa.selenium.remote.codec.w3c.W3CHttpResponseCodec.decode(W3CHttpResponseCodec.java:52)
	at org.openqa.selenium.remote.HttpCommandExecutor.execute(HttpCommandExecutor.java:191)
	at org.openqa.selenium.remote.TracedCommandExecutor.execute(TracedCommandExecutor.java:51)
	at org.openqa.selenium.remote.RemoteWebDriver.execute(RemoteWebDriver.java:607)
	at org.openqa.selenium.remote.ElementLocation$ElementFinder$2.findElement(ElementLocation.java:165)
	at org.openqa.selenium.remote.ElementLocation.findElement(ElementLocation.java:59)
	at org.openqa.selenium.remote.RemoteWebDriver.findElement(RemoteWebDriver.java:364)
	at org.openqa.selenium.remote.RemoteWebDriver.findElement(RemoteWebDriver.java:358)
	at pageElements.AbstractComponents.elementStore(AbstractComponents.java:23)
	at pageElements.HomePageElements.clickOnSearch(HomePageElements.java:64)
	at scripts.SearchPage_T_C.verifyApplyButton(SearchPage_T_C.java:65)
	at java.base/jdk.internal.reflect.DirectMethodHandleAccessor.invoke(DirectMethodHandleAccessor.java:104)
	at java.base/java.lang.reflect.Method.invoke(Method.java:578)
	at org.testng.internal.invokers.MethodInvocationHelper.invokeMethod(MethodInvocationHelper.java:139)
	at org.testng.internal.invokers.TestInvoker.invokeMethod(TestInvoker.java:664)
	at org.testng.internal.invokers.TestInvoker.invokeTestMethod(TestInvoker.java:227)
	at org.testng.internal.invokers.MethodRunner.runInSequence(MethodRunner.java:50)
	at org.testng.internal.invokers.TestInvoker$MethodInvocationAgent.invoke(TestInvoker.java:957)
	at org.testng.internal.invokers.TestInvoker.invokeTestMethods(TestInvoker.java:200)
	at org.testng.internal.invokers.TestMethodWorker.invokeTestMethods(TestMethodWorker.java:148)
	at org.testng.internal.invokers.TestMethodWorker.run(TestMethodWorker.java:128)
	at java.base/java.util.concurrent.ThreadPoolExecutor.runWorker(ThreadPoolExecutor.java:1144)
	at java.base/java.util.concurrent.ThreadPoolExecutor$Worker.run(ThreadPoolExecutor.java:642)
	at java.base/java.lang.Thread.run(Thread.java:1589)
</pre></div></td>
<td>14</td>
<td>scripts.SearchPage_T_C@45c7e403</td></tr>
<tr>
<td title='scripts.ContactPage_T_C.verifyMailId()'><b>verifyMailId</b><br>Test class: scripts.ContactPage_T_C<br>Parameters: https://worksfyi.com</td>
<td><div><pre>java.lang.AssertionError: The following asserts failed:
	expected [true] but found [false]
	at scripts.ContactPage_T_C.verifyMailId(ContactPage_T_C.java:21)
	at java.base/java.util.concurrent.ThreadPoolExecutor.runWorker(ThreadPoolExecutor.java:1144)
	at java.base/java.util.concurrent.ThreadPoolExecutor$Worker.run(ThreadPoolExecutor.java:642)
	at java.base/java.lang.Thread.run(Thread.java:1589)
... Removed 12 stack frames</pre></div><a href='#' onClick='toggleBox("stack-trace1985102614", this, "Click to show all stack frames", "Click to hide stack frames")'>Click to show all stack frames</a>
<div class='stack-trace' id='stack-trace1985102614'><pre>java.lang.AssertionError: The following asserts failed:
	expected [true] but found [false]
	at org.testng.asserts.SoftAssert.assertAll(SoftAssert.java:46)
	at org.testng.asserts.SoftAssert.assertAll(SoftAssert.java:30)
	at scripts.ContactPage_T_C.verifyMailId(ContactPage_T_C.java:21)
	at java.base/jdk.internal.reflect.DirectMethodHandleAccessor.invoke(DirectMethodHandleAccessor.java:104)
	at java.base/java.lang.reflect.Method.invoke(Method.java:578)
	at org.testng.internal.invokers.MethodInvocationHelper.invokeMethod(MethodInvocationHelper.java:139)
	at org.testng.internal.invokers.TestInvoker.invokeMethod(TestInvoker.java:664)
	at org.testng.internal.invokers.TestInvoker.invokeTestMethod(TestInvoker.java:227)
	at org.testng.internal.invokers.MethodRunner.runInSequence(MethodRunner.java:50)
	at org.testng.internal.invokers.TestInvoker$MethodInvocationAgent.invoke(TestInvoker.java:957)
	at org.testng.internal.invokers.TestInvoker.invokeTestMethods(TestInvoker.java:200)
	at org.testng.internal.invokers.TestMethodWorker.invokeTestMethods(TestMethodWorker.java:148)
	at org.testng.internal.invokers.TestMethodWorker.run(TestMethodWorker.java:128)
	at java.base/java.util.concurrent.ThreadPoolExecutor.runWorker(ThreadPoolExecutor.java:1144)
	at java.base/java.util.concurrent.ThreadPoolExecutor$Worker.run(ThreadPoolExecutor.java:642)
	at java.base/java.lang.Thread.run(Thread.java:1589)
</pre></div></td>
<td>5</td>
<td>scripts.ContactPage_T_C@2925bf5b</td></tr>
<tr>
<td title='scripts.HomePage_T_C.verifyRobotsBeforeSubmission()'><b>verifyRobotsBeforeSubmission</b><br>Test class: scripts.HomePage_T_C<br>Parameters: https://worksfyi.com</td>
<td><div><pre>java.lang.AssertionError: The following asserts failed:
	expected [true] but found [false]
	at scripts.HomePage_T_C.verifyRobotsBeforeSubmission(HomePage_T_C.java:20)
	at java.base/java.util.concurrent.ThreadPoolExecutor.runWorker(ThreadPoolExecutor.java:1144)
	at java.base/java.util.concurrent.ThreadPoolExecutor$Worker.run(ThreadPoolExecutor.java:642)
	at java.base/java.lang.Thread.run(Thread.java:1589)
... Removed 12 stack frames</pre></div><a href='#' onClick='toggleBox("stack-trace1706023205", this, "Click to show all stack frames", "Click to hide stack frames")'>Click to show all stack frames</a>
<div class='stack-trace' id='stack-trace1706023205'><pre>java.lang.AssertionError: The following asserts failed:
	expected [true] but found [false]
	at org.testng.asserts.SoftAssert.assertAll(SoftAssert.java:46)
	at org.testng.asserts.SoftAssert.assertAll(SoftAssert.java:30)
	at scripts.HomePage_T_C.verifyRobotsBeforeSubmission(HomePage_T_C.java:20)
	at java.base/jdk.internal.reflect.DirectMethodHandleAccessor.invoke(DirectMethodHandleAccessor.java:104)
	at java.base/java.lang.reflect.Method.invoke(Method.java:578)
	at org.testng.internal.invokers.MethodInvocationHelper.invokeMethod(MethodInvocationHelper.java:139)
	at org.testng.internal.invokers.TestInvoker.invokeMethod(TestInvoker.java:664)
	at org.testng.internal.invokers.TestInvoker.invokeTestMethod(TestInvoker.java:227)
	at org.testng.internal.invokers.MethodRunner.runInSequence(MethodRunner.java:50)
	at org.testng.internal.invokers.TestInvoker$MethodInvocationAgent.invoke(TestInvoker.java:957)
	at org.testng.internal.invokers.TestInvoker.invokeTestMethods(TestInvoker.java:200)
	at org.testng.internal.invokers.TestMethodWorker.invokeTestMethods(TestMethodWorker.java:148)
	at org.testng.internal.invokers.TestMethodWorker.run(TestMethodWorker.java:128)
	at java.base/java.util.concurrent.ThreadPoolExecutor.runWorker(ThreadPoolExecutor.java:1144)
	at java.base/java.util.concurrent.ThreadPoolExecutor$Worker.run(ThreadPoolExecutor.java:642)
	at java.base/java.lang.Thread.run(Thread.java:1589)
</pre></div></td>
<td>0</td>
<td>scripts.HomePage_T_C@7a8c8dcf</td></tr>
<tr>
<td title='scripts.HomePage_T_C.verifyOgSiteName()'><b>verifyOgSiteName</b><br>Test class: scripts.HomePage_T_C<br>Parameters: https://jobsnotion.com</td>
<td><div><pre>java.lang.AssertionError: The following asserts failed:
	Domain name:Jobs Notion og:sitename: jobsnotion expected [true] but found [false]
	at scripts.HomePage_T_C.verifyOgSiteName(HomePage_T_C.java:140)
	at java.base/java.util.concurrent.ThreadPoolExecutor.runWorker(ThreadPoolExecutor.java:1144)
	at java.base/java.util.concurrent.ThreadPoolExecutor$Worker.run(ThreadPoolExecutor.java:642)
	at java.base/java.lang.Thread.run(Thread.java:1589)
... Removed 12 stack frames</pre></div><a href='#' onClick='toggleBox("stack-trace1871690692", this, "Click to show all stack frames", "Click to hide stack frames")'>Click to show all stack frames</a>
<div class='stack-trace' id='stack-trace1871690692'><pre>java.lang.AssertionError: The following asserts failed:
	Domain name:Jobs Notion og:sitename: jobsnotion expected [true] but found [false]
	at org.testng.asserts.SoftAssert.assertAll(SoftAssert.java:46)
	at org.testng.asserts.SoftAssert.assertAll(SoftAssert.java:30)
	at scripts.HomePage_T_C.verifyOgSiteName(HomePage_T_C.java:140)
	at java.base/jdk.internal.reflect.DirectMethodHandleAccessor.invoke(DirectMethodHandleAccessor.java:104)
	at java.base/java.lang.reflect.Method.invoke(Method.java:578)
	at org.testng.internal.invokers.MethodInvocationHelper.invokeMethod(MethodInvocationHelper.java:139)
	at org.testng.internal.invokers.TestInvoker.invokeMethod(TestInvoker.java:664)
	at org.testng.internal.invokers.TestInvoker.invokeTestMethod(TestInvoker.java:227)
	at org.testng.internal.invokers.MethodRunner.runInSequence(MethodRunner.java:50)
	at org.testng.internal.invokers.TestInvoker$MethodInvocationAgent.invoke(TestInvoker.java:957)
	at org.testng.internal.invokers.TestInvoker.invokeTestMethods(TestInvoker.java:200)
	at org.testng.internal.invokers.TestMethodWorker.invokeTestMethods(TestMethodWorker.java:148)
	at org.testng.internal.invokers.TestMethodWorker.run(TestMethodWorker.java:128)
	at java.base/java.util.concurrent.ThreadPoolExecutor.runWorker(ThreadPoolExecutor.java:1144)
	at java.base/java.util.concurrent.ThreadPoolExecutor$Worker.run(ThreadPoolExecutor.java:642)
	at java.base/java.lang.Thread.run(Thread.java:1589)
</pre></div></td>
<td>6</td>
<td>scripts.HomePage_T_C@7a8c8dcf</td></tr>
<tr>
<td title='scripts.HomePage_T_C.verifyRobotsBeforeSubmission()'><b>verifyRobotsBeforeSubmission</b><br>Test class: scripts.HomePage_T_C<br>Parameters: https://jobsnotion.com</td>
<td><div><pre>java.lang.AssertionError: The following asserts failed:
	expected [true] but found [false]
	at scripts.HomePage_T_C.verifyRobotsBeforeSubmission(HomePage_T_C.java:20)
	at java.base/java.util.concurrent.ThreadPoolExecutor.runWorker(ThreadPoolExecutor.java:1144)
	at java.base/java.util.concurrent.ThreadPoolExecutor$Worker.run(ThreadPoolExecutor.java:642)
	at java.base/java.lang.Thread.run(Thread.java:1589)
... Removed 12 stack frames</pre></div><a href='#' onClick='toggleBox("stack-trace2088710195", this, "Click to show all stack frames", "Click to hide stack frames")'>Click to show all stack frames</a>
<div class='stack-trace' id='stack-trace2088710195'><pre>java.lang.AssertionError: The following asserts failed:
	expected [true] but found [false]
	at org.testng.asserts.SoftAssert.assertAll(SoftAssert.java:46)
	at org.testng.asserts.SoftAssert.assertAll(SoftAssert.java:30)
	at scripts.HomePage_T_C.verifyRobotsBeforeSubmission(HomePage_T_C.java:20)
	at java.base/jdk.internal.reflect.DirectMethodHandleAccessor.invoke(DirectMethodHandleAccessor.java:104)
	at java.base/java.lang.reflect.Method.invoke(Method.java:578)
	at org.testng.internal.invokers.MethodInvocationHelper.invokeMethod(MethodInvocationHelper.java:139)
	at org.testng.internal.invokers.TestInvoker.invokeMethod(TestInvoker.java:664)
	at org.testng.internal.invokers.TestInvoker.invokeTestMethod(TestInvoker.java:227)
	at org.testng.internal.invokers.MethodRunner.runInSequence(MethodRunner.java:50)
	at org.testng.internal.invokers.TestInvoker$MethodInvocationAgent.invoke(TestInvoker.java:957)
	at org.testng.internal.invokers.TestInvoker.invokeTestMethods(TestInvoker.java:200)
	at org.testng.internal.invokers.TestMethodWorker.invokeTestMethods(TestMethodWorker.java:148)
	at org.testng.internal.invokers.TestMethodWorker.run(TestMethodWorker.java:128)
	at java.base/java.util.concurrent.ThreadPoolExecutor.runWorker(ThreadPoolExecutor.java:1144)
	at java.base/java.util.concurrent.ThreadPoolExecutor$Worker.run(ThreadPoolExecutor.java:642)
	at java.base/java.lang.Thread.run(Thread.java:1589)
</pre></div></td>
<td>4</td>
<td>scripts.HomePage_T_C@7a8c8dcf</td></tr>
<tr>
<td title='scripts.SearchPage_T_C.verifyNetworkStatus()'><b>verifyNetworkStatus</b><br>Test class: scripts.SearchPage_T_C<br>Parameters: https://worksfyi.com</td>
<td><div><pre>org.openqa.selenium.NoSuchElementException: no such element: Unable to locate element: {&quot;method&quot;:&quot;xpath&quot;,&quot;selector&quot;:&quot;//*[text()=&apos;SEARCH&apos; or text()=&apos;FIND JOBS&apos; or text()=&apos;Search&apos;or text()=&apos;Browse Jobs&apos; or text()=&apos;BROWSE JOBS&apos; or @type=&apos;submit&apos; or text()=&apos;More Jobs&apos;]&quot;}
  (Session info: chrome=123.0.6312.106)
For documentation on this error, please visit: https://www.selenium.dev/documentation/webdriver/troubleshooting/errors#no-such-element-exception
Build info: version: &apos;4.15.0&apos;, revision: &apos;1d14b5521b&apos;
System info: os.name: &apos;Windows 10&apos;, os.arch: &apos;amd64&apos;, os.version: &apos;10.0&apos;, java.version: &apos;19.0.2&apos;
Driver info: org.openqa.selenium.remote.RemoteWebDriver
Command: [b5aa3788a7a4c48f37c19f688553ea18, findElement {using=xpath, value=//*[text()=&apos;SEARCH&apos; or text()=&apos;FIND JOBS&apos; or text()=&apos;Search&apos;or text()=&apos;Browse Jobs&apos; or text()=&apos;BROWSE JOBS&apos; or @type=&apos;submit&apos; or text()=&apos;More Jobs&apos;]}]
Capabilities {acceptInsecureCerts: false, browserName: chrome, browserVersion: 123.0.6312.106, chrome: {chromedriverVersion: 122.0.6261.94 (880dbf29479c..., userDataDir: C:\Users\JOBIAK\AppData\Loc...}, fedcm:accounts: true, goog:chromeOptions: {debuggerAddress: localhost:63452}, networkConnectionEnabled: false, pageLoadStrategy: normal, platformName: Windows 10, proxy: Proxy(), se:bidiEnabled: false, se:cdp: ws://192.168.0.7:4444/sessi..., se:cdpVersion: 123.0.6312.106, setWindowRect: true, strictFileInteractability: false, timeouts: {implicit: 0, pageLoad: 300000, script: 30000}, unhandledPromptBehavior: dismiss and notify, webauthn:extension:credBlob: true, webauthn:extension:largeBlob: true, webauthn:extension:minPinLength: true, webauthn:extension:prf: true, webauthn:virtualAuthenticators: true}
Session ID: b5aa3788a7a4c48f37c19f688553ea18
	at org.openqa.selenium.remote.codec.w3c.W3CHttpResponseCodec.createException(W3CHttpResponseCodec.java:200)
	at org.openqa.selenium.remote.codec.w3c.W3CHttpResponseCodec.decode(W3CHttpResponseCodec.java:133)
	at org.openqa.selenium.remote.codec.w3c.W3CHttpResponseCodec.decode(W3CHttpResponseCodec.java:52)
	at org.openqa.selenium.remote.HttpCommandExecutor.execute(HttpCommandExecutor.java:191)
	at org.openqa.selenium.remote.TracedCommandExecutor.execute(TracedCommandExecutor.java:51)
	at org.openqa.selenium.remote.RemoteWebDriver.execute(RemoteWebDriver.java:607)
	at org.openqa.selenium.remote.ElementLocation$ElementFinder$2.findElement(ElementLocation.java:165)
	at org.openqa.selenium.remote.ElementLocation.findElement(ElementLocation.java:59)
	at org.openqa.selenium.remote.RemoteWebDriver.findElement(RemoteWebDriver.java:364)
	at org.openqa.selenium.remote.RemoteWebDriver.findElement(RemoteWebDriver.java:358)
	at pageElements.AbstractComponents.elementStore(AbstractComponents.java:23)
	at pageElements.HomePageElements.clickOnSearch(HomePageElements.java:64)
	at scripts.SearchPage_T_C.verifyNetworkStatus(SearchPage_T_C.java:89)
	at java.base/java.util.concurrent.ThreadPoolExecutor.runWorker(ThreadPoolExecutor.java:1144)
	at java.base/java.util.concurrent.ThreadPoolExecutor$Worker.run(ThreadPoolExecutor.java:642)
	at java.base/java.lang.Thread.run(Thread.java:1589)
... Removed 13 stack frames</pre></div><a href='#' onClick='toggleBox("stack-trace432446538", this, "Click to show all stack frames", "Click to hide stack frames")'>Click to show all stack frames</a>
<div class='stack-trace' id='stack-trace432446538'><pre>org.openqa.selenium.NoSuchElementException: no such element: Unable to locate element: {&quot;method&quot;:&quot;xpath&quot;,&quot;selector&quot;:&quot;//*[text()=&apos;SEARCH&apos; or text()=&apos;FIND JOBS&apos; or text()=&apos;Search&apos;or text()=&apos;Browse Jobs&apos; or text()=&apos;BROWSE JOBS&apos; or @type=&apos;submit&apos; or text()=&apos;More Jobs&apos;]&quot;}
  (Session info: chrome=123.0.6312.106)
For documentation on this error, please visit: https://www.selenium.dev/documentation/webdriver/troubleshooting/errors#no-such-element-exception
Build info: version: &apos;4.15.0&apos;, revision: &apos;1d14b5521b&apos;
System info: os.name: &apos;Windows 10&apos;, os.arch: &apos;amd64&apos;, os.version: &apos;10.0&apos;, java.version: &apos;19.0.2&apos;
Driver info: org.openqa.selenium.remote.RemoteWebDriver
Command: [b5aa3788a7a4c48f37c19f688553ea18, findElement {using=xpath, value=//*[text()=&apos;SEARCH&apos; or text()=&apos;FIND JOBS&apos; or text()=&apos;Search&apos;or text()=&apos;Browse Jobs&apos; or text()=&apos;BROWSE JOBS&apos; or @type=&apos;submit&apos; or text()=&apos;More Jobs&apos;]}]
Capabilities {acceptInsecureCerts: false, browserName: chrome, browserVersion: 123.0.6312.106, chrome: {chromedriverVersion: 122.0.6261.94 (880dbf29479c..., userDataDir: C:\Users\JOBIAK\AppData\Loc...}, fedcm:accounts: true, goog:chromeOptions: {debuggerAddress: localhost:63452}, networkConnectionEnabled: false, pageLoadStrategy: normal, platformName: Windows 10, proxy: Proxy(), se:bidiEnabled: false, se:cdp: ws://192.168.0.7:4444/sessi..., se:cdpVersion: 123.0.6312.106, setWindowRect: true, strictFileInteractability: false, timeouts: {implicit: 0, pageLoad: 300000, script: 30000}, unhandledPromptBehavior: dismiss and notify, webauthn:extension:credBlob: true, webauthn:extension:largeBlob: true, webauthn:extension:minPinLength: true, webauthn:extension:prf: true, webauthn:virtualAuthenticators: true}
Session ID: b5aa3788a7a4c48f37c19f688553ea18
	at java.base/jdk.internal.reflect.DirectConstructorHandleAccessor.newInstance(DirectConstructorHandleAccessor.java:67)
	at java.base/java.lang.reflect.Constructor.newInstanceWithCaller(Constructor.java:500)
	at java.base/java.lang.reflect.Constructor.newInstance(Constructor.java:484)
	at org.openqa.selenium.remote.codec.w3c.W3CHttpResponseCodec.createException(W3CHttpResponseCodec.java:200)
	at org.openqa.selenium.remote.codec.w3c.W3CHttpResponseCodec.decode(W3CHttpResponseCodec.java:133)
	at org.openqa.selenium.remote.codec.w3c.W3CHttpResponseCodec.decode(W3CHttpResponseCodec.java:52)
	at org.openqa.selenium.remote.HttpCommandExecutor.execute(HttpCommandExecutor.java:191)
	at org.openqa.selenium.remote.TracedCommandExecutor.execute(TracedCommandExecutor.java:51)
	at org.openqa.selenium.remote.RemoteWebDriver.execute(RemoteWebDriver.java:607)
	at org.openqa.selenium.remote.ElementLocation$ElementFinder$2.findElement(ElementLocation.java:165)
	at org.openqa.selenium.remote.ElementLocation.findElement(ElementLocation.java:59)
	at org.openqa.selenium.remote.RemoteWebDriver.findElement(RemoteWebDriver.java:364)
	at org.openqa.selenium.remote.RemoteWebDriver.findElement(RemoteWebDriver.java:358)
	at pageElements.AbstractComponents.elementStore(AbstractComponents.java:23)
	at pageElements.HomePageElements.clickOnSearch(HomePageElements.java:64)
	at scripts.SearchPage_T_C.verifyNetworkStatus(SearchPage_T_C.java:89)
	at java.base/jdk.internal.reflect.DirectMethodHandleAccessor.invoke(DirectMethodHandleAccessor.java:104)
	at java.base/java.lang.reflect.Method.invoke(Method.java:578)
	at org.testng.internal.invokers.MethodInvocationHelper.invokeMethod(MethodInvocationHelper.java:139)
	at org.testng.internal.invokers.TestInvoker.invokeMethod(TestInvoker.java:664)
	at org.testng.internal.invokers.TestInvoker.invokeTestMethod(TestInvoker.java:227)
	at org.testng.internal.invokers.MethodRunner.runInSequence(MethodRunner.java:50)
	at org.testng.internal.invokers.TestInvoker$MethodInvocationAgent.invoke(TestInvoker.java:957)
	at org.testng.internal.invokers.TestInvoker.invokeTestMethods(TestInvoker.java:200)
	at org.testng.internal.invokers.TestMethodWorker.invokeTestMethods(TestMethodWorker.java:148)
	at org.testng.internal.invokers.TestMethodWorker.run(TestMethodWorker.java:128)
	at java.base/java.util.concurrent.ThreadPoolExecutor.runWorker(ThreadPoolExecutor.java:1144)
	at java.base/java.util.concurrent.ThreadPoolExecutor$Worker.run(ThreadPoolExecutor.java:642)
	at java.base/java.lang.Thread.run(Thread.java:1589)
</pre></div></td>
<td>14</td>
<td>scripts.SearchPage_T_C@45c7e403</td></tr>
<tr>
<td title='scripts.SearchPage_T_C.verifyScrollButton()'><b>verifyScrollButton</b><br>Test class: scripts.SearchPage_T_C<br>Parameters: https://worksfyi.com</td>
<td><div><pre>org.openqa.selenium.NoSuchElementException: no such element: Unable to locate element: {&quot;method&quot;:&quot;xpath&quot;,&quot;selector&quot;:&quot;//*[text()=&apos;SEARCH&apos; or text()=&apos;FIND JOBS&apos; or text()=&apos;Search&apos;or text()=&apos;Browse Jobs&apos; or text()=&apos;BROWSE JOBS&apos; or @type=&apos;submit&apos; or text()=&apos;More Jobs&apos;]&quot;}
  (Session info: chrome=123.0.6312.106)
For documentation on this error, please visit: https://www.selenium.dev/documentation/webdriver/troubleshooting/errors#no-such-element-exception
Build info: version: &apos;4.15.0&apos;, revision: &apos;1d14b5521b&apos;
System info: os.name: &apos;Windows 10&apos;, os.arch: &apos;amd64&apos;, os.version: &apos;10.0&apos;, java.version: &apos;19.0.2&apos;
Driver info: org.openqa.selenium.remote.RemoteWebDriver
Command: [e6b15f5a263501fd1c8edb0433392346, findElement {using=xpath, value=//*[text()=&apos;SEARCH&apos; or text()=&apos;FIND JOBS&apos; or text()=&apos;Search&apos;or text()=&apos;Browse Jobs&apos; or text()=&apos;BROWSE JOBS&apos; or @type=&apos;submit&apos; or text()=&apos;More Jobs&apos;]}]
Capabilities {acceptInsecureCerts: false, browserName: chrome, browserVersion: 123.0.6312.106, chrome: {chromedriverVersion: 122.0.6261.94 (880dbf29479c..., userDataDir: C:\Users\JOBIAK\AppData\Loc...}, fedcm:accounts: true, goog:chromeOptions: {debuggerAddress: localhost:64091}, networkConnectionEnabled: false, pageLoadStrategy: normal, platformName: Windows 10, proxy: Proxy(), se:bidiEnabled: false, se:cdp: ws://192.168.0.7:4444/sessi..., se:cdpVersion: 123.0.6312.106, setWindowRect: true, strictFileInteractability: false, timeouts: {implicit: 0, pageLoad: 300000, script: 30000}, unhandledPromptBehavior: dismiss and notify, webauthn:extension:credBlob: true, webauthn:extension:largeBlob: true, webauthn:extension:minPinLength: true, webauthn:extension:prf: true, webauthn:virtualAuthenticators: true}
Session ID: e6b15f5a263501fd1c8edb0433392346
	at org.openqa.selenium.remote.codec.w3c.W3CHttpResponseCodec.createException(W3CHttpResponseCodec.java:200)
	at org.openqa.selenium.remote.codec.w3c.W3CHttpResponseCodec.decode(W3CHttpResponseCodec.java:133)
	at org.openqa.selenium.remote.codec.w3c.W3CHttpResponseCodec.decode(W3CHttpResponseCodec.java:52)
	at org.openqa.selenium.remote.HttpCommandExecutor.execute(HttpCommandExecutor.java:191)
	at org.openqa.selenium.remote.TracedCommandExecutor.execute(TracedCommandExecutor.java:51)
	at org.openqa.selenium.remote.RemoteWebDriver.execute(RemoteWebDriver.java:607)
	at org.openqa.selenium.remote.ElementLocation$ElementFinder$2.findElement(ElementLocation.java:165)
	at org.openqa.selenium.remote.ElementLocation.findElement(ElementLocation.java:59)
	at org.openqa.selenium.remote.RemoteWebDriver.findElement(RemoteWebDriver.java:364)
	at org.openqa.selenium.remote.RemoteWebDriver.findElement(RemoteWebDriver.java:358)
	at pageElements.AbstractComponents.elementStore(AbstractComponents.java:23)
	at pageElements.HomePageElements.clickOnSearch(HomePageElements.java:64)
	at scripts.SearchPage_T_C.verifyScrollButton(SearchPage_T_C.java:97)
	at java.base/java.util.concurrent.ThreadPoolExecutor.runWorker(ThreadPoolExecutor.java:1144)
	at java.base/java.util.concurrent.ThreadPoolExecutor$Worker.run(ThreadPoolExecutor.java:642)
	at java.base/java.lang.Thread.run(Thread.java:1589)
... Removed 13 stack frames</pre></div><a href='#' onClick='toggleBox("stack-trace367364072", this, "Click to show all stack frames", "Click to hide stack frames")'>Click to show all stack frames</a>
<div class='stack-trace' id='stack-trace367364072'><pre>org.openqa.selenium.NoSuchElementException: no such element: Unable to locate element: {&quot;method&quot;:&quot;xpath&quot;,&quot;selector&quot;:&quot;//*[text()=&apos;SEARCH&apos; or text()=&apos;FIND JOBS&apos; or text()=&apos;Search&apos;or text()=&apos;Browse Jobs&apos; or text()=&apos;BROWSE JOBS&apos; or @type=&apos;submit&apos; or text()=&apos;More Jobs&apos;]&quot;}
  (Session info: chrome=123.0.6312.106)
For documentation on this error, please visit: https://www.selenium.dev/documentation/webdriver/troubleshooting/errors#no-such-element-exception
Build info: version: &apos;4.15.0&apos;, revision: &apos;1d14b5521b&apos;
System info: os.name: &apos;Windows 10&apos;, os.arch: &apos;amd64&apos;, os.version: &apos;10.0&apos;, java.version: &apos;19.0.2&apos;
Driver info: org.openqa.selenium.remote.RemoteWebDriver
Command: [e6b15f5a263501fd1c8edb0433392346, findElement {using=xpath, value=//*[text()=&apos;SEARCH&apos; or text()=&apos;FIND JOBS&apos; or text()=&apos;Search&apos;or text()=&apos;Browse Jobs&apos; or text()=&apos;BROWSE JOBS&apos; or @type=&apos;submit&apos; or text()=&apos;More Jobs&apos;]}]
Capabilities {acceptInsecureCerts: false, browserName: chrome, browserVersion: 123.0.6312.106, chrome: {chromedriverVersion: 122.0.6261.94 (880dbf29479c..., userDataDir: C:\Users\JOBIAK\AppData\Loc...}, fedcm:accounts: true, goog:chromeOptions: {debuggerAddress: localhost:64091}, networkConnectionEnabled: false, pageLoadStrategy: normal, platformName: Windows 10, proxy: Proxy(), se:bidiEnabled: false, se:cdp: ws://192.168.0.7:4444/sessi..., se:cdpVersion: 123.0.6312.106, setWindowRect: true, strictFileInteractability: false, timeouts: {implicit: 0, pageLoad: 300000, script: 30000}, unhandledPromptBehavior: dismiss and notify, webauthn:extension:credBlob: true, webauthn:extension:largeBlob: true, webauthn:extension:minPinLength: true, webauthn:extension:prf: true, webauthn:virtualAuthenticators: true}
Session ID: e6b15f5a263501fd1c8edb0433392346
	at java.base/jdk.internal.reflect.DirectConstructorHandleAccessor.newInstance(DirectConstructorHandleAccessor.java:67)
	at java.base/java.lang.reflect.Constructor.newInstanceWithCaller(Constructor.java:500)
	at java.base/java.lang.reflect.Constructor.newInstance(Constructor.java:484)
	at org.openqa.selenium.remote.codec.w3c.W3CHttpResponseCodec.createException(W3CHttpResponseCodec.java:200)
	at org.openqa.selenium.remote.codec.w3c.W3CHttpResponseCodec.decode(W3CHttpResponseCodec.java:133)
	at org.openqa.selenium.remote.codec.w3c.W3CHttpResponseCodec.decode(W3CHttpResponseCodec.java:52)
	at org.openqa.selenium.remote.HttpCommandExecutor.execute(HttpCommandExecutor.java:191)
	at org.openqa.selenium.remote.TracedCommandExecutor.execute(TracedCommandExecutor.java:51)
	at org.openqa.selenium.remote.RemoteWebDriver.execute(RemoteWebDriver.java:607)
	at org.openqa.selenium.remote.ElementLocation$ElementFinder$2.findElement(ElementLocation.java:165)
	at org.openqa.selenium.remote.ElementLocation.findElement(ElementLocation.java:59)
	at org.openqa.selenium.remote.RemoteWebDriver.findElement(RemoteWebDriver.java:364)
	at org.openqa.selenium.remote.RemoteWebDriver.findElement(RemoteWebDriver.java:358)
	at pageElements.AbstractComponents.elementStore(AbstractComponents.java:23)
	at pageElements.HomePageElements.clickOnSearch(HomePageElements.java:64)
	at scripts.SearchPage_T_C.verifyScrollButton(SearchPage_T_C.java:97)
	at java.base/jdk.internal.reflect.DirectMethodHandleAccessor.invoke(DirectMethodHandleAccessor.java:104)
	at java.base/java.lang.reflect.Method.invoke(Method.java:578)
	at org.testng.internal.invokers.MethodInvocationHelper.invokeMethod(MethodInvocationHelper.java:139)
	at org.testng.internal.invokers.TestInvoker.invokeMethod(TestInvoker.java:664)
	at org.testng.internal.invokers.TestInvoker.invokeTestMethod(TestInvoker.java:227)
	at org.testng.internal.invokers.MethodRunner.runInSequence(MethodRunner.java:50)
	at org.testng.internal.invokers.TestInvoker$MethodInvocationAgent.invoke(TestInvoker.java:957)
	at org.testng.internal.invokers.TestInvoker.invokeTestMethods(TestInvoker.java:200)
	at org.testng.internal.invokers.TestMethodWorker.invokeTestMethods(TestMethodWorker.java:148)
	at org.testng.internal.invokers.TestMethodWorker.run(TestMethodWorker.java:128)
	at java.base/java.util.concurrent.ThreadPoolExecutor.runWorker(ThreadPoolExecutor.java:1144)
	at java.base/java.util.concurrent.ThreadPoolExecutor$Worker.run(ThreadPoolExecutor.java:642)
	at java.base/java.lang.Thread.run(Thread.java:1589)
</pre></div></td>
<td>12</td>
<td>scripts.SearchPage_T_C@45c7e403</td></tr>
<tr>
<td title='scripts.SearchPage_T_C.verifyHttpInPageSource()'><b>verifyHttpInPageSource</b><br>Test class: scripts.SearchPage_T_C<br>Parameters: https://worksfyi.com</td>
<td><div><pre>org.openqa.selenium.NoSuchElementException: no such element: Unable to locate element: {&quot;method&quot;:&quot;xpath&quot;,&quot;selector&quot;:&quot;//*[text()=&apos;SEARCH&apos; or text()=&apos;FIND JOBS&apos; or text()=&apos;Search&apos;or text()=&apos;Browse Jobs&apos; or text()=&apos;BROWSE JOBS&apos; or @type=&apos;submit&apos; or text()=&apos;More Jobs&apos;]&quot;}
  (Session info: chrome=123.0.6312.106)
For documentation on this error, please visit: https://www.selenium.dev/documentation/webdriver/troubleshooting/errors#no-such-element-exception
Build info: version: &apos;4.15.0&apos;, revision: &apos;1d14b5521b&apos;
System info: os.name: &apos;Windows 10&apos;, os.arch: &apos;amd64&apos;, os.version: &apos;10.0&apos;, java.version: &apos;19.0.2&apos;
Driver info: org.openqa.selenium.remote.RemoteWebDriver
Command: [3cb444347469820dc98b1bfb3f8651a1, findElement {using=xpath, value=//*[text()=&apos;SEARCH&apos; or text()=&apos;FIND JOBS&apos; or text()=&apos;Search&apos;or text()=&apos;Browse Jobs&apos; or text()=&apos;BROWSE JOBS&apos; or @type=&apos;submit&apos; or text()=&apos;More Jobs&apos;]}]
Capabilities {acceptInsecureCerts: false, browserName: chrome, browserVersion: 123.0.6312.106, chrome: {chromedriverVersion: 122.0.6261.94 (880dbf29479c..., userDataDir: C:\Users\JOBIAK\AppData\Loc...}, fedcm:accounts: true, goog:chromeOptions: {debuggerAddress: localhost:62984}, networkConnectionEnabled: false, pageLoadStrategy: normal, platformName: Windows 10, proxy: Proxy(), se:bidiEnabled: false, se:cdp: ws://192.168.0.7:4444/sessi..., se:cdpVersion: 123.0.6312.106, setWindowRect: true, strictFileInteractability: false, timeouts: {implicit: 0, pageLoad: 300000, script: 30000}, unhandledPromptBehavior: dismiss and notify, webauthn:extension:credBlob: true, webauthn:extension:largeBlob: true, webauthn:extension:minPinLength: true, webauthn:extension:prf: true, webauthn:virtualAuthenticators: true}
Session ID: 3cb444347469820dc98b1bfb3f8651a1
	at org.openqa.selenium.remote.codec.w3c.W3CHttpResponseCodec.createException(W3CHttpResponseCodec.java:200)
	at org.openqa.selenium.remote.codec.w3c.W3CHttpResponseCodec.decode(W3CHttpResponseCodec.java:133)
	at org.openqa.selenium.remote.codec.w3c.W3CHttpResponseCodec.decode(W3CHttpResponseCodec.java:52)
	at org.openqa.selenium.remote.HttpCommandExecutor.execute(HttpCommandExecutor.java:191)
	at org.openqa.selenium.remote.TracedCommandExecutor.execute(TracedCommandExecutor.java:51)
	at org.openqa.selenium.remote.RemoteWebDriver.execute(RemoteWebDriver.java:607)
	at org.openqa.selenium.remote.ElementLocation$ElementFinder$2.findElement(ElementLocation.java:165)
	at org.openqa.selenium.remote.ElementLocation.findElement(ElementLocation.java:59)
	at org.openqa.selenium.remote.RemoteWebDriver.findElement(RemoteWebDriver.java:364)
	at org.openqa.selenium.remote.RemoteWebDriver.findElement(RemoteWebDriver.java:358)
	at pageElements.AbstractComponents.elementStore(AbstractComponents.java:23)
	at pageElements.HomePageElements.clickOnSearch(HomePageElements.java:64)
	at scripts.SearchPage_T_C.verifyHttpInPageSource(SearchPage_T_C.java:140)
	at java.base/java.util.concurrent.ThreadPoolExecutor.runWorker(ThreadPoolExecutor.java:1144)
	at java.base/java.util.concurrent.ThreadPoolExecutor$Worker.run(ThreadPoolExecutor.java:642)
	at java.base/java.lang.Thread.run(Thread.java:1589)
... Removed 13 stack frames</pre></div><a href='#' onClick='toggleBox("stack-trace512159625", this, "Click to show all stack frames", "Click to hide stack frames")'>Click to show all stack frames</a>
<div class='stack-trace' id='stack-trace512159625'><pre>org.openqa.selenium.NoSuchElementException: no such element: Unable to locate element: {&quot;method&quot;:&quot;xpath&quot;,&quot;selector&quot;:&quot;//*[text()=&apos;SEARCH&apos; or text()=&apos;FIND JOBS&apos; or text()=&apos;Search&apos;or text()=&apos;Browse Jobs&apos; or text()=&apos;BROWSE JOBS&apos; or @type=&apos;submit&apos; or text()=&apos;More Jobs&apos;]&quot;}
  (Session info: chrome=123.0.6312.106)
For documentation on this error, please visit: https://www.selenium.dev/documentation/webdriver/troubleshooting/errors#no-such-element-exception
Build info: version: &apos;4.15.0&apos;, revision: &apos;1d14b5521b&apos;
System info: os.name: &apos;Windows 10&apos;, os.arch: &apos;amd64&apos;, os.version: &apos;10.0&apos;, java.version: &apos;19.0.2&apos;
Driver info: org.openqa.selenium.remote.RemoteWebDriver
Command: [3cb444347469820dc98b1bfb3f8651a1, findElement {using=xpath, value=//*[text()=&apos;SEARCH&apos; or text()=&apos;FIND JOBS&apos; or text()=&apos;Search&apos;or text()=&apos;Browse Jobs&apos; or text()=&apos;BROWSE JOBS&apos; or @type=&apos;submit&apos; or text()=&apos;More Jobs&apos;]}]
Capabilities {acceptInsecureCerts: false, browserName: chrome, browserVersion: 123.0.6312.106, chrome: {chromedriverVersion: 122.0.6261.94 (880dbf29479c..., userDataDir: C:\Users\JOBIAK\AppData\Loc...}, fedcm:accounts: true, goog:chromeOptions: {debuggerAddress: localhost:62984}, networkConnectionEnabled: false, pageLoadStrategy: normal, platformName: Windows 10, proxy: Proxy(), se:bidiEnabled: false, se:cdp: ws://192.168.0.7:4444/sessi..., se:cdpVersion: 123.0.6312.106, setWindowRect: true, strictFileInteractability: false, timeouts: {implicit: 0, pageLoad: 300000, script: 30000}, unhandledPromptBehavior: dismiss and notify, webauthn:extension:credBlob: true, webauthn:extension:largeBlob: true, webauthn:extension:minPinLength: true, webauthn:extension:prf: true, webauthn:virtualAuthenticators: true}
Session ID: 3cb444347469820dc98b1bfb3f8651a1
	at java.base/jdk.internal.reflect.DirectConstructorHandleAccessor.newInstance(DirectConstructorHandleAccessor.java:67)
	at java.base/java.lang.reflect.Constructor.newInstanceWithCaller(Constructor.java:500)
	at java.base/java.lang.reflect.Constructor.newInstance(Constructor.java:484)
	at org.openqa.selenium.remote.codec.w3c.W3CHttpResponseCodec.createException(W3CHttpResponseCodec.java:200)
	at org.openqa.selenium.remote.codec.w3c.W3CHttpResponseCodec.decode(W3CHttpResponseCodec.java:133)
	at org.openqa.selenium.remote.codec.w3c.W3CHttpResponseCodec.decode(W3CHttpResponseCodec.java:52)
	at org.openqa.selenium.remote.HttpCommandExecutor.execute(HttpCommandExecutor.java:191)
	at org.openqa.selenium.remote.TracedCommandExecutor.execute(TracedCommandExecutor.java:51)
	at org.openqa.selenium.remote.RemoteWebDriver.execute(RemoteWebDriver.java:607)
	at org.openqa.selenium.remote.ElementLocation$ElementFinder$2.findElement(ElementLocation.java:165)
	at org.openqa.selenium.remote.ElementLocation.findElement(ElementLocation.java:59)
	at org.openqa.selenium.remote.RemoteWebDriver.findElement(RemoteWebDriver.java:364)
	at org.openqa.selenium.remote.RemoteWebDriver.findElement(RemoteWebDriver.java:358)
	at pageElements.AbstractComponents.elementStore(AbstractComponents.java:23)
	at pageElements.HomePageElements.clickOnSearch(HomePageElements.java:64)
	at scripts.SearchPage_T_C.verifyHttpInPageSource(SearchPage_T_C.java:140)
	at java.base/jdk.internal.reflect.DirectMethodHandleAccessor.invoke(DirectMethodHandleAccessor.java:104)
	at java.base/java.lang.reflect.Method.invoke(Method.java:578)
	at org.testng.internal.invokers.MethodInvocationHelper.invokeMethod(MethodInvocationHelper.java:139)
	at org.testng.internal.invokers.TestInvoker.invokeMethod(TestInvoker.java:664)
	at org.testng.internal.invokers.TestInvoker.invokeTestMethod(TestInvoker.java:227)
	at org.testng.internal.invokers.MethodRunner.runInSequence(MethodRunner.java:50)
	at org.testng.internal.invokers.TestInvoker$MethodInvocationAgent.invoke(TestInvoker.java:957)
	at org.testng.internal.invokers.TestInvoker.invokeTestMethods(TestInvoker.java:200)
	at org.testng.internal.invokers.TestMethodWorker.invokeTestMethods(TestMethodWorker.java:148)
	at org.testng.internal.invokers.TestMethodWorker.run(TestMethodWorker.java:128)
	at java.base/java.util.concurrent.ThreadPoolExecutor.runWorker(ThreadPoolExecutor.java:1144)
	at java.base/java.util.concurrent.ThreadPoolExecutor$Worker.run(ThreadPoolExecutor.java:642)
	at java.base/java.lang.Thread.run(Thread.java:1589)
</pre></div></td>
<td>15</td>
<td>scripts.SearchPage_T_C@45c7e403</td></tr>
<tr>
<td title='scripts.SearchPage_T_C.verifyMetaContent()'><b>verifyMetaContent</b><br>Test class: scripts.SearchPage_T_C<br>Parameters: https://worksfyi.com</td>
<td><div><pre>org.openqa.selenium.NoSuchElementException: no such element: Unable to locate element: {&quot;method&quot;:&quot;xpath&quot;,&quot;selector&quot;:&quot;//*[text()=&apos;SEARCH&apos; or text()=&apos;FIND JOBS&apos; or text()=&apos;Search&apos;or text()=&apos;Browse Jobs&apos; or text()=&apos;BROWSE JOBS&apos; or @type=&apos;submit&apos; or text()=&apos;More Jobs&apos;]&quot;}
  (Session info: chrome=123.0.6312.106)
For documentation on this error, please visit: https://www.selenium.dev/documentation/webdriver/troubleshooting/errors#no-such-element-exception
Build info: version: &apos;4.15.0&apos;, revision: &apos;1d14b5521b&apos;
System info: os.name: &apos;Windows 10&apos;, os.arch: &apos;amd64&apos;, os.version: &apos;10.0&apos;, java.version: &apos;19.0.2&apos;
Driver info: org.openqa.selenium.remote.RemoteWebDriver
Command: [77899721314ac6e019e32e7091d3b21b, findElement {using=xpath, value=//*[text()=&apos;SEARCH&apos; or text()=&apos;FIND JOBS&apos; or text()=&apos;Search&apos;or text()=&apos;Browse Jobs&apos; or text()=&apos;BROWSE JOBS&apos; or @type=&apos;submit&apos; or text()=&apos;More Jobs&apos;]}]
Capabilities {acceptInsecureCerts: false, browserName: chrome, browserVersion: 123.0.6312.106, chrome: {chromedriverVersion: 122.0.6261.94 (880dbf29479c..., userDataDir: C:\Users\JOBIAK\AppData\Loc...}, fedcm:accounts: true, goog:chromeOptions: {debuggerAddress: localhost:63208}, networkConnectionEnabled: false, pageLoadStrategy: normal, platformName: Windows 10, proxy: Proxy(), se:bidiEnabled: false, se:cdp: ws://192.168.0.7:4444/sessi..., se:cdpVersion: 123.0.6312.106, setWindowRect: true, strictFileInteractability: false, timeouts: {implicit: 0, pageLoad: 300000, script: 30000}, unhandledPromptBehavior: dismiss and notify, webauthn:extension:credBlob: true, webauthn:extension:largeBlob: true, webauthn:extension:minPinLength: true, webauthn:extension:prf: true, webauthn:virtualAuthenticators: true}
Session ID: 77899721314ac6e019e32e7091d3b21b
	at org.openqa.selenium.remote.codec.w3c.W3CHttpResponseCodec.createException(W3CHttpResponseCodec.java:200)
	at org.openqa.selenium.remote.codec.w3c.W3CHttpResponseCodec.decode(W3CHttpResponseCodec.java:133)
	at org.openqa.selenium.remote.codec.w3c.W3CHttpResponseCodec.decode(W3CHttpResponseCodec.java:52)
	at org.openqa.selenium.remote.HttpCommandExecutor.execute(HttpCommandExecutor.java:191)
	at org.openqa.selenium.remote.TracedCommandExecutor.execute(TracedCommandExecutor.java:51)
	at org.openqa.selenium.remote.RemoteWebDriver.execute(RemoteWebDriver.java:607)
	at org.openqa.selenium.remote.ElementLocation$ElementFinder$2.findElement(ElementLocation.java:165)
	at org.openqa.selenium.remote.ElementLocation.findElement(ElementLocation.java:59)
	at org.openqa.selenium.remote.RemoteWebDriver.findElement(RemoteWebDriver.java:364)
	at org.openqa.selenium.remote.RemoteWebDriver.findElement(RemoteWebDriver.java:358)
	at pageElements.AbstractComponents.elementStore(AbstractComponents.java:23)
	at pageElements.HomePageElements.clickOnSearch(HomePageElements.java:64)
	at scripts.SearchPage_T_C.verifyMetaContent(SearchPage_T_C.java:125)
	at java.base/java.util.concurrent.ThreadPoolExecutor.runWorker(ThreadPoolExecutor.java:1144)
	at java.base/java.util.concurrent.ThreadPoolExecutor$Worker.run(ThreadPoolExecutor.java:642)
	at java.base/java.lang.Thread.run(Thread.java:1589)
... Removed 13 stack frames</pre></div><a href='#' onClick='toggleBox("stack-trace563200478", this, "Click to show all stack frames", "Click to hide stack frames")'>Click to show all stack frames</a>
<div class='stack-trace' id='stack-trace563200478'><pre>org.openqa.selenium.NoSuchElementException: no such element: Unable to locate element: {&quot;method&quot;:&quot;xpath&quot;,&quot;selector&quot;:&quot;//*[text()=&apos;SEARCH&apos; or text()=&apos;FIND JOBS&apos; or text()=&apos;Search&apos;or text()=&apos;Browse Jobs&apos; or text()=&apos;BROWSE JOBS&apos; or @type=&apos;submit&apos; or text()=&apos;More Jobs&apos;]&quot;}
  (Session info: chrome=123.0.6312.106)
For documentation on this error, please visit: https://www.selenium.dev/documentation/webdriver/troubleshooting/errors#no-such-element-exception
Build info: version: &apos;4.15.0&apos;, revision: &apos;1d14b5521b&apos;
System info: os.name: &apos;Windows 10&apos;, os.arch: &apos;amd64&apos;, os.version: &apos;10.0&apos;, java.version: &apos;19.0.2&apos;
Driver info: org.openqa.selenium.remote.RemoteWebDriver
Command: [77899721314ac6e019e32e7091d3b21b, findElement {using=xpath, value=//*[text()=&apos;SEARCH&apos; or text()=&apos;FIND JOBS&apos; or text()=&apos;Search&apos;or text()=&apos;Browse Jobs&apos; or text()=&apos;BROWSE JOBS&apos; or @type=&apos;submit&apos; or text()=&apos;More Jobs&apos;]}]
Capabilities {acceptInsecureCerts: false, browserName: chrome, browserVersion: 123.0.6312.106, chrome: {chromedriverVersion: 122.0.6261.94 (880dbf29479c..., userDataDir: C:\Users\JOBIAK\AppData\Loc...}, fedcm:accounts: true, goog:chromeOptions: {debuggerAddress: localhost:63208}, networkConnectionEnabled: false, pageLoadStrategy: normal, platformName: Windows 10, proxy: Proxy(), se:bidiEnabled: false, se:cdp: ws://192.168.0.7:4444/sessi..., se:cdpVersion: 123.0.6312.106, setWindowRect: true, strictFileInteractability: false, timeouts: {implicit: 0, pageLoad: 300000, script: 30000}, unhandledPromptBehavior: dismiss and notify, webauthn:extension:credBlob: true, webauthn:extension:largeBlob: true, webauthn:extension:minPinLength: true, webauthn:extension:prf: true, webauthn:virtualAuthenticators: true}
Session ID: 77899721314ac6e019e32e7091d3b21b
	at java.base/jdk.internal.reflect.DirectConstructorHandleAccessor.newInstance(DirectConstructorHandleAccessor.java:67)
	at java.base/java.lang.reflect.Constructor.newInstanceWithCaller(Constructor.java:500)
	at java.base/java.lang.reflect.Constructor.newInstance(Constructor.java:484)
	at org.openqa.selenium.remote.codec.w3c.W3CHttpResponseCodec.createException(W3CHttpResponseCodec.java:200)
	at org.openqa.selenium.remote.codec.w3c.W3CHttpResponseCodec.decode(W3CHttpResponseCodec.java:133)
	at org.openqa.selenium.remote.codec.w3c.W3CHttpResponseCodec.decode(W3CHttpResponseCodec.java:52)
	at org.openqa.selenium.remote.HttpCommandExecutor.execute(HttpCommandExecutor.java:191)
	at org.openqa.selenium.remote.TracedCommandExecutor.execute(TracedCommandExecutor.java:51)
	at org.openqa.selenium.remote.RemoteWebDriver.execute(RemoteWebDriver.java:607)
	at org.openqa.selenium.remote.ElementLocation$ElementFinder$2.findElement(ElementLocation.java:165)
	at org.openqa.selenium.remote.ElementLocation.findElement(ElementLocation.java:59)
	at org.openqa.selenium.remote.RemoteWebDriver.findElement(RemoteWebDriver.java:364)
	at org.openqa.selenium.remote.RemoteWebDriver.findElement(RemoteWebDriver.java:358)
	at pageElements.AbstractComponents.elementStore(AbstractComponents.java:23)
	at pageElements.HomePageElements.clickOnSearch(HomePageElements.java:64)
	at scripts.SearchPage_T_C.verifyMetaContent(SearchPage_T_C.java:125)
	at java.base/jdk.internal.reflect.DirectMethodHandleAccessor.invoke(DirectMethodHandleAccessor.java:104)
	at java.base/java.lang.reflect.Method.invoke(Method.java:578)
	at org.testng.internal.invokers.MethodInvocationHelper.invokeMethod(MethodInvocationHelper.java:139)
	at org.testng.internal.invokers.TestInvoker.invokeMethod(TestInvoker.java:664)
	at org.testng.internal.invokers.TestInvoker.invokeTestMethod(TestInvoker.java:227)
	at org.testng.internal.invokers.MethodRunner.runInSequence(MethodRunner.java:50)
	at org.testng.internal.invokers.TestInvoker$MethodInvocationAgent.invoke(TestInvoker.java:957)
	at org.testng.internal.invokers.TestInvoker.invokeTestMethods(TestInvoker.java:200)
	at org.testng.internal.invokers.TestMethodWorker.invokeTestMethods(TestMethodWorker.java:148)
	at org.testng.internal.invokers.TestMethodWorker.run(TestMethodWorker.java:128)
	at java.base/java.util.concurrent.ThreadPoolExecutor.runWorker(ThreadPoolExecutor.java:1144)
	at java.base/java.util.concurrent.ThreadPoolExecutor$Worker.run(ThreadPoolExecutor.java:642)
	at java.base/java.lang.Thread.run(Thread.java:1589)
</pre></div></td>
<td>12</td>
<td>scripts.SearchPage_T_C@45c7e403</td></tr>
<tr>
<td title='scripts.CookiePage_T_C.verifyScrollButton()'><b>verifyScrollButton</b><br>Test class: scripts.CookiePage_T_C<br>Parameters: https://worksfyi.com</td>
<td><div><pre>java.lang.AssertionError: The following asserts failed:
	992 expected [true] but found [false]
	at scripts.CookiePage_T_C.verifyScrollButton(CookiePage_T_C.java:54)
	at java.base/java.util.concurrent.ThreadPoolExecutor.runWorker(ThreadPoolExecutor.java:1144)
	at java.base/java.util.concurrent.ThreadPoolExecutor$Worker.run(ThreadPoolExecutor.java:642)
	at java.base/java.lang.Thread.run(Thread.java:1589)
... Removed 12 stack frames</pre></div><a href='#' onClick='toggleBox("stack-trace1637369099", this, "Click to show all stack frames", "Click to hide stack frames")'>Click to show all stack frames</a>
<div class='stack-trace' id='stack-trace1637369099'><pre>java.lang.AssertionError: The following asserts failed:
	992 expected [true] but found [false]
	at org.testng.asserts.SoftAssert.assertAll(SoftAssert.java:46)
	at org.testng.asserts.SoftAssert.assertAll(SoftAssert.java:30)
	at scripts.CookiePage_T_C.verifyScrollButton(CookiePage_T_C.java:54)
	at java.base/jdk.internal.reflect.DirectMethodHandleAccessor.invoke(DirectMethodHandleAccessor.java:104)
	at java.base/java.lang.reflect.Method.invoke(Method.java:578)
	at org.testng.internal.invokers.MethodInvocationHelper.invokeMethod(MethodInvocationHelper.java:139)
	at org.testng.internal.invokers.TestInvoker.invokeMethod(TestInvoker.java:664)
	at org.testng.internal.invokers.TestInvoker.invokeTestMethod(TestInvoker.java:227)
	at org.testng.internal.invokers.MethodRunner.runInSequence(MethodRunner.java:50)
	at org.testng.internal.invokers.TestInvoker$MethodInvocationAgent.invoke(TestInvoker.java:957)
	at org.testng.internal.invokers.TestInvoker.invokeTestMethods(TestInvoker.java:200)
	at org.testng.internal.invokers.TestMethodWorker.invokeTestMethods(TestMethodWorker.java:148)
	at org.testng.internal.invokers.TestMethodWorker.run(TestMethodWorker.java:128)
	at java.base/java.util.concurrent.ThreadPoolExecutor.runWorker(ThreadPoolExecutor.java:1144)
	at java.base/java.util.concurrent.ThreadPoolExecutor$Worker.run(ThreadPoolExecutor.java:642)
	at java.base/java.lang.Thread.run(Thread.java:1589)
</pre></div></td>
<td>4</td>
<td>scripts.CookiePage_T_C@65e98b1c</td></tr>
<tr>
<td title='scripts.SearchPage_T_C.validateMinimumJobCount()'><b>validateMinimumJobCount</b><br>Test class: scripts.SearchPage_T_C<br>Parameters: https://worksfyi.com</td>
<td><div><pre>org.openqa.selenium.NoSuchElementException: no such element: Unable to locate element: {&quot;method&quot;:&quot;xpath&quot;,&quot;selector&quot;:&quot;//*[text()=&apos;SEARCH&apos; or text()=&apos;FIND JOBS&apos; or text()=&apos;Search&apos;or text()=&apos;Browse Jobs&apos; or text()=&apos;BROWSE JOBS&apos; or @type=&apos;submit&apos; or text()=&apos;More Jobs&apos;]&quot;}
  (Session info: chrome=123.0.6312.106)
For documentation on this error, please visit: https://www.selenium.dev/documentation/webdriver/troubleshooting/errors#no-such-element-exception
Build info: version: &apos;4.15.0&apos;, revision: &apos;1d14b5521b&apos;
System info: os.name: &apos;Windows 10&apos;, os.arch: &apos;amd64&apos;, os.version: &apos;10.0&apos;, java.version: &apos;19.0.2&apos;
Driver info: org.openqa.selenium.remote.RemoteWebDriver
Command: [4912cbfe54334fb202eac57fb8447619, findElement {using=xpath, value=//*[text()=&apos;SEARCH&apos; or text()=&apos;FIND JOBS&apos; or text()=&apos;Search&apos;or text()=&apos;Browse Jobs&apos; or text()=&apos;BROWSE JOBS&apos; or @type=&apos;submit&apos; or text()=&apos;More Jobs&apos;]}]
Capabilities {acceptInsecureCerts: false, browserName: chrome, browserVersion: 123.0.6312.106, chrome: {chromedriverVersion: 122.0.6261.94 (880dbf29479c..., userDataDir: C:\Users\JOBIAK\AppData\Loc...}, fedcm:accounts: true, goog:chromeOptions: {debuggerAddress: localhost:61827}, networkConnectionEnabled: false, pageLoadStrategy: normal, platformName: Windows 10, proxy: Proxy(), se:bidiEnabled: false, se:cdp: ws://192.168.0.7:4444/sessi..., se:cdpVersion: 123.0.6312.106, setWindowRect: true, strictFileInteractability: false, timeouts: {implicit: 0, pageLoad: 300000, script: 30000}, unhandledPromptBehavior: dismiss and notify, webauthn:extension:credBlob: true, webauthn:extension:largeBlob: true, webauthn:extension:minPinLength: true, webauthn:extension:prf: true, webauthn:virtualAuthenticators: true}
Session ID: 4912cbfe54334fb202eac57fb8447619
	at org.openqa.selenium.remote.codec.w3c.W3CHttpResponseCodec.createException(W3CHttpResponseCodec.java:200)
	at org.openqa.selenium.remote.codec.w3c.W3CHttpResponseCodec.decode(W3CHttpResponseCodec.java:133)
	at org.openqa.selenium.remote.codec.w3c.W3CHttpResponseCodec.decode(W3CHttpResponseCodec.java:52)
	at org.openqa.selenium.remote.HttpCommandExecutor.execute(HttpCommandExecutor.java:191)
	at org.openqa.selenium.remote.TracedCommandExecutor.execute(TracedCommandExecutor.java:51)
	at org.openqa.selenium.remote.RemoteWebDriver.execute(RemoteWebDriver.java:607)
	at org.openqa.selenium.remote.ElementLocation$ElementFinder$2.findElement(ElementLocation.java:165)
	at org.openqa.selenium.remote.ElementLocation.findElement(ElementLocation.java:59)
	at org.openqa.selenium.remote.RemoteWebDriver.findElement(RemoteWebDriver.java:364)
	at org.openqa.selenium.remote.RemoteWebDriver.findElement(RemoteWebDriver.java:358)
	at pageElements.AbstractComponents.elementStore(AbstractComponents.java:23)
	at pageElements.HomePageElements.clickOnSearch(HomePageElements.java:64)
	at scripts.SearchPage_T_C.validateMinimumJobCount(SearchPage_T_C.java:43)
	at java.base/java.util.concurrent.ThreadPoolExecutor.runWorker(ThreadPoolExecutor.java:1144)
	at java.base/java.util.concurrent.ThreadPoolExecutor$Worker.run(ThreadPoolExecutor.java:642)
	at java.base/java.lang.Thread.run(Thread.java:1589)
... Removed 13 stack frames</pre></div><a href='#' onClick='toggleBox("stack-trace1851170369", this, "Click to show all stack frames", "Click to hide stack frames")'>Click to show all stack frames</a>
<div class='stack-trace' id='stack-trace1851170369'><pre>org.openqa.selenium.NoSuchElementException: no such element: Unable to locate element: {&quot;method&quot;:&quot;xpath&quot;,&quot;selector&quot;:&quot;//*[text()=&apos;SEARCH&apos; or text()=&apos;FIND JOBS&apos; or text()=&apos;Search&apos;or text()=&apos;Browse Jobs&apos; or text()=&apos;BROWSE JOBS&apos; or @type=&apos;submit&apos; or text()=&apos;More Jobs&apos;]&quot;}
  (Session info: chrome=123.0.6312.106)
For documentation on this error, please visit: https://www.selenium.dev/documentation/webdriver/troubleshooting/errors#no-such-element-exception
Build info: version: &apos;4.15.0&apos;, revision: &apos;1d14b5521b&apos;
System info: os.name: &apos;Windows 10&apos;, os.arch: &apos;amd64&apos;, os.version: &apos;10.0&apos;, java.version: &apos;19.0.2&apos;
Driver info: org.openqa.selenium.remote.RemoteWebDriver
Command: [4912cbfe54334fb202eac57fb8447619, findElement {using=xpath, value=//*[text()=&apos;SEARCH&apos; or text()=&apos;FIND JOBS&apos; or text()=&apos;Search&apos;or text()=&apos;Browse Jobs&apos; or text()=&apos;BROWSE JOBS&apos; or @type=&apos;submit&apos; or text()=&apos;More Jobs&apos;]}]
Capabilities {acceptInsecureCerts: false, browserName: chrome, browserVersion: 123.0.6312.106, chrome: {chromedriverVersion: 122.0.6261.94 (880dbf29479c..., userDataDir: C:\Users\JOBIAK\AppData\Loc...}, fedcm:accounts: true, goog:chromeOptions: {debuggerAddress: localhost:61827}, networkConnectionEnabled: false, pageLoadStrategy: normal, platformName: Windows 10, proxy: Proxy(), se:bidiEnabled: false, se:cdp: ws://192.168.0.7:4444/sessi..., se:cdpVersion: 123.0.6312.106, setWindowRect: true, strictFileInteractability: false, timeouts: {implicit: 0, pageLoad: 300000, script: 30000}, unhandledPromptBehavior: dismiss and notify, webauthn:extension:credBlob: true, webauthn:extension:largeBlob: true, webauthn:extension:minPinLength: true, webauthn:extension:prf: true, webauthn:virtualAuthenticators: true}
Session ID: 4912cbfe54334fb202eac57fb8447619
	at java.base/jdk.internal.reflect.DirectConstructorHandleAccessor.newInstance(DirectConstructorHandleAccessor.java:67)
	at java.base/java.lang.reflect.Constructor.newInstanceWithCaller(Constructor.java:500)
	at java.base/java.lang.reflect.Constructor.newInstance(Constructor.java:484)
	at org.openqa.selenium.remote.codec.w3c.W3CHttpResponseCodec.createException(W3CHttpResponseCodec.java:200)
	at org.openqa.selenium.remote.codec.w3c.W3CHttpResponseCodec.decode(W3CHttpResponseCodec.java:133)
	at org.openqa.selenium.remote.codec.w3c.W3CHttpResponseCodec.decode(W3CHttpResponseCodec.java:52)
	at org.openqa.selenium.remote.HttpCommandExecutor.execute(HttpCommandExecutor.java:191)
	at org.openqa.selenium.remote.TracedCommandExecutor.execute(TracedCommandExecutor.java:51)
	at org.openqa.selenium.remote.RemoteWebDriver.execute(RemoteWebDriver.java:607)
	at org.openqa.selenium.remote.ElementLocation$ElementFinder$2.findElement(ElementLocation.java:165)
	at org.openqa.selenium.remote.ElementLocation.findElement(ElementLocation.java:59)
	at org.openqa.selenium.remote.RemoteWebDriver.findElement(RemoteWebDriver.java:364)
	at org.openqa.selenium.remote.RemoteWebDriver.findElement(RemoteWebDriver.java:358)
	at pageElements.AbstractComponents.elementStore(AbstractComponents.java:23)
	at pageElements.HomePageElements.clickOnSearch(HomePageElements.java:64)
	at scripts.SearchPage_T_C.validateMinimumJobCount(SearchPage_T_C.java:43)
	at java.base/jdk.internal.reflect.DirectMethodHandleAccessor.invoke(DirectMethodHandleAccessor.java:104)
	at java.base/java.lang.reflect.Method.invoke(Method.java:578)
	at org.testng.internal.invokers.MethodInvocationHelper.invokeMethod(MethodInvocationHelper.java:139)
	at org.testng.internal.invokers.TestInvoker.invokeMethod(TestInvoker.java:664)
	at org.testng.internal.invokers.TestInvoker.invokeTestMethod(TestInvoker.java:227)
	at org.testng.internal.invokers.MethodRunner.runInSequence(MethodRunner.java:50)
	at org.testng.internal.invokers.TestInvoker$MethodInvocationAgent.invoke(TestInvoker.java:957)
	at org.testng.internal.invokers.TestInvoker.invokeTestMethods(TestInvoker.java:200)
	at org.testng.internal.invokers.TestMethodWorker.invokeTestMethods(TestMethodWorker.java:148)
	at org.testng.internal.invokers.TestMethodWorker.run(TestMethodWorker.java:128)
	at java.base/java.util.concurrent.ThreadPoolExecutor.runWorker(ThreadPoolExecutor.java:1144)
	at java.base/java.util.concurrent.ThreadPoolExecutor$Worker.run(ThreadPoolExecutor.java:642)
	at java.base/java.lang.Thread.run(Thread.java:1589)
</pre></div></td>
<td>15</td>
<td>scripts.SearchPage_T_C@45c7e403</td></tr>
<tr>
<td title='scripts.SearchPage_T_C.verifyConsole()'><b>verifyConsole</b><br>Test class: scripts.SearchPage_T_C<br>Parameters: https://worksfyi.com</td>
<td><div><pre>org.openqa.selenium.NoSuchElementException: no such element: Unable to locate element: {&quot;method&quot;:&quot;xpath&quot;,&quot;selector&quot;:&quot;//*[text()=&apos;SEARCH&apos; or text()=&apos;FIND JOBS&apos; or text()=&apos;Search&apos;or text()=&apos;Browse Jobs&apos; or text()=&apos;BROWSE JOBS&apos; or @type=&apos;submit&apos; or text()=&apos;More Jobs&apos;]&quot;}
  (Session info: chrome=123.0.6312.106)
For documentation on this error, please visit: https://www.selenium.dev/documentation/webdriver/troubleshooting/errors#no-such-element-exception
Build info: version: &apos;4.15.0&apos;, revision: &apos;1d14b5521b&apos;
System info: os.name: &apos;Windows 10&apos;, os.arch: &apos;amd64&apos;, os.version: &apos;10.0&apos;, java.version: &apos;19.0.2&apos;
Driver info: org.openqa.selenium.remote.RemoteWebDriver
Command: [1c9ea734743312246052af8b844e2b4e, findElement {using=xpath, value=//*[text()=&apos;SEARCH&apos; or text()=&apos;FIND JOBS&apos; or text()=&apos;Search&apos;or text()=&apos;Browse Jobs&apos; or text()=&apos;BROWSE JOBS&apos; or @type=&apos;submit&apos; or text()=&apos;More Jobs&apos;]}]
Capabilities {acceptInsecureCerts: false, browserName: chrome, browserVersion: 123.0.6312.106, chrome: {chromedriverVersion: 122.0.6261.94 (880dbf29479c..., userDataDir: C:\Users\JOBIAK\AppData\Loc...}, fedcm:accounts: true, goog:chromeOptions: {debuggerAddress: localhost:62535}, networkConnectionEnabled: false, pageLoadStrategy: normal, platformName: Windows 10, proxy: Proxy(), se:bidiEnabled: false, se:cdp: ws://192.168.0.7:4444/sessi..., se:cdpVersion: 123.0.6312.106, setWindowRect: true, strictFileInteractability: false, timeouts: {implicit: 0, pageLoad: 300000, script: 30000}, unhandledPromptBehavior: dismiss and notify, webauthn:extension:credBlob: true, webauthn:extension:largeBlob: true, webauthn:extension:minPinLength: true, webauthn:extension:prf: true, webauthn:virtualAuthenticators: true}
Session ID: 1c9ea734743312246052af8b844e2b4e
	at org.openqa.selenium.remote.codec.w3c.W3CHttpResponseCodec.createException(W3CHttpResponseCodec.java:200)
	at org.openqa.selenium.remote.codec.w3c.W3CHttpResponseCodec.decode(W3CHttpResponseCodec.java:133)
	at org.openqa.selenium.remote.codec.w3c.W3CHttpResponseCodec.decode(W3CHttpResponseCodec.java:52)
	at org.openqa.selenium.remote.HttpCommandExecutor.execute(HttpCommandExecutor.java:191)
	at org.openqa.selenium.remote.TracedCommandExecutor.execute(TracedCommandExecutor.java:51)
	at org.openqa.selenium.remote.RemoteWebDriver.execute(RemoteWebDriver.java:607)
	at org.openqa.selenium.remote.ElementLocation$ElementFinder$2.findElement(ElementLocation.java:165)
	at org.openqa.selenium.remote.ElementLocation.findElement(ElementLocation.java:59)
	at org.openqa.selenium.remote.RemoteWebDriver.findElement(RemoteWebDriver.java:364)
	at org.openqa.selenium.remote.RemoteWebDriver.findElement(RemoteWebDriver.java:358)
	at pageElements.AbstractComponents.elementStore(AbstractComponents.java:23)
	at pageElements.HomePageElements.clickOnSearch(HomePageElements.java:64)
	at scripts.SearchPage_T_C.verifyConsole(SearchPage_T_C.java:108)
	at java.base/java.util.concurrent.ThreadPoolExecutor.runWorker(ThreadPoolExecutor.java:1144)
	at java.base/java.util.concurrent.ThreadPoolExecutor$Worker.run(ThreadPoolExecutor.java:642)
	at java.base/java.lang.Thread.run(Thread.java:1589)
... Removed 13 stack frames</pre></div><a href='#' onClick='toggleBox("stack-trace396315716", this, "Click to show all stack frames", "Click to hide stack frames")'>Click to show all stack frames</a>
<div class='stack-trace' id='stack-trace396315716'><pre>org.openqa.selenium.NoSuchElementException: no such element: Unable to locate element: {&quot;method&quot;:&quot;xpath&quot;,&quot;selector&quot;:&quot;//*[text()=&apos;SEARCH&apos; or text()=&apos;FIND JOBS&apos; or text()=&apos;Search&apos;or text()=&apos;Browse Jobs&apos; or text()=&apos;BROWSE JOBS&apos; or @type=&apos;submit&apos; or text()=&apos;More Jobs&apos;]&quot;}
  (Session info: chrome=123.0.6312.106)
For documentation on this error, please visit: https://www.selenium.dev/documentation/webdriver/troubleshooting/errors#no-such-element-exception
Build info: version: &apos;4.15.0&apos;, revision: &apos;1d14b5521b&apos;
System info: os.name: &apos;Windows 10&apos;, os.arch: &apos;amd64&apos;, os.version: &apos;10.0&apos;, java.version: &apos;19.0.2&apos;
Driver info: org.openqa.selenium.remote.RemoteWebDriver
Command: [1c9ea734743312246052af8b844e2b4e, findElement {using=xpath, value=//*[text()=&apos;SEARCH&apos; or text()=&apos;FIND JOBS&apos; or text()=&apos;Search&apos;or text()=&apos;Browse Jobs&apos; or text()=&apos;BROWSE JOBS&apos; or @type=&apos;submit&apos; or text()=&apos;More Jobs&apos;]}]
Capabilities {acceptInsecureCerts: false, browserName: chrome, browserVersion: 123.0.6312.106, chrome: {chromedriverVersion: 122.0.6261.94 (880dbf29479c..., userDataDir: C:\Users\JOBIAK\AppData\Loc...}, fedcm:accounts: true, goog:chromeOptions: {debuggerAddress: localhost:62535}, networkConnectionEnabled: false, pageLoadStrategy: normal, platformName: Windows 10, proxy: Proxy(), se:bidiEnabled: false, se:cdp: ws://192.168.0.7:4444/sessi..., se:cdpVersion: 123.0.6312.106, setWindowRect: true, strictFileInteractability: false, timeouts: {implicit: 0, pageLoad: 300000, script: 30000}, unhandledPromptBehavior: dismiss and notify, webauthn:extension:credBlob: true, webauthn:extension:largeBlob: true, webauthn:extension:minPinLength: true, webauthn:extension:prf: true, webauthn:virtualAuthenticators: true}
Session ID: 1c9ea734743312246052af8b844e2b4e
	at java.base/jdk.internal.reflect.DirectConstructorHandleAccessor.newInstance(DirectConstructorHandleAccessor.java:67)
	at java.base/java.lang.reflect.Constructor.newInstanceWithCaller(Constructor.java:500)
	at java.base/java.lang.reflect.Constructor.newInstance(Constructor.java:484)
	at org.openqa.selenium.remote.codec.w3c.W3CHttpResponseCodec.createException(W3CHttpResponseCodec.java:200)
	at org.openqa.selenium.remote.codec.w3c.W3CHttpResponseCodec.decode(W3CHttpResponseCodec.java:133)
	at org.openqa.selenium.remote.codec.w3c.W3CHttpResponseCodec.decode(W3CHttpResponseCodec.java:52)
	at org.openqa.selenium.remote.HttpCommandExecutor.execute(HttpCommandExecutor.java:191)
	at org.openqa.selenium.remote.TracedCommandExecutor.execute(TracedCommandExecutor.java:51)
	at org.openqa.selenium.remote.RemoteWebDriver.execute(RemoteWebDriver.java:607)
	at org.openqa.selenium.remote.ElementLocation$ElementFinder$2.findElement(ElementLocation.java:165)
	at org.openqa.selenium.remote.ElementLocation.findElement(ElementLocation.java:59)
	at org.openqa.selenium.remote.RemoteWebDriver.findElement(RemoteWebDriver.java:364)
	at org.openqa.selenium.remote.RemoteWebDriver.findElement(RemoteWebDriver.java:358)
	at pageElements.AbstractComponents.elementStore(AbstractComponents.java:23)
	at pageElements.HomePageElements.clickOnSearch(HomePageElements.java:64)
	at scripts.SearchPage_T_C.verifyConsole(SearchPage_T_C.java:108)
	at java.base/jdk.internal.reflect.DirectMethodHandleAccessor.invoke(DirectMethodHandleAccessor.java:104)
	at java.base/java.lang.reflect.Method.invoke(Method.java:578)
	at org.testng.internal.invokers.MethodInvocationHelper.invokeMethod(MethodInvocationHelper.java:139)
	at org.testng.internal.invokers.TestInvoker.invokeMethod(TestInvoker.java:664)
	at org.testng.internal.invokers.TestInvoker.invokeTestMethod(TestInvoker.java:227)
	at org.testng.internal.invokers.MethodRunner.runInSequence(MethodRunner.java:50)
	at org.testng.internal.invokers.TestInvoker$MethodInvocationAgent.invoke(TestInvoker.java:957)
	at org.testng.internal.invokers.TestInvoker.invokeTestMethods(TestInvoker.java:200)
	at org.testng.internal.invokers.TestMethodWorker.invokeTestMethods(TestMethodWorker.java:148)
	at org.testng.internal.invokers.TestMethodWorker.run(TestMethodWorker.java:128)
	at java.base/java.util.concurrent.ThreadPoolExecutor.runWorker(ThreadPoolExecutor.java:1144)
	at java.base/java.util.concurrent.ThreadPoolExecutor$Worker.run(ThreadPoolExecutor.java:642)
	at java.base/java.lang.Thread.run(Thread.java:1589)
</pre></div></td>
<td>13</td>
<td>scripts.SearchPage_T_C@45c7e403</td></tr>
<tr>
<td title='scripts.PrivacyPage_T_C.verifyScrollButton()'><b>verifyScrollButton</b><br>Test class: scripts.PrivacyPage_T_C<br>Parameters: https://worksfyi.com</td>
<td><div><pre>java.lang.AssertionError: The following asserts failed:
	0 expected [true] but found [false]
	at scripts.PrivacyPage_T_C.verifyScrollButton(PrivacyPage_T_C.java:54)
	at java.base/java.util.concurrent.ThreadPoolExecutor.runWorker(ThreadPoolExecutor.java:1144)
	at java.base/java.util.concurrent.ThreadPoolExecutor$Worker.run(ThreadPoolExecutor.java:642)
	at java.base/java.lang.Thread.run(Thread.java:1589)
... Removed 12 stack frames</pre></div><a href='#' onClick='toggleBox("stack-trace366800833", this, "Click to show all stack frames", "Click to hide stack frames")'>Click to show all stack frames</a>
<div class='stack-trace' id='stack-trace366800833'><pre>java.lang.AssertionError: The following asserts failed:
	0 expected [true] but found [false]
	at org.testng.asserts.SoftAssert.assertAll(SoftAssert.java:46)
	at org.testng.asserts.SoftAssert.assertAll(SoftAssert.java:30)
	at scripts.PrivacyPage_T_C.verifyScrollButton(PrivacyPage_T_C.java:54)
	at java.base/jdk.internal.reflect.DirectMethodHandleAccessor.invoke(DirectMethodHandleAccessor.java:104)
	at java.base/java.lang.reflect.Method.invoke(Method.java:578)
	at org.testng.internal.invokers.MethodInvocationHelper.invokeMethod(MethodInvocationHelper.java:139)
	at org.testng.internal.invokers.TestInvoker.invokeMethod(TestInvoker.java:664)
	at org.testng.internal.invokers.TestInvoker.invokeTestMethod(TestInvoker.java:227)
	at org.testng.internal.invokers.MethodRunner.runInSequence(MethodRunner.java:50)
	at org.testng.internal.invokers.TestInvoker$MethodInvocationAgent.invoke(TestInvoker.java:957)
	at org.testng.internal.invokers.TestInvoker.invokeTestMethods(TestInvoker.java:200)
	at org.testng.internal.invokers.TestMethodWorker.invokeTestMethods(TestMethodWorker.java:148)
	at org.testng.internal.invokers.TestMethodWorker.run(TestMethodWorker.java:128)
	at java.base/java.util.concurrent.ThreadPoolExecutor.runWorker(ThreadPoolExecutor.java:1144)
	at java.base/java.util.concurrent.ThreadPoolExecutor$Worker.run(ThreadPoolExecutor.java:642)
	at java.base/java.lang.Thread.run(Thread.java:1589)
</pre></div></td>
<td>8</td>
<td>scripts.PrivacyPage_T_C@710f4dc7</td></tr>
<tr>
<td title='scripts.SearchPage_T_C.verifyTitleRepetition()'><b>verifyTitleRepetition</b><br>Test class: scripts.SearchPage_T_C<br>Parameters: https://worksfyi.com</td>
<td><div><pre>org.openqa.selenium.NoSuchElementException: no such element: Unable to locate element: {&quot;method&quot;:&quot;xpath&quot;,&quot;selector&quot;:&quot;//*[text()=&apos;SEARCH&apos; or text()=&apos;FIND JOBS&apos; or text()=&apos;Search&apos;or text()=&apos;Browse Jobs&apos; or text()=&apos;BROWSE JOBS&apos; or @type=&apos;submit&apos; or text()=&apos;More Jobs&apos;]&quot;}
  (Session info: chrome=123.0.6312.106)
For documentation on this error, please visit: https://www.selenium.dev/documentation/webdriver/troubleshooting/errors#no-such-element-exception
Build info: version: &apos;4.15.0&apos;, revision: &apos;1d14b5521b&apos;
System info: os.name: &apos;Windows 10&apos;, os.arch: &apos;amd64&apos;, os.version: &apos;10.0&apos;, java.version: &apos;19.0.2&apos;
Driver info: org.openqa.selenium.remote.RemoteWebDriver
Command: [63997432cc9ac9125281ddc6d6f7394e, findElement {using=xpath, value=//*[text()=&apos;SEARCH&apos; or text()=&apos;FIND JOBS&apos; or text()=&apos;Search&apos;or text()=&apos;Browse Jobs&apos; or text()=&apos;BROWSE JOBS&apos; or @type=&apos;submit&apos; or text()=&apos;More Jobs&apos;]}]
Capabilities {acceptInsecureCerts: false, browserName: chrome, browserVersion: 123.0.6312.106, chrome: {chromedriverVersion: 122.0.6261.94 (880dbf29479c..., userDataDir: C:\Users\JOBIAK\AppData\Loc...}, fedcm:accounts: true, goog:chromeOptions: {debuggerAddress: localhost:64444}, networkConnectionEnabled: false, pageLoadStrategy: normal, platformName: Windows 10, proxy: Proxy(), se:bidiEnabled: false, se:cdp: ws://192.168.0.7:4444/sessi..., se:cdpVersion: 123.0.6312.106, setWindowRect: true, strictFileInteractability: false, timeouts: {implicit: 0, pageLoad: 300000, script: 30000}, unhandledPromptBehavior: dismiss and notify, webauthn:extension:credBlob: true, webauthn:extension:largeBlob: true, webauthn:extension:minPinLength: true, webauthn:extension:prf: true, webauthn:virtualAuthenticators: true}
Session ID: 63997432cc9ac9125281ddc6d6f7394e
	at org.openqa.selenium.remote.codec.w3c.W3CHttpResponseCodec.createException(W3CHttpResponseCodec.java:200)
	at org.openqa.selenium.remote.codec.w3c.W3CHttpResponseCodec.decode(W3CHttpResponseCodec.java:133)
	at org.openqa.selenium.remote.codec.w3c.W3CHttpResponseCodec.decode(W3CHttpResponseCodec.java:52)
	at org.openqa.selenium.remote.HttpCommandExecutor.execute(HttpCommandExecutor.java:191)
	at org.openqa.selenium.remote.TracedCommandExecutor.execute(TracedCommandExecutor.java:51)
	at org.openqa.selenium.remote.RemoteWebDriver.execute(RemoteWebDriver.java:607)
	at org.openqa.selenium.remote.ElementLocation$ElementFinder$2.findElement(ElementLocation.java:165)
	at org.openqa.selenium.remote.ElementLocation.findElement(ElementLocation.java:59)
	at org.openqa.selenium.remote.RemoteWebDriver.findElement(RemoteWebDriver.java:364)
	at org.openqa.selenium.remote.RemoteWebDriver.findElement(RemoteWebDriver.java:358)
	at pageElements.AbstractComponents.elementStore(AbstractComponents.java:23)
	at pageElements.HomePageElements.clickOnSearch(HomePageElements.java:64)
	at scripts.SearchPage_T_C.verifyTitleRepetition(SearchPage_T_C.java:153)
	at java.base/java.util.concurrent.ThreadPoolExecutor.runWorker(ThreadPoolExecutor.java:1144)
	at java.base/java.util.concurrent.ThreadPoolExecutor$Worker.run(ThreadPoolExecutor.java:642)
	at java.base/java.lang.Thread.run(Thread.java:1589)
... Removed 13 stack frames</pre></div><a href='#' onClick='toggleBox("stack-trace798207308", this, "Click to show all stack frames", "Click to hide stack frames")'>Click to show all stack frames</a>
<div class='stack-trace' id='stack-trace798207308'><pre>org.openqa.selenium.NoSuchElementException: no such element: Unable to locate element: {&quot;method&quot;:&quot;xpath&quot;,&quot;selector&quot;:&quot;//*[text()=&apos;SEARCH&apos; or text()=&apos;FIND JOBS&apos; or text()=&apos;Search&apos;or text()=&apos;Browse Jobs&apos; or text()=&apos;BROWSE JOBS&apos; or @type=&apos;submit&apos; or text()=&apos;More Jobs&apos;]&quot;}
  (Session info: chrome=123.0.6312.106)
For documentation on this error, please visit: https://www.selenium.dev/documentation/webdriver/troubleshooting/errors#no-such-element-exception
Build info: version: &apos;4.15.0&apos;, revision: &apos;1d14b5521b&apos;
System info: os.name: &apos;Windows 10&apos;, os.arch: &apos;amd64&apos;, os.version: &apos;10.0&apos;, java.version: &apos;19.0.2&apos;
Driver info: org.openqa.selenium.remote.RemoteWebDriver
Command: [63997432cc9ac9125281ddc6d6f7394e, findElement {using=xpath, value=//*[text()=&apos;SEARCH&apos; or text()=&apos;FIND JOBS&apos; or text()=&apos;Search&apos;or text()=&apos;Browse Jobs&apos; or text()=&apos;BROWSE JOBS&apos; or @type=&apos;submit&apos; or text()=&apos;More Jobs&apos;]}]
Capabilities {acceptInsecureCerts: false, browserName: chrome, browserVersion: 123.0.6312.106, chrome: {chromedriverVersion: 122.0.6261.94 (880dbf29479c..., userDataDir: C:\Users\JOBIAK\AppData\Loc...}, fedcm:accounts: true, goog:chromeOptions: {debuggerAddress: localhost:64444}, networkConnectionEnabled: false, pageLoadStrategy: normal, platformName: Windows 10, proxy: Proxy(), se:bidiEnabled: false, se:cdp: ws://192.168.0.7:4444/sessi..., se:cdpVersion: 123.0.6312.106, setWindowRect: true, strictFileInteractability: false, timeouts: {implicit: 0, pageLoad: 300000, script: 30000}, unhandledPromptBehavior: dismiss and notify, webauthn:extension:credBlob: true, webauthn:extension:largeBlob: true, webauthn:extension:minPinLength: true, webauthn:extension:prf: true, webauthn:virtualAuthenticators: true}
Session ID: 63997432cc9ac9125281ddc6d6f7394e
	at java.base/jdk.internal.reflect.DirectConstructorHandleAccessor.newInstance(DirectConstructorHandleAccessor.java:67)
	at java.base/java.lang.reflect.Constructor.newInstanceWithCaller(Constructor.java:500)
	at java.base/java.lang.reflect.Constructor.newInstance(Constructor.java:484)
	at org.openqa.selenium.remote.codec.w3c.W3CHttpResponseCodec.createException(W3CHttpResponseCodec.java:200)
	at org.openqa.selenium.remote.codec.w3c.W3CHttpResponseCodec.decode(W3CHttpResponseCodec.java:133)
	at org.openqa.selenium.remote.codec.w3c.W3CHttpResponseCodec.decode(W3CHttpResponseCodec.java:52)
	at org.openqa.selenium.remote.HttpCommandExecutor.execute(HttpCommandExecutor.java:191)
	at org.openqa.selenium.remote.TracedCommandExecutor.execute(TracedCommandExecutor.java:51)
	at org.openqa.selenium.remote.RemoteWebDriver.execute(RemoteWebDriver.java:607)
	at org.openqa.selenium.remote.ElementLocation$ElementFinder$2.findElement(ElementLocation.java:165)
	at org.openqa.selenium.remote.ElementLocation.findElement(ElementLocation.java:59)
	at org.openqa.selenium.remote.RemoteWebDriver.findElement(RemoteWebDriver.java:364)
	at org.openqa.selenium.remote.RemoteWebDriver.findElement(RemoteWebDriver.java:358)
	at pageElements.AbstractComponents.elementStore(AbstractComponents.java:23)
	at pageElements.HomePageElements.clickOnSearch(HomePageElements.java:64)
	at scripts.SearchPage_T_C.verifyTitleRepetition(SearchPage_T_C.java:153)
	at java.base/jdk.internal.reflect.DirectMethodHandleAccessor.invoke(DirectMethodHandleAccessor.java:104)
	at java.base/java.lang.reflect.Method.invoke(Method.java:578)
	at org.testng.internal.invokers.MethodInvocationHelper.invokeMethod(MethodInvocationHelper.java:139)
	at org.testng.internal.invokers.TestInvoker.invokeMethod(TestInvoker.java:664)
	at org.testng.internal.invokers.TestInvoker.invokeTestMethod(TestInvoker.java:227)
	at org.testng.internal.invokers.MethodRunner.runInSequence(MethodRunner.java:50)
	at org.testng.internal.invokers.TestInvoker$MethodInvocationAgent.invoke(TestInvoker.java:957)
	at org.testng.internal.invokers.TestInvoker.invokeTestMethods(TestInvoker.java:200)
	at org.testng.internal.invokers.TestMethodWorker.invokeTestMethods(TestMethodWorker.java:148)
	at org.testng.internal.invokers.TestMethodWorker.run(TestMethodWorker.java:128)
	at java.base/java.util.concurrent.ThreadPoolExecutor.runWorker(ThreadPoolExecutor.java:1144)
	at java.base/java.util.concurrent.ThreadPoolExecutor$Worker.run(ThreadPoolExecutor.java:642)
	at java.base/java.lang.Thread.run(Thread.java:1589)
</pre></div></td>
<td>12</td>
<td>scripts.SearchPage_T_C@45c7e403</td></tr>
<tr>
<td title='scripts.SearchPage_T_C.verifyScrollButton()'><b>verifyScrollButton</b><br>Test class: scripts.SearchPage_T_C<br>Parameters: https://jobsnotion.com</td>
<td><div><pre>java.lang.AssertionError: The following asserts failed:
	992 expected [true] but found [false]
	at scripts.SearchPage_T_C.verifyScrollButton(SearchPage_T_C.java:101)
	at java.base/java.util.concurrent.ThreadPoolExecutor.runWorker(ThreadPoolExecutor.java:1144)
	at java.base/java.util.concurrent.ThreadPoolExecutor$Worker.run(ThreadPoolExecutor.java:642)
	at java.base/java.lang.Thread.run(Thread.java:1589)
... Removed 12 stack frames</pre></div><a href='#' onClick='toggleBox("stack-trace701166507", this, "Click to show all stack frames", "Click to hide stack frames")'>Click to show all stack frames</a>
<div class='stack-trace' id='stack-trace701166507'><pre>java.lang.AssertionError: The following asserts failed:
	992 expected [true] but found [false]
	at org.testng.asserts.SoftAssert.assertAll(SoftAssert.java:46)
	at org.testng.asserts.SoftAssert.assertAll(SoftAssert.java:30)
	at scripts.SearchPage_T_C.verifyScrollButton(SearchPage_T_C.java:101)
	at java.base/jdk.internal.reflect.DirectMethodHandleAccessor.invoke(DirectMethodHandleAccessor.java:104)
	at java.base/java.lang.reflect.Method.invoke(Method.java:578)
	at org.testng.internal.invokers.MethodInvocationHelper.invokeMethod(MethodInvocationHelper.java:139)
	at org.testng.internal.invokers.TestInvoker.invokeMethod(TestInvoker.java:664)
	at org.testng.internal.invokers.TestInvoker.invokeTestMethod(TestInvoker.java:227)
	at org.testng.internal.invokers.MethodRunner.runInSequence(MethodRunner.java:50)
	at org.testng.internal.invokers.TestInvoker$MethodInvocationAgent.invoke(TestInvoker.java:957)
	at org.testng.internal.invokers.TestInvoker.invokeTestMethods(TestInvoker.java:200)
	at org.testng.internal.invokers.TestMethodWorker.invokeTestMethods(TestMethodWorker.java:148)
	at org.testng.internal.invokers.TestMethodWorker.run(TestMethodWorker.java:128)
	at java.base/java.util.concurrent.ThreadPoolExecutor.runWorker(ThreadPoolExecutor.java:1144)
	at java.base/java.util.concurrent.ThreadPoolExecutor$Worker.run(ThreadPoolExecutor.java:642)
	at java.base/java.lang.Thread.run(Thread.java:1589)
</pre></div></td>
<td>6</td>
<td>scripts.SearchPage_T_C@45c7e403</td></tr>
<tr>
<td title='scripts.PrivacyPage_T_C.verifyScrollButton()'><b>verifyScrollButton</b><br>Test class: scripts.PrivacyPage_T_C<br>Parameters: https://jobsnotion.com</td>
<td><div><pre>java.lang.AssertionError: The following asserts failed:
	981 expected [true] but found [false]
	at scripts.PrivacyPage_T_C.verifyScrollButton(PrivacyPage_T_C.java:54)
	at java.base/java.util.concurrent.ThreadPoolExecutor.runWorker(ThreadPoolExecutor.java:1144)
	at java.base/java.util.concurrent.ThreadPoolExecutor$Worker.run(ThreadPoolExecutor.java:642)
	at java.base/java.lang.Thread.run(Thread.java:1589)
... Removed 12 stack frames</pre></div><a href='#' onClick='toggleBox("stack-trace388038018", this, "Click to show all stack frames", "Click to hide stack frames")'>Click to show all stack frames</a>
<div class='stack-trace' id='stack-trace388038018'><pre>java.lang.AssertionError: The following asserts failed:
	981 expected [true] but found [false]
	at org.testng.asserts.SoftAssert.assertAll(SoftAssert.java:46)
	at org.testng.asserts.SoftAssert.assertAll(SoftAssert.java:30)
	at scripts.PrivacyPage_T_C.verifyScrollButton(PrivacyPage_T_C.java:54)
	at java.base/jdk.internal.reflect.DirectMethodHandleAccessor.invoke(DirectMethodHandleAccessor.java:104)
	at java.base/java.lang.reflect.Method.invoke(Method.java:578)
	at org.testng.internal.invokers.MethodInvocationHelper.invokeMethod(MethodInvocationHelper.java:139)
	at org.testng.internal.invokers.TestInvoker.invokeMethod(TestInvoker.java:664)
	at org.testng.internal.invokers.TestInvoker.invokeTestMethod(TestInvoker.java:227)
	at org.testng.internal.invokers.MethodRunner.runInSequence(MethodRunner.java:50)
	at org.testng.internal.invokers.TestInvoker$MethodInvocationAgent.invoke(TestInvoker.java:957)
	at org.testng.internal.invokers.TestInvoker.invokeTestMethods(TestInvoker.java:200)
	at org.testng.internal.invokers.TestMethodWorker.invokeTestMethods(TestMethodWorker.java:148)
	at org.testng.internal.invokers.TestMethodWorker.run(TestMethodWorker.java:128)
	at java.base/java.util.concurrent.ThreadPoolExecutor.runWorker(ThreadPoolExecutor.java:1144)
	at java.base/java.util.concurrent.ThreadPoolExecutor$Worker.run(ThreadPoolExecutor.java:642)
	at java.base/java.lang.Thread.run(Thread.java:1589)
</pre></div></td>
<td>8</td>
<td>scripts.PrivacyPage_T_C@710f4dc7</td></tr>
<tr>
<td title='scripts.SearchPage_T_C.verifySubdomain()'><b>verifySubdomain</b><br>Test class: scripts.SearchPage_T_C<br>Parameters: https://worksfyi.com</td>
<td><div><pre>org.openqa.selenium.NoSuchElementException: no such element: Unable to locate element: {&quot;method&quot;:&quot;xpath&quot;,&quot;selector&quot;:&quot;//*[text()=&apos;SEARCH&apos; or text()=&apos;FIND JOBS&apos; or text()=&apos;Search&apos;or text()=&apos;Browse Jobs&apos; or text()=&apos;BROWSE JOBS&apos; or @type=&apos;submit&apos; or text()=&apos;More Jobs&apos;]&quot;}
  (Session info: chrome=123.0.6312.106)
For documentation on this error, please visit: https://www.selenium.dev/documentation/webdriver/troubleshooting/errors#no-such-element-exception
Build info: version: &apos;4.15.0&apos;, revision: &apos;1d14b5521b&apos;
System info: os.name: &apos;Windows 10&apos;, os.arch: &apos;amd64&apos;, os.version: &apos;10.0&apos;, java.version: &apos;19.0.2&apos;
Driver info: org.openqa.selenium.remote.RemoteWebDriver
Command: [f82747ed8687ce7dea60e6f581a4bd64, findElement {using=xpath, value=//*[text()=&apos;SEARCH&apos; or text()=&apos;FIND JOBS&apos; or text()=&apos;Search&apos;or text()=&apos;Browse Jobs&apos; or text()=&apos;BROWSE JOBS&apos; or @type=&apos;submit&apos; or text()=&apos;More Jobs&apos;]}]
Capabilities {acceptInsecureCerts: false, browserName: chrome, browserVersion: 123.0.6312.106, chrome: {chromedriverVersion: 122.0.6261.94 (880dbf29479c..., userDataDir: C:\Users\JOBIAK\AppData\Loc...}, fedcm:accounts: true, goog:chromeOptions: {debuggerAddress: localhost:64285}, networkConnectionEnabled: false, pageLoadStrategy: normal, platformName: Windows 10, proxy: Proxy(), se:bidiEnabled: false, se:cdp: ws://192.168.0.7:4444/sessi..., se:cdpVersion: 123.0.6312.106, setWindowRect: true, strictFileInteractability: false, timeouts: {implicit: 0, pageLoad: 300000, script: 30000}, unhandledPromptBehavior: dismiss and notify, webauthn:extension:credBlob: true, webauthn:extension:largeBlob: true, webauthn:extension:minPinLength: true, webauthn:extension:prf: true, webauthn:virtualAuthenticators: true}
Session ID: f82747ed8687ce7dea60e6f581a4bd64
	at org.openqa.selenium.remote.codec.w3c.W3CHttpResponseCodec.createException(W3CHttpResponseCodec.java:200)
	at org.openqa.selenium.remote.codec.w3c.W3CHttpResponseCodec.decode(W3CHttpResponseCodec.java:133)
	at org.openqa.selenium.remote.codec.w3c.W3CHttpResponseCodec.decode(W3CHttpResponseCodec.java:52)
	at org.openqa.selenium.remote.HttpCommandExecutor.execute(HttpCommandExecutor.java:191)
	at org.openqa.selenium.remote.TracedCommandExecutor.execute(TracedCommandExecutor.java:51)
	at org.openqa.selenium.remote.RemoteWebDriver.execute(RemoteWebDriver.java:607)
	at org.openqa.selenium.remote.ElementLocation$ElementFinder$2.findElement(ElementLocation.java:165)
	at org.openqa.selenium.remote.ElementLocation.findElement(ElementLocation.java:59)
	at org.openqa.selenium.remote.RemoteWebDriver.findElement(RemoteWebDriver.java:364)
	at org.openqa.selenium.remote.RemoteWebDriver.findElement(RemoteWebDriver.java:358)
	at pageElements.AbstractComponents.elementStore(AbstractComponents.java:23)
	at pageElements.HomePageElements.clickOnSearch(HomePageElements.java:64)
	at scripts.SearchPage_T_C.verifySubdomain(SearchPage_T_C.java:116)
	at java.base/java.util.concurrent.ThreadPoolExecutor.runWorker(ThreadPoolExecutor.java:1144)
	at java.base/java.util.concurrent.ThreadPoolExecutor$Worker.run(ThreadPoolExecutor.java:642)
	at java.base/java.lang.Thread.run(Thread.java:1589)
... Removed 13 stack frames</pre></div><a href='#' onClick='toggleBox("stack-trace448466525", this, "Click to show all stack frames", "Click to hide stack frames")'>Click to show all stack frames</a>
<div class='stack-trace' id='stack-trace448466525'><pre>org.openqa.selenium.NoSuchElementException: no such element: Unable to locate element: {&quot;method&quot;:&quot;xpath&quot;,&quot;selector&quot;:&quot;//*[text()=&apos;SEARCH&apos; or text()=&apos;FIND JOBS&apos; or text()=&apos;Search&apos;or text()=&apos;Browse Jobs&apos; or text()=&apos;BROWSE JOBS&apos; or @type=&apos;submit&apos; or text()=&apos;More Jobs&apos;]&quot;}
  (Session info: chrome=123.0.6312.106)
For documentation on this error, please visit: https://www.selenium.dev/documentation/webdriver/troubleshooting/errors#no-such-element-exception
Build info: version: &apos;4.15.0&apos;, revision: &apos;1d14b5521b&apos;
System info: os.name: &apos;Windows 10&apos;, os.arch: &apos;amd64&apos;, os.version: &apos;10.0&apos;, java.version: &apos;19.0.2&apos;
Driver info: org.openqa.selenium.remote.RemoteWebDriver
Command: [f82747ed8687ce7dea60e6f581a4bd64, findElement {using=xpath, value=//*[text()=&apos;SEARCH&apos; or text()=&apos;FIND JOBS&apos; or text()=&apos;Search&apos;or text()=&apos;Browse Jobs&apos; or text()=&apos;BROWSE JOBS&apos; or @type=&apos;submit&apos; or text()=&apos;More Jobs&apos;]}]
Capabilities {acceptInsecureCerts: false, browserName: chrome, browserVersion: 123.0.6312.106, chrome: {chromedriverVersion: 122.0.6261.94 (880dbf29479c..., userDataDir: C:\Users\JOBIAK\AppData\Loc...}, fedcm:accounts: true, goog:chromeOptions: {debuggerAddress: localhost:64285}, networkConnectionEnabled: false, pageLoadStrategy: normal, platformName: Windows 10, proxy: Proxy(), se:bidiEnabled: false, se:cdp: ws://192.168.0.7:4444/sessi..., se:cdpVersion: 123.0.6312.106, setWindowRect: true, strictFileInteractability: false, timeouts: {implicit: 0, pageLoad: 300000, script: 30000}, unhandledPromptBehavior: dismiss and notify, webauthn:extension:credBlob: true, webauthn:extension:largeBlob: true, webauthn:extension:minPinLength: true, webauthn:extension:prf: true, webauthn:virtualAuthenticators: true}
Session ID: f82747ed8687ce7dea60e6f581a4bd64
	at java.base/jdk.internal.reflect.DirectConstructorHandleAccessor.newInstance(DirectConstructorHandleAccessor.java:67)
	at java.base/java.lang.reflect.Constructor.newInstanceWithCaller(Constructor.java:500)
	at java.base/java.lang.reflect.Constructor.newInstance(Constructor.java:484)
	at org.openqa.selenium.remote.codec.w3c.W3CHttpResponseCodec.createException(W3CHttpResponseCodec.java:200)
	at org.openqa.selenium.remote.codec.w3c.W3CHttpResponseCodec.decode(W3CHttpResponseCodec.java:133)
	at org.openqa.selenium.remote.codec.w3c.W3CHttpResponseCodec.decode(W3CHttpResponseCodec.java:52)
	at org.openqa.selenium.remote.HttpCommandExecutor.execute(HttpCommandExecutor.java:191)
	at org.openqa.selenium.remote.TracedCommandExecutor.execute(TracedCommandExecutor.java:51)
	at org.openqa.selenium.remote.RemoteWebDriver.execute(RemoteWebDriver.java:607)
	at org.openqa.selenium.remote.ElementLocation$ElementFinder$2.findElement(ElementLocation.java:165)
	at org.openqa.selenium.remote.ElementLocation.findElement(ElementLocation.java:59)
	at org.openqa.selenium.remote.RemoteWebDriver.findElement(RemoteWebDriver.java:364)
	at org.openqa.selenium.remote.RemoteWebDriver.findElement(RemoteWebDriver.java:358)
	at pageElements.AbstractComponents.elementStore(AbstractComponents.java:23)
	at pageElements.HomePageElements.clickOnSearch(HomePageElements.java:64)
	at scripts.SearchPage_T_C.verifySubdomain(SearchPage_T_C.java:116)
	at java.base/jdk.internal.reflect.DirectMethodHandleAccessor.invoke(DirectMethodHandleAccessor.java:104)
	at java.base/java.lang.reflect.Method.invoke(Method.java:578)
	at org.testng.internal.invokers.MethodInvocationHelper.invokeMethod(MethodInvocationHelper.java:139)
	at org.testng.internal.invokers.TestInvoker.invokeMethod(TestInvoker.java:664)
	at org.testng.internal.invokers.TestInvoker.invokeTestMethod(TestInvoker.java:227)
	at org.testng.internal.invokers.MethodRunner.runInSequence(MethodRunner.java:50)
	at org.testng.internal.invokers.TestInvoker$MethodInvocationAgent.invoke(TestInvoker.java:957)
	at org.testng.internal.invokers.TestInvoker.invokeTestMethods(TestInvoker.java:200)
	at org.testng.internal.invokers.TestMethodWorker.invokeTestMethods(TestMethodWorker.java:148)
	at org.testng.internal.invokers.TestMethodWorker.run(TestMethodWorker.java:128)
	at java.base/java.util.concurrent.ThreadPoolExecutor.runWorker(ThreadPoolExecutor.java:1144)
	at java.base/java.util.concurrent.ThreadPoolExecutor$Worker.run(ThreadPoolExecutor.java:642)
	at java.base/java.lang.Thread.run(Thread.java:1589)
</pre></div></td>
<td>12</td>
<td>scripts.SearchPage_T_C@45c7e403</td></tr>
<tr>
<td title='scripts.SearchPage_T_C.verifyDescRepetition()'><b>verifyDescRepetition</b><br>Test class: scripts.SearchPage_T_C<br>Parameters: https://worksfyi.com</td>
<td><div><pre>org.openqa.selenium.NoSuchElementException: no such element: Unable to locate element: {&quot;method&quot;:&quot;xpath&quot;,&quot;selector&quot;:&quot;//*[text()=&apos;SEARCH&apos; or text()=&apos;FIND JOBS&apos; or text()=&apos;Search&apos;or text()=&apos;Browse Jobs&apos; or text()=&apos;BROWSE JOBS&apos; or @type=&apos;submit&apos; or text()=&apos;More Jobs&apos;]&quot;}
  (Session info: chrome=123.0.6312.106)
For documentation on this error, please visit: https://www.selenium.dev/documentation/webdriver/troubleshooting/errors#no-such-element-exception
Build info: version: &apos;4.15.0&apos;, revision: &apos;1d14b5521b&apos;
System info: os.name: &apos;Windows 10&apos;, os.arch: &apos;amd64&apos;, os.version: &apos;10.0&apos;, java.version: &apos;19.0.2&apos;
Driver info: org.openqa.selenium.remote.RemoteWebDriver
Command: [03cae504cc0773f772b5caaccf1cebb5, findElement {using=xpath, value=//*[text()=&apos;SEARCH&apos; or text()=&apos;FIND JOBS&apos; or text()=&apos;Search&apos;or text()=&apos;Browse Jobs&apos; or text()=&apos;BROWSE JOBS&apos; or @type=&apos;submit&apos; or text()=&apos;More Jobs&apos;]}]
Capabilities {acceptInsecureCerts: false, browserName: chrome, browserVersion: 123.0.6312.106, chrome: {chromedriverVersion: 122.0.6261.94 (880dbf29479c..., userDataDir: C:\Users\JOBIAK\AppData\Loc...}, fedcm:accounts: true, goog:chromeOptions: {debuggerAddress: localhost:62768}, networkConnectionEnabled: false, pageLoadStrategy: normal, platformName: Windows 10, proxy: Proxy(), se:bidiEnabled: false, se:cdp: ws://192.168.0.7:4444/sessi..., se:cdpVersion: 123.0.6312.106, setWindowRect: true, strictFileInteractability: false, timeouts: {implicit: 0, pageLoad: 300000, script: 30000}, unhandledPromptBehavior: dismiss and notify, webauthn:extension:credBlob: true, webauthn:extension:largeBlob: true, webauthn:extension:minPinLength: true, webauthn:extension:prf: true, webauthn:virtualAuthenticators: true}
Session ID: 03cae504cc0773f772b5caaccf1cebb5
	at org.openqa.selenium.remote.codec.w3c.W3CHttpResponseCodec.createException(W3CHttpResponseCodec.java:200)
	at org.openqa.selenium.remote.codec.w3c.W3CHttpResponseCodec.decode(W3CHttpResponseCodec.java:133)
	at org.openqa.selenium.remote.codec.w3c.W3CHttpResponseCodec.decode(W3CHttpResponseCodec.java:52)
	at org.openqa.selenium.remote.HttpCommandExecutor.execute(HttpCommandExecutor.java:191)
	at org.openqa.selenium.remote.TracedCommandExecutor.execute(TracedCommandExecutor.java:51)
	at org.openqa.selenium.remote.RemoteWebDriver.execute(RemoteWebDriver.java:607)
	at org.openqa.selenium.remote.ElementLocation$ElementFinder$2.findElement(ElementLocation.java:165)
	at org.openqa.selenium.remote.ElementLocation.findElement(ElementLocation.java:59)
	at org.openqa.selenium.remote.RemoteWebDriver.findElement(RemoteWebDriver.java:364)
	at org.openqa.selenium.remote.RemoteWebDriver.findElement(RemoteWebDriver.java:358)
	at pageElements.AbstractComponents.elementStore(AbstractComponents.java:23)
	at pageElements.HomePageElements.clickOnSearch(HomePageElements.java:64)
	at scripts.SearchPage_T_C.verifyDescRepetition(SearchPage_T_C.java:162)
	at java.base/java.util.concurrent.ThreadPoolExecutor.runWorker(ThreadPoolExecutor.java:1144)
	at java.base/java.util.concurrent.ThreadPoolExecutor$Worker.run(ThreadPoolExecutor.java:642)
	at java.base/java.lang.Thread.run(Thread.java:1589)
... Removed 13 stack frames</pre></div><a href='#' onClick='toggleBox("stack-trace1360185397", this, "Click to show all stack frames", "Click to hide stack frames")'>Click to show all stack frames</a>
<div class='stack-trace' id='stack-trace1360185397'><pre>org.openqa.selenium.NoSuchElementException: no such element: Unable to locate element: {&quot;method&quot;:&quot;xpath&quot;,&quot;selector&quot;:&quot;//*[text()=&apos;SEARCH&apos; or text()=&apos;FIND JOBS&apos; or text()=&apos;Search&apos;or text()=&apos;Browse Jobs&apos; or text()=&apos;BROWSE JOBS&apos; or @type=&apos;submit&apos; or text()=&apos;More Jobs&apos;]&quot;}
  (Session info: chrome=123.0.6312.106)
For documentation on this error, please visit: https://www.selenium.dev/documentation/webdriver/troubleshooting/errors#no-such-element-exception
Build info: version: &apos;4.15.0&apos;, revision: &apos;1d14b5521b&apos;
System info: os.name: &apos;Windows 10&apos;, os.arch: &apos;amd64&apos;, os.version: &apos;10.0&apos;, java.version: &apos;19.0.2&apos;
Driver info: org.openqa.selenium.remote.RemoteWebDriver
Command: [03cae504cc0773f772b5caaccf1cebb5, findElement {using=xpath, value=//*[text()=&apos;SEARCH&apos; or text()=&apos;FIND JOBS&apos; or text()=&apos;Search&apos;or text()=&apos;Browse Jobs&apos; or text()=&apos;BROWSE JOBS&apos; or @type=&apos;submit&apos; or text()=&apos;More Jobs&apos;]}]
Capabilities {acceptInsecureCerts: false, browserName: chrome, browserVersion: 123.0.6312.106, chrome: {chromedriverVersion: 122.0.6261.94 (880dbf29479c..., userDataDir: C:\Users\JOBIAK\AppData\Loc...}, fedcm:accounts: true, goog:chromeOptions: {debuggerAddress: localhost:62768}, networkConnectionEnabled: false, pageLoadStrategy: normal, platformName: Windows 10, proxy: Proxy(), se:bidiEnabled: false, se:cdp: ws://192.168.0.7:4444/sessi..., se:cdpVersion: 123.0.6312.106, setWindowRect: true, strictFileInteractability: false, timeouts: {implicit: 0, pageLoad: 300000, script: 30000}, unhandledPromptBehavior: dismiss and notify, webauthn:extension:credBlob: true, webauthn:extension:largeBlob: true, webauthn:extension:minPinLength: true, webauthn:extension:prf: true, webauthn:virtualAuthenticators: true}
Session ID: 03cae504cc0773f772b5caaccf1cebb5
	at java.base/jdk.internal.reflect.DirectConstructorHandleAccessor.newInstance(DirectConstructorHandleAccessor.java:67)
	at java.base/java.lang.reflect.Constructor.newInstanceWithCaller(Constructor.java:500)
	at java.base/java.lang.reflect.Constructor.newInstance(Constructor.java:484)
	at org.openqa.selenium.remote.codec.w3c.W3CHttpResponseCodec.createException(W3CHttpResponseCodec.java:200)
	at org.openqa.selenium.remote.codec.w3c.W3CHttpResponseCodec.decode(W3CHttpResponseCodec.java:133)
	at org.openqa.selenium.remote.codec.w3c.W3CHttpResponseCodec.decode(W3CHttpResponseCodec.java:52)
	at org.openqa.selenium.remote.HttpCommandExecutor.execute(HttpCommandExecutor.java:191)
	at org.openqa.selenium.remote.TracedCommandExecutor.execute(TracedCommandExecutor.java:51)
	at org.openqa.selenium.remote.RemoteWebDriver.execute(RemoteWebDriver.java:607)
	at org.openqa.selenium.remote.ElementLocation$ElementFinder$2.findElement(ElementLocation.java:165)
	at org.openqa.selenium.remote.ElementLocation.findElement(ElementLocation.java:59)
	at org.openqa.selenium.remote.RemoteWebDriver.findElement(RemoteWebDriver.java:364)
	at org.openqa.selenium.remote.RemoteWebDriver.findElement(RemoteWebDriver.java:358)
	at pageElements.AbstractComponents.elementStore(AbstractComponents.java:23)
	at pageElements.HomePageElements.clickOnSearch(HomePageElements.java:64)
	at scripts.SearchPage_T_C.verifyDescRepetition(SearchPage_T_C.java:162)
	at java.base/jdk.internal.reflect.DirectMethodHandleAccessor.invoke(DirectMethodHandleAccessor.java:104)
	at java.base/java.lang.reflect.Method.invoke(Method.java:578)
	at org.testng.internal.invokers.MethodInvocationHelper.invokeMethod(MethodInvocationHelper.java:139)
	at org.testng.internal.invokers.TestInvoker.invokeMethod(TestInvoker.java:664)
	at org.testng.internal.invokers.TestInvoker.invokeTestMethod(TestInvoker.java:227)
	at org.testng.internal.invokers.MethodRunner.runInSequence(MethodRunner.java:50)
	at org.testng.internal.invokers.TestInvoker$MethodInvocationAgent.invoke(TestInvoker.java:957)
	at org.testng.internal.invokers.TestInvoker.invokeTestMethods(TestInvoker.java:200)
	at org.testng.internal.invokers.TestMethodWorker.invokeTestMethods(TestMethodWorker.java:148)
	at org.testng.internal.invokers.TestMethodWorker.run(TestMethodWorker.java:128)
	at java.base/java.util.concurrent.ThreadPoolExecutor.runWorker(ThreadPoolExecutor.java:1144)
	at java.base/java.util.concurrent.ThreadPoolExecutor$Worker.run(ThreadPoolExecutor.java:642)
	at java.base/java.lang.Thread.run(Thread.java:1589)
</pre></div></td>
<td>14</td>
<td>scripts.SearchPage_T_C@45c7e403</td></tr>
<tr>
<td title='scripts.SearchPage_T_C.validateCompanyFilter()'><b>validateCompanyFilter</b><br>Test class: scripts.SearchPage_T_C<br>Parameters: https://worksfyi.com</td>
<td><div><pre>org.openqa.selenium.NoSuchElementException: no such element: Unable to locate element: {&quot;method&quot;:&quot;xpath&quot;,&quot;selector&quot;:&quot;//*[text()=&apos;SEARCH&apos; or text()=&apos;FIND JOBS&apos; or text()=&apos;Search&apos;or text()=&apos;Browse Jobs&apos; or text()=&apos;BROWSE JOBS&apos; or @type=&apos;submit&apos; or text()=&apos;More Jobs&apos;]&quot;}
  (Session info: chrome=123.0.6312.106)
For documentation on this error, please visit: https://www.selenium.dev/documentation/webdriver/troubleshooting/errors#no-such-element-exception
Build info: version: &apos;4.15.0&apos;, revision: &apos;1d14b5521b&apos;
System info: os.name: &apos;Windows 10&apos;, os.arch: &apos;amd64&apos;, os.version: &apos;10.0&apos;, java.version: &apos;19.0.2&apos;
Driver info: org.openqa.selenium.remote.RemoteWebDriver
Command: [dd409679ebb912cb124a6cad6c3ec842, findElement {using=xpath, value=//*[text()=&apos;SEARCH&apos; or text()=&apos;FIND JOBS&apos; or text()=&apos;Search&apos;or text()=&apos;Browse Jobs&apos; or text()=&apos;BROWSE JOBS&apos; or @type=&apos;submit&apos; or text()=&apos;More Jobs&apos;]}]
Capabilities {acceptInsecureCerts: false, browserName: chrome, browserVersion: 123.0.6312.106, chrome: {chromedriverVersion: 122.0.6261.94 (880dbf29479c..., userDataDir: C:\Users\JOBIAK\AppData\Loc...}, fedcm:accounts: true, goog:chromeOptions: {debuggerAddress: localhost:61602}, networkConnectionEnabled: false, pageLoadStrategy: normal, platformName: Windows 10, proxy: Proxy(), se:bidiEnabled: false, se:cdp: ws://192.168.0.7:4444/sessi..., se:cdpVersion: 123.0.6312.106, setWindowRect: true, strictFileInteractability: false, timeouts: {implicit: 0, pageLoad: 300000, script: 30000}, unhandledPromptBehavior: dismiss and notify, webauthn:extension:credBlob: true, webauthn:extension:largeBlob: true, webauthn:extension:minPinLength: true, webauthn:extension:prf: true, webauthn:virtualAuthenticators: true}
Session ID: dd409679ebb912cb124a6cad6c3ec842
	at org.openqa.selenium.remote.codec.w3c.W3CHttpResponseCodec.createException(W3CHttpResponseCodec.java:200)
	at org.openqa.selenium.remote.codec.w3c.W3CHttpResponseCodec.decode(W3CHttpResponseCodec.java:133)
	at org.openqa.selenium.remote.codec.w3c.W3CHttpResponseCodec.decode(W3CHttpResponseCodec.java:52)
	at org.openqa.selenium.remote.HttpCommandExecutor.execute(HttpCommandExecutor.java:191)
	at org.openqa.selenium.remote.TracedCommandExecutor.execute(TracedCommandExecutor.java:51)
	at org.openqa.selenium.remote.RemoteWebDriver.execute(RemoteWebDriver.java:607)
	at org.openqa.selenium.remote.ElementLocation$ElementFinder$2.findElement(ElementLocation.java:165)
	at org.openqa.selenium.remote.ElementLocation.findElement(ElementLocation.java:59)
	at org.openqa.selenium.remote.RemoteWebDriver.findElement(RemoteWebDriver.java:364)
	at org.openqa.selenium.remote.RemoteWebDriver.findElement(RemoteWebDriver.java:358)
	at pageElements.AbstractComponents.elementStore(AbstractComponents.java:23)
	at pageElements.HomePageElements.clickOnSearch(HomePageElements.java:64)
	at scripts.SearchPage_T_C.validateCompanyFilter(SearchPage_T_C.java:17)
	at java.base/java.util.concurrent.ThreadPoolExecutor.runWorker(ThreadPoolExecutor.java:1144)
	at java.base/java.util.concurrent.ThreadPoolExecutor$Worker.run(ThreadPoolExecutor.java:642)
	at java.base/java.lang.Thread.run(Thread.java:1589)
... Removed 13 stack frames</pre></div><a href='#' onClick='toggleBox("stack-trace713461805", this, "Click to show all stack frames", "Click to hide stack frames")'>Click to show all stack frames</a>
<div class='stack-trace' id='stack-trace713461805'><pre>org.openqa.selenium.NoSuchElementException: no such element: Unable to locate element: {&quot;method&quot;:&quot;xpath&quot;,&quot;selector&quot;:&quot;//*[text()=&apos;SEARCH&apos; or text()=&apos;FIND JOBS&apos; or text()=&apos;Search&apos;or text()=&apos;Browse Jobs&apos; or text()=&apos;BROWSE JOBS&apos; or @type=&apos;submit&apos; or text()=&apos;More Jobs&apos;]&quot;}
  (Session info: chrome=123.0.6312.106)
For documentation on this error, please visit: https://www.selenium.dev/documentation/webdriver/troubleshooting/errors#no-such-element-exception
Build info: version: &apos;4.15.0&apos;, revision: &apos;1d14b5521b&apos;
System info: os.name: &apos;Windows 10&apos;, os.arch: &apos;amd64&apos;, os.version: &apos;10.0&apos;, java.version: &apos;19.0.2&apos;
Driver info: org.openqa.selenium.remote.RemoteWebDriver
Command: [dd409679ebb912cb124a6cad6c3ec842, findElement {using=xpath, value=//*[text()=&apos;SEARCH&apos; or text()=&apos;FIND JOBS&apos; or text()=&apos;Search&apos;or text()=&apos;Browse Jobs&apos; or text()=&apos;BROWSE JOBS&apos; or @type=&apos;submit&apos; or text()=&apos;More Jobs&apos;]}]
Capabilities {acceptInsecureCerts: false, browserName: chrome, browserVersion: 123.0.6312.106, chrome: {chromedriverVersion: 122.0.6261.94 (880dbf29479c..., userDataDir: C:\Users\JOBIAK\AppData\Loc...}, fedcm:accounts: true, goog:chromeOptions: {debuggerAddress: localhost:61602}, networkConnectionEnabled: false, pageLoadStrategy: normal, platformName: Windows 10, proxy: Proxy(), se:bidiEnabled: false, se:cdp: ws://192.168.0.7:4444/sessi..., se:cdpVersion: 123.0.6312.106, setWindowRect: true, strictFileInteractability: false, timeouts: {implicit: 0, pageLoad: 300000, script: 30000}, unhandledPromptBehavior: dismiss and notify, webauthn:extension:credBlob: true, webauthn:extension:largeBlob: true, webauthn:extension:minPinLength: true, webauthn:extension:prf: true, webauthn:virtualAuthenticators: true}
Session ID: dd409679ebb912cb124a6cad6c3ec842
	at java.base/jdk.internal.reflect.DirectConstructorHandleAccessor.newInstance(DirectConstructorHandleAccessor.java:67)
	at java.base/java.lang.reflect.Constructor.newInstanceWithCaller(Constructor.java:500)
	at java.base/java.lang.reflect.Constructor.newInstance(Constructor.java:484)
	at org.openqa.selenium.remote.codec.w3c.W3CHttpResponseCodec.createException(W3CHttpResponseCodec.java:200)
	at org.openqa.selenium.remote.codec.w3c.W3CHttpResponseCodec.decode(W3CHttpResponseCodec.java:133)
	at org.openqa.selenium.remote.codec.w3c.W3CHttpResponseCodec.decode(W3CHttpResponseCodec.java:52)
	at org.openqa.selenium.remote.HttpCommandExecutor.execute(HttpCommandExecutor.java:191)
	at org.openqa.selenium.remote.TracedCommandExecutor.execute(TracedCommandExecutor.java:51)
	at org.openqa.selenium.remote.RemoteWebDriver.execute(RemoteWebDriver.java:607)
	at org.openqa.selenium.remote.ElementLocation$ElementFinder$2.findElement(ElementLocation.java:165)
	at org.openqa.selenium.remote.ElementLocation.findElement(ElementLocation.java:59)
	at org.openqa.selenium.remote.RemoteWebDriver.findElement(RemoteWebDriver.java:364)
	at org.openqa.selenium.remote.RemoteWebDriver.findElement(RemoteWebDriver.java:358)
	at pageElements.AbstractComponents.elementStore(AbstractComponents.java:23)
	at pageElements.HomePageElements.clickOnSearch(HomePageElements.java:64)
	at scripts.SearchPage_T_C.validateCompanyFilter(SearchPage_T_C.java:17)
	at java.base/jdk.internal.reflect.DirectMethodHandleAccessor.invoke(DirectMethodHandleAccessor.java:104)
	at java.base/java.lang.reflect.Method.invoke(Method.java:578)
	at org.testng.internal.invokers.MethodInvocationHelper.invokeMethod(MethodInvocationHelper.java:139)
	at org.testng.internal.invokers.TestInvoker.invokeMethod(TestInvoker.java:664)
	at org.testng.internal.invokers.TestInvoker.invokeTestMethod(TestInvoker.java:227)
	at org.testng.internal.invokers.MethodRunner.runInSequence(MethodRunner.java:50)
	at org.testng.internal.invokers.TestInvoker$MethodInvocationAgent.invoke(TestInvoker.java:957)
	at org.testng.internal.invokers.TestInvoker.invokeTestMethods(TestInvoker.java:200)
	at org.testng.internal.invokers.TestMethodWorker.invokeTestMethods(TestMethodWorker.java:148)
	at org.testng.internal.invokers.TestMethodWorker.run(TestMethodWorker.java:128)
	at java.base/java.util.concurrent.ThreadPoolExecutor.runWorker(ThreadPoolExecutor.java:1144)
	at java.base/java.util.concurrent.ThreadPoolExecutor$Worker.run(ThreadPoolExecutor.java:642)
	at java.base/java.lang.Thread.run(Thread.java:1589)
</pre></div></td>
<td>14</td>
<td>scripts.SearchPage_T_C@45c7e403</td></tr>
<tr>
<td title='scripts.SearchPage_T_C.verifyProtocol()'><b>verifyProtocol</b><br>Test class: scripts.SearchPage_T_C<br>Parameters: https://worksfyi.com</td>
<td><div><pre>org.openqa.selenium.NoSuchElementException: no such element: Unable to locate element: {&quot;method&quot;:&quot;xpath&quot;,&quot;selector&quot;:&quot;//*[text()=&apos;SEARCH&apos; or text()=&apos;FIND JOBS&apos; or text()=&apos;Search&apos;or text()=&apos;Browse Jobs&apos; or text()=&apos;BROWSE JOBS&apos; or @type=&apos;submit&apos; or text()=&apos;More Jobs&apos;]&quot;}
  (Session info: chrome=123.0.6312.106)
For documentation on this error, please visit: https://www.selenium.dev/documentation/webdriver/troubleshooting/errors#no-such-element-exception
Build info: version: &apos;4.15.0&apos;, revision: &apos;1d14b5521b&apos;
System info: os.name: &apos;Windows 10&apos;, os.arch: &apos;amd64&apos;, os.version: &apos;10.0&apos;, java.version: &apos;19.0.2&apos;
Driver info: org.openqa.selenium.remote.RemoteWebDriver
Command: [41334b0969c568da273c4198d04819dc, findElement {using=xpath, value=//*[text()=&apos;SEARCH&apos; or text()=&apos;FIND JOBS&apos; or text()=&apos;Search&apos;or text()=&apos;Browse Jobs&apos; or text()=&apos;BROWSE JOBS&apos; or @type=&apos;submit&apos; or text()=&apos;More Jobs&apos;]}]
Capabilities {acceptInsecureCerts: false, browserName: chrome, browserVersion: 123.0.6312.106, chrome: {chromedriverVersion: 122.0.6261.94 (880dbf29479c..., userDataDir: C:\Users\JOBIAK\AppData\Loc...}, fedcm:accounts: true, goog:chromeOptions: {debuggerAddress: localhost:63882}, networkConnectionEnabled: false, pageLoadStrategy: normal, platformName: Windows 10, proxy: Proxy(), se:bidiEnabled: false, se:cdp: ws://192.168.0.7:4444/sessi..., se:cdpVersion: 123.0.6312.106, setWindowRect: true, strictFileInteractability: false, timeouts: {implicit: 0, pageLoad: 300000, script: 30000}, unhandledPromptBehavior: dismiss and notify, webauthn:extension:credBlob: true, webauthn:extension:largeBlob: true, webauthn:extension:minPinLength: true, webauthn:extension:prf: true, webauthn:virtualAuthenticators: true}
Session ID: 41334b0969c568da273c4198d04819dc
	at org.openqa.selenium.remote.codec.w3c.W3CHttpResponseCodec.createException(W3CHttpResponseCodec.java:200)
	at org.openqa.selenium.remote.codec.w3c.W3CHttpResponseCodec.decode(W3CHttpResponseCodec.java:133)
	at org.openqa.selenium.remote.codec.w3c.W3CHttpResponseCodec.decode(W3CHttpResponseCodec.java:52)
	at org.openqa.selenium.remote.HttpCommandExecutor.execute(HttpCommandExecutor.java:191)
	at org.openqa.selenium.remote.TracedCommandExecutor.execute(TracedCommandExecutor.java:51)
	at org.openqa.selenium.remote.RemoteWebDriver.execute(RemoteWebDriver.java:607)
	at org.openqa.selenium.remote.ElementLocation$ElementFinder$2.findElement(ElementLocation.java:165)
	at org.openqa.selenium.remote.ElementLocation.findElement(ElementLocation.java:59)
	at org.openqa.selenium.remote.RemoteWebDriver.findElement(RemoteWebDriver.java:364)
	at org.openqa.selenium.remote.RemoteWebDriver.findElement(RemoteWebDriver.java:358)
	at pageElements.AbstractComponents.elementStore(AbstractComponents.java:23)
	at pageElements.HomePageElements.clickOnSearch(HomePageElements.java:64)
	at scripts.SearchPage_T_C.verifyProtocol(SearchPage_T_C.java:81)
	at java.base/java.util.concurrent.ThreadPoolExecutor.runWorker(ThreadPoolExecutor.java:1144)
	at java.base/java.util.concurrent.ThreadPoolExecutor$Worker.run(ThreadPoolExecutor.java:642)
	at java.base/java.lang.Thread.run(Thread.java:1589)
... Removed 13 stack frames</pre></div><a href='#' onClick='toggleBox("stack-trace236879669", this, "Click to show all stack frames", "Click to hide stack frames")'>Click to show all stack frames</a>
<div class='stack-trace' id='stack-trace236879669'><pre>org.openqa.selenium.NoSuchElementException: no such element: Unable to locate element: {&quot;method&quot;:&quot;xpath&quot;,&quot;selector&quot;:&quot;//*[text()=&apos;SEARCH&apos; or text()=&apos;FIND JOBS&apos; or text()=&apos;Search&apos;or text()=&apos;Browse Jobs&apos; or text()=&apos;BROWSE JOBS&apos; or @type=&apos;submit&apos; or text()=&apos;More Jobs&apos;]&quot;}
  (Session info: chrome=123.0.6312.106)
For documentation on this error, please visit: https://www.selenium.dev/documentation/webdriver/troubleshooting/errors#no-such-element-exception
Build info: version: &apos;4.15.0&apos;, revision: &apos;1d14b5521b&apos;
System info: os.name: &apos;Windows 10&apos;, os.arch: &apos;amd64&apos;, os.version: &apos;10.0&apos;, java.version: &apos;19.0.2&apos;
Driver info: org.openqa.selenium.remote.RemoteWebDriver
Command: [41334b0969c568da273c4198d04819dc, findElement {using=xpath, value=//*[text()=&apos;SEARCH&apos; or text()=&apos;FIND JOBS&apos; or text()=&apos;Search&apos;or text()=&apos;Browse Jobs&apos; or text()=&apos;BROWSE JOBS&apos; or @type=&apos;submit&apos; or text()=&apos;More Jobs&apos;]}]
Capabilities {acceptInsecureCerts: false, browserName: chrome, browserVersion: 123.0.6312.106, chrome: {chromedriverVersion: 122.0.6261.94 (880dbf29479c..., userDataDir: C:\Users\JOBIAK\AppData\Loc...}, fedcm:accounts: true, goog:chromeOptions: {debuggerAddress: localhost:63882}, networkConnectionEnabled: false, pageLoadStrategy: normal, platformName: Windows 10, proxy: Proxy(), se:bidiEnabled: false, se:cdp: ws://192.168.0.7:4444/sessi..., se:cdpVersion: 123.0.6312.106, setWindowRect: true, strictFileInteractability: false, timeouts: {implicit: 0, pageLoad: 300000, script: 30000}, unhandledPromptBehavior: dismiss and notify, webauthn:extension:credBlob: true, webauthn:extension:largeBlob: true, webauthn:extension:minPinLength: true, webauthn:extension:prf: true, webauthn:virtualAuthenticators: true}
Session ID: 41334b0969c568da273c4198d04819dc
	at java.base/jdk.internal.reflect.DirectConstructorHandleAccessor.newInstance(DirectConstructorHandleAccessor.java:67)
	at java.base/java.lang.reflect.Constructor.newInstanceWithCaller(Constructor.java:500)
	at java.base/java.lang.reflect.Constructor.newInstance(Constructor.java:484)
	at org.openqa.selenium.remote.codec.w3c.W3CHttpResponseCodec.createException(W3CHttpResponseCodec.java:200)
	at org.openqa.selenium.remote.codec.w3c.W3CHttpResponseCodec.decode(W3CHttpResponseCodec.java:133)
	at org.openqa.selenium.remote.codec.w3c.W3CHttpResponseCodec.decode(W3CHttpResponseCodec.java:52)
	at org.openqa.selenium.remote.HttpCommandExecutor.execute(HttpCommandExecutor.java:191)
	at org.openqa.selenium.remote.TracedCommandExecutor.execute(TracedCommandExecutor.java:51)
	at org.openqa.selenium.remote.RemoteWebDriver.execute(RemoteWebDriver.java:607)
	at org.openqa.selenium.remote.ElementLocation$ElementFinder$2.findElement(ElementLocation.java:165)
	at org.openqa.selenium.remote.ElementLocation.findElement(ElementLocation.java:59)
	at org.openqa.selenium.remote.RemoteWebDriver.findElement(RemoteWebDriver.java:364)
	at org.openqa.selenium.remote.RemoteWebDriver.findElement(RemoteWebDriver.java:358)
	at pageElements.AbstractComponents.elementStore(AbstractComponents.java:23)
	at pageElements.HomePageElements.clickOnSearch(HomePageElements.java:64)
	at scripts.SearchPage_T_C.verifyProtocol(SearchPage_T_C.java:81)
	at java.base/jdk.internal.reflect.DirectMethodHandleAccessor.invoke(DirectMethodHandleAccessor.java:104)
	at java.base/java.lang.reflect.Method.invoke(Method.java:578)
	at org.testng.internal.invokers.MethodInvocationHelper.invokeMethod(MethodInvocationHelper.java:139)
	at org.testng.internal.invokers.TestInvoker.invokeMethod(TestInvoker.java:664)
	at org.testng.internal.invokers.TestInvoker.invokeTestMethod(TestInvoker.java:227)
	at org.testng.internal.invokers.MethodRunner.runInSequence(MethodRunner.java:50)
	at org.testng.internal.invokers.TestInvoker$MethodInvocationAgent.invoke(TestInvoker.java:957)
	at org.testng.internal.invokers.TestInvoker.invokeTestMethods(TestInvoker.java:200)
	at org.testng.internal.invokers.TestMethodWorker.invokeTestMethods(TestMethodWorker.java:148)
	at org.testng.internal.invokers.TestMethodWorker.run(TestMethodWorker.java:128)
	at java.base/java.util.concurrent.ThreadPoolExecutor.runWorker(ThreadPoolExecutor.java:1144)
	at java.base/java.util.concurrent.ThreadPoolExecutor$Worker.run(ThreadPoolExecutor.java:642)
	at java.base/java.lang.Thread.run(Thread.java:1589)
</pre></div></td>
<td>14</td>
<td>scripts.SearchPage_T_C@45c7e403</td></tr>
<tr>
<td title='scripts.TermsPage_T_C.verifyMetaContent()'><b>verifyMetaContent</b><br>Test class: scripts.TermsPage_T_C<br>Parameters: https://jobsnotion.com</td>
<td><div><pre>java.lang.AssertionError: The following asserts failed:
	Protecting your rights and a positive user experience is our priority. Review our Terms of Service to understand the terms of your agreement with us. Protecting your rights and a positive user experience is our priority. Review our Terms &amp; Conditions to understand the terms of your agreement with us. expected [true] but found [false]
	at scripts.TermsPage_T_C.verifyMetaContent(TermsPage_T_C.java:91)
	at java.base/java.util.concurrent.ThreadPoolExecutor.runWorker(ThreadPoolExecutor.java:1144)
	at java.base/java.util.concurrent.ThreadPoolExecutor$Worker.run(ThreadPoolExecutor.java:642)
	at java.base/java.lang.Thread.run(Thread.java:1589)
... Removed 12 stack frames</pre></div><a href='#' onClick='toggleBox("stack-trace1581607848", this, "Click to show all stack frames", "Click to hide stack frames")'>Click to show all stack frames</a>
<div class='stack-trace' id='stack-trace1581607848'><pre>java.lang.AssertionError: The following asserts failed:
	Protecting your rights and a positive user experience is our priority. Review our Terms of Service to understand the terms of your agreement with us. Protecting your rights and a positive user experience is our priority. Review our Terms &amp; Conditions to understand the terms of your agreement with us. expected [true] but found [false]
	at org.testng.asserts.SoftAssert.assertAll(SoftAssert.java:46)
	at org.testng.asserts.SoftAssert.assertAll(SoftAssert.java:30)
	at scripts.TermsPage_T_C.verifyMetaContent(TermsPage_T_C.java:91)
	at java.base/jdk.internal.reflect.DirectMethodHandleAccessor.invoke(DirectMethodHandleAccessor.java:104)
	at java.base/java.lang.reflect.Method.invoke(Method.java:578)
	at org.testng.internal.invokers.MethodInvocationHelper.invokeMethod(MethodInvocationHelper.java:139)
	at org.testng.internal.invokers.TestInvoker.invokeMethod(TestInvoker.java:664)
	at org.testng.internal.invokers.TestInvoker.invokeTestMethod(TestInvoker.java:227)
	at org.testng.internal.invokers.MethodRunner.runInSequence(MethodRunner.java:50)
	at org.testng.internal.invokers.TestInvoker$MethodInvocationAgent.invoke(TestInvoker.java:957)
	at org.testng.internal.invokers.TestInvoker.invokeTestMethods(TestInvoker.java:200)
	at org.testng.internal.invokers.TestMethodWorker.invokeTestMethods(TestMethodWorker.java:148)
	at org.testng.internal.invokers.TestMethodWorker.run(TestMethodWorker.java:128)
	at java.base/java.util.concurrent.ThreadPoolExecutor.runWorker(ThreadPoolExecutor.java:1144)
	at java.base/java.util.concurrent.ThreadPoolExecutor$Worker.run(ThreadPoolExecutor.java:642)
	at java.base/java.lang.Thread.run(Thread.java:1589)
</pre></div></td>
<td>4</td>
<td>scripts.TermsPage_T_C@1ff4931d</td></tr>
<tr>
<td title='scripts.HomePage_T_C.verifyImageFormat()'><b>verifyImageFormat</b><br>Test class: scripts.HomePage_T_C<br>Parameters: https://jobsnotion.com</td>
<td><div><pre>java.lang.AssertionError: The following asserts failed:
	https://jobsnotion.com/design-folder/pictures/company-logos/jn-live-trucking-logo.png expected [true] but found [false],
	https://jobsnotion.com/design-folder/pictures/icons/location.svg expected [true] but found [false],
	https://jobsnotion.com/design-folder/pictures/icons/clock.svg expected [true] but found [false],
	https://jobsnotion.com/design-folder/pictures/company-logos/jn-petsmart-logo.png expected [true] but found [false],
	https://jobsnotion.com/design-folder/pictures/icons/location.svg expected [true] but found [false],
	https://jobsnotion.com/design-folder/pictures/icons/clock.svg expected [true] but found [false],
	https://jobsnotion.com/design-folder/pictures/company-logos/jn-federal-bureau-of-investigation-logo.png expected [true] but found [false],
	https://jobsnotion.com/design-folder/pictures/icons/location.svg expected [true] but found [false],
	https://jobsnotion.com/design-folder/pictures/icons/clock.svg expected [true] but found [false],
	https://jobsnotion.com/design-folder/pictures/company-logos/jn-superprof-logo.png expected [true] but found [false],
	https://jobsnotion.com/design-folder/pictures/icons/location.svg expected [true] but found [false],
	https://jobsnotion.com/design-folder/pictures/icons/clock.svg expected [true] but found [false],
	https://jobsnotion.com/design-folder/pictures/company-logos/jn-autozone-logo.png expected [true] but found [false],
	https://jobsnotion.com/design-folder/pictures/icons/location.svg expected [true] but found [false],
	https://jobsnotion.com/design-folder/pictures/icons/clock.svg expected [true] but found [false]
	at scripts.HomePage_T_C.verifyImageFormat(HomePage_T_C.java:183)
	at java.base/java.util.concurrent.ThreadPoolExecutor.runWorker(ThreadPoolExecutor.java:1144)
	at java.base/java.util.concurrent.ThreadPoolExecutor$Worker.run(ThreadPoolExecutor.java:642)
	at java.base/java.lang.Thread.run(Thread.java:1589)
... Removed 12 stack frames</pre></div><a href='#' onClick='toggleBox("stack-trace66302530", this, "Click to show all stack frames", "Click to hide stack frames")'>Click to show all stack frames</a>
<div class='stack-trace' id='stack-trace66302530'><pre>java.lang.AssertionError: The following asserts failed:
	https://jobsnotion.com/design-folder/pictures/company-logos/jn-live-trucking-logo.png expected [true] but found [false],
	https://jobsnotion.com/design-folder/pictures/icons/location.svg expected [true] but found [false],
	https://jobsnotion.com/design-folder/pictures/icons/clock.svg expected [true] but found [false],
	https://jobsnotion.com/design-folder/pictures/company-logos/jn-petsmart-logo.png expected [true] but found [false],
	https://jobsnotion.com/design-folder/pictures/icons/location.svg expected [true] but found [false],
	https://jobsnotion.com/design-folder/pictures/icons/clock.svg expected [true] but found [false],
	https://jobsnotion.com/design-folder/pictures/company-logos/jn-federal-bureau-of-investigation-logo.png expected [true] but found [false],
	https://jobsnotion.com/design-folder/pictures/icons/location.svg expected [true] but found [false],
	https://jobsnotion.com/design-folder/pictures/icons/clock.svg expected [true] but found [false],
	https://jobsnotion.com/design-folder/pictures/company-logos/jn-superprof-logo.png expected [true] but found [false],
	https://jobsnotion.com/design-folder/pictures/icons/location.svg expected [true] but found [false],
	https://jobsnotion.com/design-folder/pictures/icons/clock.svg expected [true] but found [false],
	https://jobsnotion.com/design-folder/pictures/company-logos/jn-autozone-logo.png expected [true] but found [false],
	https://jobsnotion.com/design-folder/pictures/icons/location.svg expected [true] but found [false],
	https://jobsnotion.com/design-folder/pictures/icons/clock.svg expected [true] but found [false]
	at org.testng.asserts.SoftAssert.assertAll(SoftAssert.java:46)
	at org.testng.asserts.SoftAssert.assertAll(SoftAssert.java:30)
	at scripts.HomePage_T_C.verifyImageFormat(HomePage_T_C.java:183)
	at java.base/jdk.internal.reflect.DirectMethodHandleAccessor.invoke(DirectMethodHandleAccessor.java:104)
	at java.base/java.lang.reflect.Method.invoke(Method.java:578)
	at org.testng.internal.invokers.MethodInvocationHelper.invokeMethod(MethodInvocationHelper.java:139)
	at org.testng.internal.invokers.TestInvoker.invokeMethod(TestInvoker.java:664)
	at org.testng.internal.invokers.TestInvoker.invokeTestMethod(TestInvoker.java:227)
	at org.testng.internal.invokers.MethodRunner.runInSequence(MethodRunner.java:50)
	at org.testng.internal.invokers.TestInvoker$MethodInvocationAgent.invoke(TestInvoker.java:957)
	at org.testng.internal.invokers.TestInvoker.invokeTestMethods(TestInvoker.java:200)
	at org.testng.internal.invokers.TestMethodWorker.invokeTestMethods(TestMethodWorker.java:148)
	at org.testng.internal.invokers.TestMethodWorker.run(TestMethodWorker.java:128)
	at java.base/java.util.concurrent.ThreadPoolExecutor.runWorker(ThreadPoolExecutor.java:1144)
	at java.base/java.util.concurrent.ThreadPoolExecutor$Worker.run(ThreadPoolExecutor.java:642)
	at java.base/java.lang.Thread.run(Thread.java:1589)
</pre></div></td>
<td>5</td>
<td>scripts.HomePage_T_C@7a8c8dcf</td></tr>
<tr>
<td title='scripts.HomePage_T_C.verifyImageFormat()'><b>verifyImageFormat</b><br>Test class: scripts.HomePage_T_C<br>Parameters: https://worksfyi.com</td>
<td><div><pre>java.lang.AssertionError: The following asserts failed:
	https://worksfyi.com/wf-theme/images/company-logos/rnjz-chewy-logo.png expected [true] but found [false],
	https://worksfyi.com/wf-theme/images/company-logos/rnjz-dominos-logo.png expected [true] but found [false],
	https://worksfyi.com/wf-theme/images/company-logos/rnjz-dollar_tree-logo.png expected [true] but found [false],
	https://worksfyi.com/wf-theme/images/company-logos/rnjz-us_postal_service-logo.png expected [true] but found [false],
	https://worksfyi.com/wf-theme/images/company-logos/rnjz-crash_champions-logo.png expected [true] but found [false],
	https://worksfyi.com/wf-theme/images/company-logos/rnjz-petsmart-logo.jpg expected [true] but found [false]
	at scripts.HomePage_T_C.verifyImageFormat(HomePage_T_C.java:183)
	at java.base/java.util.concurrent.ThreadPoolExecutor.runWorker(ThreadPoolExecutor.java:1144)
	at java.base/java.util.concurrent.ThreadPoolExecutor$Worker.run(ThreadPoolExecutor.java:642)
	at java.base/java.lang.Thread.run(Thread.java:1589)
... Removed 12 stack frames</pre></div><a href='#' onClick='toggleBox("stack-trace865009978", this, "Click to show all stack frames", "Click to hide stack frames")'>Click to show all stack frames</a>
<div class='stack-trace' id='stack-trace865009978'><pre>java.lang.AssertionError: The following asserts failed:
	https://worksfyi.com/wf-theme/images/company-logos/rnjz-chewy-logo.png expected [true] but found [false],
	https://worksfyi.com/wf-theme/images/company-logos/rnjz-dominos-logo.png expected [true] but found [false],
	https://worksfyi.com/wf-theme/images/company-logos/rnjz-dollar_tree-logo.png expected [true] but found [false],
	https://worksfyi.com/wf-theme/images/company-logos/rnjz-us_postal_service-logo.png expected [true] but found [false],
	https://worksfyi.com/wf-theme/images/company-logos/rnjz-crash_champions-logo.png expected [true] but found [false],
	https://worksfyi.com/wf-theme/images/company-logos/rnjz-petsmart-logo.jpg expected [true] but found [false]
	at org.testng.asserts.SoftAssert.assertAll(SoftAssert.java:46)
	at org.testng.asserts.SoftAssert.assertAll(SoftAssert.java:30)
	at scripts.HomePage_T_C.verifyImageFormat(HomePage_T_C.java:183)
	at java.base/jdk.internal.reflect.DirectMethodHandleAccessor.invoke(DirectMethodHandleAccessor.java:104)
	at java.base/java.lang.reflect.Method.invoke(Method.java:578)
	at org.testng.internal.invokers.MethodInvocationHelper.invokeMethod(MethodInvocationHelper.java:139)
	at org.testng.internal.invokers.TestInvoker.invokeMethod(TestInvoker.java:664)
	at org.testng.internal.invokers.TestInvoker.invokeTestMethod(TestInvoker.java:227)
	at org.testng.internal.invokers.MethodRunner.runInSequence(MethodRunner.java:50)
	at org.testng.internal.invokers.TestInvoker$MethodInvocationAgent.invoke(TestInvoker.java:957)
	at org.testng.internal.invokers.TestInvoker.invokeTestMethods(TestInvoker.java:200)
	at org.testng.internal.invokers.TestMethodWorker.invokeTestMethods(TestMethodWorker.java:148)
	at org.testng.internal.invokers.TestMethodWorker.run(TestMethodWorker.java:128)
	at java.base/java.util.concurrent.ThreadPoolExecutor.runWorker(ThreadPoolExecutor.java:1144)
	at java.base/java.util.concurrent.ThreadPoolExecutor$Worker.run(ThreadPoolExecutor.java:642)
	at java.base/java.lang.Thread.run(Thread.java:1589)
</pre></div></td>
<td>4</td>
<td>scripts.HomePage_T_C@7a8c8dcf</td></tr>
<tr>
<td title='scripts.SearchPage_T_C.verifyOgUrlRepetition()'><b>verifyOgUrlRepetition</b><br>Test class: scripts.SearchPage_T_C<br>Parameters: https://worksfyi.com</td>
<td><div><pre>org.openqa.selenium.NoSuchElementException: no such element: Unable to locate element: {&quot;method&quot;:&quot;xpath&quot;,&quot;selector&quot;:&quot;//*[text()=&apos;SEARCH&apos; or text()=&apos;FIND JOBS&apos; or text()=&apos;Search&apos;or text()=&apos;Browse Jobs&apos; or text()=&apos;BROWSE JOBS&apos; or @type=&apos;submit&apos; or text()=&apos;More Jobs&apos;]&quot;}
  (Session info: chrome=123.0.6312.106)
For documentation on this error, please visit: https://www.selenium.dev/documentation/webdriver/troubleshooting/errors#no-such-element-exception
Build info: version: &apos;4.15.0&apos;, revision: &apos;1d14b5521b&apos;
System info: os.name: &apos;Windows 10&apos;, os.arch: &apos;amd64&apos;, os.version: &apos;10.0&apos;, java.version: &apos;19.0.2&apos;
Driver info: org.openqa.selenium.remote.RemoteWebDriver
Command: [f0f7dcb6029c1547d7a9fd55b5b85a1e, findElement {using=xpath, value=//*[text()=&apos;SEARCH&apos; or text()=&apos;FIND JOBS&apos; or text()=&apos;Search&apos;or text()=&apos;Browse Jobs&apos; or text()=&apos;BROWSE JOBS&apos; or @type=&apos;submit&apos; or text()=&apos;More Jobs&apos;]}]
Capabilities {acceptInsecureCerts: false, browserName: chrome, browserVersion: 123.0.6312.106, chrome: {chromedriverVersion: 122.0.6261.94 (880dbf29479c..., userDataDir: C:\Users\JOBIAK\AppData\Loc...}, fedcm:accounts: true, goog:chromeOptions: {debuggerAddress: localhost:63663}, networkConnectionEnabled: false, pageLoadStrategy: normal, platformName: Windows 10, proxy: Proxy(), se:bidiEnabled: false, se:cdp: ws://192.168.0.7:4444/sessi..., se:cdpVersion: 123.0.6312.106, setWindowRect: true, strictFileInteractability: false, timeouts: {implicit: 0, pageLoad: 300000, script: 30000}, unhandledPromptBehavior: dismiss and notify, webauthn:extension:credBlob: true, webauthn:extension:largeBlob: true, webauthn:extension:minPinLength: true, webauthn:extension:prf: true, webauthn:virtualAuthenticators: true}
Session ID: f0f7dcb6029c1547d7a9fd55b5b85a1e
	at org.openqa.selenium.remote.codec.w3c.W3CHttpResponseCodec.createException(W3CHttpResponseCodec.java:200)
	at org.openqa.selenium.remote.codec.w3c.W3CHttpResponseCodec.decode(W3CHttpResponseCodec.java:133)
	at org.openqa.selenium.remote.codec.w3c.W3CHttpResponseCodec.decode(W3CHttpResponseCodec.java:52)
	at org.openqa.selenium.remote.HttpCommandExecutor.execute(HttpCommandExecutor.java:191)
	at org.openqa.selenium.remote.TracedCommandExecutor.execute(TracedCommandExecutor.java:51)
	at org.openqa.selenium.remote.RemoteWebDriver.execute(RemoteWebDriver.java:607)
	at org.openqa.selenium.remote.ElementLocation$ElementFinder$2.findElement(ElementLocation.java:165)
	at org.openqa.selenium.remote.ElementLocation.findElement(ElementLocation.java:59)
	at org.openqa.selenium.remote.RemoteWebDriver.findElement(RemoteWebDriver.java:364)
	at org.openqa.selenium.remote.RemoteWebDriver.findElement(RemoteWebDriver.java:358)
	at pageElements.AbstractComponents.elementStore(AbstractComponents.java:23)
	at pageElements.HomePageElements.clickOnSearch(HomePageElements.java:64)
	at scripts.SearchPage_T_C.verifyOgUrlRepetition(SearchPage_T_C.java:171)
	at java.base/java.util.concurrent.ThreadPoolExecutor.runWorker(ThreadPoolExecutor.java:1144)
	at java.base/java.util.concurrent.ThreadPoolExecutor$Worker.run(ThreadPoolExecutor.java:642)
	at java.base/java.lang.Thread.run(Thread.java:1589)
... Removed 13 stack frames</pre></div><a href='#' onClick='toggleBox("stack-trace1716837153", this, "Click to show all stack frames", "Click to hide stack frames")'>Click to show all stack frames</a>
<div class='stack-trace' id='stack-trace1716837153'><pre>org.openqa.selenium.NoSuchElementException: no such element: Unable to locate element: {&quot;method&quot;:&quot;xpath&quot;,&quot;selector&quot;:&quot;//*[text()=&apos;SEARCH&apos; or text()=&apos;FIND JOBS&apos; or text()=&apos;Search&apos;or text()=&apos;Browse Jobs&apos; or text()=&apos;BROWSE JOBS&apos; or @type=&apos;submit&apos; or text()=&apos;More Jobs&apos;]&quot;}
  (Session info: chrome=123.0.6312.106)
For documentation on this error, please visit: https://www.selenium.dev/documentation/webdriver/troubleshooting/errors#no-such-element-exception
Build info: version: &apos;4.15.0&apos;, revision: &apos;1d14b5521b&apos;
System info: os.name: &apos;Windows 10&apos;, os.arch: &apos;amd64&apos;, os.version: &apos;10.0&apos;, java.version: &apos;19.0.2&apos;
Driver info: org.openqa.selenium.remote.RemoteWebDriver
Command: [f0f7dcb6029c1547d7a9fd55b5b85a1e, findElement {using=xpath, value=//*[text()=&apos;SEARCH&apos; or text()=&apos;FIND JOBS&apos; or text()=&apos;Search&apos;or text()=&apos;Browse Jobs&apos; or text()=&apos;BROWSE JOBS&apos; or @type=&apos;submit&apos; or text()=&apos;More Jobs&apos;]}]
Capabilities {acceptInsecureCerts: false, browserName: chrome, browserVersion: 123.0.6312.106, chrome: {chromedriverVersion: 122.0.6261.94 (880dbf29479c..., userDataDir: C:\Users\JOBIAK\AppData\Loc...}, fedcm:accounts: true, goog:chromeOptions: {debuggerAddress: localhost:63663}, networkConnectionEnabled: false, pageLoadStrategy: normal, platformName: Windows 10, proxy: Proxy(), se:bidiEnabled: false, se:cdp: ws://192.168.0.7:4444/sessi..., se:cdpVersion: 123.0.6312.106, setWindowRect: true, strictFileInteractability: false, timeouts: {implicit: 0, pageLoad: 300000, script: 30000}, unhandledPromptBehavior: dismiss and notify, webauthn:extension:credBlob: true, webauthn:extension:largeBlob: true, webauthn:extension:minPinLength: true, webauthn:extension:prf: true, webauthn:virtualAuthenticators: true}
Session ID: f0f7dcb6029c1547d7a9fd55b5b85a1e
	at java.base/jdk.internal.reflect.DirectConstructorHandleAccessor.newInstance(DirectConstructorHandleAccessor.java:67)
	at java.base/java.lang.reflect.Constructor.newInstanceWithCaller(Constructor.java:500)
	at java.base/java.lang.reflect.Constructor.newInstance(Constructor.java:484)
	at org.openqa.selenium.remote.codec.w3c.W3CHttpResponseCodec.createException(W3CHttpResponseCodec.java:200)
	at org.openqa.selenium.remote.codec.w3c.W3CHttpResponseCodec.decode(W3CHttpResponseCodec.java:133)
	at org.openqa.selenium.remote.codec.w3c.W3CHttpResponseCodec.decode(W3CHttpResponseCodec.java:52)
	at org.openqa.selenium.remote.HttpCommandExecutor.execute(HttpCommandExecutor.java:191)
	at org.openqa.selenium.remote.TracedCommandExecutor.execute(TracedCommandExecutor.java:51)
	at org.openqa.selenium.remote.RemoteWebDriver.execute(RemoteWebDriver.java:607)
	at org.openqa.selenium.remote.ElementLocation$ElementFinder$2.findElement(ElementLocation.java:165)
	at org.openqa.selenium.remote.ElementLocation.findElement(ElementLocation.java:59)
	at org.openqa.selenium.remote.RemoteWebDriver.findElement(RemoteWebDriver.java:364)
	at org.openqa.selenium.remote.RemoteWebDriver.findElement(RemoteWebDriver.java:358)
	at pageElements.AbstractComponents.elementStore(AbstractComponents.java:23)
	at pageElements.HomePageElements.clickOnSearch(HomePageElements.java:64)
	at scripts.SearchPage_T_C.verifyOgUrlRepetition(SearchPage_T_C.java:171)
	at java.base/jdk.internal.reflect.DirectMethodHandleAccessor.invoke(DirectMethodHandleAccessor.java:104)
	at java.base/java.lang.reflect.Method.invoke(Method.java:578)
	at org.testng.internal.invokers.MethodInvocationHelper.invokeMethod(MethodInvocationHelper.java:139)
	at org.testng.internal.invokers.TestInvoker.invokeMethod(TestInvoker.java:664)
	at org.testng.internal.invokers.TestInvoker.invokeTestMethod(TestInvoker.java:227)
	at org.testng.internal.invokers.MethodRunner.runInSequence(MethodRunner.java:50)
	at org.testng.internal.invokers.TestInvoker$MethodInvocationAgent.invoke(TestInvoker.java:957)
	at org.testng.internal.invokers.TestInvoker.invokeTestMethods(TestInvoker.java:200)
	at org.testng.internal.invokers.TestMethodWorker.invokeTestMethods(TestMethodWorker.java:148)
	at org.testng.internal.invokers.TestMethodWorker.run(TestMethodWorker.java:128)
	at java.base/java.util.concurrent.ThreadPoolExecutor.runWorker(ThreadPoolExecutor.java:1144)
	at java.base/java.util.concurrent.ThreadPoolExecutor$Worker.run(ThreadPoolExecutor.java:642)
	at java.base/java.lang.Thread.run(Thread.java:1589)
</pre></div></td>
<td>13</td>
<td>scripts.SearchPage_T_C@45c7e403</td></tr>
<tr>
<td title='scripts.ContactPage_T_C.validateErrorMessages()'><b>validateErrorMessages</b><br>Test class: scripts.ContactPage_T_C<br>Parameters: https://jobsnotion.com</td>
<td><div><pre>java.lang.AssertionError: The following asserts failed:
	Phone	 error is not matching expected [true] but found [false]
	at scripts.ContactPage_T_C.validateErrorMessages(ContactPage_T_C.java:34)
	at java.base/java.util.concurrent.ThreadPoolExecutor.runWorker(ThreadPoolExecutor.java:1144)
	at java.base/java.util.concurrent.ThreadPoolExecutor$Worker.run(ThreadPoolExecutor.java:642)
	at java.base/java.lang.Thread.run(Thread.java:1589)
... Removed 12 stack frames</pre></div><a href='#' onClick='toggleBox("stack-trace1215720384", this, "Click to show all stack frames", "Click to hide stack frames")'>Click to show all stack frames</a>
<div class='stack-trace' id='stack-trace1215720384'><pre>java.lang.AssertionError: The following asserts failed:
	Phone	 error is not matching expected [true] but found [false]
	at org.testng.asserts.SoftAssert.assertAll(SoftAssert.java:46)
	at org.testng.asserts.SoftAssert.assertAll(SoftAssert.java:30)
	at scripts.ContactPage_T_C.validateErrorMessages(ContactPage_T_C.java:34)
	at java.base/jdk.internal.reflect.DirectMethodHandleAccessor.invoke(DirectMethodHandleAccessor.java:104)
	at java.base/java.lang.reflect.Method.invoke(Method.java:578)
	at org.testng.internal.invokers.MethodInvocationHelper.invokeMethod(MethodInvocationHelper.java:139)
	at org.testng.internal.invokers.TestInvoker.invokeMethod(TestInvoker.java:664)
	at org.testng.internal.invokers.TestInvoker.invokeTestMethod(TestInvoker.java:227)
	at org.testng.internal.invokers.MethodRunner.runInSequence(MethodRunner.java:50)
	at org.testng.internal.invokers.TestInvoker$MethodInvocationAgent.invoke(TestInvoker.java:957)
	at org.testng.internal.invokers.TestInvoker.invokeTestMethods(TestInvoker.java:200)
	at org.testng.internal.invokers.TestMethodWorker.invokeTestMethods(TestMethodWorker.java:148)
	at org.testng.internal.invokers.TestMethodWorker.run(TestMethodWorker.java:128)
	at java.base/java.util.concurrent.ThreadPoolExecutor.runWorker(ThreadPoolExecutor.java:1144)
	at java.base/java.util.concurrent.ThreadPoolExecutor$Worker.run(ThreadPoolExecutor.java:642)
	at java.base/java.lang.Thread.run(Thread.java:1589)
</pre></div></td>
<td>6</td>
<td>scripts.ContactPage_T_C@2925bf5b</td></tr>
<tr>
<td title='scripts.CookiePage_T_C.verifyScrollButton()'><b>verifyScrollButton</b><br>Test class: scripts.CookiePage_T_C<br>Parameters: https://jobsnotion.com</td>
<td><div><pre>java.lang.AssertionError: The following asserts failed:
	991 expected [true] but found [false]
	at scripts.CookiePage_T_C.verifyScrollButton(CookiePage_T_C.java:54)
	at java.base/java.util.concurrent.ThreadPoolExecutor.runWorker(ThreadPoolExecutor.java:1144)
	at java.base/java.util.concurrent.ThreadPoolExecutor$Worker.run(ThreadPoolExecutor.java:642)
	at java.base/java.lang.Thread.run(Thread.java:1589)
... Removed 12 stack frames</pre></div><a href='#' onClick='toggleBox("stack-trace427591178", this, "Click to show all stack frames", "Click to hide stack frames")'>Click to show all stack frames</a>
<div class='stack-trace' id='stack-trace427591178'><pre>java.lang.AssertionError: The following asserts failed:
	991 expected [true] but found [false]
	at org.testng.asserts.SoftAssert.assertAll(SoftAssert.java:46)
	at org.testng.asserts.SoftAssert.assertAll(SoftAssert.java:30)
	at scripts.CookiePage_T_C.verifyScrollButton(CookiePage_T_C.java:54)
	at java.base/jdk.internal.reflect.DirectMethodHandleAccessor.invoke(DirectMethodHandleAccessor.java:104)
	at java.base/java.lang.reflect.Method.invoke(Method.java:578)
	at org.testng.internal.invokers.MethodInvocationHelper.invokeMethod(MethodInvocationHelper.java:139)
	at org.testng.internal.invokers.TestInvoker.invokeMethod(TestInvoker.java:664)
	at org.testng.internal.invokers.TestInvoker.invokeTestMethod(TestInvoker.java:227)
	at org.testng.internal.invokers.MethodRunner.runInSequence(MethodRunner.java:50)
	at org.testng.internal.invokers.TestInvoker$MethodInvocationAgent.invoke(TestInvoker.java:957)
	at org.testng.internal.invokers.TestInvoker.invokeTestMethods(TestInvoker.java:200)
	at org.testng.internal.invokers.TestMethodWorker.invokeTestMethods(TestMethodWorker.java:148)
	at org.testng.internal.invokers.TestMethodWorker.run(TestMethodWorker.java:128)
	at java.base/java.util.concurrent.ThreadPoolExecutor.runWorker(ThreadPoolExecutor.java:1144)
	at java.base/java.util.concurrent.ThreadPoolExecutor$Worker.run(ThreadPoolExecutor.java:642)
	at java.base/java.lang.Thread.run(Thread.java:1589)
</pre></div></td>
<td>5</td>
<td>scripts.CookiePage_T_C@65e98b1c</td></tr>
<tr>
<td title='scripts.TermsPage_T_C.verifyScrollButton()'><b>verifyScrollButton</b><br>Test class: scripts.TermsPage_T_C<br>Parameters: https://worksfyi.com</td>
<td><div><pre>java.lang.AssertionError: The following asserts failed:
	991 expected [true] but found [false]
	at scripts.TermsPage_T_C.verifyScrollButton(TermsPage_T_C.java:56)
	at java.base/java.util.concurrent.ThreadPoolExecutor.runWorker(ThreadPoolExecutor.java:1144)
	at java.base/java.util.concurrent.ThreadPoolExecutor$Worker.run(ThreadPoolExecutor.java:642)
	at java.base/java.lang.Thread.run(Thread.java:1589)
... Removed 12 stack frames</pre></div><a href='#' onClick='toggleBox("stack-trace1841543284", this, "Click to show all stack frames", "Click to hide stack frames")'>Click to show all stack frames</a>
<div class='stack-trace' id='stack-trace1841543284'><pre>java.lang.AssertionError: The following asserts failed:
	991 expected [true] but found [false]
	at org.testng.asserts.SoftAssert.assertAll(SoftAssert.java:46)
	at org.testng.asserts.SoftAssert.assertAll(SoftAssert.java:30)
	at scripts.TermsPage_T_C.verifyScrollButton(TermsPage_T_C.java:56)
	at java.base/jdk.internal.reflect.DirectMethodHandleAccessor.invoke(DirectMethodHandleAccessor.java:104)
	at java.base/java.lang.reflect.Method.invoke(Method.java:578)
	at org.testng.internal.invokers.MethodInvocationHelper.invokeMethod(MethodInvocationHelper.java:139)
	at org.testng.internal.invokers.TestInvoker.invokeMethod(TestInvoker.java:664)
	at org.testng.internal.invokers.TestInvoker.invokeTestMethod(TestInvoker.java:227)
	at org.testng.internal.invokers.MethodRunner.runInSequence(MethodRunner.java:50)
	at org.testng.internal.invokers.TestInvoker$MethodInvocationAgent.invoke(TestInvoker.java:957)
	at org.testng.internal.invokers.TestInvoker.invokeTestMethods(TestInvoker.java:200)
	at org.testng.internal.invokers.TestMethodWorker.invokeTestMethods(TestMethodWorker.java:148)
	at org.testng.internal.invokers.TestMethodWorker.run(TestMethodWorker.java:128)
	at java.base/java.util.concurrent.ThreadPoolExecutor.runWorker(ThreadPoolExecutor.java:1144)
	at java.base/java.util.concurrent.ThreadPoolExecutor$Worker.run(ThreadPoolExecutor.java:642)
	at java.base/java.lang.Thread.run(Thread.java:1589)
</pre></div></td>
<td>4</td>
<td>scripts.TermsPage_T_C@1ff4931d</td></tr>
<tr>
<td title='scripts.TermsPage_T_C.verifyMetaContent()'><b>verifyMetaContent</b><br>Test class: scripts.TermsPage_T_C<br>Parameters: https://worksfyi.com</td>
<td><div><pre>java.lang.AssertionError: The following asserts failed:
	Our terms of use outline the rules and guidelines for using our platform. Familiarize yourself with our policies to ensure compliance. Our terms and conditions outline the rules and guidelines for using our platform. Familiarize yourself with our policies to ensure compliance. expected [true] but found [false]
	at scripts.TermsPage_T_C.verifyMetaContent(TermsPage_T_C.java:91)
	at java.base/java.util.concurrent.ThreadPoolExecutor.runWorker(ThreadPoolExecutor.java:1144)
	at java.base/java.util.concurrent.ThreadPoolExecutor$Worker.run(ThreadPoolExecutor.java:642)
	at java.base/java.lang.Thread.run(Thread.java:1589)
... Removed 12 stack frames</pre></div><a href='#' onClick='toggleBox("stack-trace1121067688", this, "Click to show all stack frames", "Click to hide stack frames")'>Click to show all stack frames</a>
<div class='stack-trace' id='stack-trace1121067688'><pre>java.lang.AssertionError: The following asserts failed:
	Our terms of use outline the rules and guidelines for using our platform. Familiarize yourself with our policies to ensure compliance. Our terms and conditions outline the rules and guidelines for using our platform. Familiarize yourself with our policies to ensure compliance. expected [true] but found [false]
	at org.testng.asserts.SoftAssert.assertAll(SoftAssert.java:46)
	at org.testng.asserts.SoftAssert.assertAll(SoftAssert.java:30)
	at scripts.TermsPage_T_C.verifyMetaContent(TermsPage_T_C.java:91)
	at java.base/jdk.internal.reflect.DirectMethodHandleAccessor.invoke(DirectMethodHandleAccessor.java:104)
	at java.base/java.lang.reflect.Method.invoke(Method.java:578)
	at org.testng.internal.invokers.MethodInvocationHelper.invokeMethod(MethodInvocationHelper.java:139)
	at org.testng.internal.invokers.TestInvoker.invokeMethod(TestInvoker.java:664)
	at org.testng.internal.invokers.TestInvoker.invokeTestMethod(TestInvoker.java:227)
	at org.testng.internal.invokers.MethodRunner.runInSequence(MethodRunner.java:50)
	at org.testng.internal.invokers.TestInvoker$MethodInvocationAgent.invoke(TestInvoker.java:957)
	at org.testng.internal.invokers.TestInvoker.invokeTestMethods(TestInvoker.java:200)
	at org.testng.internal.invokers.TestMethodWorker.invokeTestMethods(TestMethodWorker.java:148)
	at org.testng.internal.invokers.TestMethodWorker.run(TestMethodWorker.java:128)
	at java.base/java.util.concurrent.ThreadPoolExecutor.runWorker(ThreadPoolExecutor.java:1144)
	at java.base/java.util.concurrent.ThreadPoolExecutor$Worker.run(ThreadPoolExecutor.java:642)
	at java.base/java.lang.Thread.run(Thread.java:1589)
</pre></div></td>
<td>6</td>
<td>scripts.TermsPage_T_C@1ff4931d</td></tr>
<tr>
<td title='scripts.ContactPage_T_C.verifyScrollButton()'><b>verifyScrollButton</b><br>Test class: scripts.ContactPage_T_C<br>Parameters: https://worksfyi.com</td>
<td><div><pre>java.lang.AssertionError: The following asserts failed:
	337 expected [true] but found [false]
	at scripts.ContactPage_T_C.verifyScrollButton(ContactPage_T_C.java:115)
	at java.base/java.util.concurrent.ThreadPoolExecutor.runWorker(ThreadPoolExecutor.java:1144)
	at java.base/java.util.concurrent.ThreadPoolExecutor$Worker.run(ThreadPoolExecutor.java:642)
	at java.base/java.lang.Thread.run(Thread.java:1589)
... Removed 12 stack frames</pre></div><a href='#' onClick='toggleBox("stack-trace1590229300", this, "Click to show all stack frames", "Click to hide stack frames")'>Click to show all stack frames</a>
<div class='stack-trace' id='stack-trace1590229300'><pre>java.lang.AssertionError: The following asserts failed:
	337 expected [true] but found [false]
	at org.testng.asserts.SoftAssert.assertAll(SoftAssert.java:46)
	at org.testng.asserts.SoftAssert.assertAll(SoftAssert.java:30)
	at scripts.ContactPage_T_C.verifyScrollButton(ContactPage_T_C.java:115)
	at java.base/jdk.internal.reflect.DirectMethodHandleAccessor.invoke(DirectMethodHandleAccessor.java:104)
	at java.base/java.lang.reflect.Method.invoke(Method.java:578)
	at org.testng.internal.invokers.MethodInvocationHelper.invokeMethod(MethodInvocationHelper.java:139)
	at org.testng.internal.invokers.TestInvoker.invokeMethod(TestInvoker.java:664)
	at org.testng.internal.invokers.TestInvoker.invokeTestMethod(TestInvoker.java:227)
	at org.testng.internal.invokers.MethodRunner.runInSequence(MethodRunner.java:50)
	at org.testng.internal.invokers.TestInvoker$MethodInvocationAgent.invoke(TestInvoker.java:957)
	at org.testng.internal.invokers.TestInvoker.invokeTestMethods(TestInvoker.java:200)
	at org.testng.internal.invokers.TestMethodWorker.invokeTestMethods(TestMethodWorker.java:148)
	at org.testng.internal.invokers.TestMethodWorker.run(TestMethodWorker.java:128)
	at java.base/java.util.concurrent.ThreadPoolExecutor.runWorker(ThreadPoolExecutor.java:1144)
	at java.base/java.util.concurrent.ThreadPoolExecutor$Worker.run(ThreadPoolExecutor.java:642)
	at java.base/java.lang.Thread.run(Thread.java:1589)
</pre></div></td>
<td>7</td>
<td>scripts.ContactPage_T_C@2925bf5b</td></tr>
<tr>
<td title='scripts.TermsPage_T_C.verifyScrollButton()'><b>verifyScrollButton</b><br>Test class: scripts.TermsPage_T_C<br>Parameters: https://jobsnotion.com</td>
<td><div><pre>java.lang.AssertionError: The following asserts failed:
	924 expected [true] but found [false]
	at scripts.TermsPage_T_C.verifyScrollButton(TermsPage_T_C.java:56)
	at java.base/java.util.concurrent.ThreadPoolExecutor.runWorker(ThreadPoolExecutor.java:1144)
	at java.base/java.util.concurrent.ThreadPoolExecutor$Worker.run(ThreadPoolExecutor.java:642)
	at java.base/java.lang.Thread.run(Thread.java:1589)
... Removed 12 stack frames</pre></div><a href='#' onClick='toggleBox("stack-trace1524241700", this, "Click to show all stack frames", "Click to hide stack frames")'>Click to show all stack frames</a>
<div class='stack-trace' id='stack-trace1524241700'><pre>java.lang.AssertionError: The following asserts failed:
	924 expected [true] but found [false]
	at org.testng.asserts.SoftAssert.assertAll(SoftAssert.java:46)
	at org.testng.asserts.SoftAssert.assertAll(SoftAssert.java:30)
	at scripts.TermsPage_T_C.verifyScrollButton(TermsPage_T_C.java:56)
	at java.base/jdk.internal.reflect.DirectMethodHandleAccessor.invoke(DirectMethodHandleAccessor.java:104)
	at java.base/java.lang.reflect.Method.invoke(Method.java:578)
	at org.testng.internal.invokers.MethodInvocationHelper.invokeMethod(MethodInvocationHelper.java:139)
	at org.testng.internal.invokers.TestInvoker.invokeMethod(TestInvoker.java:664)
	at org.testng.internal.invokers.TestInvoker.invokeTestMethod(TestInvoker.java:227)
	at org.testng.internal.invokers.MethodRunner.runInSequence(MethodRunner.java:50)
	at org.testng.internal.invokers.TestInvoker$MethodInvocationAgent.invoke(TestInvoker.java:957)
	at org.testng.internal.invokers.TestInvoker.invokeTestMethods(TestInvoker.java:200)
	at org.testng.internal.invokers.TestMethodWorker.invokeTestMethods(TestMethodWorker.java:148)
	at org.testng.internal.invokers.TestMethodWorker.run(TestMethodWorker.java:128)
	at java.base/java.util.concurrent.ThreadPoolExecutor.runWorker(ThreadPoolExecutor.java:1144)
	at java.base/java.util.concurrent.ThreadPoolExecutor$Worker.run(ThreadPoolExecutor.java:642)
	at java.base/java.lang.Thread.run(Thread.java:1589)
</pre></div></td>
<td>5</td>
<td>scripts.TermsPage_T_C@1ff4931d</td></tr>
</table><p>
<table width='100%' border='1' class='invocation-passed'>
<tr><td colspan='4' align='center'><b>PASSED TESTS</b></td></tr>
<tr><td><b>Test method</b></td>
<td><b>Attribute(s)</b></td>
<td width="30%"><b>Exception</b></td>
<td width="10%"><b>Time (seconds)</b></td>
<td><b>Instance</b></td>
</tr>
<tr>
<td title='scripts.PrivacyPage_T_C.verifyNetworkStatus()'><b>verifyNetworkStatus</b><br>Test class: scripts.PrivacyPage_T_C<br>Parameters: https://worksfyi.com</td>
<td></td>
<td>6</td>
<td>scripts.PrivacyPage_T_C@710f4dc7</td></tr>
<tr>
<td title='scripts.PrivacyPage_T_C.verifyPageHeading()'><b>verifyPageHeading</b><br>Test class: scripts.PrivacyPage_T_C<br>Parameters: https://jobsnotion.com</td>
<td></td>
<td>7</td>
<td>scripts.PrivacyPage_T_C@710f4dc7</td></tr>
<tr>
<td title='scripts.CookiePage_T_C.verifyStaticContent()'><b>verifyStaticContent</b><br>Test class: scripts.CookiePage_T_C<br>Parameters: https://jobsnotion.com</td>
<td></td>
<td>5</td>
<td>scripts.CookiePage_T_C@65e98b1c</td></tr>
<tr>
<td title='scripts.PrivacyPage_T_C.verifyConsole()'><b>verifyConsole</b><br>Test class: scripts.PrivacyPage_T_C<br>Parameters: https://jobsnotion.com</td>
<td></td>
<td>7</td>
<td>scripts.PrivacyPage_T_C@710f4dc7</td></tr>
<tr>
<td title='scripts.SearchPage_T_C.verifyMetaContent()'><b>verifyMetaContent</b><br>Test class: scripts.SearchPage_T_C<br>Parameters: https://jobsnotion.com</td>
<td></td>
<td>5</td>
<td>scripts.SearchPage_T_C@45c7e403</td></tr>
<tr>
<td title='scripts.HomePage_T_C.verifyDescRepetition()'><b>verifyDescRepetition</b><br>Test class: scripts.HomePage_T_C<br>Parameters: https://jobsnotion.com</td>
<td></td>
<td>6</td>
<td>scripts.HomePage_T_C@7a8c8dcf</td></tr>
<tr>
<td title='scripts.HomePage_T_C.verifySubdomain()'><b>verifySubdomain</b><br>Test class: scripts.HomePage_T_C<br>Parameters: https://worksfyi.com</td>
<td></td>
<td>6</td>
<td>scripts.HomePage_T_C@7a8c8dcf</td></tr>
<tr>
<td title='scripts.TermsPage_T_C.verifyNetworkStatus()'><b>verifyNetworkStatus</b><br>Test class: scripts.TermsPage_T_C<br>Parameters: https://jobsnotion.com</td>
<td></td>
<td>6</td>
<td>scripts.TermsPage_T_C@1ff4931d</td></tr>
<tr>
<td title='scripts.TermsPage_T_C.verifyStaticContent()'><b>verifyStaticContent</b><br>Test class: scripts.TermsPage_T_C<br>Parameters: https://worksfyi.com</td>
<td></td>
<td>3</td>
<td>scripts.TermsPage_T_C@1ff4931d</td></tr>
<tr>
<td title='scripts.HomePage_T_C.verifyDomainViewPort()'><b>verifyDomainViewPort</b><br>Test class: scripts.HomePage_T_C<br>Parameters: https://jobsnotion.com</td>
<td></td>
<td>3</td>
<td>scripts.HomePage_T_C@7a8c8dcf</td></tr>
<tr>
<td title='scripts.HomePage_T_C.verifyFolderNameInPath()'><b>verifyFolderNameInPath</b><br>Test class: scripts.HomePage_T_C<br>Parameters: https://jobsnotion.com</td>
<td></td>
<td>6</td>
<td>scripts.HomePage_T_C@7a8c8dcf</td></tr>
<tr>
<td title='scripts.CookiePage_T_C.verifyMetaContent()'><b>verifyMetaContent</b><br>Test class: scripts.CookiePage_T_C<br>Parameters: https://jobsnotion.com</td>
<td></td>
<td>5</td>
<td>scripts.CookiePage_T_C@65e98b1c</td></tr>
<tr>
<td title='scripts.ContactPage_T_C.verifyConsole()'><b>verifyConsole</b><br>Test class: scripts.ContactPage_T_C<br>Parameters: https://worksfyi.com</td>
<td></td>
<td>5</td>
<td>scripts.ContactPage_T_C@2925bf5b</td></tr>
<tr>
<td title='scripts.HomePage_T_C.verifyFaviconNetwork()'><b>verifyFaviconNetwork</b><br>Test class: scripts.HomePage_T_C<br>Parameters: https://jobsnotion.com</td>
<td></td>
<td>4</td>
<td>scripts.HomePage_T_C@7a8c8dcf</td></tr>
<tr>
<td title='scripts.ContactPage_T_C.verifyTitleRepetition()'><b>verifyTitleRepetition</b><br>Test class: scripts.ContactPage_T_C<br>Parameters: https://worksfyi.com</td>
<td></td>
<td>6</td>
<td>scripts.ContactPage_T_C@2925bf5b</td></tr>
<tr>
<td title='scripts.TermsPage_T_C.verifyProtocol()'><b>verifyProtocol</b><br>Test class: scripts.TermsPage_T_C<br>Parameters: https://worksfyi.com</td>
<td></td>
<td>4</td>
<td>scripts.TermsPage_T_C@1ff4931d</td></tr>
<tr>
<td title='scripts.PrivacyPage_T_C.verifyStaticContent()'><b>verifyStaticContent</b><br>Test class: scripts.PrivacyPage_T_C<br>Parameters: https://jobsnotion.com</td>
<td></td>
<td>7</td>
<td>scripts.PrivacyPage_T_C@710f4dc7</td></tr>
<tr>
<td title='scripts.SearchPage_T_C.verifyProtocol()'><b>verifyProtocol</b><br>Test class: scripts.SearchPage_T_C<br>Parameters: https://jobsnotion.com</td>
<td></td>
<td>6</td>
<td>scripts.SearchPage_T_C@45c7e403</td></tr>
<tr>
<td title='scripts.ContactPage_T_C.clientSideValidation()'><b>clientSideValidation</b><br>Test class: scripts.ContactPage_T_C<br>Parameters: https://worksfyi.com</td>
<td></td>
<td>7</td>
<td>scripts.ContactPage_T_C@2925bf5b</td></tr>
<tr>
<td title='scripts.HomePage_T_C.verifyProtocol()'><b>verifyProtocol</b><br>Test class: scripts.HomePage_T_C<br>Parameters: https://worksfyi.com</td>
<td></td>
<td>3</td>
<td>scripts.HomePage_T_C@7a8c8dcf</td></tr>
<tr>
<td title='scripts.CookiePage_T_C.verifyConsole()'><b>verifyConsole</b><br>Test class: scripts.CookiePage_T_C<br>Parameters: https://jobsnotion.com</td>
<td></td>
<td>4</td>
<td>scripts.CookiePage_T_C@65e98b1c</td></tr>
<tr>
<td title='scripts.PrivacyPage_T_C.verifySubdomain()'><b>verifySubdomain</b><br>Test class: scripts.PrivacyPage_T_C<br>Parameters: https://worksfyi.com</td>
<td></td>
<td>6</td>
<td>scripts.PrivacyPage_T_C@710f4dc7</td></tr>
<tr>
<td title='scripts.TermsPage_T_C.verifySubdomain()'><b>verifySubdomain</b><br>Test class: scripts.TermsPage_T_C<br>Parameters: https://jobsnotion.com</td>
<td></td>
<td>6</td>
<td>scripts.TermsPage_T_C@1ff4931d</td></tr>
<tr>
<td title='scripts.PrivacyPage_T_C.verifyNetworkStatus()'><b>verifyNetworkStatus</b><br>Test class: scripts.PrivacyPage_T_C<br>Parameters: https://jobsnotion.com</td>
<td></td>
<td>6</td>
<td>scripts.PrivacyPage_T_C@710f4dc7</td></tr>
<tr>
<td title='scripts.CookiePage_T_C.verifyConsole()'><b>verifyConsole</b><br>Test class: scripts.CookiePage_T_C<br>Parameters: https://worksfyi.com</td>
<td></td>
<td>7</td>
<td>scripts.CookiePage_T_C@65e98b1c</td></tr>
<tr>
<td title='scripts.HomePage_T_C.verifyDomainPipeline()'><b>verifyDomainPipeline</b><br>Test class: scripts.HomePage_T_C<br>Parameters: https://jobsnotion.com</td>
<td></td>
<td>4</td>
<td>scripts.HomePage_T_C@7a8c8dcf</td></tr>
<tr>
<td title='scripts.PrivacyPage_T_C.verifyHttpInPageSource()'><b>verifyHttpInPageSource</b><br>Test class: scripts.PrivacyPage_T_C<br>Parameters: https://worksfyi.com</td>
<td></td>
<td>5</td>
<td>scripts.PrivacyPage_T_C@710f4dc7</td></tr>
<tr>
<td title='scripts.TermsPage_T_C.verifyStaticContent()'><b>verifyStaticContent</b><br>Test class: scripts.TermsPage_T_C<br>Parameters: https://jobsnotion.com</td>
<td></td>
<td>5</td>
<td>scripts.TermsPage_T_C@1ff4931d</td></tr>
<tr>
<td title='scripts.TermsPage_T_C.verifyHttpInPageSource()'><b>verifyHttpInPageSource</b><br>Test class: scripts.TermsPage_T_C<br>Parameters: https://jobsnotion.com</td>
<td></td>
<td>6</td>
<td>scripts.TermsPage_T_C@1ff4931d</td></tr>
<tr>
<td title='scripts.HomePage_T_C.verifyFaviconNetwork()'><b>verifyFaviconNetwork</b><br>Test class: scripts.HomePage_T_C<br>Parameters: https://worksfyi.com</td>
<td></td>
<td>4</td>
<td>scripts.HomePage_T_C@7a8c8dcf</td></tr>
<tr>
<td title='scripts.CookiePage_T_C.verifyNetworkStatus()'><b>verifyNetworkStatus</b><br>Test class: scripts.CookiePage_T_C<br>Parameters: https://jobsnotion.com</td>
<td></td>
<td>7</td>
<td>scripts.CookiePage_T_C@65e98b1c</td></tr>
<tr>
<td title='scripts.HomePage_T_C.verifyNetworkStatus()'><b>verifyNetworkStatus</b><br>Test class: scripts.HomePage_T_C<br>Parameters: https://worksfyi.com</td>
<td></td>
<td>3</td>
<td>scripts.HomePage_T_C@7a8c8dcf</td></tr>
<tr>
<td title='scripts.TermsPage_T_C.verifyPageHeading()'><b>verifyPageHeading</b><br>Test class: scripts.TermsPage_T_C<br>Parameters: https://worksfyi.com</td>
<td></td>
<td>4</td>
<td>scripts.TermsPage_T_C@1ff4931d</td></tr>
<tr>
<td title='scripts.SearchPage_T_C.verifyApplyButton()'><b>verifyApplyButton</b><br>Test class: scripts.SearchPage_T_C<br>Parameters: https://jobsnotion.com</td>
<td></td>
<td>11</td>
<td>scripts.SearchPage_T_C@45c7e403</td></tr>
<tr>
<td title='scripts.ContactPage_T_C.verifyDescRepetition()'><b>verifyDescRepetition</b><br>Test class: scripts.ContactPage_T_C<br>Parameters: https://jobsnotion.com</td>
<td></td>
<td>4</td>
<td>scripts.ContactPage_T_C@2925bf5b</td></tr>
<tr>
<td title='scripts.SearchPage_T_C.verifySubdomain()'><b>verifySubdomain</b><br>Test class: scripts.SearchPage_T_C<br>Parameters: https://jobsnotion.com</td>
<td></td>
<td>10</td>
<td>scripts.SearchPage_T_C@45c7e403</td></tr>
<tr>
<td title='scripts.PrivacyPage_T_C.verifyTitleRepetition()'><b>verifyTitleRepetition</b><br>Test class: scripts.PrivacyPage_T_C<br>Parameters: https://jobsnotion.com</td>
<td></td>
<td>6</td>
<td>scripts.PrivacyPage_T_C@710f4dc7</td></tr>
<tr>
<td title='scripts.TermsPage_T_C.verifyHttpInPageSource()'><b>verifyHttpInPageSource</b><br>Test class: scripts.TermsPage_T_C<br>Parameters: https://worksfyi.com</td>
<td></td>
<td>6</td>
<td>scripts.TermsPage_T_C@1ff4931d</td></tr>
<tr>
<td title='scripts.HomePage_T_C.verifyScrollButton()'><b>verifyScrollButton</b><br>Test class: scripts.HomePage_T_C<br>Parameters: https://worksfyi.com</td>
<td></td>
<td>8</td>
<td>scripts.HomePage_T_C@7a8c8dcf</td></tr>
<tr>
<td title='scripts.TermsPage_T_C.verifyOgUrlRepetition()'><b>verifyOgUrlRepetition</b><br>Test class: scripts.TermsPage_T_C<br>Parameters: https://jobsnotion.com</td>
<td></td>
<td>5</td>
<td>scripts.TermsPage_T_C@1ff4931d</td></tr>
<tr>
<td title='scripts.ContactPage_T_C.verifyNetworkStatus()'><b>verifyNetworkStatus</b><br>Test class: scripts.ContactPage_T_C<br>Parameters: https://jobsnotion.com</td>
<td></td>
<td>5</td>
<td>scripts.ContactPage_T_C@2925bf5b</td></tr>
<tr>
<td title='scripts.TermsPage_T_C.verifyDescRepetition()'><b>verifyDescRepetition</b><br>Test class: scripts.TermsPage_T_C<br>Parameters: https://worksfyi.com</td>
<td></td>
<td>5</td>
<td>scripts.TermsPage_T_C@1ff4931d</td></tr>
<tr>
<td title='scripts.ContactPage_T_C.verifyHttpInPageSource()'><b>verifyHttpInPageSource</b><br>Test class: scripts.ContactPage_T_C<br>Parameters: https://jobsnotion.com</td>
<td></td>
<td>5</td>
<td>scripts.ContactPage_T_C@2925bf5b</td></tr>
<tr>
<td title='scripts.SearchPage_T_C.verifyDescRepetition()'><b>verifyDescRepetition</b><br>Test class: scripts.SearchPage_T_C<br>Parameters: https://jobsnotion.com</td>
<td></td>
<td>8</td>
<td>scripts.SearchPage_T_C@45c7e403</td></tr>
<tr>
<td title='scripts.ContactPage_T_C.verifyMailId()'><b>verifyMailId</b><br>Test class: scripts.ContactPage_T_C<br>Parameters: https://jobsnotion.com</td>
<td></td>
<td>5</td>
<td>scripts.ContactPage_T_C@2925bf5b</td></tr>
<tr>
<td title='scripts.ContactPage_T_C.verifyNetworkStatus()'><b>verifyNetworkStatus</b><br>Test class: scripts.ContactPage_T_C<br>Parameters: https://worksfyi.com</td>
<td></td>
<td>7</td>
<td>scripts.ContactPage_T_C@2925bf5b</td></tr>
<tr>
<td title='scripts.CookiePage_T_C.verifyTitleRepetition()'><b>verifyTitleRepetition</b><br>Test class: scripts.CookiePage_T_C<br>Parameters: https://worksfyi.com</td>
<td></td>
<td>5</td>
<td>scripts.CookiePage_T_C@65e98b1c</td></tr>
<tr>
<td title='scripts.PrivacyPage_T_C.verifyDescRepetition()'><b>verifyDescRepetition</b><br>Test class: scripts.PrivacyPage_T_C<br>Parameters: https://worksfyi.com</td>
<td></td>
<td>6</td>
<td>scripts.PrivacyPage_T_C@710f4dc7</td></tr>
<tr>
<td title='scripts.ContactPage_T_C.clientSideValidation()'><b>clientSideValidation</b><br>Test class: scripts.ContactPage_T_C<br>Parameters: https://jobsnotion.com</td>
<td></td>
<td>14</td>
<td>scripts.ContactPage_T_C@2925bf5b</td></tr>
<tr>
<td title='scripts.CookiePage_T_C.verifyHttpInPageSource()'><b>verifyHttpInPageSource</b><br>Test class: scripts.CookiePage_T_C<br>Parameters: https://worksfyi.com</td>
<td></td>
<td>6</td>
<td>scripts.CookiePage_T_C@65e98b1c</td></tr>
<tr>
<td title='scripts.HomePage_T_C.verifyScrollButton()'><b>verifyScrollButton</b><br>Test class: scripts.HomePage_T_C<br>Parameters: https://jobsnotion.com</td>
<td></td>
<td>7</td>
<td>scripts.HomePage_T_C@7a8c8dcf</td></tr>
<tr>
<td title='scripts.SearchPage_T_C.verifyOgUrlRepetition()'><b>verifyOgUrlRepetition</b><br>Test class: scripts.SearchPage_T_C<br>Parameters: https://jobsnotion.com</td>
<td></td>
<td>8</td>
<td>scripts.SearchPage_T_C@45c7e403</td></tr>
<tr>
<td title='scripts.ContactPage_T_C.serverSideValidationWithValidDetails()'><b>serverSideValidationWithValidDetails</b><br>Test class: scripts.ContactPage_T_C<br>Parameters: https://jobsnotion.com</td>
<td></td>
<td>10</td>
<td>scripts.ContactPage_T_C@2925bf5b</td></tr>
<tr>
<td title='scripts.TermsPage_T_C.verifyTitleRepetition()'><b>verifyTitleRepetition</b><br>Test class: scripts.TermsPage_T_C<br>Parameters: https://jobsnotion.com</td>
<td></td>
<td>5</td>
<td>scripts.TermsPage_T_C@1ff4931d</td></tr>
<tr>
<td title='scripts.PrivacyPage_T_C.verifyHttpInPageSource()'><b>verifyHttpInPageSource</b><br>Test class: scripts.PrivacyPage_T_C<br>Parameters: https://jobsnotion.com</td>
<td></td>
<td>6</td>
<td>scripts.PrivacyPage_T_C@710f4dc7</td></tr>
<tr>
<td title='scripts.CookiePage_T_C.verifyNetworkStatus()'><b>verifyNetworkStatus</b><br>Test class: scripts.CookiePage_T_C<br>Parameters: https://worksfyi.com</td>
<td></td>
<td>7</td>
<td>scripts.CookiePage_T_C@65e98b1c</td></tr>
<tr>
<td title='scripts.ContactPage_T_C.verifyConsole()'><b>verifyConsole</b><br>Test class: scripts.ContactPage_T_C<br>Parameters: https://jobsnotion.com</td>
<td></td>
<td>3</td>
<td>scripts.ContactPage_T_C@2925bf5b</td></tr>
<tr>
<td title='scripts.SearchPage_T_C.verifyTitleRepetition()'><b>verifyTitleRepetition</b><br>Test class: scripts.SearchPage_T_C<br>Parameters: https://jobsnotion.com</td>
<td></td>
<td>6</td>
<td>scripts.SearchPage_T_C@45c7e403</td></tr>
<tr>
<td title='scripts.CookiePage_T_C.verifyMetaContent()'><b>verifyMetaContent</b><br>Test class: scripts.CookiePage_T_C<br>Parameters: https://worksfyi.com</td>
<td></td>
<td>6</td>
<td>scripts.CookiePage_T_C@65e98b1c</td></tr>
<tr>
<td title='scripts.HomePage_T_C.verifyDomainViewPort()'><b>verifyDomainViewPort</b><br>Test class: scripts.HomePage_T_C<br>Parameters: https://worksfyi.com</td>
<td></td>
<td>1</td>
<td>scripts.HomePage_T_C@7a8c8dcf</td></tr>
<tr>
<td title='scripts.HomePage_T_C.verifyConsole()'><b>verifyConsole</b><br>Test class: scripts.HomePage_T_C<br>Parameters: https://jobsnotion.com</td>
<td></td>
<td>2</td>
<td>scripts.HomePage_T_C@7a8c8dcf</td></tr>
<tr>
<td title='scripts.HomePage_T_C.verifyMetaContent()'><b>verifyMetaContent</b><br>Test class: scripts.HomePage_T_C<br>Parameters: https://jobsnotion.com</td>
<td></td>
<td>3</td>
<td>scripts.HomePage_T_C@7a8c8dcf</td></tr>
<tr>
<td title='scripts.CookiePage_T_C.verifySubdomain()'><b>verifySubdomain</b><br>Test class: scripts.CookiePage_T_C<br>Parameters: https://worksfyi.com</td>
<td></td>
<td>8</td>
<td>scripts.CookiePage_T_C@65e98b1c</td></tr>
<tr>
<td title='scripts.SearchPage_T_C.validateMinimumJobCount()'><b>validateMinimumJobCount</b><br>Test class: scripts.SearchPage_T_C<br>Parameters: https://jobsnotion.com</td>
<td></td>
<td>7</td>
<td>scripts.SearchPage_T_C@45c7e403</td></tr>
<tr>
<td title='scripts.HomePage_T_C.verifyNetworkStatus()'><b>verifyNetworkStatus</b><br>Test class: scripts.HomePage_T_C<br>Parameters: https://jobsnotion.com</td>
<td></td>
<td>5</td>
<td>scripts.HomePage_T_C@7a8c8dcf</td></tr>
<tr>
<td title='scripts.HomePage_T_C.verifyDomainPipeline()'><b>verifyDomainPipeline</b><br>Test class: scripts.HomePage_T_C<br>Parameters: https://worksfyi.com</td>
<td></td>
<td>3</td>
<td>scripts.HomePage_T_C@7a8c8dcf</td></tr>
<tr>
<td title='scripts.HomePage_T_C.verifyOgImageNetwork()'><b>verifyOgImageNetwork</b><br>Test class: scripts.HomePage_T_C<br>Parameters: https://worksfyi.com</td>
<td></td>
<td>5</td>
<td>scripts.HomePage_T_C@7a8c8dcf</td></tr>
<tr>
<td title='scripts.PrivacyPage_T_C.verifyTitleRepetition()'><b>verifyTitleRepetition</b><br>Test class: scripts.PrivacyPage_T_C<br>Parameters: https://worksfyi.com</td>
<td></td>
<td>4</td>
<td>scripts.PrivacyPage_T_C@710f4dc7</td></tr>
<tr>
<td title='scripts.CookiePage_T_C.verifyHttpInPageSource()'><b>verifyHttpInPageSource</b><br>Test class: scripts.CookiePage_T_C<br>Parameters: https://jobsnotion.com</td>
<td></td>
<td>5</td>
<td>scripts.CookiePage_T_C@65e98b1c</td></tr>
<tr>
<td title='scripts.PrivacyPage_T_C.verifyOgUrlRepetition()'><b>verifyOgUrlRepetition</b><br>Test class: scripts.PrivacyPage_T_C<br>Parameters: https://jobsnotion.com</td>
<td></td>
<td>5</td>
<td>scripts.PrivacyPage_T_C@710f4dc7</td></tr>
<tr>
<td title='scripts.ContactPage_T_C.verifySubdomain()'><b>verifySubdomain</b><br>Test class: scripts.ContactPage_T_C<br>Parameters: https://worksfyi.com</td>
<td></td>
<td>9</td>
<td>scripts.ContactPage_T_C@2925bf5b</td></tr>
<tr>
<td title='scripts.CookiePage_T_C.verifyProtocol()'><b>verifyProtocol</b><br>Test class: scripts.CookiePage_T_C<br>Parameters: https://jobsnotion.com</td>
<td></td>
<td>4</td>
<td>scripts.CookiePage_T_C@65e98b1c</td></tr>
<tr>
<td title='scripts.ContactPage_T_C.serverSideValidationWithValidDetails()'><b>serverSideValidationWithValidDetails</b><br>Test class: scripts.ContactPage_T_C<br>Parameters: https://worksfyi.com</td>
<td></td>
<td>12</td>
<td>scripts.ContactPage_T_C@2925bf5b</td></tr>
<tr>
<td title='scripts.ContactPage_T_C.verifyDescRepetition()'><b>verifyDescRepetition</b><br>Test class: scripts.ContactPage_T_C<br>Parameters: https://worksfyi.com</td>
<td></td>
<td>4</td>
<td>scripts.ContactPage_T_C@2925bf5b</td></tr>
<tr>
<td title='scripts.TermsPage_T_C.verifyConsole()'><b>verifyConsole</b><br>Test class: scripts.TermsPage_T_C<br>Parameters: https://worksfyi.com</td>
<td></td>
<td>5</td>
<td>scripts.TermsPage_T_C@1ff4931d</td></tr>
<tr>
<td title='scripts.PrivacyPage_T_C.verifyStaticContent()'><b>verifyStaticContent</b><br>Test class: scripts.PrivacyPage_T_C<br>Parameters: https://worksfyi.com</td>
<td></td>
<td>7</td>
<td>scripts.PrivacyPage_T_C@710f4dc7</td></tr>
<tr>
<td title='scripts.SearchPage_T_C.validateCompanyFilter()'><b>validateCompanyFilter</b><br>Test class: scripts.SearchPage_T_C<br>Parameters: https://jobsnotion.com</td>
<td></td>
<td>16</td>
<td>scripts.SearchPage_T_C@45c7e403</td></tr>
<tr>
<td title='scripts.CookiePage_T_C.verifyOgUrlRepetition()'><b>verifyOgUrlRepetition</b><br>Test class: scripts.CookiePage_T_C<br>Parameters: https://jobsnotion.com</td>
<td></td>
<td>5</td>
<td>scripts.CookiePage_T_C@65e98b1c</td></tr>
<tr>
<td title='scripts.ContactPage_T_C.verifyMetaContent()'><b>verifyMetaContent</b><br>Test class: scripts.ContactPage_T_C<br>Parameters: https://worksfyi.com</td>
<td></td>
<td>5</td>
<td>scripts.ContactPage_T_C@2925bf5b</td></tr>
<tr>
<td title='scripts.ContactPage_T_C.verifyProtocol()'><b>verifyProtocol</b><br>Test class: scripts.ContactPage_T_C<br>Parameters: https://worksfyi.com</td>
<td></td>
<td>6</td>
<td>scripts.ContactPage_T_C@2925bf5b</td></tr>
<tr>
<td title='scripts.HomePage_T_C.verifyOgSiteName()'><b>verifyOgSiteName</b><br>Test class: scripts.HomePage_T_C<br>Parameters: https://worksfyi.com</td>
<td></td>
<td>7</td>
<td>scripts.HomePage_T_C@7a8c8dcf</td></tr>
<tr>
<td title='scripts.ContactPage_T_C.validateErrorMessages()'><b>validateErrorMessages</b><br>Test class: scripts.ContactPage_T_C<br>Parameters: https://worksfyi.com</td>
<td></td>
<td>5</td>
<td>scripts.ContactPage_T_C@2925bf5b</td></tr>
<tr>
<td title='scripts.CookiePage_T_C.verifySubdomain()'><b>verifySubdomain</b><br>Test class: scripts.CookiePage_T_C<br>Parameters: https://jobsnotion.com</td>
<td></td>
<td>6</td>
<td>scripts.CookiePage_T_C@65e98b1c</td></tr>
<tr>
<td title='scripts.HomePage_T_C.verifyMetaContent()'><b>verifyMetaContent</b><br>Test class: scripts.HomePage_T_C<br>Parameters: https://worksfyi.com</td>
<td></td>
<td>3</td>
<td>scripts.HomePage_T_C@7a8c8dcf</td></tr>
<tr>
<td title='scripts.ContactPage_T_C.verifyOgUrlRepetition()'><b>verifyOgUrlRepetition</b><br>Test class: scripts.ContactPage_T_C<br>Parameters: https://jobsnotion.com</td>
<td></td>
<td>5</td>
<td>scripts.ContactPage_T_C@2925bf5b</td></tr>
<tr>
<td title='scripts.TermsPage_T_C.verifyTitleRepetition()'><b>verifyTitleRepetition</b><br>Test class: scripts.TermsPage_T_C<br>Parameters: https://worksfyi.com</td>
<td></td>
<td>5</td>
<td>scripts.TermsPage_T_C@1ff4931d</td></tr>
<tr>
<td title='scripts.ContactPage_T_C.verifyTitleRepetition()'><b>verifyTitleRepetition</b><br>Test class: scripts.ContactPage_T_C<br>Parameters: https://jobsnotion.com</td>
<td></td>
<td>6</td>
<td>scripts.ContactPage_T_C@2925bf5b</td></tr>
<tr>
<td title='scripts.HomePage_T_C.verifyProtocol()'><b>verifyProtocol</b><br>Test class: scripts.HomePage_T_C<br>Parameters: https://jobsnotion.com</td>
<td></td>
<td>3</td>
<td>scripts.HomePage_T_C@7a8c8dcf</td></tr>
<tr>
<td title='scripts.CookiePage_T_C.verifyPageHeading()'><b>verifyPageHeading</b><br>Test class: scripts.CookiePage_T_C<br>Parameters: https://jobsnotion.com</td>
<td></td>
<td>5</td>
<td>scripts.CookiePage_T_C@65e98b1c</td></tr>
<tr>
<td title='scripts.ContactPage_T_C.verifyHttpInPageSource()'><b>verifyHttpInPageSource</b><br>Test class: scripts.ContactPage_T_C<br>Parameters: https://worksfyi.com</td>
<td></td>
<td>4</td>
<td>scripts.ContactPage_T_C@2925bf5b</td></tr>
<tr>
<td title='scripts.PrivacyPage_T_C.verifyProtocol()'><b>verifyProtocol</b><br>Test class: scripts.PrivacyPage_T_C<br>Parameters: https://worksfyi.com</td>
<td></td>
<td>7</td>
<td>scripts.PrivacyPage_T_C@710f4dc7</td></tr>
<tr>
<td title='scripts.ContactPage_T_C.verifyOgUrlRepetition()'><b>verifyOgUrlRepetition</b><br>Test class: scripts.ContactPage_T_C<br>Parameters: https://worksfyi.com</td>
<td></td>
<td>3</td>
<td>scripts.ContactPage_T_C@2925bf5b</td></tr>
<tr>
<td title='scripts.SearchPage_T_C.verifyNetworkStatus()'><b>verifyNetworkStatus</b><br>Test class: scripts.SearchPage_T_C<br>Parameters: https://jobsnotion.com</td>
<td></td>
<td>10</td>
<td>scripts.SearchPage_T_C@45c7e403</td></tr>
<tr>
<td title='scripts.HomePage_T_C.verifyDescRepetition()'><b>verifyDescRepetition</b><br>Test class: scripts.HomePage_T_C<br>Parameters: https://worksfyi.com</td>
<td></td>
<td>4</td>
<td>scripts.HomePage_T_C@7a8c8dcf</td></tr>
<tr>
<td title='scripts.HomePage_T_C.verifyHttpInPageSource()'><b>verifyHttpInPageSource</b><br>Test class: scripts.HomePage_T_C<br>Parameters: https://worksfyi.com</td>
<td></td>
<td>3</td>
<td>scripts.HomePage_T_C@7a8c8dcf</td></tr>
<tr>
<td title='scripts.CookiePage_T_C.verifyStaticContent()'><b>verifyStaticContent</b><br>Test class: scripts.CookiePage_T_C<br>Parameters: https://worksfyi.com</td>
<td></td>
<td>4</td>
<td>scripts.CookiePage_T_C@65e98b1c</td></tr>
<tr>
<td title='scripts.TermsPage_T_C.verifyPageHeading()'><b>verifyPageHeading</b><br>Test class: scripts.TermsPage_T_C<br>Parameters: https://jobsnotion.com</td>
<td></td>
<td>6</td>
<td>scripts.TermsPage_T_C@1ff4931d</td></tr>
<tr>
<td title='scripts.HomePage_T_C.verifyConsole()'><b>verifyConsole</b><br>Test class: scripts.HomePage_T_C<br>Parameters: https://worksfyi.com</td>
<td></td>
<td>4</td>
<td>scripts.HomePage_T_C@7a8c8dcf</td></tr>
<tr>
<td title='scripts.PrivacyPage_T_C.verifyDescRepetition()'><b>verifyDescRepetition</b><br>Test class: scripts.PrivacyPage_T_C<br>Parameters: https://jobsnotion.com</td>
<td></td>
<td>6</td>
<td>scripts.PrivacyPage_T_C@710f4dc7</td></tr>
<tr>
<td title='scripts.ContactPage_T_C.serverSideValidationWithInvalidDetails()'><b>serverSideValidationWithInvalidDetails</b><br>Test class: scripts.ContactPage_T_C<br>Parameters: https://jobsnotion.com</td>
<td></td>
<td>7</td>
<td>scripts.ContactPage_T_C@2925bf5b</td></tr>
<tr>
<td title='scripts.HomePage_T_C.verifyOgUrlRepetition()'><b>verifyOgUrlRepetition</b><br>Test class: scripts.HomePage_T_C<br>Parameters: https://jobsnotion.com</td>
<td></td>
<td>5</td>
<td>scripts.HomePage_T_C@7a8c8dcf</td></tr>
<tr>
<td title='scripts.SearchPage_T_C.verifyHttpInPageSource()'><b>verifyHttpInPageSource</b><br>Test class: scripts.SearchPage_T_C<br>Parameters: https://jobsnotion.com</td>
<td></td>
<td>7</td>
<td>scripts.SearchPage_T_C@45c7e403</td></tr>
<tr>
<td title='scripts.CookiePage_T_C.verifyDescRepetition()'><b>verifyDescRepetition</b><br>Test class: scripts.CookiePage_T_C<br>Parameters: https://worksfyi.com</td>
<td></td>
<td>4</td>
<td>scripts.CookiePage_T_C@65e98b1c</td></tr>
<tr>
<td title='scripts.PrivacyPage_T_C.verifyConsole()'><b>verifyConsole</b><br>Test class: scripts.PrivacyPage_T_C<br>Parameters: https://worksfyi.com</td>
<td></td>
<td>5</td>
<td>scripts.PrivacyPage_T_C@710f4dc7</td></tr>
<tr>
<td title='scripts.HomePage_T_C.verifyFolderNameInPath()'><b>verifyFolderNameInPath</b><br>Test class: scripts.HomePage_T_C<br>Parameters: https://worksfyi.com</td>
<td></td>
<td>8</td>
<td>scripts.HomePage_T_C@7a8c8dcf</td></tr>
<tr>
<td title='scripts.HomePage_T_C.verifySitemap()'><b>verifySitemap</b><br>Test class: scripts.HomePage_T_C<br>Parameters: https://worksfyi.com</td>
<td></td>
<td>0</td>
<td>scripts.HomePage_T_C@7a8c8dcf</td></tr>
<tr>
<td title='scripts.ContactPage_T_C.verifySubdomain()'><b>verifySubdomain</b><br>Test class: scripts.ContactPage_T_C<br>Parameters: https://jobsnotion.com</td>
<td></td>
<td>5</td>
<td>scripts.ContactPage_T_C@2925bf5b</td></tr>
<tr>
<td title='scripts.TermsPage_T_C.verifyOgUrlRepetition()'><b>verifyOgUrlRepetition</b><br>Test class: scripts.TermsPage_T_C<br>Parameters: https://worksfyi.com</td>
<td></td>
<td>6</td>
<td>scripts.TermsPage_T_C@1ff4931d</td></tr>
<tr>
<td title='scripts.HomePage_T_C.verifyOgImageRepetition()'><b>verifyOgImageRepetition</b><br>Test class: scripts.HomePage_T_C<br>Parameters: https://worksfyi.com</td>
<td></td>
<td>3</td>
<td>scripts.HomePage_T_C@7a8c8dcf</td></tr>
<tr>
<td title='scripts.HomePage_T_C.verifyOgUrlRepetition()'><b>verifyOgUrlRepetition</b><br>Test class: scripts.HomePage_T_C<br>Parameters: https://worksfyi.com</td>
<td></td>
<td>5</td>
<td>scripts.HomePage_T_C@7a8c8dcf</td></tr>
<tr>
<td title='scripts.PrivacyPage_T_C.verifySubdomain()'><b>verifySubdomain</b><br>Test class: scripts.PrivacyPage_T_C<br>Parameters: https://jobsnotion.com</td>
<td></td>
<td>8</td>
<td>scripts.PrivacyPage_T_C@710f4dc7</td></tr>
<tr>
<td title='scripts.PrivacyPage_T_C.verifyMetaContent()'><b>verifyMetaContent</b><br>Test class: scripts.PrivacyPage_T_C<br>Parameters: https://jobsnotion.com</td>
<td></td>
<td>6</td>
<td>scripts.PrivacyPage_T_C@710f4dc7</td></tr>
<tr>
<td title='scripts.PrivacyPage_T_C.verifyOgUrlRepetition()'><b>verifyOgUrlRepetition</b><br>Test class: scripts.PrivacyPage_T_C<br>Parameters: https://worksfyi.com</td>
<td></td>
<td>7</td>
<td>scripts.PrivacyPage_T_C@710f4dc7</td></tr>
<tr>
<td title='scripts.HomePage_T_C.verifySubdomain()'><b>verifySubdomain</b><br>Test class: scripts.HomePage_T_C<br>Parameters: https://jobsnotion.com</td>
<td></td>
<td>5</td>
<td>scripts.HomePage_T_C@7a8c8dcf</td></tr>
<tr>
<td title='scripts.CookiePage_T_C.verifyPageHeading()'><b>verifyPageHeading</b><br>Test class: scripts.CookiePage_T_C<br>Parameters: https://worksfyi.com</td>
<td></td>
<td>5</td>
<td>scripts.CookiePage_T_C@65e98b1c</td></tr>
<tr>
<td title='scripts.CookiePage_T_C.verifyOgUrlRepetition()'><b>verifyOgUrlRepetition</b><br>Test class: scripts.CookiePage_T_C<br>Parameters: https://worksfyi.com</td>
<td></td>
<td>4</td>
<td>scripts.CookiePage_T_C@65e98b1c</td></tr>
<tr>
<td title='scripts.CookiePage_T_C.verifyProtocol()'><b>verifyProtocol</b><br>Test class: scripts.CookiePage_T_C<br>Parameters: https://worksfyi.com</td>
<td></td>
<td>7</td>
<td>scripts.CookiePage_T_C@65e98b1c</td></tr>
<tr>
<td title='scripts.CookiePage_T_C.verifyTitleRepetition()'><b>verifyTitleRepetition</b><br>Test class: scripts.CookiePage_T_C<br>Parameters: https://jobsnotion.com</td>
<td></td>
<td>4</td>
<td>scripts.CookiePage_T_C@65e98b1c</td></tr>
<tr>
<td title='scripts.SearchPage_T_C.verifyConsole()'><b>verifyConsole</b><br>Test class: scripts.SearchPage_T_C<br>Parameters: https://jobsnotion.com</td>
<td></td>
<td>5</td>
<td>scripts.SearchPage_T_C@45c7e403</td></tr>
<tr>
<td title='scripts.CookiePage_T_C.verifyDescRepetition()'><b>verifyDescRepetition</b><br>Test class: scripts.CookiePage_T_C<br>Parameters: https://jobsnotion.com</td>
<td></td>
<td>6</td>
<td>scripts.CookiePage_T_C@65e98b1c</td></tr>
<tr>
<td title='scripts.PrivacyPage_T_C.verifyPageHeading()'><b>verifyPageHeading</b><br>Test class: scripts.PrivacyPage_T_C<br>Parameters: https://worksfyi.com</td>
<td></td>
<td>10</td>
<td>scripts.PrivacyPage_T_C@710f4dc7</td></tr>
<tr>
<td title='scripts.SearchPage_T_C.verifyClearButton()'><b>verifyClearButton</b><br>Test class: scripts.SearchPage_T_C<br>Parameters: https://jobsnotion.com</td>
<td></td>
<td>12</td>
<td>scripts.SearchPage_T_C@45c7e403</td></tr>
<tr>
<td title='scripts.PrivacyPage_T_C.verifyMetaContent()'><b>verifyMetaContent</b><br>Test class: scripts.PrivacyPage_T_C<br>Parameters: https://worksfyi.com</td>
<td></td>
<td>4</td>
<td>scripts.PrivacyPage_T_C@710f4dc7</td></tr>
<tr>
<td title='scripts.HomePage_T_C.verifyTitleRepetition()'><b>verifyTitleRepetition</b><br>Test class: scripts.HomePage_T_C<br>Parameters: https://worksfyi.com</td>
<td></td>
<td>5</td>
<td>scripts.HomePage_T_C@7a8c8dcf</td></tr>
<tr>
<td title='scripts.ContactPage_T_C.serverSideValidationWithInvalidDetails()'><b>serverSideValidationWithInvalidDetails</b><br>Test class: scripts.ContactPage_T_C<br>Parameters: https://worksfyi.com</td>
<td></td>
<td>10</td>
<td>scripts.ContactPage_T_C@2925bf5b</td></tr>
<tr>
<td title='scripts.HomePage_T_C.verifyTitleRepetition()'><b>verifyTitleRepetition</b><br>Test class: scripts.HomePage_T_C<br>Parameters: https://jobsnotion.com</td>
<td></td>
<td>4</td>
<td>scripts.HomePage_T_C@7a8c8dcf</td></tr>
<tr>
<td title='scripts.TermsPage_T_C.verifySubdomain()'><b>verifySubdomain</b><br>Test class: scripts.TermsPage_T_C<br>Parameters: https://worksfyi.com</td>
<td></td>
<td>6</td>
<td>scripts.TermsPage_T_C@1ff4931d</td></tr>
<tr>
<td title='scripts.TermsPage_T_C.verifyNetworkStatus()'><b>verifyNetworkStatus</b><br>Test class: scripts.TermsPage_T_C<br>Parameters: https://worksfyi.com</td>
<td></td>
<td>6</td>
<td>scripts.TermsPage_T_C@1ff4931d</td></tr>
<tr>
<td title='scripts.HomePage_T_C.verifyOgImageRepetition()'><b>verifyOgImageRepetition</b><br>Test class: scripts.HomePage_T_C<br>Parameters: https://jobsnotion.com</td>
<td></td>
<td>4</td>
<td>scripts.HomePage_T_C@7a8c8dcf</td></tr>
<tr>
<td title='scripts.ContactPage_T_C.verifyProtocol()'><b>verifyProtocol</b><br>Test class: scripts.ContactPage_T_C<br>Parameters: https://jobsnotion.com</td>
<td></td>
<td>3</td>
<td>scripts.ContactPage_T_C@2925bf5b</td></tr>
<tr>
<td title='scripts.TermsPage_T_C.verifyProtocol()'><b>verifyProtocol</b><br>Test class: scripts.TermsPage_T_C<br>Parameters: https://jobsnotion.com</td>
<td></td>
<td>4</td>
<td>scripts.TermsPage_T_C@1ff4931d</td></tr>
<tr>
<td title='scripts.HomePage_T_C.verifyHttpInPageSource()'><b>verifyHttpInPageSource</b><br>Test class: scripts.HomePage_T_C<br>Parameters: https://jobsnotion.com</td>
<td></td>
<td>3</td>
<td>scripts.HomePage_T_C@7a8c8dcf</td></tr>
<tr>
<td title='scripts.PrivacyPage_T_C.verifyProtocol()'><b>verifyProtocol</b><br>Test class: scripts.PrivacyPage_T_C<br>Parameters: https://jobsnotion.com</td>
<td></td>
<td>10</td>
<td>scripts.PrivacyPage_T_C@710f4dc7</td></tr>
<tr>
<td title='scripts.HomePage_T_C.verifyOgImageNetwork()'><b>verifyOgImageNetwork</b><br>Test class: scripts.HomePage_T_C<br>Parameters: https://jobsnotion.com</td>
<td></td>
<td>4</td>
<td>scripts.HomePage_T_C@7a8c8dcf</td></tr>
<tr>
<td title='scripts.TermsPage_T_C.verifyConsole()'><b>verifyConsole</b><br>Test class: scripts.TermsPage_T_C<br>Parameters: https://jobsnotion.com</td>
<td></td>
<td>5</td>
<td>scripts.TermsPage_T_C@1ff4931d</td></tr>
<tr>
<td title='scripts.TermsPage_T_C.verifyDescRepetition()'><b>verifyDescRepetition</b><br>Test class: scripts.TermsPage_T_C<br>Parameters: https://jobsnotion.com</td>
<td></td>
<td>5</td>
<td>scripts.TermsPage_T_C@1ff4931d</td></tr>
<tr>
<td title='scripts.HomePage_T_C.verifyStyleSheets()'><b>verifyStyleSheets</b><br>Test class: scripts.HomePage_T_C<br>Parameters: https://jobsnotion.com</td>
<td></td>
<td>6</td>
<td>scripts.HomePage_T_C@7a8c8dcf</td></tr>
<tr>
<td title='scripts.HomePage_T_C.verifySitemap()'><b>verifySitemap</b><br>Test class: scripts.HomePage_T_C<br>Parameters: https://jobsnotion.com</td>
<td></td>
<td>1</td>
<td>scripts.HomePage_T_C@7a8c8dcf</td></tr>
<tr>
<td title='scripts.HomePage_T_C.verifyStyleSheets()'><b>verifyStyleSheets</b><br>Test class: scripts.HomePage_T_C<br>Parameters: https://worksfyi.com</td>
<td></td>
<td>4</td>
<td>scripts.HomePage_T_C@7a8c8dcf</td></tr>
<tr>
<td title='scripts.ContactPage_T_C.verifyMetaContent()'><b>verifyMetaContent</b><br>Test class: scripts.ContactPage_T_C<br>Parameters: https://jobsnotion.com</td>
<td></td>
<td>4</td>
<td>scripts.ContactPage_T_C@2925bf5b</td></tr>
</table><p>
</body>
</html>