<?xml version="1.0" encoding="UTF-8"?>
<!-- Generated by org.testng.reporters.JUnitXMLReporter -->
<testsuite ignored="0" hostname="DESKTOP-193VCU3" failures="17" tests="81" name="Domain" time="264.963" errors="0" timestamp="2024-05-03T16:48:29 IST">
  <testcase classname="scripts.HomePage_T_C" name="verifyConsole" time="1.485"/>
  <testcase classname="scripts.ContactPage_T_C" name="clientSideValidation" time="7.04"/>
  <testcase classname="scripts.HomePage_T_C" name="verifyDescRepetition" time="2.209"/>
  <testcase classname="scripts.HomePage_T_C" name="verifyDomainPipeline" time="2.853"/>
  <testcase classname="scripts.SearchPage_T_C" name="validateCompanyFilter" time="14.613">
    <failure type="org.openqa.selenium.NoSuchElementException" message="no such element: Unable to locate element: {&amp;quot;method&amp;quot;:&amp;quot;xpath&amp;quot;,&amp;quot;selector&amp;quot;:&amp;quot;//select[@name=&amp;apos;company&amp;apos;]&amp;quot;}
  (Session info: chrome=124.0.6367.118)
For documentation on this error, please visit: https://www.selenium.dev/documentation/webdriver/troubleshooting/errors#no-such-element-exception
Build info: version: &amp;apos;4.19.1&amp;apos;, revision: &amp;apos;abe0ee07dc&amp;apos;
System info: os.name: &amp;apos;Windows 10&amp;apos;, os.arch: &amp;apos;amd64&amp;apos;, os.version: &amp;apos;10.0&amp;apos;, java.version: &amp;apos;19.0.2&amp;apos;
Driver info: org.openqa.selenium.chrome.ChromeDriver
Command: [b2b9d447aab456409be2b0a800d2803a, findElement {value=//select[@name=&amp;apos;company&amp;apos;], using=xpath}]
Capabilities {acceptInsecureCerts: false, browserName: chrome, browserVersion: 124.0.6367.118, chrome: {chromedriverVersion: 124.0.6367.91 (51df0e5e17a8..., userDataDir: C:\Users\JOBIAK\AppData\Loc...}, fedcm:accounts: true, goog:chromeOptions: {debuggerAddress: localhost:62562}, networkConnectionEnabled: false, pageLoadStrategy: normal, platformName: windows, proxy: Proxy(), se:cdp: ws://localhost:62562/devtoo..., se:cdpVersion: 124.0.6367.118, setWindowRect: true, strictFileInteractability: false, timeouts: {implicit: 0, pageLoad: 300000, script: 30000}, unhandledPromptBehavior: dismiss and notify, webauthn:extension:credBlob: true, webauthn:extension:largeBlob: true, webauthn:extension:minPinLength: true, webauthn:extension:prf: true, webauthn:virtualAuthenticators: true}
Session ID: b2b9d447aab456409be2b0a800d2803a">
      <![CDATA[org.openqa.selenium.NoSuchElementException: no such element: Unable to locate element: {"method":"xpath","selector":"//select[@name='company']"}
  (Session info: chrome=124.0.6367.118)
For documentation on this error, please visit: https://www.selenium.dev/documentation/webdriver/troubleshooting/errors#no-such-element-exception
Build info: version: '4.19.1', revision: 'abe0ee07dc'
System info: os.name: 'Windows 10', os.arch: 'amd64', os.version: '10.0', java.version: '19.0.2'
Driver info: org.openqa.selenium.chrome.ChromeDriver
Command: [b2b9d447aab456409be2b0a800d2803a, findElement {value=//select[@name='company'], using=xpath}]
Capabilities {acceptInsecureCerts: false, browserName: chrome, browserVersion: 124.0.6367.118, chrome: {chromedriverVersion: 124.0.6367.91 (51df0e5e17a8..., userDataDir: C:\Users\JOBIAK\AppData\Loc...}, fedcm:accounts: true, goog:chromeOptions: {debuggerAddress: localhost:62562}, networkConnectionEnabled: false, pageLoadStrategy: normal, platformName: windows, proxy: Proxy(), se:cdp: ws://localhost:62562/devtoo..., se:cdpVersion: 124.0.6367.118, setWindowRect: true, strictFileInteractability: false, timeouts: {implicit: 0, pageLoad: 300000, script: 30000}, unhandledPromptBehavior: dismiss and notify, webauthn:extension:credBlob: true, webauthn:extension:largeBlob: true, webauthn:extension:minPinLength: true, webauthn:extension:prf: true, webauthn:virtualAuthenticators: true}
Session ID: b2b9d447aab456409be2b0a800d2803a
at org.openqa.selenium.remote.ErrorCodec.decode(ErrorCodec.java:167)
at org.openqa.selenium.remote.codec.w3c.W3CHttpResponseCodec.decode(W3CHttpResponseCodec.java:138)
at org.openqa.selenium.remote.codec.w3c.W3CHttpResponseCodec.decode(W3CHttpResponseCodec.java:50)
at org.openqa.selenium.remote.HttpCommandExecutor.execute(HttpCommandExecutor.java:190)
at org.openqa.selenium.remote.service.DriverCommandExecutor.invokeExecute(DriverCommandExecutor.java:216)
at org.openqa.selenium.remote.service.DriverCommandExecutor.execute(DriverCommandExecutor.java:174)
at org.openqa.selenium.remote.RemoteWebDriver.execute(RemoteWebDriver.java:518)
at org.openqa.selenium.remote.ElementLocation$ElementFinder$2.findElement(ElementLocation.java:165)
at org.openqa.selenium.remote.ElementLocation.findElement(ElementLocation.java:59)
at org.openqa.selenium.remote.RemoteWebDriver.findElement(RemoteWebDriver.java:355)
at org.openqa.selenium.remote.RemoteWebDriver.findElement(RemoteWebDriver.java:349)
at pageElements.AbstractComponents.elementStore(AbstractComponents.java:25)
at pageElements.SearchPageElements.clickOnCompanyFilter(SearchPageElements.java:67)
at scripts.SearchPage_T_C.validateCompanyFilter(SearchPage_T_C.java:18)
at java.base/java.util.concurrent.ThreadPoolExecutor.runWorker(ThreadPoolExecutor.java:1144)
at java.base/java.util.concurrent.ThreadPoolExecutor$Worker.run(ThreadPoolExecutor.java:642)
at java.base/java.lang.Thread.run(Thread.java:1589)
... Removed 13 stack frames]]>
    </failure>
  </testcase> <!-- validateCompanyFilter -->
  <testcase classname="scripts.ContactPage_T_C" name="serverSideValidationWithInvalidDetails" time="6.997"/>
  <testcase classname="scripts.HomePage_T_C" name="verifyDomainViewPort" time="3.958"/>
  <testcase classname="scripts.HomePage_T_C" name="verifyFaviconNetwork" time="2.684"/>
  <testcase classname="scripts.ContactPage_T_C" name="serverSideValidationWithValidDetails" time="7.553"/>
  <testcase classname="scripts.HomePage_T_C" name="verifyFolderNameInPath" time="3.091"/>
  <testcase classname="scripts.ContactPage_T_C" name="validateErrorMessages" time="6.489"/>
  <testcase classname="scripts.HomePage_T_C" name="verifyHttpInPageSource" time="2.278">
    <failure type="java.lang.AssertionError" message="The following asserts failed:
	expected [false] but found [true]">
      <![CDATA[java.lang.AssertionError: The following asserts failed:
expected [false] but found [true]
at scripts.HomePage_T_C.verifyHttpInPageSource(HomePage_T_C.java:89)
at java.base/java.util.concurrent.ThreadPoolExecutor.runWorker(ThreadPoolExecutor.java:1144)
at java.base/java.util.concurrent.ThreadPoolExecutor$Worker.run(ThreadPoolExecutor.java:642)
at java.base/java.lang.Thread.run(Thread.java:1589)
... Removed 12 stack frames]]>
    </failure>
  </testcase> <!-- verifyHttpInPageSource -->
  <testcase classname="scripts.SearchPage_T_C" name="validateMinimumJobCount" time="22.893">
    <failure type="java.lang.AssertionError" message="The following asserts failed:
	0   30 expected [true] but found [false]">
      <![CDATA[java.lang.AssertionError: The following asserts failed:
0   30 expected [true] but found [false]
at scripts.SearchPage_T_C.validateMinimumJobCount(SearchPage_T_C.java:45)
at java.base/java.util.concurrent.ThreadPoolExecutor.runWorker(ThreadPoolExecutor.java:1144)
at java.base/java.util.concurrent.ThreadPoolExecutor$Worker.run(ThreadPoolExecutor.java:642)
at java.base/java.lang.Thread.run(Thread.java:1589)
... Removed 12 stack frames]]>
    </failure>
  </testcase> <!-- validateMinimumJobCount -->
  <testcase classname="scripts.HomePage_T_C" name="verifyImageFormat" time="3.322"/>
  <testcase classname="scripts.ContactPage_T_C" name="verifyConsole" time="4.543"/>
  <testcase classname="scripts.HomePage_T_C" name="verifyMetaContent" time="2.746"/>
  <testcase classname="scripts.ContactPage_T_C" name="verifyDescRepetition" time="4.025"/>
  <testcase classname="scripts.HomePage_T_C" name="verifyNetworkStatus" time="3.749"/>
  <testcase classname="scripts.SearchPage_T_C" name="verifyApplyButton" time="14.294">
    <failure type="org.openqa.selenium.NoSuchElementException" message="no such element: Unable to locate element: {&amp;quot;method&amp;quot;:&amp;quot;xpath&amp;quot;,&amp;quot;selector&amp;quot;:&amp;quot;//*[text()=&amp;apos;APPLY NOW&amp;apos; or text()=&amp;apos;Apply Now&amp;apos;or text()=&amp;apos;Apply Now &amp;apos; or text()=&amp;apos;View Job Details&amp;apos;]&amp;quot;}
  (Session info: chrome=124.0.6367.118)
For documentation on this error, please visit: https://www.selenium.dev/documentation/webdriver/troubleshooting/errors#no-such-element-exception
Build info: version: &amp;apos;4.19.1&amp;apos;, revision: &amp;apos;abe0ee07dc&amp;apos;
System info: os.name: &amp;apos;Windows 10&amp;apos;, os.arch: &amp;apos;amd64&amp;apos;, os.version: &amp;apos;10.0&amp;apos;, java.version: &amp;apos;19.0.2&amp;apos;
Driver info: org.openqa.selenium.chrome.ChromeDriver
Command: [91d5a1a577e85fe20bbb838236b8f556, findElement {value=//*[text()=&amp;apos;APPLY NOW&amp;apos; or text()=&amp;apos;Apply Now&amp;apos;or text()=&amp;apos;Apply Now &amp;apos; or text()=&amp;apos;View Job Details&amp;apos;], using=xpath}]
Capabilities {acceptInsecureCerts: false, browserName: chrome, browserVersion: 124.0.6367.118, chrome: {chromedriverVersion: 124.0.6367.91 (51df0e5e17a8..., userDataDir: C:\Users\JOBIAK\AppData\Loc...}, fedcm:accounts: true, goog:chromeOptions: {debuggerAddress: localhost:62843}, networkConnectionEnabled: false, pageLoadStrategy: normal, platformName: windows, proxy: Proxy(), se:cdp: ws://localhost:62843/devtoo..., se:cdpVersion: 124.0.6367.118, setWindowRect: true, strictFileInteractability: false, timeouts: {implicit: 0, pageLoad: 300000, script: 30000}, unhandledPromptBehavior: dismiss and notify, webauthn:extension:credBlob: true, webauthn:extension:largeBlob: true, webauthn:extension:minPinLength: true, webauthn:extension:prf: true, webauthn:virtualAuthenticators: true}
Session ID: 91d5a1a577e85fe20bbb838236b8f556">
      <![CDATA[org.openqa.selenium.NoSuchElementException: no such element: Unable to locate element: {"method":"xpath","selector":"//*[text()='APPLY NOW' or text()='Apply Now'or text()='Apply Now ' or text()='View Job Details']"}
  (Session info: chrome=124.0.6367.118)
For documentation on this error, please visit: https://www.selenium.dev/documentation/webdriver/troubleshooting/errors#no-such-element-exception
Build info: version: '4.19.1', revision: 'abe0ee07dc'
System info: os.name: 'Windows 10', os.arch: 'amd64', os.version: '10.0', java.version: '19.0.2'
Driver info: org.openqa.selenium.chrome.ChromeDriver
Command: [91d5a1a577e85fe20bbb838236b8f556, findElement {value=//*[text()='APPLY NOW' or text()='Apply Now'or text()='Apply Now ' or text()='View Job Details'], using=xpath}]
Capabilities {acceptInsecureCerts: false, browserName: chrome, browserVersion: 124.0.6367.118, chrome: {chromedriverVersion: 124.0.6367.91 (51df0e5e17a8..., userDataDir: C:\Users\JOBIAK\AppData\Loc...}, fedcm:accounts: true, goog:chromeOptions: {debuggerAddress: localhost:62843}, networkConnectionEnabled: false, pageLoadStrategy: normal, platformName: windows, proxy: Proxy(), se:cdp: ws://localhost:62843/devtoo..., se:cdpVersion: 124.0.6367.118, setWindowRect: true, strictFileInteractability: false, timeouts: {implicit: 0, pageLoad: 300000, script: 30000}, unhandledPromptBehavior: dismiss and notify, webauthn:extension:credBlob: true, webauthn:extension:largeBlob: true, webauthn:extension:minPinLength: true, webauthn:extension:prf: true, webauthn:virtualAuthenticators: true}
Session ID: 91d5a1a577e85fe20bbb838236b8f556
at org.openqa.selenium.remote.ErrorCodec.decode(ErrorCodec.java:167)
at org.openqa.selenium.remote.codec.w3c.W3CHttpResponseCodec.decode(W3CHttpResponseCodec.java:138)
at org.openqa.selenium.remote.codec.w3c.W3CHttpResponseCodec.decode(W3CHttpResponseCodec.java:50)
at org.openqa.selenium.remote.HttpCommandExecutor.execute(HttpCommandExecutor.java:190)
at org.openqa.selenium.remote.service.DriverCommandExecutor.invokeExecute(DriverCommandExecutor.java:216)
at org.openqa.selenium.remote.service.DriverCommandExecutor.execute(DriverCommandExecutor.java:174)
at org.openqa.selenium.remote.RemoteWebDriver.execute(RemoteWebDriver.java:518)
at org.openqa.selenium.remote.ElementLocation$ElementFinder$2.findElement(ElementLocation.java:165)
at org.openqa.selenium.remote.ElementLocation.findElement(ElementLocation.java:59)
at org.openqa.selenium.remote.RemoteWebDriver.findElement(RemoteWebDriver.java:355)
at org.openqa.selenium.remote.RemoteWebDriver.findElement(RemoteWebDriver.java:349)
at pageElements.AbstractComponents.elementStore(AbstractComponents.java:25)
at pageElements.SearchPageElements.applyButton(SearchPageElements.java:63)
at scripts.SearchPage_T_C.verifyApplyButton(SearchPage_T_C.java:66)
at java.base/java.util.concurrent.ThreadPoolExecutor.runWorker(ThreadPoolExecutor.java:1144)
at java.base/java.util.concurrent.ThreadPoolExecutor$Worker.run(ThreadPoolExecutor.java:642)
at java.base/java.lang.Thread.run(Thread.java:1589)
... Removed 13 stack frames]]>
    </failure>
  </testcase> <!-- verifyApplyButton -->
  <testcase classname="scripts.ContactPage_T_C" name="verifyHttpInPageSource" time="4.283">
    <failure type="java.lang.AssertionError" message="The following asserts failed:
	expected [false] but found [true]">
      <![CDATA[java.lang.AssertionError: The following asserts failed:
expected [false] but found [true]
at scripts.ContactPage_T_C.verifyHttpInPageSource(ContactPage_T_C.java:147)
at java.base/java.util.concurrent.ThreadPoolExecutor.runWorker(ThreadPoolExecutor.java:1144)
at java.base/java.util.concurrent.ThreadPoolExecutor$Worker.run(ThreadPoolExecutor.java:642)
at java.base/java.lang.Thread.run(Thread.java:1589)
... Removed 12 stack frames]]>
    </failure>
  </testcase> <!-- verifyHttpInPageSource -->
  <testcase classname="scripts.HomePage_T_C" name="verifyOgImageNetwork" time="2.864">
    <failure type="java.lang.AssertionError" message="The following asserts failed:
	expected [true] but found [false]">
      <![CDATA[java.lang.AssertionError: The following asserts failed:
expected [true] but found [false]
at scripts.HomePage_T_C.verifyOgImageNetwork(HomePage_T_C.java:139)
at java.base/java.util.concurrent.ThreadPoolExecutor.runWorker(ThreadPoolExecutor.java:1144)
at java.base/java.util.concurrent.ThreadPoolExecutor$Worker.run(ThreadPoolExecutor.java:642)
at java.base/java.lang.Thread.run(Thread.java:1589)
... Removed 12 stack frames]]>
    </failure>
  </testcase> <!-- verifyOgImageNetwork -->
  <testcase classname="scripts.ContactPage_T_C" name="verifyMailId" time="4.838"/>
  <testcase classname="scripts.HomePage_T_C" name="verifyOgImageRepetition" time="3.079"/>
  <testcase classname="scripts.HomePage_T_C" name="verifyOgSiteName" time="2.617"/>
  <testcase classname="scripts.SearchPage_T_C" name="verifyClearButton" time="14.827">
    <failure type="org.openqa.selenium.NoSuchElementException" message="no such element: Unable to locate element: {&amp;quot;method&amp;quot;:&amp;quot;xpath&amp;quot;,&amp;quot;selector&amp;quot;:&amp;quot;//input[contains(@placeholder,&amp;apos;Title&amp;apos;) or contains(@placeholder,&amp;apos;Keyword&amp;apos;) or contains(@placeholder,&amp;apos;Company&amp;apos;)]&amp;quot;}
  (Session info: chrome=124.0.6367.118)
For documentation on this error, please visit: https://www.selenium.dev/documentation/webdriver/troubleshooting/errors#no-such-element-exception
Build info: version: &amp;apos;4.19.1&amp;apos;, revision: &amp;apos;abe0ee07dc&amp;apos;
System info: os.name: &amp;apos;Windows 10&amp;apos;, os.arch: &amp;apos;amd64&amp;apos;, os.version: &amp;apos;10.0&amp;apos;, java.version: &amp;apos;19.0.2&amp;apos;
Driver info: org.openqa.selenium.chrome.ChromeDriver
Command: [2da1791ea635af4865ec460a2cfae626, findElement {value=//input[contains(@placeholder,&amp;apos;Title&amp;apos;) or contains(@placeholder,&amp;apos;Keyword&amp;apos;) or contains(@placeholder,&amp;apos;Company&amp;apos;)], using=xpath}]
Capabilities {acceptInsecureCerts: false, browserName: chrome, browserVersion: 124.0.6367.118, chrome: {chromedriverVersion: 124.0.6367.91 (51df0e5e17a8..., userDataDir: C:\Users\JOBIAK\AppData\Loc...}, fedcm:accounts: true, goog:chromeOptions: {debuggerAddress: localhost:62975}, networkConnectionEnabled: false, pageLoadStrategy: normal, platformName: windows, proxy: Proxy(), se:cdp: ws://localhost:62975/devtoo..., se:cdpVersion: 124.0.6367.118, setWindowRect: true, strictFileInteractability: false, timeouts: {implicit: 0, pageLoad: 300000, script: 30000}, unhandledPromptBehavior: dismiss and notify, webauthn:extension:credBlob: true, webauthn:extension:largeBlob: true, webauthn:extension:minPinLength: true, webauthn:extension:prf: true, webauthn:virtualAuthenticators: true}
Session ID: 2da1791ea635af4865ec460a2cfae626">
      <![CDATA[org.openqa.selenium.NoSuchElementException: no such element: Unable to locate element: {"method":"xpath","selector":"//input[contains(@placeholder,'Title') or contains(@placeholder,'Keyword') or contains(@placeholder,'Company')]"}
  (Session info: chrome=124.0.6367.118)
For documentation on this error, please visit: https://www.selenium.dev/documentation/webdriver/troubleshooting/errors#no-such-element-exception
Build info: version: '4.19.1', revision: 'abe0ee07dc'
System info: os.name: 'Windows 10', os.arch: 'amd64', os.version: '10.0', java.version: '19.0.2'
Driver info: org.openqa.selenium.chrome.ChromeDriver
Command: [2da1791ea635af4865ec460a2cfae626, findElement {value=//input[contains(@placeholder,'Title') or contains(@placeholder,'Keyword') or contains(@placeholder,'Company')], using=xpath}]
Capabilities {acceptInsecureCerts: false, browserName: chrome, browserVersion: 124.0.6367.118, chrome: {chromedriverVersion: 124.0.6367.91 (51df0e5e17a8..., userDataDir: C:\Users\JOBIAK\AppData\Loc...}, fedcm:accounts: true, goog:chromeOptions: {debuggerAddress: localhost:62975}, networkConnectionEnabled: false, pageLoadStrategy: normal, platformName: windows, proxy: Proxy(), se:cdp: ws://localhost:62975/devtoo..., se:cdpVersion: 124.0.6367.118, setWindowRect: true, strictFileInteractability: false, timeouts: {implicit: 0, pageLoad: 300000, script: 30000}, unhandledPromptBehavior: dismiss and notify, webauthn:extension:credBlob: true, webauthn:extension:largeBlob: true, webauthn:extension:minPinLength: true, webauthn:extension:prf: true, webauthn:virtualAuthenticators: true}
Session ID: 2da1791ea635af4865ec460a2cfae626
at org.openqa.selenium.remote.ErrorCodec.decode(ErrorCodec.java:167)
at org.openqa.selenium.remote.codec.w3c.W3CHttpResponseCodec.decode(W3CHttpResponseCodec.java:138)
at org.openqa.selenium.remote.codec.w3c.W3CHttpResponseCodec.decode(W3CHttpResponseCodec.java:50)
at org.openqa.selenium.remote.HttpCommandExecutor.execute(HttpCommandExecutor.java:190)
at org.openqa.selenium.remote.service.DriverCommandExecutor.invokeExecute(DriverCommandExecutor.java:216)
at org.openqa.selenium.remote.service.DriverCommandExecutor.execute(DriverCommandExecutor.java:174)
at org.openqa.selenium.remote.RemoteWebDriver.execute(RemoteWebDriver.java:518)
at org.openqa.selenium.remote.ElementLocation$ElementFinder$2.findElement(ElementLocation.java:165)
at org.openqa.selenium.remote.ElementLocation.findElement(ElementLocation.java:59)
at org.openqa.selenium.remote.RemoteWebDriver.findElement(RemoteWebDriver.java:355)
at org.openqa.selenium.remote.RemoteWebDriver.findElement(RemoteWebDriver.java:349)
at pageElements.AbstractComponents.elementStore(AbstractComponents.java:25)
at pageElements.SearchPageElements.sendKeysToTitleFiled(SearchPageElements.java:43)
at scripts.SearchPage_T_C.verifyClearButton(SearchPage_T_C.java:33)
at java.base/java.util.concurrent.ThreadPoolExecutor.runWorker(ThreadPoolExecutor.java:1144)
at java.base/java.util.concurrent.ThreadPoolExecutor$Worker.run(ThreadPoolExecutor.java:642)
at java.base/java.lang.Thread.run(Thread.java:1589)
... Removed 13 stack frames]]>
    </failure>
  </testcase> <!-- verifyClearButton -->
  <testcase classname="scripts.ContactPage_T_C" name="verifyMetaContent" time="7.362">
    <failure type="java.lang.AssertionError" message="The following asserts failed:
	Get in touch with our friendly customer service representatives for assistance with your job search journey or any other inquiries on our Contact Us page. Get in touch with us for job search support, feedback, or inquiries. Our team is here to assist you with any questions. Contact us and we&amp;apos;ll be happy to help. expected [true] but found [false]">
      <![CDATA[java.lang.AssertionError: The following asserts failed:
Get in touch with our friendly customer service representatives for assistance with your job search journey or any other inquiries on our Contact Us page. Get in touch with us for job search support, feedback, or inquiries. Our team is here to assist you with any questions. Contact us and we'll be happy to help. expected [true] but found [false]
at scripts.ContactPage_T_C.verifyMetaContent(ContactPage_T_C.java:138)
at java.base/java.util.concurrent.ThreadPoolExecutor.runWorker(ThreadPoolExecutor.java:1144)
at java.base/java.util.concurrent.ThreadPoolExecutor$Worker.run(ThreadPoolExecutor.java:642)
at java.base/java.lang.Thread.run(Thread.java:1589)
... Removed 12 stack frames]]>
    </failure>
  </testcase> <!-- verifyMetaContent -->
  <testcase classname="scripts.HomePage_T_C" name="verifyOgUrlRepetition" time="2.978"/>
  <testcase classname="scripts.HomePage_T_C" name="verifyProtocol" time="2.138"/>
  <testcase classname="scripts.ContactPage_T_C" name="verifyNetworkStatus" time="8.954"/>
  <testcase classname="scripts.SearchPage_T_C" name="verifyConsole" time="6.27"/>
  <testcase classname="scripts.HomePage_T_C" name="verifyRobotsBeforeSubmission" time="1.506">
    <failure type="java.lang.AssertionError" message="The following asserts failed:
	expected [true] but found [false]">
      <![CDATA[java.lang.AssertionError: The following asserts failed:
expected [true] but found [false]
at scripts.HomePage_T_C.verifyRobotsBeforeSubmission(HomePage_T_C.java:17)
at java.base/java.util.concurrent.ThreadPoolExecutor.runWorker(ThreadPoolExecutor.java:1144)
at java.base/java.util.concurrent.ThreadPoolExecutor$Worker.run(ThreadPoolExecutor.java:642)
at java.base/java.lang.Thread.run(Thread.java:1589)
... Removed 12 stack frames]]>
    </failure>
  </testcase> <!-- verifyRobotsBeforeSubmission -->
  <testcase classname="scripts.SearchPage_T_C" name="verifyDescRepetition" time="4.401"/>
  <testcase classname="scripts.ContactPage_T_C" name="verifyOgUrlRepetition" time="5.639"/>
  <testcase classname="scripts.HomePage_T_C" name="verifyScrollButton" time="5.211"/>
  <testcase classname="scripts.ContactPage_T_C" name="verifyProtocol" time="3.507"/>
  <testcase classname="scripts.HomePage_T_C" name="verifySitemap" time="0.968"/>
  <testcase classname="scripts.SearchPage_T_C" name="verifyHttpInPageSource" time="5.173">
    <failure type="java.lang.AssertionError" message="The following asserts failed:
	expected [false] but found [true]">
      <![CDATA[java.lang.AssertionError: The following asserts failed:
expected [false] but found [true]
at scripts.SearchPage_T_C.verifyHttpInPageSource(SearchPage_T_C.java:133)
at java.base/java.util.concurrent.ThreadPoolExecutor.runWorker(ThreadPoolExecutor.java:1144)
at java.base/java.util.concurrent.ThreadPoolExecutor$Worker.run(ThreadPoolExecutor.java:642)
at java.base/java.lang.Thread.run(Thread.java:1589)
... Removed 12 stack frames]]>
    </failure>
  </testcase> <!-- verifyHttpInPageSource -->
  <testcase classname="scripts.SearchPage_T_C" name="verifyMetaContent" time="4.438">
    <failure type="java.lang.AssertionError" message="The following asserts failed:
	Your Source for Jobs at All Jobs Hire | All Jobs Hire
Your Source for Easy at All Jobs Hire expected [true] but found [false],
	Navigate through an extensive selection of job listings effortlessly on our comprehensive listings page from All Jobs Hire.
Navigate on an extensive selection comprehensive page platform. effortlessly on our comprehensive an page from All Jobs Hire. that&amp;apos;s right for you. Begin on extensive now! expected [true] but found [false]">
      <![CDATA[java.lang.AssertionError: The following asserts failed:
Your Source for Jobs at All Jobs Hire | All Jobs Hire
Your Source for Easy at All Jobs Hire expected [true] but found [false],
Navigate through an extensive selection of job listings effortlessly on our comprehensive listings page from All Jobs Hire.
Navigate on an extensive selection comprehensive page platform. effortlessly on our comprehensive an page from All Jobs Hire. that's right for you. Begin on extensive now! expected [true] but found [false]
at scripts.SearchPage_T_C.verifyMetaContent(SearchPage_T_C.java:124)
at java.base/java.util.concurrent.ThreadPoolExecutor.runWorker(ThreadPoolExecutor.java:1144)
at java.base/java.util.concurrent.ThreadPoolExecutor$Worker.run(ThreadPoolExecutor.java:642)
at java.base/java.lang.Thread.run(Thread.java:1589)
... Removed 12 stack frames]]>
    </failure>
  </testcase> <!-- verifyMetaContent -->
  <testcase classname="scripts.ContactPage_T_C" name="verifySubdomain" time="5.429"/>
  <testcase classname="scripts.HomePage_T_C" name="verifyStyleSheets" time="4.661"/>
  <testcase classname="scripts.SearchPage_T_C" name="verifyNetworkStatus" time="4.862"/>
  <testcase classname="scripts.ContactPage_T_C" name="verifyTitleRepetition" time="4.898"/>
  <testcase classname="scripts.HomePage_T_C" name="verifySubdomain" time="3.949"/>
  <testcase classname="scripts.SearchPage_T_C" name="verifyOgUrlRepetition" time="3.358"/>
  <testcase classname="scripts.HomePage_T_C" name="verifyTitleRepetition" time="2.117"/>
  <testcase classname="scripts.TermsPage_T_C" name="verifyConsole" time="5.887"/>
  <testcase classname="scripts.SearchPage_T_C" name="verifyProtocol" time="4.237"/>
  <testcase classname="scripts.PrivacyPage_T_C" name="verifyConsole" time="5.404"/>
  <testcase classname="scripts.TermsPage_T_C" name="verifyDescRepetition" time="5.787"/>
  <testcase classname="scripts.SearchPage_T_C" name="verifySubdomain" time="4.722"/>
  <testcase classname="scripts.PrivacyPage_T_C" name="verifyDescRepetition" time="4.004"/>
  <testcase classname="scripts.SearchPage_T_C" name="verifyTitleRepetition" time="3.843"/>
  <testcase classname="scripts.PrivacyPage_T_C" name="verifyHttpInPageSource" time="4.142">
    <failure type="java.lang.AssertionError" message="The following asserts failed:
	expected [false] but found [true]">
      <![CDATA[java.lang.AssertionError: The following asserts failed:
expected [false] but found [true]
at scripts.PrivacyPage_T_C.verifyHttpInPageSource(PrivacyPage_T_C.java:87)
at java.base/java.util.concurrent.ThreadPoolExecutor.runWorker(ThreadPoolExecutor.java:1144)
at java.base/java.util.concurrent.ThreadPoolExecutor$Worker.run(ThreadPoolExecutor.java:642)
at java.base/java.lang.Thread.run(Thread.java:1589)
... Removed 12 stack frames]]>
    </failure>
  </testcase> <!-- verifyHttpInPageSource -->
  <testcase classname="scripts.TermsPage_T_C" name="verifyHttpInPageSource" time="4.193">
    <failure type="java.lang.AssertionError" message="The following asserts failed:
	expected [false] but found [true]">
      <![CDATA[java.lang.AssertionError: The following asserts failed:
expected [false] but found [true]
at scripts.TermsPage_T_C.verifyHttpInPageSource(TermsPage_T_C.java:89)
at java.base/java.util.concurrent.ThreadPoolExecutor.runWorker(ThreadPoolExecutor.java:1144)
at java.base/java.util.concurrent.ThreadPoolExecutor$Worker.run(ThreadPoolExecutor.java:642)
at java.base/java.lang.Thread.run(Thread.java:1589)
... Removed 12 stack frames]]>
    </failure>
  </testcase> <!-- verifyHttpInPageSource -->
  <testcase classname="scripts.PrivacyPage_T_C" name="verifyMetaContent" time="3.957">
    <failure type="java.lang.AssertionError" message="The following asserts failed:
	Trust and Transparency - Explore Job Board Privacy Policy | All Jobs Hire Understand Our Privacy Policy for Using Our Website expected [true] but found [false],
	Trust and transparency are core values of our platform. Discover our detailed Privacy Policy outlining our data practices and protection measures. Explore our privacy policy to understand how we safeguard your personal information. We take your privacy seriously. Learn how we protect your data. expected [true] but found [false]">
      <![CDATA[java.lang.AssertionError: The following asserts failed:
Trust and Transparency - Explore Job Board Privacy Policy | All Jobs Hire Understand Our Privacy Policy for Using Our Website expected [true] but found [false],
Trust and transparency are core values of our platform. Discover our detailed Privacy Policy outlining our data practices and protection measures. Explore our privacy policy to understand how we safeguard your personal information. We take your privacy seriously. Learn how we protect your data. expected [true] but found [false]
at scripts.PrivacyPage_T_C.verifyMetaContent(PrivacyPage_T_C.java:79)
at java.base/java.util.concurrent.ThreadPoolExecutor.runWorker(ThreadPoolExecutor.java:1144)
at java.base/java.util.concurrent.ThreadPoolExecutor$Worker.run(ThreadPoolExecutor.java:642)
at java.base/java.lang.Thread.run(Thread.java:1589)
... Removed 12 stack frames]]>
    </failure>
  </testcase> <!-- verifyMetaContent -->
  <testcase classname="scripts.TermsPage_T_C" name="verifyMetaContent" time="5.043">
    <failure type="java.lang.AssertionError" message="The following asserts failed:
	Your access to and use of our services are governed by our Terms of Use. Review our policies and obligations to ensure compliance. Yto access terms Review use of to services are governed by obligations to of Use. Review Terms policies and obligations to ensure expected [true] but found [false]">
      <![CDATA[java.lang.AssertionError: The following asserts failed:
Your access to and use of our services are governed by our Terms of Use. Review our policies and obligations to ensure compliance. Yto access terms Review use of to services are governed by obligations to of Use. Review Terms policies and obligations to ensure expected [true] but found [false]
at scripts.TermsPage_T_C.verifyMetaContent(TermsPage_T_C.java:81)
at java.base/java.util.concurrent.ThreadPoolExecutor.runWorker(ThreadPoolExecutor.java:1144)
at java.base/java.util.concurrent.ThreadPoolExecutor$Worker.run(ThreadPoolExecutor.java:642)
at java.base/java.lang.Thread.run(Thread.java:1589)
... Removed 12 stack frames]]>
    </failure>
  </testcase> <!-- verifyMetaContent -->
  <testcase classname="scripts.CookiePage_T_C" name="verifyConsole" time="5.328"/>
  <testcase classname="scripts.CookiePage_T_C" name="verifyDescRepetition" time="4.903"/>
  <testcase classname="scripts.PrivacyPage_T_C" name="verifyNetworkStatus" time="4.442"/>
  <testcase classname="scripts.TermsPage_T_C" name="verifyNetworkStatus" time="4.914"/>
  <testcase classname="scripts.TermsPage_T_C" name="verifyOgUrlRepetition" time="5.196"/>
  <testcase classname="scripts.PrivacyPage_T_C" name="verifyOgUrlRepetition" time="5.236"/>
  <testcase classname="scripts.CookiePage_T_C" name="verifyHttpInPageSource" time="3.722">
    <failure type="java.lang.AssertionError" message="The following asserts failed:
	expected [false] but found [true]">
      <![CDATA[java.lang.AssertionError: The following asserts failed:
expected [false] but found [true]
at scripts.CookiePage_T_C.verifyHttpInPageSource(CookiePage_T_C.java:87)
at java.base/java.util.concurrent.ThreadPoolExecutor.runWorker(ThreadPoolExecutor.java:1144)
at java.base/java.util.concurrent.ThreadPoolExecutor$Worker.run(ThreadPoolExecutor.java:642)
at java.base/java.lang.Thread.run(Thread.java:1589)
... Removed 12 stack frames]]>
    </failure>
  </testcase> <!-- verifyHttpInPageSource -->
  <testcase classname="scripts.PrivacyPage_T_C" name="verifyPageHeading" time="4.596"/>
  <testcase classname="scripts.TermsPage_T_C" name="verifyPageHeading" time="6.173"/>
  <testcase classname="scripts.CookiePage_T_C" name="verifyMetaContent" time="4.028">
    <failure type="java.lang.AssertionError" message="The following asserts failed:
	We use cookies to improve user experience and optimize our services. Explore our Cookie Policy to understand how we leverage cookies on our platform. Explore our cookie policy to understand how we use cookies for functionality and analytics. Learn how we protect your data and respect your privacy. expected [true] but found [false]">
      <![CDATA[java.lang.AssertionError: The following asserts failed:
We use cookies to improve user experience and optimize our services. Explore our Cookie Policy to understand how we leverage cookies on our platform. Explore our cookie policy to understand how we use cookies for functionality and analytics. Learn how we protect your data and respect your privacy. expected [true] but found [false]
at scripts.CookiePage_T_C.verifyMetaContent(CookiePage_T_C.java:79)
at java.base/java.util.concurrent.ThreadPoolExecutor.runWorker(ThreadPoolExecutor.java:1144)
at java.base/java.util.concurrent.ThreadPoolExecutor$Worker.run(ThreadPoolExecutor.java:642)
at java.base/java.lang.Thread.run(Thread.java:1589)
... Removed 12 stack frames]]>
    </failure>
  </testcase> <!-- verifyMetaContent -->
  <testcase classname="scripts.PrivacyPage_T_C" name="verifyProtocol" time="6.527"/>
  <testcase classname="scripts.TermsPage_T_C" name="verifyProtocol" time="4.68"/>
  <testcase classname="scripts.CookiePage_T_C" name="verifyNetworkStatus" time="3.957"/>
  <testcase classname="scripts.PrivacyPage_T_C" name="verifyStaticContent" time="5.453"/>
  <testcase classname="scripts.TermsPage_T_C" name="verifyStaticContent" time="6.162"/>
  <testcase classname="scripts.CookiePage_T_C" name="verifyOgUrlRepetition" time="4.46"/>
  <testcase classname="scripts.PrivacyPage_T_C" name="verifySubdomain" time="6.416"/>
  <testcase classname="scripts.TermsPage_T_C" name="verifySubdomain" time="4.903"/>
  <testcase classname="scripts.CookiePage_T_C" name="verifyPageHeading" time="5.186"/>
  <testcase classname="scripts.PrivacyPage_T_C" name="verifyTitleRepetition" time="6.49"/>
  <testcase classname="scripts.TermsPage_T_C" name="verifyTitleRepetition" time="3.782"/>
  <testcase classname="scripts.CookiePage_T_C" name="verifyProtocol" time="4.439"/>
  <testcase classname="scripts.CookiePage_T_C" name="verifyStaticContent" time="4.086"/>
  <testcase classname="scripts.CookiePage_T_C" name="verifySubdomain" time="4.242"/>
  <testcase classname="scripts.CookiePage_T_C" name="verifyTitleRepetition" time="5.445"/>
</testsuite> <!-- Domain -->
