<?xml version="1.0" encoding="UTF-8"?>
<!-- Generated by org.testng.reporters.JUnitXMLReporter -->
<testsuite ignored="0" hostname="DESKTOP-193VCU3" failures="7" tests="80" name="Domain Automation" time="223.352" errors="0" timestamp="2024-04-24T15:34:30 IST">
  <testcase classname="scripts.HomePage_T_C" name="verifyConsole" time="3.522"/>
  <testcase classname="scripts.SearchPage_T_C" name="validateCompanyFilter" time="3.628"/>
  <testcase classname="scripts.ContactPage_T_C" name="clientSideValidation" time="3.889"/>
  <testcase classname="scripts.SearchPage_T_C" name="validateMinimumJobCount" time="3.21">
    <failure type="java.lang.AssertionError" message="The following asserts failed:
	71   120 expected [true] but found [false]">
      <![CDATA[java.lang.AssertionError: The following asserts failed:
71   120 expected [true] but found [false]
at scripts.SearchPage_T_C.validateMinimumJobCount(SearchPage_T_C.java:45)
at java.base/java.util.concurrent.ThreadPoolExecutor.runWorker(ThreadPoolExecutor.java:1144)
at java.base/java.util.concurrent.ThreadPoolExecutor$Worker.run(ThreadPoolExecutor.java:642)
at java.base/java.lang.Thread.run(Thread.java:1589)
... Removed 12 stack frames]]>
    </failure>
  </testcase> <!-- validateMinimumJobCount -->
  <testcase classname="scripts.HomePage_T_C" name="verifyDescRepetition" time="3.082"/>
  <testcase classname="scripts.ContactPage_T_C" name="serverSideValidationWithInvalidDetails" time="5.451"/>
  <testcase classname="scripts.SearchPage_T_C" name="verifyApplyButton" time="3.932"/>
  <testcase classname="scripts.HomePage_T_C" name="verifyDomainPipeline" time="4.42"/>
  <testcase classname="scripts.ContactPage_T_C" name="serverSideValidationWithValidDetails" time="6.662"/>
  <testcase classname="scripts.HomePage_T_C" name="verifyDomainViewPort" time="2.336"/>
  <testcase classname="scripts.SearchPage_T_C" name="verifyClearButton" time="6.694"/>
  <testcase classname="scripts.ContactPage_T_C" name="validateErrorMessages" time="3.529"/>
  <testcase classname="scripts.HomePage_T_C" name="verifyFaviconNetwork" time="4.079"/>
  <testcase classname="scripts.SearchPage_T_C" name="verifyConsole" time="4.34"/>
  <testcase classname="scripts.ContactPage_T_C" name="verifyConsole" time="3.985"/>
  <testcase classname="scripts.HomePage_T_C" name="verifyFolderNameInPath" time="5.832"/>
  <testcase classname="scripts.SearchPage_T_C" name="verifyDescRepetition" time="3.466"/>
  <testcase classname="scripts.ContactPage_T_C" name="verifyDescRepetition" time="5.897"/>
  <testcase classname="scripts.HomePage_T_C" name="verifyHttpInPageSource" time="2.142"/>
  <testcase classname="scripts.SearchPage_T_C" name="verifyHttpInPageSource" time="4.016"/>
  <testcase classname="scripts.HomePage_T_C" name="verifyImageFormat" time="3.716">
    <failure type="java.lang.AssertionError" message="The following asserts failed:
	https://searchourcareer.com/soc-files/images/company-logos/rnjz-teksystems-logo.jpg expected [true] but found [false]">
      <![CDATA[java.lang.AssertionError: The following asserts failed:
https://searchourcareer.com/soc-files/images/company-logos/rnjz-teksystems-logo.jpg expected [true] but found [false]
at scripts.HomePage_T_C.verifyImageFormat(HomePage_T_C.java:180)
at java.base/java.util.concurrent.ThreadPoolExecutor.runWorker(ThreadPoolExecutor.java:1144)
at java.base/java.util.concurrent.ThreadPoolExecutor$Worker.run(ThreadPoolExecutor.java:642)
at java.base/java.lang.Thread.run(Thread.java:1589)
... Removed 12 stack frames]]>
    </failure>
  </testcase> <!-- verifyImageFormat -->
  <testcase classname="scripts.ContactPage_T_C" name="verifyHttpInPageSource" time="3.152"/>
  <testcase classname="scripts.HomePage_T_C" name="verifyMetaContent" time="2.413">
    <failure type="java.lang.AssertionError" message="The following asserts failed:
	Explore a Variety of Job Opportunities across Industries and Locations on our Search Our Career and Apply for jobs that match your skills and experience. Explore a Variety of Job Opportunities across Industries and Locations on our SearchourCareer and Apply for jobs that match your skills and experience. expected [true] but found [false]">
      <![CDATA[java.lang.AssertionError: The following asserts failed:
Explore a Variety of Job Opportunities across Industries and Locations on our Search Our Career and Apply for jobs that match your skills and experience. Explore a Variety of Job Opportunities across Industries and Locations on our SearchourCareer and Apply for jobs that match your skills and experience. expected [true] but found [false]
at scripts.HomePage_T_C.verifyMetaContent(HomePage_T_C.java:92)
at java.base/java.util.concurrent.ThreadPoolExecutor.runWorker(ThreadPoolExecutor.java:1144)
at java.base/java.util.concurrent.ThreadPoolExecutor$Worker.run(ThreadPoolExecutor.java:642)
at java.base/java.lang.Thread.run(Thread.java:1589)
... Removed 12 stack frames]]>
    </failure>
  </testcase> <!-- verifyMetaContent -->
  <testcase classname="scripts.SearchPage_T_C" name="verifyMetaContent" time="3.133">
    <failure type="java.lang.AssertionError" message="The following asserts failed:
	Explore Job Listings - Search by Experience, Qualifications. 71 Jobs Available | Search Our Career Explore Job Listings - Search by Experience, Qualifications expected [true] but found [false],
	71 Jobs Available in Search Our Career. Looking for a new job? Search by location, industry, or experience level here and find your next career opportunity. Looking for a new job? Search by location, industry, or experience level here and find your next career opportunity. expected [true] but found [false]">
      <![CDATA[java.lang.AssertionError: The following asserts failed:
Explore Job Listings - Search by Experience, Qualifications. 71 Jobs Available | Search Our Career Explore Job Listings - Search by Experience, Qualifications expected [true] but found [false],
71 Jobs Available in Search Our Career. Looking for a new job? Search by location, industry, or experience level here and find your next career opportunity. Looking for a new job? Search by location, industry, or experience level here and find your next career opportunity. expected [true] but found [false]
at scripts.SearchPage_T_C.verifyMetaContent(SearchPage_T_C.java:124)
at java.base/java.util.concurrent.ThreadPoolExecutor.runWorker(ThreadPoolExecutor.java:1144)
at java.base/java.util.concurrent.ThreadPoolExecutor$Worker.run(ThreadPoolExecutor.java:642)
at java.base/java.lang.Thread.run(Thread.java:1589)
... Removed 12 stack frames]]>
    </failure>
  </testcase> <!-- verifyMetaContent -->
  <testcase classname="scripts.ContactPage_T_C" name="verifyMailId" time="4.773"/>
  <testcase classname="scripts.SearchPage_T_C" name="verifyNetworkStatus" time="3.91"/>
  <testcase classname="scripts.HomePage_T_C" name="verifyNetworkStatus" time="5.029"/>
  <testcase classname="scripts.ContactPage_T_C" name="verifyMetaContent" time="4.833"/>
  <testcase classname="scripts.SearchPage_T_C" name="verifyOgUrlRepetition" time="3.14"/>
  <testcase classname="scripts.HomePage_T_C" name="verifyOgImageNetwork" time="4.035"/>
  <testcase classname="scripts.ContactPage_T_C" name="verifyNetworkStatus" time="4.741"/>
  <testcase classname="scripts.SearchPage_T_C" name="verifyProtocol" time="4.379"/>
  <testcase classname="scripts.HomePage_T_C" name="verifyOgImageRepetition" time="2.772"/>
  <testcase classname="scripts.ContactPage_T_C" name="verifyOgUrlRepetition" time="3.074"/>
  <testcase classname="scripts.SearchPage_T_C" name="verifySubdomain" time="3.328"/>
  <testcase classname="scripts.HomePage_T_C" name="verifyOgSiteName" time="3.072"/>
  <testcase classname="scripts.ContactPage_T_C" name="verifyProtocol" time="2.911"/>
  <testcase classname="scripts.HomePage_T_C" name="verifyOgUrlRepetition" time="2.278"/>
  <testcase classname="scripts.SearchPage_T_C" name="verifyTitleRepetition" time="5.108"/>
  <testcase classname="scripts.ContactPage_T_C" name="verifySubdomain" time="3.696"/>
  <testcase classname="scripts.HomePage_T_C" name="verifyProtocol" time="2.122"/>
  <testcase classname="scripts.TermsPage_T_C" name="verifyConsole" time="5.425"/>
  <testcase classname="scripts.ContactPage_T_C" name="verifyTitleRepetition" time="2.946"/>
  <testcase classname="scripts.HomePage_T_C" name="verifyRobotsBeforeSubmission" time="0.857">
    <failure type="java.lang.AssertionError" message="The following asserts failed:
	expected [true] but found [false]">
      <![CDATA[java.lang.AssertionError: The following asserts failed:
expected [true] but found [false]
at scripts.HomePage_T_C.verifyRobotsBeforeSubmission(HomePage_T_C.java:19)
at java.base/java.util.concurrent.ThreadPoolExecutor.runWorker(ThreadPoolExecutor.java:1144)
at java.base/java.util.concurrent.ThreadPoolExecutor$Worker.run(ThreadPoolExecutor.java:642)
at java.base/java.lang.Thread.run(Thread.java:1589)
... Removed 12 stack frames]]>
    </failure>
  </testcase> <!-- verifyRobotsBeforeSubmission -->
  <testcase classname="scripts.HomePage_T_C" name="verifyScrollButton" time="4.142"/>
  <testcase classname="scripts.PrivacyPage_T_C" name="verifyConsole" time="4.435"/>
  <testcase classname="scripts.TermsPage_T_C" name="verifyDescRepetition" time="6.188"/>
  <testcase classname="scripts.HomePage_T_C" name="verifySitemap" time="1.259"/>
  <testcase classname="scripts.PrivacyPage_T_C" name="verifyDescRepetition" time="5.897"/>
  <testcase classname="scripts.TermsPage_T_C" name="verifyHttpInPageSource" time="4.38"/>
  <testcase classname="scripts.HomePage_T_C" name="verifySubdomain" time="3.513"/>
  <testcase classname="scripts.PrivacyPage_T_C" name="verifyHttpInPageSource" time="4.017"/>
  <testcase classname="scripts.TermsPage_T_C" name="verifyMetaContent" time="4.667">
    <failure type="java.lang.AssertionError" message="The following asserts failed:
	Understanding Our Terms of Service for Using Our Site | Search Our Career Understanding Our Terms and Conditions for Using Our Site | Search Our Career expected [true] but found [false],
	Read our terms of Service to understand the rules for using our platform in finding jobs and connecting with employers. Read our terms and conditions to understand the rules for using our platform in finding jobs and connecting with employers. expected [true] but found [false]">
      <![CDATA[java.lang.AssertionError: The following asserts failed:
Understanding Our Terms of Service for Using Our Site | Search Our Career Understanding Our Terms and Conditions for Using Our Site | Search Our Career expected [true] but found [false],
Read our terms of Service to understand the rules for using our platform in finding jobs and connecting with employers. Read our terms and conditions to understand the rules for using our platform in finding jobs and connecting with employers. expected [true] but found [false]
at scripts.TermsPage_T_C.verifyMetaContent(TermsPage_T_C.java:80)
at java.base/java.util.concurrent.ThreadPoolExecutor.runWorker(ThreadPoolExecutor.java:1144)
at java.base/java.util.concurrent.ThreadPoolExecutor$Worker.run(ThreadPoolExecutor.java:642)
at java.base/java.lang.Thread.run(Thread.java:1589)
... Removed 12 stack frames]]>
    </failure>
  </testcase> <!-- verifyMetaContent -->
  <testcase classname="scripts.HomePage_T_C" name="verifyTitleRepetition" time="3.547"/>
  <testcase classname="scripts.PrivacyPage_T_C" name="verifyMetaContent" time="4.623"/>
  <testcase classname="scripts.TermsPage_T_C" name="verifyNetworkStatus" time="4.969"/>
  <testcase classname="scripts.CookiePage_T_C" name="verifyConsole" time="3.938"/>
  <testcase classname="scripts.PrivacyPage_T_C" name="verifyNetworkStatus" time="5.198"/>
  <testcase classname="scripts.TermsPage_T_C" name="verifyOgUrlRepetition" time="3.86"/>
  <testcase classname="scripts.CookiePage_T_C" name="verifyDescRepetition" time="5.221"/>
  <testcase classname="scripts.TermsPage_T_C" name="verifyPageHeading" time="4.963"/>
  <testcase classname="scripts.PrivacyPage_T_C" name="verifyOgUrlRepetition" time="6.016"/>
  <testcase classname="scripts.CookiePage_T_C" name="verifyHttpInPageSource" time="3.91"/>
  <testcase classname="scripts.TermsPage_T_C" name="verifyProtocol" time="3.834"/>
  <testcase classname="scripts.PrivacyPage_T_C" name="verifyPageHeading" time="5.157"/>
  <testcase classname="scripts.CookiePage_T_C" name="verifyMetaContent" time="5.344">
    <failure type="java.lang.AssertionError" message="The following asserts failed:
	How We Use Cookies - Review and Understand Our Cookie Policy | Search Our Career Your Privacy Matters - Review Our Privacy Policies expected [true] but found [false],
	Read our cookie policy now. Learn how we use cookies and similar technologies to improve your experience on our platform. Find out how we ensure your data security and integrity. Learn about our privacy practices and commitment to data protection. expected [true] but found [false]">
      <![CDATA[java.lang.AssertionError: The following asserts failed:
How We Use Cookies - Review and Understand Our Cookie Policy | Search Our Career Your Privacy Matters - Review Our Privacy Policies expected [true] but found [false],
Read our cookie policy now. Learn how we use cookies and similar technologies to improve your experience on our platform. Find out how we ensure your data security and integrity. Learn about our privacy practices and commitment to data protection. expected [true] but found [false]
at scripts.CookiePage_T_C.verifyMetaContent(CookiePage_T_C.java:78)
at java.base/java.util.concurrent.ThreadPoolExecutor.runWorker(ThreadPoolExecutor.java:1144)
at java.base/java.util.concurrent.ThreadPoolExecutor$Worker.run(ThreadPoolExecutor.java:642)
at java.base/java.lang.Thread.run(Thread.java:1589)
... Removed 12 stack frames]]>
    </failure>
  </testcase> <!-- verifyMetaContent -->
  <testcase classname="scripts.TermsPage_T_C" name="verifyStaticContent" time="4.455"/>
  <testcase classname="scripts.PrivacyPage_T_C" name="verifyProtocol" time="3.844"/>
  <testcase classname="scripts.CookiePage_T_C" name="verifyNetworkStatus" time="5.391"/>
  <testcase classname="scripts.PrivacyPage_T_C" name="verifyStaticContent" time="3.582"/>
  <testcase classname="scripts.TermsPage_T_C" name="verifySubdomain" time="5.926"/>
  <testcase classname="scripts.CookiePage_T_C" name="verifyOgUrlRepetition" time="5.963"/>
  <testcase classname="scripts.TermsPage_T_C" name="verifyTitleRepetition" time="5.922"/>
  <testcase classname="scripts.PrivacyPage_T_C" name="verifySubdomain" time="6.434"/>
  <testcase classname="scripts.CookiePage_T_C" name="verifyPageHeading" time="4.244"/>
  <testcase classname="scripts.PrivacyPage_T_C" name="verifyTitleRepetition" time="3.567"/>
  <testcase classname="scripts.CookiePage_T_C" name="verifyProtocol" time="3.495"/>
  <testcase classname="scripts.CookiePage_T_C" name="verifyStaticContent" time="5.044"/>
  <testcase classname="scripts.CookiePage_T_C" name="verifySubdomain" time="4.256"/>
  <testcase classname="scripts.CookiePage_T_C" name="verifyTitleRepetition" time="5.529"/>
</testsuite> <!-- Domain Automation -->
