<html>
<head>
<title>TestNG:  Home page</title>
<link href="../testng.css" rel="stylesheet" type="text/css" />
<link href="../my-testng.css" rel="stylesheet" type="text/css" />

<style type="text/css">
.log { display: none;} 
.stack-trace { display: none;} 
</style>
<script type="text/javascript">
<!--
function flip(e) {
  current = e.style.display;
  if (current == 'block') {
    e.style.display = 'none';
    return 0;
  }
  else {
    e.style.display = 'block';
    return 1;
  }
}

function toggleBox(szDivId, elem, msg1, msg2)
{
  var res = -1;  if (document.getElementById) {
    res = flip(document.getElementById(szDivId));
  }
  else if (document.all) {
    // this is the way old msie versions work
    res = flip(document.all[szDivId]);
  }
  if(elem) {
    if(res == 0) elem.innerHTML = msg1; else elem.innerHTML = msg2;
  }

}

function toggleAllBoxes() {
  if (document.getElementsByTagName) {
    d = document.getElementsByTagName('div');
    for (i = 0; i < d.length; i++) {
      if (d[i].className == 'log') {
        flip(d[i]);
      }
    }
  }
}

// -->
</script>

</head>
<body>
<h2 align='center'>Home page</h2><table border='1' align="center">
<tr>
<td>Tests passed/Failed/Skipped:</td><td>21/3/0</td>
</tr><tr>
<td>Started on:</td><td>Fri Apr 05 18:39:23 IST 2024</td>
</tr>
<tr><td>Total time:</td><td>167 seconds (167278 ms)</td>
</tr><tr>
<td>Included groups:</td><td></td>
</tr><tr>
<td>Excluded groups:</td><td></td>
</tr>
</table><p/>
<small><i>(Hover the method name to see the test class name)</i></small><p/>
<table width='100%' border='1' class='invocation-failed'>
<tr><td colspan='4' align='center'><b>FAILED TESTS</b></td></tr>
<tr><td><b>Test method</b></td>
<td><b>Attribute(s)</b></td>
<td width="30%"><b>Exception</b></td>
<td width="10%"><b>Time (seconds)</b></td>
<td><b>Instance</b></td>
</tr>
<tr>
<td title='scripts.CookiePage_T_C.verifyScrollButton()'><b>verifyScrollButton</b><br>Test class: scripts.CookiePage_T_C<br>Parameters: https://jobsnotion.com</td>
<td><div><pre>java.lang.AssertionError: The following asserts failed:
	978 expected [true] but found [false]
	at scripts.CookiePage_T_C.verifyScrollButton(CookiePage_T_C.java:54)
	at java.base/java.util.ArrayList.forEach(ArrayList.java:1511)
... Removed 27 stack frames</pre></div><a href='#' onClick='toggleBox("stack-trace415758005", this, "Click to show all stack frames", "Click to hide stack frames")'>Click to show all stack frames</a>
<div class='stack-trace' id='stack-trace415758005'><pre>java.lang.AssertionError: The following asserts failed:
	978 expected [true] but found [false]
	at org.testng.asserts.SoftAssert.assertAll(SoftAssert.java:46)
	at org.testng.asserts.SoftAssert.assertAll(SoftAssert.java:30)
	at scripts.CookiePage_T_C.verifyScrollButton(CookiePage_T_C.java:54)
	at java.base/jdk.internal.reflect.DirectMethodHandleAccessor.invoke(DirectMethodHandleAccessor.java:104)
	at java.base/java.lang.reflect.Method.invoke(Method.java:578)
	at org.testng.internal.invokers.MethodInvocationHelper.invokeMethod(MethodInvocationHelper.java:139)
	at org.testng.internal.invokers.TestInvoker.invokeMethod(TestInvoker.java:664)
	at org.testng.internal.invokers.TestInvoker.invokeTestMethod(TestInvoker.java:227)
	at org.testng.internal.invokers.MethodRunner.runInSequence(MethodRunner.java:50)
	at org.testng.internal.invokers.TestInvoker$MethodInvocationAgent.invoke(TestInvoker.java:957)
	at org.testng.internal.invokers.TestInvoker.invokeTestMethods(TestInvoker.java:200)
	at org.testng.internal.invokers.TestMethodWorker.invokeTestMethods(TestMethodWorker.java:148)
	at org.testng.internal.invokers.TestMethodWorker.run(TestMethodWorker.java:128)
	at java.base/java.util.ArrayList.forEach(ArrayList.java:1511)
	at org.testng.TestRunner.privateRun(TestRunner.java:848)
	at org.testng.TestRunner.run(TestRunner.java:621)
	at org.testng.SuiteRunner.runTest(SuiteRunner.java:443)
	at org.testng.SuiteRunner.runSequentially(SuiteRunner.java:437)
	at org.testng.SuiteRunner.privateRun(SuiteRunner.java:397)
	at org.testng.SuiteRunner.run(SuiteRunner.java:336)
	at org.testng.SuiteRunnerWorker.runSuite(SuiteRunnerWorker.java:52)
	at org.testng.SuiteRunnerWorker.run(SuiteRunnerWorker.java:95)
	at org.testng.TestNG.runSuitesSequentially(TestNG.java:1280)
	at org.testng.TestNG.runSuitesLocally(TestNG.java:1200)
	at org.testng.TestNG.runSuites(TestNG.java:1114)
	at org.testng.TestNG.run(TestNG.java:1082)
	at org.testng.remote.AbstractRemoteTestNG.run(AbstractRemoteTestNG.java:115)
	at org.testng.remote.RemoteTestNG.initAndRun(RemoteTestNG.java:251)
	at org.testng.remote.RemoteTestNG.main(RemoteTestNG.java:77)
</pre></div></td>
<td>5</td>
<td>scripts.CookiePage_T_C@6ed3ccb2</td></tr>
<tr>
<td title='scripts.CookiePage_T_C.verifyScrollButton()'><b>verifyScrollButton</b><br>Test class: scripts.CookiePage_T_C<br>Parameters: https://worksfyi.com</td>
<td><div><pre>java.lang.AssertionError: The following asserts failed:
	994 expected [true] but found [false]
	at scripts.CookiePage_T_C.verifyScrollButton(CookiePage_T_C.java:54)
	at java.base/java.util.ArrayList.forEach(ArrayList.java:1511)
... Removed 27 stack frames</pre></div><a href='#' onClick='toggleBox("stack-trace1159206653", this, "Click to show all stack frames", "Click to hide stack frames")'>Click to show all stack frames</a>
<div class='stack-trace' id='stack-trace1159206653'><pre>java.lang.AssertionError: The following asserts failed:
	994 expected [true] but found [false]
	at org.testng.asserts.SoftAssert.assertAll(SoftAssert.java:46)
	at org.testng.asserts.SoftAssert.assertAll(SoftAssert.java:30)
	at scripts.CookiePage_T_C.verifyScrollButton(CookiePage_T_C.java:54)
	at java.base/jdk.internal.reflect.DirectMethodHandleAccessor.invoke(DirectMethodHandleAccessor.java:104)
	at java.base/java.lang.reflect.Method.invoke(Method.java:578)
	at org.testng.internal.invokers.MethodInvocationHelper.invokeMethod(MethodInvocationHelper.java:139)
	at org.testng.internal.invokers.TestInvoker.invokeMethod(TestInvoker.java:664)
	at org.testng.internal.invokers.TestInvoker.invokeTestMethod(TestInvoker.java:227)
	at org.testng.internal.invokers.MethodRunner.runInSequence(MethodRunner.java:50)
	at org.testng.internal.invokers.TestInvoker$MethodInvocationAgent.invoke(TestInvoker.java:957)
	at org.testng.internal.invokers.TestInvoker.invokeTestMethods(TestInvoker.java:200)
	at org.testng.internal.invokers.TestMethodWorker.invokeTestMethods(TestMethodWorker.java:148)
	at org.testng.internal.invokers.TestMethodWorker.run(TestMethodWorker.java:128)
	at java.base/java.util.ArrayList.forEach(ArrayList.java:1511)
	at org.testng.TestRunner.privateRun(TestRunner.java:848)
	at org.testng.TestRunner.run(TestRunner.java:621)
	at org.testng.SuiteRunner.runTest(SuiteRunner.java:443)
	at org.testng.SuiteRunner.runSequentially(SuiteRunner.java:437)
	at org.testng.SuiteRunner.privateRun(SuiteRunner.java:397)
	at org.testng.SuiteRunner.run(SuiteRunner.java:336)
	at org.testng.SuiteRunnerWorker.runSuite(SuiteRunnerWorker.java:52)
	at org.testng.SuiteRunnerWorker.run(SuiteRunnerWorker.java:95)
	at org.testng.TestNG.runSuitesSequentially(TestNG.java:1280)
	at org.testng.TestNG.runSuitesLocally(TestNG.java:1200)
	at org.testng.TestNG.runSuites(TestNG.java:1114)
	at org.testng.TestNG.run(TestNG.java:1082)
	at org.testng.remote.AbstractRemoteTestNG.run(AbstractRemoteTestNG.java:115)
	at org.testng.remote.RemoteTestNG.initAndRun(RemoteTestNG.java:251)
	at org.testng.remote.RemoteTestNG.main(RemoteTestNG.java:77)
</pre></div></td>
<td>5</td>
<td>scripts.CookiePage_T_C@6ed3ccb2</td></tr>
<tr>
<td title='scripts.CookiePage_T_C.verifyStaticContent()'><b>verifyStaticContent</b><br>Test class: scripts.CookiePage_T_C<br>Parameters: https://worksfyi.com</td>
<td><div><pre>org.openqa.selenium.NoSuchElementException: no such element: Unable to locate element: {&quot;method&quot;:&quot;xpath&quot;,&quot;selector&quot;:&quot;//main&quot;}
  (Session info: chrome=123.0.6312.86)
For documentation on this error, please visit: https://www.selenium.dev/documentation/webdriver/troubleshooting/errors#no-such-element-exception
Build info: version: &apos;4.15.0&apos;, revision: &apos;1d14b5521b&apos;
System info: os.name: &apos;Windows 10&apos;, os.arch: &apos;amd64&apos;, os.version: &apos;10.0&apos;, java.version: &apos;19.0.2&apos;
Driver info: org.openqa.selenium.remote.RemoteWebDriver
Command: [88013fb2a698d84eda54d5ee27591e9f, findElement {using=xpath, value=//main}]
Capabilities {acceptInsecureCerts: false, browserName: chrome, browserVersion: 123.0.6312.86, chrome: {chromedriverVersion: 122.0.6261.94 (880dbf29479c..., userDataDir: C:\Users\JOBIAK\AppData\Loc...}, fedcm:accounts: true, goog:chromeOptions: {debuggerAddress: localhost:55734}, networkConnectionEnabled: false, pageLoadStrategy: normal, platformName: Windows 10, proxy: Proxy(), se:bidiEnabled: false, se:cdp: ws://192.168.0.7:4444/sessi..., se:cdpVersion: 123.0.6312.86, setWindowRect: true, strictFileInteractability: false, timeouts: {implicit: 0, pageLoad: 300000, script: 30000}, unhandledPromptBehavior: dismiss and notify, webauthn:extension:credBlob: true, webauthn:extension:largeBlob: true, webauthn:extension:minPinLength: true, webauthn:extension:prf: true, webauthn:virtualAuthenticators: true}
Session ID: 88013fb2a698d84eda54d5ee27591e9f
	at org.openqa.selenium.remote.codec.w3c.W3CHttpResponseCodec.createException(W3CHttpResponseCodec.java:200)
	at org.openqa.selenium.remote.codec.w3c.W3CHttpResponseCodec.decode(W3CHttpResponseCodec.java:133)
	at org.openqa.selenium.remote.codec.w3c.W3CHttpResponseCodec.decode(W3CHttpResponseCodec.java:52)
	at org.openqa.selenium.remote.HttpCommandExecutor.execute(HttpCommandExecutor.java:191)
	at org.openqa.selenium.remote.TracedCommandExecutor.execute(TracedCommandExecutor.java:51)
	at org.openqa.selenium.remote.RemoteWebDriver.execute(RemoteWebDriver.java:607)
	at org.openqa.selenium.remote.ElementLocation$ElementFinder$2.findElement(ElementLocation.java:165)
	at org.openqa.selenium.remote.ElementLocation.findElement(ElementLocation.java:59)
	at org.openqa.selenium.remote.RemoteWebDriver.findElement(RemoteWebDriver.java:364)
	at org.openqa.selenium.remote.RemoteWebDriver.findElement(RemoteWebDriver.java:358)
	at pageElements.AbstractComponents.elementStore(AbstractComponents.java:23)
	at pageElements.BaseElements.getPageContent(BaseElements.java:111)
	at scripts.CookiePage_T_C.verifyStaticContent(CookiePage_T_C.java:14)
	at java.base/java.util.ArrayList.forEach(ArrayList.java:1511)
... Removed 28 stack frames</pre></div><a href='#' onClick='toggleBox("stack-trace6650683", this, "Click to show all stack frames", "Click to hide stack frames")'>Click to show all stack frames</a>
<div class='stack-trace' id='stack-trace6650683'><pre>org.openqa.selenium.NoSuchElementException: no such element: Unable to locate element: {&quot;method&quot;:&quot;xpath&quot;,&quot;selector&quot;:&quot;//main&quot;}
  (Session info: chrome=123.0.6312.86)
For documentation on this error, please visit: https://www.selenium.dev/documentation/webdriver/troubleshooting/errors#no-such-element-exception
Build info: version: &apos;4.15.0&apos;, revision: &apos;1d14b5521b&apos;
System info: os.name: &apos;Windows 10&apos;, os.arch: &apos;amd64&apos;, os.version: &apos;10.0&apos;, java.version: &apos;19.0.2&apos;
Driver info: org.openqa.selenium.remote.RemoteWebDriver
Command: [88013fb2a698d84eda54d5ee27591e9f, findElement {using=xpath, value=//main}]
Capabilities {acceptInsecureCerts: false, browserName: chrome, browserVersion: 123.0.6312.86, chrome: {chromedriverVersion: 122.0.6261.94 (880dbf29479c..., userDataDir: C:\Users\JOBIAK\AppData\Loc...}, fedcm:accounts: true, goog:chromeOptions: {debuggerAddress: localhost:55734}, networkConnectionEnabled: false, pageLoadStrategy: normal, platformName: Windows 10, proxy: Proxy(), se:bidiEnabled: false, se:cdp: ws://192.168.0.7:4444/sessi..., se:cdpVersion: 123.0.6312.86, setWindowRect: true, strictFileInteractability: false, timeouts: {implicit: 0, pageLoad: 300000, script: 30000}, unhandledPromptBehavior: dismiss and notify, webauthn:extension:credBlob: true, webauthn:extension:largeBlob: true, webauthn:extension:minPinLength: true, webauthn:extension:prf: true, webauthn:virtualAuthenticators: true}
Session ID: 88013fb2a698d84eda54d5ee27591e9f
	at java.base/jdk.internal.reflect.DirectConstructorHandleAccessor.newInstance(DirectConstructorHandleAccessor.java:67)
	at java.base/java.lang.reflect.Constructor.newInstanceWithCaller(Constructor.java:500)
	at java.base/java.lang.reflect.Constructor.newInstance(Constructor.java:484)
	at org.openqa.selenium.remote.codec.w3c.W3CHttpResponseCodec.createException(W3CHttpResponseCodec.java:200)
	at org.openqa.selenium.remote.codec.w3c.W3CHttpResponseCodec.decode(W3CHttpResponseCodec.java:133)
	at org.openqa.selenium.remote.codec.w3c.W3CHttpResponseCodec.decode(W3CHttpResponseCodec.java:52)
	at org.openqa.selenium.remote.HttpCommandExecutor.execute(HttpCommandExecutor.java:191)
	at org.openqa.selenium.remote.TracedCommandExecutor.execute(TracedCommandExecutor.java:51)
	at org.openqa.selenium.remote.RemoteWebDriver.execute(RemoteWebDriver.java:607)
	at org.openqa.selenium.remote.ElementLocation$ElementFinder$2.findElement(ElementLocation.java:165)
	at org.openqa.selenium.remote.ElementLocation.findElement(ElementLocation.java:59)
	at org.openqa.selenium.remote.RemoteWebDriver.findElement(RemoteWebDriver.java:364)
	at org.openqa.selenium.remote.RemoteWebDriver.findElement(RemoteWebDriver.java:358)
	at pageElements.AbstractComponents.elementStore(AbstractComponents.java:23)
	at pageElements.BaseElements.getPageContent(BaseElements.java:111)
	at scripts.CookiePage_T_C.verifyStaticContent(CookiePage_T_C.java:14)
	at java.base/jdk.internal.reflect.DirectMethodHandleAccessor.invoke(DirectMethodHandleAccessor.java:104)
	at java.base/java.lang.reflect.Method.invoke(Method.java:578)
	at org.testng.internal.invokers.MethodInvocationHelper.invokeMethod(MethodInvocationHelper.java:139)
	at org.testng.internal.invokers.TestInvoker.invokeMethod(TestInvoker.java:664)
	at org.testng.internal.invokers.TestInvoker.invokeTestMethod(TestInvoker.java:227)
	at org.testng.internal.invokers.MethodRunner.runInSequence(MethodRunner.java:50)
	at org.testng.internal.invokers.TestInvoker$MethodInvocationAgent.invoke(TestInvoker.java:957)
	at org.testng.internal.invokers.TestInvoker.invokeTestMethods(TestInvoker.java:200)
	at org.testng.internal.invokers.TestMethodWorker.invokeTestMethods(TestMethodWorker.java:148)
	at org.testng.internal.invokers.TestMethodWorker.run(TestMethodWorker.java:128)
	at java.base/java.util.ArrayList.forEach(ArrayList.java:1511)
	at org.testng.TestRunner.privateRun(TestRunner.java:848)
	at org.testng.TestRunner.run(TestRunner.java:621)
	at org.testng.SuiteRunner.runTest(SuiteRunner.java:443)
	at org.testng.SuiteRunner.runSequentially(SuiteRunner.java:437)
	at org.testng.SuiteRunner.privateRun(SuiteRunner.java:397)
	at org.testng.SuiteRunner.run(SuiteRunner.java:336)
	at org.testng.SuiteRunnerWorker.runSuite(SuiteRunnerWorker.java:52)
	at org.testng.SuiteRunnerWorker.run(SuiteRunnerWorker.java:95)
	at org.testng.TestNG.runSuitesSequentially(TestNG.java:1280)
	at org.testng.TestNG.runSuitesLocally(TestNG.java:1200)
	at org.testng.TestNG.runSuites(TestNG.java:1114)
	at org.testng.TestNG.run(TestNG.java:1082)
	at org.testng.remote.AbstractRemoteTestNG.run(AbstractRemoteTestNG.java:115)
	at org.testng.remote.RemoteTestNG.initAndRun(RemoteTestNG.java:251)
	at org.testng.remote.RemoteTestNG.main(RemoteTestNG.java:77)
</pre></div></td>
<td>14</td>
<td>scripts.CookiePage_T_C@6ed3ccb2</td></tr>
</table><p>
<table width='100%' border='1' class='invocation-passed'>
<tr><td colspan='4' align='center'><b>PASSED TESTS</b></td></tr>
<tr><td><b>Test method</b></td>
<td><b>Attribute(s)</b></td>
<td width="30%"><b>Exception</b></td>
<td width="10%"><b>Time (seconds)</b></td>
<td><b>Instance</b></td>
</tr>
<tr>
<td title='scripts.CookiePage_T_C.verifyDescRepetition()'><b>verifyDescRepetition</b><br>Test class: scripts.CookiePage_T_C<br>Parameters: https://worksfyi.com</td>
<td></td>
<td>3</td>
<td>scripts.CookiePage_T_C@6ed3ccb2</td></tr>
<tr>
<td title='scripts.CookiePage_T_C.verifyProtocol()'><b>verifyProtocol</b><br>Test class: scripts.CookiePage_T_C<br>Parameters: https://jobsnotion.com</td>
<td></td>
<td>3</td>
<td>scripts.CookiePage_T_C@6ed3ccb2</td></tr>
<tr>
<td title='scripts.CookiePage_T_C.verifyStaticContent()'><b>verifyStaticContent</b><br>Test class: scripts.CookiePage_T_C<br>Parameters: https://jobsnotion.com</td>
<td></td>
<td>4</td>
<td>scripts.CookiePage_T_C@6ed3ccb2</td></tr>
<tr>
<td title='scripts.CookiePage_T_C.verifyPageHeading()'><b>verifyPageHeading</b><br>Test class: scripts.CookiePage_T_C<br>Parameters: https://jobsnotion.com</td>
<td></td>
<td>4</td>
<td>scripts.CookiePage_T_C@6ed3ccb2</td></tr>
<tr>
<td title='scripts.CookiePage_T_C.verifySubdomain()'><b>verifySubdomain</b><br>Test class: scripts.CookiePage_T_C<br>Parameters: https://jobsnotion.com</td>
<td></td>
<td>4</td>
<td>scripts.CookiePage_T_C@6ed3ccb2</td></tr>
<tr>
<td title='scripts.CookiePage_T_C.verifySubdomain()'><b>verifySubdomain</b><br>Test class: scripts.CookiePage_T_C<br>Parameters: https://worksfyi.com</td>
<td></td>
<td>5</td>
<td>scripts.CookiePage_T_C@6ed3ccb2</td></tr>
<tr>
<td title='scripts.CookiePage_T_C.verifyDescRepetition()'><b>verifyDescRepetition</b><br>Test class: scripts.CookiePage_T_C<br>Parameters: https://jobsnotion.com</td>
<td></td>
<td>3</td>
<td>scripts.CookiePage_T_C@6ed3ccb2</td></tr>
<tr>
<td title='scripts.CookiePage_T_C.verifyHttpInPageSource()'><b>verifyHttpInPageSource</b><br>Test class: scripts.CookiePage_T_C<br>Parameters: https://worksfyi.com</td>
<td></td>
<td>3</td>
<td>scripts.CookiePage_T_C@6ed3ccb2</td></tr>
<tr>
<td title='scripts.CookiePage_T_C.verifyMetaContent()'><b>verifyMetaContent</b><br>Test class: scripts.CookiePage_T_C<br>Parameters: https://jobsnotion.com</td>
<td></td>
<td>3</td>
<td>scripts.CookiePage_T_C@6ed3ccb2</td></tr>
<tr>
<td title='scripts.CookiePage_T_C.verifyTitleRepetition()'><b>verifyTitleRepetition</b><br>Test class: scripts.CookiePage_T_C<br>Parameters: https://jobsnotion.com</td>
<td></td>
<td>3</td>
<td>scripts.CookiePage_T_C@6ed3ccb2</td></tr>
<tr>
<td title='scripts.CookiePage_T_C.verifyTitleRepetition()'><b>verifyTitleRepetition</b><br>Test class: scripts.CookiePage_T_C<br>Parameters: https://worksfyi.com</td>
<td></td>
<td>3</td>
<td>scripts.CookiePage_T_C@6ed3ccb2</td></tr>
<tr>
<td title='scripts.CookiePage_T_C.verifyConsole()'><b>verifyConsole</b><br>Test class: scripts.CookiePage_T_C<br>Parameters: https://worksfyi.com</td>
<td></td>
<td>4</td>
<td>scripts.CookiePage_T_C@6ed3ccb2</td></tr>
<tr>
<td title='scripts.CookiePage_T_C.verifyProtocol()'><b>verifyProtocol</b><br>Test class: scripts.CookiePage_T_C<br>Parameters: https://worksfyi.com</td>
<td></td>
<td>4</td>
<td>scripts.CookiePage_T_C@6ed3ccb2</td></tr>
<tr>
<td title='scripts.CookiePage_T_C.verifyConsole()'><b>verifyConsole</b><br>Test class: scripts.CookiePage_T_C<br>Parameters: https://jobsnotion.com</td>
<td></td>
<td>4</td>
<td>scripts.CookiePage_T_C@6ed3ccb2</td></tr>
<tr>
<td title='scripts.CookiePage_T_C.verifyNetworkStatus()'><b>verifyNetworkStatus</b><br>Test class: scripts.CookiePage_T_C<br>Parameters: https://worksfyi.com</td>
<td></td>
<td>4</td>
<td>scripts.CookiePage_T_C@6ed3ccb2</td></tr>
<tr>
<td title='scripts.CookiePage_T_C.verifyNetworkStatus()'><b>verifyNetworkStatus</b><br>Test class: scripts.CookiePage_T_C<br>Parameters: https://jobsnotion.com</td>
<td></td>
<td>6</td>
<td>scripts.CookiePage_T_C@6ed3ccb2</td></tr>
<tr>
<td title='scripts.CookiePage_T_C.verifyHttpInPageSource()'><b>verifyHttpInPageSource</b><br>Test class: scripts.CookiePage_T_C<br>Parameters: https://jobsnotion.com</td>
<td></td>
<td>3</td>
<td>scripts.CookiePage_T_C@6ed3ccb2</td></tr>
<tr>
<td title='scripts.CookiePage_T_C.verifyOgUrlRepetition()'><b>verifyOgUrlRepetition</b><br>Test class: scripts.CookiePage_T_C<br>Parameters: https://worksfyi.com</td>
<td></td>
<td>3</td>
<td>scripts.CookiePage_T_C@6ed3ccb2</td></tr>
<tr>
<td title='scripts.CookiePage_T_C.verifyMetaContent()'><b>verifyMetaContent</b><br>Test class: scripts.CookiePage_T_C<br>Parameters: https://worksfyi.com</td>
<td></td>
<td>5</td>
<td>scripts.CookiePage_T_C@6ed3ccb2</td></tr>
<tr>
<td title='scripts.CookiePage_T_C.verifyOgUrlRepetition()'><b>verifyOgUrlRepetition</b><br>Test class: scripts.CookiePage_T_C<br>Parameters: https://jobsnotion.com</td>
<td></td>
<td>4</td>
<td>scripts.CookiePage_T_C@6ed3ccb2</td></tr>
<tr>
<td title='scripts.CookiePage_T_C.verifyPageHeading()'><b>verifyPageHeading</b><br>Test class: scripts.CookiePage_T_C<br>Parameters: https://worksfyi.com</td>
<td></td>
<td>4</td>
<td>scripts.CookiePage_T_C@6ed3ccb2</td></tr>
</table><p>
</body>
</html>