<?xml version="1.0" encoding="UTF-8"?>
<!-- Generated by org.testng.reporters.JUnitXMLReporter -->
<testsuite ignored="0" hostname="DESKTOP-193VCU3" failures="81" tests="344" name="Home page" time="1455.389" errors="0" timestamp="2024-04-04T11:37:32 IST">
  <testcase classname="scripts.CookiePage_T_C" name="verifyConsole" time="10.514"/>
  <testcase classname="scripts.PrivacyPage_T_C" name="verifyConsole" time="11.759"/>
  <testcase classname="scripts.ContactPage_T_C" name="clientSideValidation" time="13.346"/>
  <testcase classname="scripts.SearchPage_T_C" name="validateCompanyFilter" time="20.342"/>
  <testcase classname="scripts.HomePage_T_C" name="verifyConsole" time="3.338"/>
  <testcase classname="scripts.CookiePage_T_C" name="verifyConsole" time="8.909"/>
  <testcase classname="scripts.PrivacyPage_T_C" name="verifyConsole" time="10.101"/>
  <testcase classname="scripts.ContactPage_T_C" name="clientSideValidation" time="9.476"/>
  <testcase classname="scripts.HomePage_T_C" name="verifyConsole" time="6.719"/>
  <testcase classname="scripts.CookiePage_T_C" name="verifyConsole" time="6.514"/>
  <testcase classname="scripts.PrivacyPage_T_C" name="verifyConsole" time="8.963"/>
  <testcase classname="scripts.ContactPage_T_C" name="clientSideValidation" time="6.413"/>
  <testcase classname="scripts.SearchPage_T_C" name="validateCompanyFilter" time="24.586"/>
  <testcase classname="scripts.HomePage_T_C" name="verifyConsole" time="2.114"/>
  <testcase classname="scripts.CookiePage_T_C" name="verifyConsole" time="8.587"/>
  <testcase classname="scripts.HomePage_T_C" name="verifyConsole" time="2.761"/>
  <testcase classname="scripts.PrivacyPage_T_C" name="verifyConsole" time="8.335"/>
  <testcase classname="scripts.ContactPage_T_C" name="clientSideValidation" time="6.367"/>
  <testcase classname="scripts.HomePage_T_C" name="verifyDescRepetition" time="4.662"/>
  <testcase classname="scripts.CookiePage_T_C" name="verifyDescRepetition" time="8.173"/>
  <testcase classname="scripts.ContactPage_T_C" name="serverSideValidationWithInvalidDetails" time="11.017"/>
  <testcase classname="scripts.SearchPage_T_C" name="validateCompanyFilter" time="16.893"/>
  <testcase classname="scripts.PrivacyPage_T_C" name="verifyDescRepetition" time="7.907"/>
  <testcase classname="scripts.HomePage_T_C" name="verifyDescRepetition" time="7.452"/>
  <testcase classname="scripts.CookiePage_T_C" name="verifyDescRepetition" time="9.171"/>
  <testcase classname="scripts.SearchPage_T_C" name="validateCompanyFilter" time="14.036">
    <failure type="org.openqa.selenium.NoSuchElementException" message="no such element: Unable to locate element: {&amp;quot;method&amp;quot;:&amp;quot;xpath&amp;quot;,&amp;quot;selector&amp;quot;:&amp;quot;//*[text()=&amp;apos;SEARCH&amp;apos; or text()=&amp;apos;FIND JOBS&amp;apos; or text()=&amp;apos;Search&amp;apos;or text()=&amp;apos;Browse Jobs&amp;apos; or text()=&amp;apos;BROWSE JOBS&amp;apos; or @type=&amp;apos;submit&amp;apos; or text()=&amp;apos;More Jobs&amp;apos;]&amp;quot;}
  (Session info: chrome=123.0.6312.86)
For documentation on this error, please visit: https://www.selenium.dev/documentation/webdriver/troubleshooting/errors#no-such-element-exception
Build info: version: &amp;apos;4.15.0&amp;apos;, revision: &amp;apos;1d14b5521b&amp;apos;
System info: os.name: &amp;apos;Windows 10&amp;apos;, os.arch: &amp;apos;amd64&amp;apos;, os.version: &amp;apos;10.0&amp;apos;, java.version: &amp;apos;19.0.2&amp;apos;
Driver info: org.openqa.selenium.remote.RemoteWebDriver
Command: [ab84e52d0ab639064ae2c10fc3ccdd15, findElement {using=xpath, value=//*[text()=&amp;apos;SEARCH&amp;apos; or text()=&amp;apos;FIND JOBS&amp;apos; or text()=&amp;apos;Search&amp;apos;or text()=&amp;apos;Browse Jobs&amp;apos; or text()=&amp;apos;BROWSE JOBS&amp;apos; or @type=&amp;apos;submit&amp;apos; or text()=&amp;apos;More Jobs&amp;apos;]}]
Capabilities {acceptInsecureCerts: false, browserName: chrome, browserVersion: 123.0.6312.86, chrome: {chromedriverVersion: 122.0.6261.94 (880dbf29479c..., userDataDir: C:\Users\JOBIAK\AppData\Loc...}, fedcm:accounts: true, goog:chromeOptions: {debuggerAddress: localhost:53139}, networkConnectionEnabled: false, pageLoadStrategy: normal, platformName: Windows 10, proxy: Proxy(), se:bidiEnabled: false, se:cdp: ws://192.168.0.7:4444/sessi..., se:cdpVersion: 123.0.6312.86, setWindowRect: true, strictFileInteractability: false, timeouts: {implicit: 0, pageLoad: 300000, script: 30000}, unhandledPromptBehavior: dismiss and notify, webauthn:extension:credBlob: true, webauthn:extension:largeBlob: true, webauthn:extension:minPinLength: true, webauthn:extension:prf: true, webauthn:virtualAuthenticators: true}
Session ID: ab84e52d0ab639064ae2c10fc3ccdd15">
      <![CDATA[org.openqa.selenium.NoSuchElementException: no such element: Unable to locate element: {"method":"xpath","selector":"//*[text()='SEARCH' or text()='FIND JOBS' or text()='Search'or text()='Browse Jobs' or text()='BROWSE JOBS' or @type='submit' or text()='More Jobs']"}
  (Session info: chrome=123.0.6312.86)
For documentation on this error, please visit: https://www.selenium.dev/documentation/webdriver/troubleshooting/errors#no-such-element-exception
Build info: version: '4.15.0', revision: '1d14b5521b'
System info: os.name: 'Windows 10', os.arch: 'amd64', os.version: '10.0', java.version: '19.0.2'
Driver info: org.openqa.selenium.remote.RemoteWebDriver
Command: [ab84e52d0ab639064ae2c10fc3ccdd15, findElement {using=xpath, value=//*[text()='SEARCH' or text()='FIND JOBS' or text()='Search'or text()='Browse Jobs' or text()='BROWSE JOBS' or @type='submit' or text()='More Jobs']}]
Capabilities {acceptInsecureCerts: false, browserName: chrome, browserVersion: 123.0.6312.86, chrome: {chromedriverVersion: 122.0.6261.94 (880dbf29479c..., userDataDir: C:\Users\JOBIAK\AppData\Loc...}, fedcm:accounts: true, goog:chromeOptions: {debuggerAddress: localhost:53139}, networkConnectionEnabled: false, pageLoadStrategy: normal, platformName: Windows 10, proxy: Proxy(), se:bidiEnabled: false, se:cdp: ws://192.168.0.7:4444/sessi..., se:cdpVersion: 123.0.6312.86, setWindowRect: true, strictFileInteractability: false, timeouts: {implicit: 0, pageLoad: 300000, script: 30000}, unhandledPromptBehavior: dismiss and notify, webauthn:extension:credBlob: true, webauthn:extension:largeBlob: true, webauthn:extension:minPinLength: true, webauthn:extension:prf: true, webauthn:virtualAuthenticators: true}
Session ID: ab84e52d0ab639064ae2c10fc3ccdd15
at org.openqa.selenium.remote.codec.w3c.W3CHttpResponseCodec.createException(W3CHttpResponseCodec.java:200)
at org.openqa.selenium.remote.codec.w3c.W3CHttpResponseCodec.decode(W3CHttpResponseCodec.java:133)
at org.openqa.selenium.remote.codec.w3c.W3CHttpResponseCodec.decode(W3CHttpResponseCodec.java:52)
at org.openqa.selenium.remote.HttpCommandExecutor.execute(HttpCommandExecutor.java:191)
at org.openqa.selenium.remote.TracedCommandExecutor.execute(TracedCommandExecutor.java:51)
at org.openqa.selenium.remote.RemoteWebDriver.execute(RemoteWebDriver.java:607)
at org.openqa.selenium.remote.ElementLocation$ElementFinder$2.findElement(ElementLocation.java:165)
at org.openqa.selenium.remote.ElementLocation.findElement(ElementLocation.java:59)
at org.openqa.selenium.remote.RemoteWebDriver.findElement(RemoteWebDriver.java:364)
at org.openqa.selenium.remote.RemoteWebDriver.findElement(RemoteWebDriver.java:358)
at pageElements.AbstractComponents.elementStore(AbstractComponents.java:23)
at pageElements.HomePageElements.clickOnSearch(HomePageElements.java:60)
at scripts.SearchPage_T_C.validateCompanyFilter(SearchPage_T_C.java:17)
at java.base/java.util.concurrent.ThreadPoolExecutor.runWorker(ThreadPoolExecutor.java:1144)
at java.base/java.util.concurrent.ThreadPoolExecutor$Worker.run(ThreadPoolExecutor.java:642)
at java.base/java.lang.Thread.run(Thread.java:1589)
... Removed 13 stack frames]]>
    </failure>
  </testcase> <!-- validateCompanyFilter -->
  <testcase classname="scripts.HomePage_T_C" name="verifyDescRepetition" time="3.614"/>
  <testcase classname="scripts.ContactPage_T_C" name="serverSideValidationWithInvalidDetails" time="10.86"/>
  <testcase classname="scripts.PrivacyPage_T_C" name="verifyDescRepetition" time="8.4"/>
  <testcase classname="scripts.CookiePage_T_C" name="verifyDescRepetition" time="8.72"/>
  <testcase classname="scripts.SearchPage_T_C" name="validateMinimumJobCount" time="9.228">
    <failure type="java.lang.AssertionError" message="The following asserts failed:
	50   120 expected [true] but found [false]">
      <![CDATA[java.lang.AssertionError: The following asserts failed:
50   120 expected [true] but found [false]
at scripts.SearchPage_T_C.validateMinimumJobCount(SearchPage_T_C.java:45)
at java.base/java.util.concurrent.ThreadPoolExecutor.runWorker(ThreadPoolExecutor.java:1144)
at java.base/java.util.concurrent.ThreadPoolExecutor$Worker.run(ThreadPoolExecutor.java:642)
at java.base/java.lang.Thread.run(Thread.java:1589)
... Removed 12 stack frames]]>
    </failure>
  </testcase> <!-- validateMinimumJobCount -->
  <testcase classname="scripts.HomePage_T_C" name="verifyDescRepetition" time="3.259"/>
  <testcase classname="scripts.ContactPage_T_C" name="serverSideValidationWithInvalidDetails" time="8.422"/>
  <testcase classname="scripts.PrivacyPage_T_C" name="verifyDescRepetition" time="5.391"/>
  <testcase classname="scripts.CookiePage_T_C" name="verifyDescRepetition" time="6.577"/>
  <testcase classname="scripts.HomePage_T_C" name="verifyDomainPipeline" time="3.894"/>
  <testcase classname="scripts.ContactPage_T_C" name="serverSideValidationWithInvalidDetails" time="7.491"/>
  <testcase classname="scripts.SearchPage_T_C" name="validateMinimumJobCount" time="13.635"/>
  <testcase classname="scripts.PrivacyPage_T_C" name="verifyDescRepetition" time="5.246"/>
  <testcase classname="scripts.CookiePage_T_C" name="verifyHttpInPageSource" time="5.334"/>
  <testcase classname="scripts.HomePage_T_C" name="verifyDomainPipeline" time="6.656"/>
  <testcase classname="scripts.PrivacyPage_T_C" name="verifyHttpInPageSource" time="7.739"/>
  <testcase classname="scripts.ContactPage_T_C" name="serverSideValidationWithValidDetails" time="12.801"/>
  <testcase classname="scripts.SearchPage_T_C" name="validateMinimumJobCount" time="8.388">
    <failure type="java.lang.AssertionError" message="The following asserts failed:
	240   120 expected [true] but found [false]">
      <![CDATA[java.lang.AssertionError: The following asserts failed:
240   120 expected [true] but found [false]
at scripts.SearchPage_T_C.validateMinimumJobCount(SearchPage_T_C.java:45)
at java.base/java.util.concurrent.ThreadPoolExecutor.runWorker(ThreadPoolExecutor.java:1144)
at java.base/java.util.concurrent.ThreadPoolExecutor$Worker.run(ThreadPoolExecutor.java:642)
at java.base/java.lang.Thread.run(Thread.java:1589)
... Removed 12 stack frames]]>
    </failure>
  </testcase> <!-- validateMinimumJobCount -->
  <testcase classname="scripts.HomePage_T_C" name="verifyDomainPipeline" time="3.015"/>
  <testcase classname="scripts.CookiePage_T_C" name="verifyHttpInPageSource" time="8.207"/>
  <testcase classname="scripts.HomePage_T_C" name="verifyDomainPipeline" time="4.285"/>
  <testcase classname="scripts.PrivacyPage_T_C" name="verifyHttpInPageSource" time="7.978"/>
  <testcase classname="scripts.ContactPage_T_C" name="serverSideValidationWithValidDetails" time="11.01"/>
  <testcase classname="scripts.CookiePage_T_C" name="verifyHttpInPageSource" time="4.821"/>
  <testcase classname="scripts.HomePage_T_C" name="verifyDomainViewPort" time="4.035"/>
  <testcase classname="scripts.SearchPage_T_C" name="validateMinimumJobCount" time="13.467">
    <failure type="org.openqa.selenium.NoSuchElementException" message="no such element: Unable to locate element: {&amp;quot;method&amp;quot;:&amp;quot;xpath&amp;quot;,&amp;quot;selector&amp;quot;:&amp;quot;//*[text()=&amp;apos;SEARCH&amp;apos; or text()=&amp;apos;FIND JOBS&amp;apos; or text()=&amp;apos;Search&amp;apos;or text()=&amp;apos;Browse Jobs&amp;apos; or text()=&amp;apos;BROWSE JOBS&amp;apos; or @type=&amp;apos;submit&amp;apos; or text()=&amp;apos;More Jobs&amp;apos;]&amp;quot;}
  (Session info: chrome=123.0.6312.86)
For documentation on this error, please visit: https://www.selenium.dev/documentation/webdriver/troubleshooting/errors#no-such-element-exception
Build info: version: &amp;apos;4.15.0&amp;apos;, revision: &amp;apos;1d14b5521b&amp;apos;
System info: os.name: &amp;apos;Windows 10&amp;apos;, os.arch: &amp;apos;amd64&amp;apos;, os.version: &amp;apos;10.0&amp;apos;, java.version: &amp;apos;19.0.2&amp;apos;
Driver info: org.openqa.selenium.remote.RemoteWebDriver
Command: [4b621d4ef5b26ef3c6760a620bb4cd18, findElement {using=xpath, value=//*[text()=&amp;apos;SEARCH&amp;apos; or text()=&amp;apos;FIND JOBS&amp;apos; or text()=&amp;apos;Search&amp;apos;or text()=&amp;apos;Browse Jobs&amp;apos; or text()=&amp;apos;BROWSE JOBS&amp;apos; or @type=&amp;apos;submit&amp;apos; or text()=&amp;apos;More Jobs&amp;apos;]}]
Capabilities {acceptInsecureCerts: false, browserName: chrome, browserVersion: 123.0.6312.86, chrome: {chromedriverVersion: 122.0.6261.94 (880dbf29479c..., userDataDir: C:\Users\JOBIAK\AppData\Loc...}, fedcm:accounts: true, goog:chromeOptions: {debuggerAddress: localhost:53604}, networkConnectionEnabled: false, pageLoadStrategy: normal, platformName: Windows 10, proxy: Proxy(), se:bidiEnabled: false, se:cdp: ws://192.168.0.7:4444/sessi..., se:cdpVersion: 123.0.6312.86, setWindowRect: true, strictFileInteractability: false, timeouts: {implicit: 0, pageLoad: 300000, script: 30000}, unhandledPromptBehavior: dismiss and notify, webauthn:extension:credBlob: true, webauthn:extension:largeBlob: true, webauthn:extension:minPinLength: true, webauthn:extension:prf: true, webauthn:virtualAuthenticators: true}
Session ID: 4b621d4ef5b26ef3c6760a620bb4cd18">
      <![CDATA[org.openqa.selenium.NoSuchElementException: no such element: Unable to locate element: {"method":"xpath","selector":"//*[text()='SEARCH' or text()='FIND JOBS' or text()='Search'or text()='Browse Jobs' or text()='BROWSE JOBS' or @type='submit' or text()='More Jobs']"}
  (Session info: chrome=123.0.6312.86)
For documentation on this error, please visit: https://www.selenium.dev/documentation/webdriver/troubleshooting/errors#no-such-element-exception
Build info: version: '4.15.0', revision: '1d14b5521b'
System info: os.name: 'Windows 10', os.arch: 'amd64', os.version: '10.0', java.version: '19.0.2'
Driver info: org.openqa.selenium.remote.RemoteWebDriver
Command: [4b621d4ef5b26ef3c6760a620bb4cd18, findElement {using=xpath, value=//*[text()='SEARCH' or text()='FIND JOBS' or text()='Search'or text()='Browse Jobs' or text()='BROWSE JOBS' or @type='submit' or text()='More Jobs']}]
Capabilities {acceptInsecureCerts: false, browserName: chrome, browserVersion: 123.0.6312.86, chrome: {chromedriverVersion: 122.0.6261.94 (880dbf29479c..., userDataDir: C:\Users\JOBIAK\AppData\Loc...}, fedcm:accounts: true, goog:chromeOptions: {debuggerAddress: localhost:53604}, networkConnectionEnabled: false, pageLoadStrategy: normal, platformName: Windows 10, proxy: Proxy(), se:bidiEnabled: false, se:cdp: ws://192.168.0.7:4444/sessi..., se:cdpVersion: 123.0.6312.86, setWindowRect: true, strictFileInteractability: false, timeouts: {implicit: 0, pageLoad: 300000, script: 30000}, unhandledPromptBehavior: dismiss and notify, webauthn:extension:credBlob: true, webauthn:extension:largeBlob: true, webauthn:extension:minPinLength: true, webauthn:extension:prf: true, webauthn:virtualAuthenticators: true}
Session ID: 4b621d4ef5b26ef3c6760a620bb4cd18
at org.openqa.selenium.remote.codec.w3c.W3CHttpResponseCodec.createException(W3CHttpResponseCodec.java:200)
at org.openqa.selenium.remote.codec.w3c.W3CHttpResponseCodec.decode(W3CHttpResponseCodec.java:133)
at org.openqa.selenium.remote.codec.w3c.W3CHttpResponseCodec.decode(W3CHttpResponseCodec.java:52)
at org.openqa.selenium.remote.HttpCommandExecutor.execute(HttpCommandExecutor.java:191)
at org.openqa.selenium.remote.TracedCommandExecutor.execute(TracedCommandExecutor.java:51)
at org.openqa.selenium.remote.RemoteWebDriver.execute(RemoteWebDriver.java:607)
at org.openqa.selenium.remote.ElementLocation$ElementFinder$2.findElement(ElementLocation.java:165)
at org.openqa.selenium.remote.ElementLocation.findElement(ElementLocation.java:59)
at org.openqa.selenium.remote.RemoteWebDriver.findElement(RemoteWebDriver.java:364)
at org.openqa.selenium.remote.RemoteWebDriver.findElement(RemoteWebDriver.java:358)
at pageElements.AbstractComponents.elementStore(AbstractComponents.java:23)
at pageElements.HomePageElements.clickOnSearch(HomePageElements.java:60)
at scripts.SearchPage_T_C.validateMinimumJobCount(SearchPage_T_C.java:43)
at java.base/java.util.concurrent.ThreadPoolExecutor.runWorker(ThreadPoolExecutor.java:1144)
at java.base/java.util.concurrent.ThreadPoolExecutor$Worker.run(ThreadPoolExecutor.java:642)
at java.base/java.lang.Thread.run(Thread.java:1589)
... Removed 13 stack frames]]>
    </failure>
  </testcase> <!-- validateMinimumJobCount -->
  <testcase classname="scripts.PrivacyPage_T_C" name="verifyHttpInPageSource" time="7.669"/>
  <testcase classname="scripts.CookiePage_T_C" name="verifyHttpInPageSource" time="5.323"/>
  <testcase classname="scripts.ContactPage_T_C" name="serverSideValidationWithValidDetails" time="9.026"/>
  <testcase classname="scripts.HomePage_T_C" name="verifyDomainViewPort" time="5.638"/>
  <testcase classname="scripts.PrivacyPage_T_C" name="verifyHttpInPageSource" time="8.958"/>
  <testcase classname="scripts.CookiePage_T_C" name="verifyMetaContent" time="5.639">
    <failure type="java.lang.NullPointerException" message="Cannot invoke &amp;quot;java.util.List.get(int)&amp;quot; because the return value of &amp;quot;java.util.Map.get(Object)&amp;quot; is null">
      <![CDATA[java.lang.NullPointerException: Cannot invoke "java.util.List.get(int)" because the return value of "java.util.Map.get(Object)" is null
at utilities.MetaFileHandler.readMetaContentFromExcel(MetaFileHandler.java:99)
at scripts.CookiePage_T_C.verifyMetaContent(CookiePage_T_C.java:83)
at java.base/java.util.concurrent.ThreadPoolExecutor.runWorker(ThreadPoolExecutor.java:1144)
at java.base/java.util.concurrent.ThreadPoolExecutor$Worker.run(ThreadPoolExecutor.java:642)
at java.base/java.lang.Thread.run(Thread.java:1589)
... Removed 10 stack frames]]>
    </failure>
  </testcase> <!-- verifyMetaContent -->
  <testcase classname="scripts.SearchPage_T_C" name="verifyApplyButton" time="13.839">
    <failure type="java.lang.AssertionError" message="The following asserts failed:
	expected [true] but found [false]">
      <![CDATA[java.lang.AssertionError: The following asserts failed:
expected [true] but found [false]
at scripts.SearchPage_T_C.verifyApplyButton(SearchPage_T_C.java:69)
at java.base/java.util.concurrent.ThreadPoolExecutor.runWorker(ThreadPoolExecutor.java:1144)
at java.base/java.util.concurrent.ThreadPoolExecutor$Worker.run(ThreadPoolExecutor.java:642)
at java.base/java.lang.Thread.run(Thread.java:1589)
... Removed 12 stack frames]]>
    </failure>
  </testcase> <!-- verifyApplyButton -->
  <testcase classname="scripts.ContactPage_T_C" name="serverSideValidationWithValidDetails" time="8.353"/>
  <testcase classname="scripts.HomePage_T_C" name="verifyDomainViewPort" time="2.898"/>
  <testcase classname="scripts.PrivacyPage_T_C" name="verifyMetaContent" time="7.857">
    <failure type="java.lang.NullPointerException" message="Cannot invoke &amp;quot;java.util.List.get(int)&amp;quot; because the return value of &amp;quot;java.util.Map.get(Object)&amp;quot; is null">
      <![CDATA[java.lang.NullPointerException: Cannot invoke "java.util.List.get(int)" because the return value of "java.util.Map.get(Object)" is null
at utilities.MetaFileHandler.readMetaContentFromExcel(MetaFileHandler.java:99)
at scripts.PrivacyPage_T_C.verifyMetaContent(PrivacyPage_T_C.java:83)
at java.base/java.util.concurrent.ThreadPoolExecutor.runWorker(ThreadPoolExecutor.java:1144)
at java.base/java.util.concurrent.ThreadPoolExecutor$Worker.run(ThreadPoolExecutor.java:642)
at java.base/java.lang.Thread.run(Thread.java:1589)
... Removed 10 stack frames]]>
    </failure>
  </testcase> <!-- verifyMetaContent -->
  <testcase classname="scripts.CookiePage_T_C" name="verifyMetaContent" time="8.27">
    <failure type="java.lang.NullPointerException" message="Cannot invoke &amp;quot;java.util.List.get(int)&amp;quot; because the return value of &amp;quot;java.util.Map.get(Object)&amp;quot; is null">
      <![CDATA[java.lang.NullPointerException: Cannot invoke "java.util.List.get(int)" because the return value of "java.util.Map.get(Object)" is null
at utilities.MetaFileHandler.readMetaContentFromExcel(MetaFileHandler.java:99)
at scripts.CookiePage_T_C.verifyMetaContent(CookiePage_T_C.java:83)
at java.base/java.util.concurrent.ThreadPoolExecutor.runWorker(ThreadPoolExecutor.java:1144)
at java.base/java.util.concurrent.ThreadPoolExecutor$Worker.run(ThreadPoolExecutor.java:642)
at java.base/java.lang.Thread.run(Thread.java:1589)
... Removed 10 stack frames]]>
    </failure>
  </testcase> <!-- verifyMetaContent -->
  <testcase classname="scripts.ContactPage_T_C" name="validateErrorMessages" time="6.536">
    <failure type="java.lang.AssertionError" message="The following asserts failed:
	Phone	 error is not matching expected [true] but found [false]">
      <![CDATA[java.lang.AssertionError: The following asserts failed:
Phone error is not matching expected [true] but found [false]
at scripts.ContactPage_T_C.validateErrorMessages(ContactPage_T_C.java:34)
at java.base/java.util.concurrent.ThreadPoolExecutor.runWorker(ThreadPoolExecutor.java:1144)
at java.base/java.util.concurrent.ThreadPoolExecutor$Worker.run(ThreadPoolExecutor.java:642)
at java.base/java.lang.Thread.run(Thread.java:1589)
... Removed 12 stack frames]]>
    </failure>
  </testcase> <!-- validateErrorMessages -->
  <testcase classname="scripts.SearchPage_T_C" name="verifyApplyButton" time="14.098"/>
  <testcase classname="scripts.HomePage_T_C" name="verifyDomainViewPort" time="4.165"/>
  <testcase classname="scripts.PrivacyPage_T_C" name="verifyMetaContent" time="9.053">
    <failure type="java.lang.NullPointerException" message="Cannot invoke &amp;quot;java.util.List.get(int)&amp;quot; because the return value of &amp;quot;java.util.Map.get(Object)&amp;quot; is null">
      <![CDATA[java.lang.NullPointerException: Cannot invoke "java.util.List.get(int)" because the return value of "java.util.Map.get(Object)" is null
at utilities.MetaFileHandler.readMetaContentFromExcel(MetaFileHandler.java:99)
at scripts.PrivacyPage_T_C.verifyMetaContent(PrivacyPage_T_C.java:83)
at java.base/java.util.concurrent.ThreadPoolExecutor.runWorker(ThreadPoolExecutor.java:1144)
at java.base/java.util.concurrent.ThreadPoolExecutor$Worker.run(ThreadPoolExecutor.java:642)
at java.base/java.lang.Thread.run(Thread.java:1589)
... Removed 10 stack frames]]>
    </failure>
  </testcase> <!-- verifyMetaContent -->
  <testcase classname="scripts.CookiePage_T_C" name="verifyMetaContent" time="6.775">
    <failure type="java.lang.NullPointerException" message="Cannot invoke &amp;quot;java.util.List.get(int)&amp;quot; because the return value of &amp;quot;java.util.Map.get(Object)&amp;quot; is null">
      <![CDATA[java.lang.NullPointerException: Cannot invoke "java.util.List.get(int)" because the return value of "java.util.Map.get(Object)" is null
at utilities.MetaFileHandler.readMetaContentFromExcel(MetaFileHandler.java:99)
at scripts.CookiePage_T_C.verifyMetaContent(CookiePage_T_C.java:83)
at java.base/java.util.concurrent.ThreadPoolExecutor.runWorker(ThreadPoolExecutor.java:1144)
at java.base/java.util.concurrent.ThreadPoolExecutor$Worker.run(ThreadPoolExecutor.java:642)
at java.base/java.lang.Thread.run(Thread.java:1589)
... Removed 10 stack frames]]>
    </failure>
  </testcase> <!-- verifyMetaContent -->
  <testcase classname="scripts.ContactPage_T_C" name="validateErrorMessages" time="8.806">
    <failure type="java.lang.AssertionError" message="The following asserts failed:
	Phone	 error is not matching expected [true] but found [false]">
      <![CDATA[java.lang.AssertionError: The following asserts failed:
Phone error is not matching expected [true] but found [false]
at scripts.ContactPage_T_C.validateErrorMessages(ContactPage_T_C.java:34)
at java.base/java.util.concurrent.ThreadPoolExecutor.runWorker(ThreadPoolExecutor.java:1144)
at java.base/java.util.concurrent.ThreadPoolExecutor$Worker.run(ThreadPoolExecutor.java:642)
at java.base/java.lang.Thread.run(Thread.java:1589)
... Removed 12 stack frames]]>
    </failure>
  </testcase> <!-- validateErrorMessages -->
  <testcase classname="scripts.HomePage_T_C" name="verifyFaviconNetwork" time="4.68"/>
  <testcase classname="scripts.SearchPage_T_C" name="verifyApplyButton" time="12.495"/>
  <testcase classname="scripts.PrivacyPage_T_C" name="verifyMetaContent" time="4.758">
    <failure type="java.lang.NullPointerException" message="Cannot invoke &amp;quot;java.util.List.get(int)&amp;quot; because the return value of &amp;quot;java.util.Map.get(Object)&amp;quot; is null">
      <![CDATA[java.lang.NullPointerException: Cannot invoke "java.util.List.get(int)" because the return value of "java.util.Map.get(Object)" is null
at utilities.MetaFileHandler.readMetaContentFromExcel(MetaFileHandler.java:99)
at scripts.PrivacyPage_T_C.verifyMetaContent(PrivacyPage_T_C.java:83)
at java.base/java.util.concurrent.ThreadPoolExecutor.runWorker(ThreadPoolExecutor.java:1144)
at java.base/java.util.concurrent.ThreadPoolExecutor$Worker.run(ThreadPoolExecutor.java:642)
at java.base/java.lang.Thread.run(Thread.java:1589)
... Removed 10 stack frames]]>
    </failure>
  </testcase> <!-- verifyMetaContent -->
  <testcase classname="scripts.CookiePage_T_C" name="verifyMetaContent" time="5.136">
    <failure type="java.lang.NullPointerException" message="Cannot invoke &amp;quot;java.util.List.get(int)&amp;quot; because the return value of &amp;quot;java.util.Map.get(Object)&amp;quot; is null">
      <![CDATA[java.lang.NullPointerException: Cannot invoke "java.util.List.get(int)" because the return value of "java.util.Map.get(Object)" is null
at utilities.MetaFileHandler.readMetaContentFromExcel(MetaFileHandler.java:99)
at scripts.CookiePage_T_C.verifyMetaContent(CookiePage_T_C.java:83)
at java.base/java.util.concurrent.ThreadPoolExecutor.runWorker(ThreadPoolExecutor.java:1144)
at java.base/java.util.concurrent.ThreadPoolExecutor$Worker.run(ThreadPoolExecutor.java:642)
at java.base/java.lang.Thread.run(Thread.java:1589)
... Removed 10 stack frames]]>
    </failure>
  </testcase> <!-- verifyMetaContent -->
  <testcase classname="scripts.ContactPage_T_C" name="validateErrorMessages" time="7.236"/>
  <testcase classname="scripts.PrivacyPage_T_C" name="verifyMetaContent" time="4.734">
    <failure type="java.lang.NullPointerException" message="Cannot invoke &amp;quot;java.util.List.get(int)&amp;quot; because the return value of &amp;quot;java.util.Map.get(Object)&amp;quot; is null">
      <![CDATA[java.lang.NullPointerException: Cannot invoke "java.util.List.get(int)" because the return value of "java.util.Map.get(Object)" is null
at utilities.MetaFileHandler.readMetaContentFromExcel(MetaFileHandler.java:99)
at scripts.PrivacyPage_T_C.verifyMetaContent(PrivacyPage_T_C.java:83)
at java.base/java.util.concurrent.ThreadPoolExecutor.runWorker(ThreadPoolExecutor.java:1144)
at java.base/java.util.concurrent.ThreadPoolExecutor$Worker.run(ThreadPoolExecutor.java:642)
at java.base/java.lang.Thread.run(Thread.java:1589)
... Removed 10 stack frames]]>
    </failure>
  </testcase> <!-- verifyMetaContent -->
  <testcase classname="scripts.HomePage_T_C" name="verifyFaviconNetwork" time="7.775"/>
  <testcase classname="scripts.SearchPage_T_C" name="verifyApplyButton" time="14.427">
    <failure type="org.openqa.selenium.NoSuchElementException" message="no such element: Unable to locate element: {&amp;quot;method&amp;quot;:&amp;quot;xpath&amp;quot;,&amp;quot;selector&amp;quot;:&amp;quot;//*[text()=&amp;apos;SEARCH&amp;apos; or text()=&amp;apos;FIND JOBS&amp;apos; or text()=&amp;apos;Search&amp;apos;or text()=&amp;apos;Browse Jobs&amp;apos; or text()=&amp;apos;BROWSE JOBS&amp;apos; or @type=&amp;apos;submit&amp;apos; or text()=&amp;apos;More Jobs&amp;apos;]&amp;quot;}
  (Session info: chrome=123.0.6312.86)
For documentation on this error, please visit: https://www.selenium.dev/documentation/webdriver/troubleshooting/errors#no-such-element-exception
Build info: version: &amp;apos;4.15.0&amp;apos;, revision: &amp;apos;1d14b5521b&amp;apos;
System info: os.name: &amp;apos;Windows 10&amp;apos;, os.arch: &amp;apos;amd64&amp;apos;, os.version: &amp;apos;10.0&amp;apos;, java.version: &amp;apos;19.0.2&amp;apos;
Driver info: org.openqa.selenium.remote.RemoteWebDriver
Command: [031128649441f53aae4b2376e8eb98cf, findElement {using=xpath, value=//*[text()=&amp;apos;SEARCH&amp;apos; or text()=&amp;apos;FIND JOBS&amp;apos; or text()=&amp;apos;Search&amp;apos;or text()=&amp;apos;Browse Jobs&amp;apos; or text()=&amp;apos;BROWSE JOBS&amp;apos; or @type=&amp;apos;submit&amp;apos; or text()=&amp;apos;More Jobs&amp;apos;]}]
Capabilities {acceptInsecureCerts: false, browserName: chrome, browserVersion: 123.0.6312.86, chrome: {chromedriverVersion: 122.0.6261.94 (880dbf29479c..., userDataDir: C:\Users\JOBIAK\AppData\Loc...}, fedcm:accounts: true, goog:chromeOptions: {debuggerAddress: localhost:54099}, networkConnectionEnabled: false, pageLoadStrategy: normal, platformName: Windows 10, proxy: Proxy(), se:bidiEnabled: false, se:cdp: ws://192.168.0.7:4444/sessi..., se:cdpVersion: 123.0.6312.86, setWindowRect: true, strictFileInteractability: false, timeouts: {implicit: 0, pageLoad: 300000, script: 30000}, unhandledPromptBehavior: dismiss and notify, webauthn:extension:credBlob: true, webauthn:extension:largeBlob: true, webauthn:extension:minPinLength: true, webauthn:extension:prf: true, webauthn:virtualAuthenticators: true}
Session ID: 031128649441f53aae4b2376e8eb98cf">
      <![CDATA[org.openqa.selenium.NoSuchElementException: no such element: Unable to locate element: {"method":"xpath","selector":"//*[text()='SEARCH' or text()='FIND JOBS' or text()='Search'or text()='Browse Jobs' or text()='BROWSE JOBS' or @type='submit' or text()='More Jobs']"}
  (Session info: chrome=123.0.6312.86)
For documentation on this error, please visit: https://www.selenium.dev/documentation/webdriver/troubleshooting/errors#no-such-element-exception
Build info: version: '4.15.0', revision: '1d14b5521b'
System info: os.name: 'Windows 10', os.arch: 'amd64', os.version: '10.0', java.version: '19.0.2'
Driver info: org.openqa.selenium.remote.RemoteWebDriver
Command: [031128649441f53aae4b2376e8eb98cf, findElement {using=xpath, value=//*[text()='SEARCH' or text()='FIND JOBS' or text()='Search'or text()='Browse Jobs' or text()='BROWSE JOBS' or @type='submit' or text()='More Jobs']}]
Capabilities {acceptInsecureCerts: false, browserName: chrome, browserVersion: 123.0.6312.86, chrome: {chromedriverVersion: 122.0.6261.94 (880dbf29479c..., userDataDir: C:\Users\JOBIAK\AppData\Loc...}, fedcm:accounts: true, goog:chromeOptions: {debuggerAddress: localhost:54099}, networkConnectionEnabled: false, pageLoadStrategy: normal, platformName: Windows 10, proxy: Proxy(), se:bidiEnabled: false, se:cdp: ws://192.168.0.7:4444/sessi..., se:cdpVersion: 123.0.6312.86, setWindowRect: true, strictFileInteractability: false, timeouts: {implicit: 0, pageLoad: 300000, script: 30000}, unhandledPromptBehavior: dismiss and notify, webauthn:extension:credBlob: true, webauthn:extension:largeBlob: true, webauthn:extension:minPinLength: true, webauthn:extension:prf: true, webauthn:virtualAuthenticators: true}
Session ID: 031128649441f53aae4b2376e8eb98cf
at org.openqa.selenium.remote.codec.w3c.W3CHttpResponseCodec.createException(W3CHttpResponseCodec.java:200)
at org.openqa.selenium.remote.codec.w3c.W3CHttpResponseCodec.decode(W3CHttpResponseCodec.java:133)
at org.openqa.selenium.remote.codec.w3c.W3CHttpResponseCodec.decode(W3CHttpResponseCodec.java:52)
at org.openqa.selenium.remote.HttpCommandExecutor.execute(HttpCommandExecutor.java:191)
at org.openqa.selenium.remote.TracedCommandExecutor.execute(TracedCommandExecutor.java:51)
at org.openqa.selenium.remote.RemoteWebDriver.execute(RemoteWebDriver.java:607)
at org.openqa.selenium.remote.ElementLocation$ElementFinder$2.findElement(ElementLocation.java:165)
at org.openqa.selenium.remote.ElementLocation.findElement(ElementLocation.java:59)
at org.openqa.selenium.remote.RemoteWebDriver.findElement(RemoteWebDriver.java:364)
at org.openqa.selenium.remote.RemoteWebDriver.findElement(RemoteWebDriver.java:358)
at pageElements.AbstractComponents.elementStore(AbstractComponents.java:23)
at pageElements.HomePageElements.clickOnSearch(HomePageElements.java:60)
at scripts.SearchPage_T_C.verifyApplyButton(SearchPage_T_C.java:65)
at java.base/java.util.concurrent.ThreadPoolExecutor.runWorker(ThreadPoolExecutor.java:1144)
at java.base/java.util.concurrent.ThreadPoolExecutor$Worker.run(ThreadPoolExecutor.java:642)
at java.base/java.lang.Thread.run(Thread.java:1589)
... Removed 13 stack frames]]>
    </failure>
  </testcase> <!-- verifyApplyButton -->
  <testcase classname="scripts.CookiePage_T_C" name="verifyNetworkStatus" time="7.558"/>
  <testcase classname="scripts.HomePage_T_C" name="verifyFaviconNetwork" time="3.867"/>
  <testcase classname="scripts.ContactPage_T_C" name="validateErrorMessages" time="9.17"/>
  <testcase classname="scripts.PrivacyPage_T_C" name="verifyNetworkStatus" time="6.511"/>
  <testcase classname="scripts.HomePage_T_C" name="verifyFaviconNetwork" time="3.933"/>
  <testcase classname="scripts.SearchPage_T_C" name="verifyClearButton" time="15.583"/>
  <testcase classname="scripts.CookiePage_T_C" name="verifyNetworkStatus" time="7.561"/>
  <testcase classname="scripts.ContactPage_T_C" name="verifyConsole" time="3.728"/>
  <testcase classname="scripts.PrivacyPage_T_C" name="verifyNetworkStatus" time="9.6"/>
  <testcase classname="scripts.HomePage_T_C" name="verifyFolderNameInPath" time="7.314"/>
  <testcase classname="scripts.CookiePage_T_C" name="verifyNetworkStatus" time="6.285"/>
  <testcase classname="scripts.SearchPage_T_C" name="verifyClearButton" time="21.859"/>
  <testcase classname="scripts.PrivacyPage_T_C" name="verifyNetworkStatus" time="6.797"/>
  <testcase classname="scripts.ContactPage_T_C" name="verifyConsole" time="6.998"/>
  <testcase classname="scripts.PrivacyPage_T_C" name="verifyNetworkStatus" time="4.678"/>
  <testcase classname="scripts.HomePage_T_C" name="verifyFolderNameInPath" time="11.663"/>
  <testcase classname="scripts.CookiePage_T_C" name="verifyNetworkStatus" time="6.357"/>
  <testcase classname="scripts.ContactPage_T_C" name="verifyConsole" time="3.979"/>
  <testcase classname="scripts.SearchPage_T_C" name="verifyClearButton" time="14.84"/>
  <testcase classname="scripts.PrivacyPage_T_C" name="verifyOgUrlRepetition" time="4.886"/>
  <testcase classname="scripts.HomePage_T_C" name="verifyFolderNameInPath" time="5.201"/>
  <testcase classname="scripts.CookiePage_T_C" name="verifyOgUrlRepetition" time="5.721"/>
  <testcase classname="scripts.ContactPage_T_C" name="verifyConsole" time="6.495"/>
  <testcase classname="scripts.SearchPage_T_C" name="verifyClearButton" time="12.101">
    <failure type="org.openqa.selenium.NoSuchElementException" message="no such element: Unable to locate element: {&amp;quot;method&amp;quot;:&amp;quot;xpath&amp;quot;,&amp;quot;selector&amp;quot;:&amp;quot;//*[text()=&amp;apos;SEARCH&amp;apos; or text()=&amp;apos;FIND JOBS&amp;apos; or text()=&amp;apos;Search&amp;apos;or text()=&amp;apos;Browse Jobs&amp;apos; or text()=&amp;apos;BROWSE JOBS&amp;apos; or @type=&amp;apos;submit&amp;apos; or text()=&amp;apos;More Jobs&amp;apos;]&amp;quot;}
  (Session info: chrome=123.0.6312.86)
For documentation on this error, please visit: https://www.selenium.dev/documentation/webdriver/troubleshooting/errors#no-such-element-exception
Build info: version: &amp;apos;4.15.0&amp;apos;, revision: &amp;apos;1d14b5521b&amp;apos;
System info: os.name: &amp;apos;Windows 10&amp;apos;, os.arch: &amp;apos;amd64&amp;apos;, os.version: &amp;apos;10.0&amp;apos;, java.version: &amp;apos;19.0.2&amp;apos;
Driver info: org.openqa.selenium.remote.RemoteWebDriver
Command: [2e66f1081e0713f3fae9322359405261, findElement {using=xpath, value=//*[text()=&amp;apos;SEARCH&amp;apos; or text()=&amp;apos;FIND JOBS&amp;apos; or text()=&amp;apos;Search&amp;apos;or text()=&amp;apos;Browse Jobs&amp;apos; or text()=&amp;apos;BROWSE JOBS&amp;apos; or @type=&amp;apos;submit&amp;apos; or text()=&amp;apos;More Jobs&amp;apos;]}]
Capabilities {acceptInsecureCerts: false, browserName: chrome, browserVersion: 123.0.6312.86, chrome: {chromedriverVersion: 122.0.6261.94 (880dbf29479c..., userDataDir: C:\Users\JOBIAK\AppData\Loc...}, fedcm:accounts: true, goog:chromeOptions: {debuggerAddress: localhost:54595}, networkConnectionEnabled: false, pageLoadStrategy: normal, platformName: Windows 10, proxy: Proxy(), se:bidiEnabled: false, se:cdp: ws://192.168.0.7:4444/sessi..., se:cdpVersion: 123.0.6312.86, setWindowRect: true, strictFileInteractability: false, timeouts: {implicit: 0, pageLoad: 300000, script: 30000}, unhandledPromptBehavior: dismiss and notify, webauthn:extension:credBlob: true, webauthn:extension:largeBlob: true, webauthn:extension:minPinLength: true, webauthn:extension:prf: true, webauthn:virtualAuthenticators: true}
Session ID: 2e66f1081e0713f3fae9322359405261">
      <![CDATA[org.openqa.selenium.NoSuchElementException: no such element: Unable to locate element: {"method":"xpath","selector":"//*[text()='SEARCH' or text()='FIND JOBS' or text()='Search'or text()='Browse Jobs' or text()='BROWSE JOBS' or @type='submit' or text()='More Jobs']"}
  (Session info: chrome=123.0.6312.86)
For documentation on this error, please visit: https://www.selenium.dev/documentation/webdriver/troubleshooting/errors#no-such-element-exception
Build info: version: '4.15.0', revision: '1d14b5521b'
System info: os.name: 'Windows 10', os.arch: 'amd64', os.version: '10.0', java.version: '19.0.2'
Driver info: org.openqa.selenium.remote.RemoteWebDriver
Command: [2e66f1081e0713f3fae9322359405261, findElement {using=xpath, value=//*[text()='SEARCH' or text()='FIND JOBS' or text()='Search'or text()='Browse Jobs' or text()='BROWSE JOBS' or @type='submit' or text()='More Jobs']}]
Capabilities {acceptInsecureCerts: false, browserName: chrome, browserVersion: 123.0.6312.86, chrome: {chromedriverVersion: 122.0.6261.94 (880dbf29479c..., userDataDir: C:\Users\JOBIAK\AppData\Loc...}, fedcm:accounts: true, goog:chromeOptions: {debuggerAddress: localhost:54595}, networkConnectionEnabled: false, pageLoadStrategy: normal, platformName: Windows 10, proxy: Proxy(), se:bidiEnabled: false, se:cdp: ws://192.168.0.7:4444/sessi..., se:cdpVersion: 123.0.6312.86, setWindowRect: true, strictFileInteractability: false, timeouts: {implicit: 0, pageLoad: 300000, script: 30000}, unhandledPromptBehavior: dismiss and notify, webauthn:extension:credBlob: true, webauthn:extension:largeBlob: true, webauthn:extension:minPinLength: true, webauthn:extension:prf: true, webauthn:virtualAuthenticators: true}
Session ID: 2e66f1081e0713f3fae9322359405261
at org.openqa.selenium.remote.codec.w3c.W3CHttpResponseCodec.createException(W3CHttpResponseCodec.java:200)
at org.openqa.selenium.remote.codec.w3c.W3CHttpResponseCodec.decode(W3CHttpResponseCodec.java:133)
at org.openqa.selenium.remote.codec.w3c.W3CHttpResponseCodec.decode(W3CHttpResponseCodec.java:52)
at org.openqa.selenium.remote.HttpCommandExecutor.execute(HttpCommandExecutor.java:191)
at org.openqa.selenium.remote.TracedCommandExecutor.execute(TracedCommandExecutor.java:51)
at org.openqa.selenium.remote.RemoteWebDriver.execute(RemoteWebDriver.java:607)
at org.openqa.selenium.remote.ElementLocation$ElementFinder$2.findElement(ElementLocation.java:165)
at org.openqa.selenium.remote.ElementLocation.findElement(ElementLocation.java:59)
at org.openqa.selenium.remote.RemoteWebDriver.findElement(RemoteWebDriver.java:364)
at org.openqa.selenium.remote.RemoteWebDriver.findElement(RemoteWebDriver.java:358)
at pageElements.AbstractComponents.elementStore(AbstractComponents.java:23)
at pageElements.HomePageElements.clickOnSearch(HomePageElements.java:60)
at scripts.SearchPage_T_C.verifyClearButton(SearchPage_T_C.java:32)
at java.base/java.util.concurrent.ThreadPoolExecutor.runWorker(ThreadPoolExecutor.java:1144)
at java.base/java.util.concurrent.ThreadPoolExecutor$Worker.run(ThreadPoolExecutor.java:642)
at java.base/java.lang.Thread.run(Thread.java:1589)
... Removed 13 stack frames]]>
    </failure>
  </testcase> <!-- verifyClearButton -->
  <testcase classname="scripts.HomePage_T_C" name="verifyFolderNameInPath" time="5.24"/>
  <testcase classname="scripts.PrivacyPage_T_C" name="verifyOgUrlRepetition" time="7.344"/>
  <testcase classname="scripts.CookiePage_T_C" name="verifyOgUrlRepetition" time="9.905"/>
  <testcase classname="scripts.ContactPage_T_C" name="verifyDescRepetition" time="7.084"/>
  <testcase classname="scripts.PrivacyPage_T_C" name="verifyOgUrlRepetition" time="5.337"/>
  <testcase classname="scripts.SearchPage_T_C" name="verifyConsole" time="9.399"/>
  <testcase classname="scripts.HomePage_T_C" name="verifyHttpInPageSource" time="3.462"/>
  <testcase classname="scripts.CookiePage_T_C" name="verifyOgUrlRepetition" time="5.918"/>
  <testcase classname="scripts.ContactPage_T_C" name="verifyDescRepetition" time="6.354"/>
  <testcase classname="scripts.SearchPage_T_C" name="verifyConsole" time="8.688"/>
  <testcase classname="scripts.PrivacyPage_T_C" name="verifyOgUrlRepetition" time="9.324"/>
  <testcase classname="scripts.ContactPage_T_C" name="verifyDescRepetition" time="3.66"/>
  <testcase classname="scripts.HomePage_T_C" name="verifyHttpInPageSource" time="4.098"/>
  <testcase classname="scripts.HomePage_T_C" name="verifyHttpInPageSource" time="2.818"/>
  <testcase classname="scripts.CookiePage_T_C" name="verifyOgUrlRepetition" time="8.355"/>
  <testcase classname="scripts.PrivacyPage_T_C" name="verifyPageHeading" time="8.295"/>
  <testcase classname="scripts.SearchPage_T_C" name="verifyConsole" time="7.955"/>
  <testcase classname="scripts.ContactPage_T_C" name="verifyDescRepetition" time="4.784"/>
  <testcase classname="scripts.CookiePage_T_C" name="verifyPageHeading" time="5.851"/>
  <testcase classname="scripts.PrivacyPage_T_C" name="verifyPageHeading" time="5.201"/>
  <testcase classname="scripts.HomePage_T_C" name="verifyHttpInPageSource" time="3.542"/>
  <testcase classname="scripts.ContactPage_T_C" name="verifyHttpInPageSource" time="4.106"/>
  <testcase classname="scripts.SearchPage_T_C" name="verifyConsole" time="13.256">
    <failure type="org.openqa.selenium.NoSuchElementException" message="no such element: Unable to locate element: {&amp;quot;method&amp;quot;:&amp;quot;xpath&amp;quot;,&amp;quot;selector&amp;quot;:&amp;quot;//*[text()=&amp;apos;SEARCH&amp;apos; or text()=&amp;apos;FIND JOBS&amp;apos; or text()=&amp;apos;Search&amp;apos;or text()=&amp;apos;Browse Jobs&amp;apos; or text()=&amp;apos;BROWSE JOBS&amp;apos; or @type=&amp;apos;submit&amp;apos; or text()=&amp;apos;More Jobs&amp;apos;]&amp;quot;}
  (Session info: chrome=123.0.6312.86)
For documentation on this error, please visit: https://www.selenium.dev/documentation/webdriver/troubleshooting/errors#no-such-element-exception
Build info: version: &amp;apos;4.15.0&amp;apos;, revision: &amp;apos;1d14b5521b&amp;apos;
System info: os.name: &amp;apos;Windows 10&amp;apos;, os.arch: &amp;apos;amd64&amp;apos;, os.version: &amp;apos;10.0&amp;apos;, java.version: &amp;apos;19.0.2&amp;apos;
Driver info: org.openqa.selenium.remote.RemoteWebDriver
Command: [c5f3c3e07332fb06ab5746ac78c05eac, findElement {using=xpath, value=//*[text()=&amp;apos;SEARCH&amp;apos; or text()=&amp;apos;FIND JOBS&amp;apos; or text()=&amp;apos;Search&amp;apos;or text()=&amp;apos;Browse Jobs&amp;apos; or text()=&amp;apos;BROWSE JOBS&amp;apos; or @type=&amp;apos;submit&amp;apos; or text()=&amp;apos;More Jobs&amp;apos;]}]
Capabilities {acceptInsecureCerts: false, browserName: chrome, browserVersion: 123.0.6312.86, chrome: {chromedriverVersion: 122.0.6261.94 (880dbf29479c..., userDataDir: C:\Users\JOBIAK\AppData\Loc...}, fedcm:accounts: true, goog:chromeOptions: {debuggerAddress: localhost:55060}, networkConnectionEnabled: false, pageLoadStrategy: normal, platformName: Windows 10, proxy: Proxy(), se:bidiEnabled: false, se:cdp: ws://192.168.0.7:4444/sessi..., se:cdpVersion: 123.0.6312.86, setWindowRect: true, strictFileInteractability: false, timeouts: {implicit: 0, pageLoad: 300000, script: 30000}, unhandledPromptBehavior: dismiss and notify, webauthn:extension:credBlob: true, webauthn:extension:largeBlob: true, webauthn:extension:minPinLength: true, webauthn:extension:prf: true, webauthn:virtualAuthenticators: true}
Session ID: c5f3c3e07332fb06ab5746ac78c05eac">
      <![CDATA[org.openqa.selenium.NoSuchElementException: no such element: Unable to locate element: {"method":"xpath","selector":"//*[text()='SEARCH' or text()='FIND JOBS' or text()='Search'or text()='Browse Jobs' or text()='BROWSE JOBS' or @type='submit' or text()='More Jobs']"}
  (Session info: chrome=123.0.6312.86)
For documentation on this error, please visit: https://www.selenium.dev/documentation/webdriver/troubleshooting/errors#no-such-element-exception
Build info: version: '4.15.0', revision: '1d14b5521b'
System info: os.name: 'Windows 10', os.arch: 'amd64', os.version: '10.0', java.version: '19.0.2'
Driver info: org.openqa.selenium.remote.RemoteWebDriver
Command: [c5f3c3e07332fb06ab5746ac78c05eac, findElement {using=xpath, value=//*[text()='SEARCH' or text()='FIND JOBS' or text()='Search'or text()='Browse Jobs' or text()='BROWSE JOBS' or @type='submit' or text()='More Jobs']}]
Capabilities {acceptInsecureCerts: false, browserName: chrome, browserVersion: 123.0.6312.86, chrome: {chromedriverVersion: 122.0.6261.94 (880dbf29479c..., userDataDir: C:\Users\JOBIAK\AppData\Loc...}, fedcm:accounts: true, goog:chromeOptions: {debuggerAddress: localhost:55060}, networkConnectionEnabled: false, pageLoadStrategy: normal, platformName: Windows 10, proxy: Proxy(), se:bidiEnabled: false, se:cdp: ws://192.168.0.7:4444/sessi..., se:cdpVersion: 123.0.6312.86, setWindowRect: true, strictFileInteractability: false, timeouts: {implicit: 0, pageLoad: 300000, script: 30000}, unhandledPromptBehavior: dismiss and notify, webauthn:extension:credBlob: true, webauthn:extension:largeBlob: true, webauthn:extension:minPinLength: true, webauthn:extension:prf: true, webauthn:virtualAuthenticators: true}
Session ID: c5f3c3e07332fb06ab5746ac78c05eac
at org.openqa.selenium.remote.codec.w3c.W3CHttpResponseCodec.createException(W3CHttpResponseCodec.java:200)
at org.openqa.selenium.remote.codec.w3c.W3CHttpResponseCodec.decode(W3CHttpResponseCodec.java:133)
at org.openqa.selenium.remote.codec.w3c.W3CHttpResponseCodec.decode(W3CHttpResponseCodec.java:52)
at org.openqa.selenium.remote.HttpCommandExecutor.execute(HttpCommandExecutor.java:191)
at org.openqa.selenium.remote.TracedCommandExecutor.execute(TracedCommandExecutor.java:51)
at org.openqa.selenium.remote.RemoteWebDriver.execute(RemoteWebDriver.java:607)
at org.openqa.selenium.remote.ElementLocation$ElementFinder$2.findElement(ElementLocation.java:165)
at org.openqa.selenium.remote.ElementLocation.findElement(ElementLocation.java:59)
at org.openqa.selenium.remote.RemoteWebDriver.findElement(RemoteWebDriver.java:364)
at org.openqa.selenium.remote.RemoteWebDriver.findElement(RemoteWebDriver.java:358)
at pageElements.AbstractComponents.elementStore(AbstractComponents.java:23)
at pageElements.HomePageElements.clickOnSearch(HomePageElements.java:60)
at scripts.SearchPage_T_C.verifyConsole(SearchPage_T_C.java:108)
at java.base/java.util.concurrent.ThreadPoolExecutor.runWorker(ThreadPoolExecutor.java:1144)
at java.base/java.util.concurrent.ThreadPoolExecutor$Worker.run(ThreadPoolExecutor.java:642)
at java.base/java.lang.Thread.run(Thread.java:1589)
... Removed 13 stack frames]]>
    </failure>
  </testcase> <!-- verifyConsole -->
  <testcase classname="scripts.PrivacyPage_T_C" name="verifyPageHeading" time="5.655"/>
  <testcase classname="scripts.HomePage_T_C" name="verifyImageFormat" time="5.663">
    <failure type="java.lang.AssertionError" message="The following asserts failed:
	https://hiring-event.com/asset-folder/images/icons/dynamic-platform.svg expected [true] but found [false],
	https://hiring-event.com/asset-folder/images/icons/expert.svg expected [true] but found [false],
	https://hiring-event.com/asset-folder/images/icons/tech.svg expected [true] but found [false],
	https://hiring-event.com/asset-folder/images/icons/advantage.svg expected [true] but found [false],
	https://hiring-event.com/asset-folder/images/icons/vision.svg expected [true] but found [false],
	https://hiring-event.com/asset-folder/images/icons/journey.svg expected [true] but found [false],
	https://hiring-event.com/asset-folder/images/company-logos/usps-logo.png expected [true] but found [false],
	https://hiring-event.com/asset-folder/images/icons/location.svg expected [true] but found [false],
	https://hiring-event.com/asset-folder/images/company-logos/sams-club-logo.png expected [true] but found [false],
	https://hiring-event.com/asset-folder/images/icons/location.svg expected [true] but found [false],
	https://hiring-event.com/asset-folder/images/company-logos/hogan-transportation-logo.jpg expected [true] but found [false],
	https://hiring-event.com/asset-folder/images/icons/location.svg expected [true] but found [false],
	https://hiring-event.com/asset-folder/images/company-logos/usps-logo.png expected [true] but found [false],
	https://hiring-event.com/asset-folder/images/icons/location.svg expected [true] but found [false]">
      <![CDATA[java.lang.AssertionError: The following asserts failed:
https://hiring-event.com/asset-folder/images/icons/dynamic-platform.svg expected [true] but found [false],
https://hiring-event.com/asset-folder/images/icons/expert.svg expected [true] but found [false],
https://hiring-event.com/asset-folder/images/icons/tech.svg expected [true] but found [false],
https://hiring-event.com/asset-folder/images/icons/advantage.svg expected [true] but found [false],
https://hiring-event.com/asset-folder/images/icons/vision.svg expected [true] but found [false],
https://hiring-event.com/asset-folder/images/icons/journey.svg expected [true] but found [false],
https://hiring-event.com/asset-folder/images/company-logos/usps-logo.png expected [true] but found [false],
https://hiring-event.com/asset-folder/images/icons/location.svg expected [true] but found [false],
https://hiring-event.com/asset-folder/images/company-logos/sams-club-logo.png expected [true] but found [false],
https://hiring-event.com/asset-folder/images/icons/location.svg expected [true] but found [false],
https://hiring-event.com/asset-folder/images/company-logos/hogan-transportation-logo.jpg expected [true] but found [false],
https://hiring-event.com/asset-folder/images/icons/location.svg expected [true] but found [false],
https://hiring-event.com/asset-folder/images/company-logos/usps-logo.png expected [true] but found [false],
https://hiring-event.com/asset-folder/images/icons/location.svg expected [true] but found [false]
at scripts.HomePage_T_C.verifyImageFormat(HomePage_T_C.java:182)
at java.base/java.util.concurrent.ThreadPoolExecutor.runWorker(ThreadPoolExecutor.java:1144)
at java.base/java.util.concurrent.ThreadPoolExecutor$Worker.run(ThreadPoolExecutor.java:642)
at java.base/java.lang.Thread.run(Thread.java:1589)
... Removed 12 stack frames]]>
    </failure>
  </testcase> <!-- verifyImageFormat -->
  <testcase classname="scripts.CookiePage_T_C" name="verifyPageHeading" time="6.41"/>
  <testcase classname="scripts.ContactPage_T_C" name="verifyHttpInPageSource" time="8.956"/>
  <testcase classname="scripts.CookiePage_T_C" name="verifyPageHeading" time="11.138"/>
  <testcase classname="scripts.PrivacyPage_T_C" name="verifyPageHeading" time="11.67"/>
  <testcase classname="scripts.SearchPage_T_C" name="verifyDescRepetition" time="11.173"/>
  <testcase classname="scripts.PrivacyPage_T_C" name="verifyProtocol" time="8.271"/>
  <testcase classname="scripts.CookiePage_T_C" name="verifyPageHeading" time="8.98"/>
  <testcase classname="scripts.HomePage_T_C" name="verifyImageFormat" time="9.246">
    <failure type="java.lang.AssertionError" message="The following asserts failed:
	https://jobsnotion.com/design-folder/pictures/company-logos/jn-live-trucking-logo.png expected [true] but found [false],
	https://jobsnotion.com/design-folder/pictures/icons/location.svg expected [true] but found [false],
	https://jobsnotion.com/design-folder/pictures/icons/clock.svg expected [true] but found [false],
	https://jobsnotion.com/design-folder/pictures/company-logos/jn-petsmart-logo.png expected [true] but found [false],
	https://jobsnotion.com/design-folder/pictures/icons/location.svg expected [true] but found [false],
	https://jobsnotion.com/design-folder/pictures/company-logos/jn-federal-bureau-of-investigation-logo.png expected [true] but found [false],
	https://jobsnotion.com/design-folder/pictures/icons/location.svg expected [true] but found [false],
	https://jobsnotion.com/design-folder/pictures/company-logos/jn-superprof-logo.png expected [true] but found [false],
	https://jobsnotion.com/design-folder/pictures/icons/location.svg expected [true] but found [false],
	https://jobsnotion.com/design-folder/pictures/icons/clock.svg expected [true] but found [false],
	https://jobsnotion.com/design-folder/pictures/company-logos/jn-autozone-logo.png expected [true] but found [false],
	https://jobsnotion.com/design-folder/pictures/icons/location.svg expected [true] but found [false],
	https://jobsnotion.com/design-folder/pictures/icons/clock.svg expected [true] but found [false]">
      <![CDATA[java.lang.AssertionError: The following asserts failed:
https://jobsnotion.com/design-folder/pictures/company-logos/jn-live-trucking-logo.png expected [true] but found [false],
https://jobsnotion.com/design-folder/pictures/icons/location.svg expected [true] but found [false],
https://jobsnotion.com/design-folder/pictures/icons/clock.svg expected [true] but found [false],
https://jobsnotion.com/design-folder/pictures/company-logos/jn-petsmart-logo.png expected [true] but found [false],
https://jobsnotion.com/design-folder/pictures/icons/location.svg expected [true] but found [false],
https://jobsnotion.com/design-folder/pictures/company-logos/jn-federal-bureau-of-investigation-logo.png expected [true] but found [false],
https://jobsnotion.com/design-folder/pictures/icons/location.svg expected [true] but found [false],
https://jobsnotion.com/design-folder/pictures/company-logos/jn-superprof-logo.png expected [true] but found [false],
https://jobsnotion.com/design-folder/pictures/icons/location.svg expected [true] but found [false],
https://jobsnotion.com/design-folder/pictures/icons/clock.svg expected [true] but found [false],
https://jobsnotion.com/design-folder/pictures/company-logos/jn-autozone-logo.png expected [true] but found [false],
https://jobsnotion.com/design-folder/pictures/icons/location.svg expected [true] but found [false],
https://jobsnotion.com/design-folder/pictures/icons/clock.svg expected [true] but found [false]
at scripts.HomePage_T_C.verifyImageFormat(HomePage_T_C.java:182)
at java.base/java.util.concurrent.ThreadPoolExecutor.runWorker(ThreadPoolExecutor.java:1144)
at java.base/java.util.concurrent.ThreadPoolExecutor$Worker.run(ThreadPoolExecutor.java:642)
at java.base/java.lang.Thread.run(Thread.java:1589)
... Removed 12 stack frames]]>
    </failure>
  </testcase> <!-- verifyImageFormat -->
  <testcase classname="scripts.ContactPage_T_C" name="verifyHttpInPageSource" time="3.41"/>
  <testcase classname="scripts.PrivacyPage_T_C" name="verifyProtocol" time="8.242"/>
  <testcase classname="scripts.SearchPage_T_C" name="verifyDescRepetition" time="12.794"/>
  <testcase classname="scripts.CookiePage_T_C" name="verifyProtocol" time="5.752"/>
  <testcase classname="scripts.HomePage_T_C" name="verifyImageFormat" time="4.784">
    <failure type="java.lang.AssertionError" message="The following asserts failed:
	https://openpostions.io/op-theme/images/icons/tick.svg expected [true] but found [false],
	https://openpostions.io/op-theme/images/icons/tick.svg expected [true] but found [false],
	https://openpostions.io/op-theme/images/icons/tick.svg expected [true] but found [false],
	https://openpostions.io/op-theme/images/company-logos/rnjz-live-trucking-logo.png expected [true] but found [false],
	https://openpostions.io/op-theme/images/company-logos/rnjz-live-trucking-logo.png expected [true] but found [false],
	https://openpostions.io/op-theme/images/company-logos/rnjz-live-trucking-logo.png expected [true] but found [false],
	https://openpostions.io/op-theme/images/company-logos/rnjz-live-trucking-logo.png expected [true] but found [false]">
      <![CDATA[java.lang.AssertionError: The following asserts failed:
https://openpostions.io/op-theme/images/icons/tick.svg expected [true] but found [false],
https://openpostions.io/op-theme/images/icons/tick.svg expected [true] but found [false],
https://openpostions.io/op-theme/images/icons/tick.svg expected [true] but found [false],
https://openpostions.io/op-theme/images/company-logos/rnjz-live-trucking-logo.png expected [true] but found [false],
https://openpostions.io/op-theme/images/company-logos/rnjz-live-trucking-logo.png expected [true] but found [false],
https://openpostions.io/op-theme/images/company-logos/rnjz-live-trucking-logo.png expected [true] but found [false],
https://openpostions.io/op-theme/images/company-logos/rnjz-live-trucking-logo.png expected [true] but found [false]
at scripts.HomePage_T_C.verifyImageFormat(HomePage_T_C.java:182)
at java.base/java.util.concurrent.ThreadPoolExecutor.runWorker(ThreadPoolExecutor.java:1144)
at java.base/java.util.concurrent.ThreadPoolExecutor$Worker.run(ThreadPoolExecutor.java:642)
at java.base/java.lang.Thread.run(Thread.java:1589)
... Removed 12 stack frames]]>
    </failure>
  </testcase> <!-- verifyImageFormat -->
  <testcase classname="scripts.ContactPage_T_C" name="verifyHttpInPageSource" time="7.116"/>
  <testcase classname="scripts.PrivacyPage_T_C" name="verifyProtocol" time="7.22"/>
  <testcase classname="scripts.CookiePage_T_C" name="verifyProtocol" time="7.921"/>
  <testcase classname="scripts.SearchPage_T_C" name="verifyDescRepetition" time="8.757"/>
  <testcase classname="scripts.ContactPage_T_C" name="verifyMailId" time="6.779">
    <failure type="java.lang.AssertionError" message="The following asserts failed:
	expected [true] but found [false]">
      <![CDATA[java.lang.AssertionError: The following asserts failed:
expected [true] but found [false]
at scripts.ContactPage_T_C.verifyMailId(ContactPage_T_C.java:21)
at java.base/java.util.concurrent.ThreadPoolExecutor.runWorker(ThreadPoolExecutor.java:1144)
at java.base/java.util.concurrent.ThreadPoolExecutor$Worker.run(ThreadPoolExecutor.java:642)
at java.base/java.lang.Thread.run(Thread.java:1589)
... Removed 12 stack frames]]>
    </failure>
  </testcase> <!-- verifyMailId -->
  <testcase classname="scripts.HomePage_T_C" name="verifyImageFormat" time="7.812">
    <failure type="java.lang.AssertionError" message="The following asserts failed:
	https://worksfyi.com/wf-theme/images/company-logos/rnjz-us_postal_service-logo.png expected [true] but found [false],
	https://worksfyi.com/wf-theme/images/company-logos/rnjz-dominos-logo.png expected [true] but found [false],
	https://worksfyi.com/wf-theme/images/company-logos/rnjz-dollar_tree-logo.png expected [true] but found [false],
	https://worksfyi.com/wf-theme/images/company-logos/rnjz-chewy-logo.png expected [true] but found [false],
	https://worksfyi.com/wf-theme/images/company-logos/rnjz-hilti_north_america-logo.png expected [true] but found [false],
	https://worksfyi.com/wf-theme/images/company-logos/rnjz-petsmart-logo.jpg expected [true] but found [false]">
      <![CDATA[java.lang.AssertionError: The following asserts failed:
https://worksfyi.com/wf-theme/images/company-logos/rnjz-us_postal_service-logo.png expected [true] but found [false],
https://worksfyi.com/wf-theme/images/company-logos/rnjz-dominos-logo.png expected [true] but found [false],
https://worksfyi.com/wf-theme/images/company-logos/rnjz-dollar_tree-logo.png expected [true] but found [false],
https://worksfyi.com/wf-theme/images/company-logos/rnjz-chewy-logo.png expected [true] but found [false],
https://worksfyi.com/wf-theme/images/company-logos/rnjz-hilti_north_america-logo.png expected [true] but found [false],
https://worksfyi.com/wf-theme/images/company-logos/rnjz-petsmart-logo.jpg expected [true] but found [false]
at scripts.HomePage_T_C.verifyImageFormat(HomePage_T_C.java:182)
at java.base/java.util.concurrent.ThreadPoolExecutor.runWorker(ThreadPoolExecutor.java:1144)
at java.base/java.util.concurrent.ThreadPoolExecutor$Worker.run(ThreadPoolExecutor.java:642)
at java.base/java.lang.Thread.run(Thread.java:1589)
... Removed 12 stack frames]]>
    </failure>
  </testcase> <!-- verifyImageFormat -->
  <testcase classname="scripts.PrivacyPage_T_C" name="verifyProtocol" time="4.917"/>
  <testcase classname="scripts.CookiePage_T_C" name="verifyProtocol" time="4.762"/>
  <testcase classname="scripts.ContactPage_T_C" name="verifyMailId" time="6.463"/>
  <testcase classname="scripts.PrivacyPage_T_C" name="verifyScrollButton" time="7.067">
    <failure type="java.lang.AssertionError" message="The following asserts failed:
	981 expected [true] but found [false]">
      <![CDATA[java.lang.AssertionError: The following asserts failed:
981 expected [true] but found [false]
at scripts.PrivacyPage_T_C.verifyScrollButton(PrivacyPage_T_C.java:54)
at java.base/java.util.concurrent.ThreadPoolExecutor.runWorker(ThreadPoolExecutor.java:1144)
at java.base/java.util.concurrent.ThreadPoolExecutor$Worker.run(ThreadPoolExecutor.java:642)
at java.base/java.lang.Thread.run(Thread.java:1589)
... Removed 12 stack frames]]>
    </failure>
  </testcase> <!-- verifyScrollButton -->
  <testcase classname="scripts.CookiePage_T_C" name="verifyProtocol" time="5.082"/>
  <testcase classname="scripts.SearchPage_T_C" name="verifyDescRepetition" time="12.923">
    <failure type="org.openqa.selenium.NoSuchElementException" message="no such element: Unable to locate element: {&amp;quot;method&amp;quot;:&amp;quot;xpath&amp;quot;,&amp;quot;selector&amp;quot;:&amp;quot;//*[text()=&amp;apos;SEARCH&amp;apos; or text()=&amp;apos;FIND JOBS&amp;apos; or text()=&amp;apos;Search&amp;apos;or text()=&amp;apos;Browse Jobs&amp;apos; or text()=&amp;apos;BROWSE JOBS&amp;apos; or @type=&amp;apos;submit&amp;apos; or text()=&amp;apos;More Jobs&amp;apos;]&amp;quot;}
  (Session info: chrome=123.0.6312.86)
For documentation on this error, please visit: https://www.selenium.dev/documentation/webdriver/troubleshooting/errors#no-such-element-exception
Build info: version: &amp;apos;4.15.0&amp;apos;, revision: &amp;apos;1d14b5521b&amp;apos;
System info: os.name: &amp;apos;Windows 10&amp;apos;, os.arch: &amp;apos;amd64&amp;apos;, os.version: &amp;apos;10.0&amp;apos;, java.version: &amp;apos;19.0.2&amp;apos;
Driver info: org.openqa.selenium.remote.RemoteWebDriver
Command: [1c3af5aae9248dcb2848826949869f67, findElement {using=xpath, value=//*[text()=&amp;apos;SEARCH&amp;apos; or text()=&amp;apos;FIND JOBS&amp;apos; or text()=&amp;apos;Search&amp;apos;or text()=&amp;apos;Browse Jobs&amp;apos; or text()=&amp;apos;BROWSE JOBS&amp;apos; or @type=&amp;apos;submit&amp;apos; or text()=&amp;apos;More Jobs&amp;apos;]}]
Capabilities {acceptInsecureCerts: false, browserName: chrome, browserVersion: 123.0.6312.86, chrome: {chromedriverVersion: 122.0.6261.94 (880dbf29479c..., userDataDir: C:\Users\JOBIAK\AppData\Loc...}, fedcm:accounts: true, goog:chromeOptions: {debuggerAddress: localhost:55595}, networkConnectionEnabled: false, pageLoadStrategy: normal, platformName: Windows 10, proxy: Proxy(), se:bidiEnabled: false, se:cdp: ws://192.168.0.7:4444/sessi..., se:cdpVersion: 123.0.6312.86, setWindowRect: true, strictFileInteractability: false, timeouts: {implicit: 0, pageLoad: 300000, script: 30000}, unhandledPromptBehavior: dismiss and notify, webauthn:extension:credBlob: true, webauthn:extension:largeBlob: true, webauthn:extension:minPinLength: true, webauthn:extension:prf: true, webauthn:virtualAuthenticators: true}
Session ID: 1c3af5aae9248dcb2848826949869f67">
      <![CDATA[org.openqa.selenium.NoSuchElementException: no such element: Unable to locate element: {"method":"xpath","selector":"//*[text()='SEARCH' or text()='FIND JOBS' or text()='Search'or text()='Browse Jobs' or text()='BROWSE JOBS' or @type='submit' or text()='More Jobs']"}
  (Session info: chrome=123.0.6312.86)
For documentation on this error, please visit: https://www.selenium.dev/documentation/webdriver/troubleshooting/errors#no-such-element-exception
Build info: version: '4.15.0', revision: '1d14b5521b'
System info: os.name: 'Windows 10', os.arch: 'amd64', os.version: '10.0', java.version: '19.0.2'
Driver info: org.openqa.selenium.remote.RemoteWebDriver
Command: [1c3af5aae9248dcb2848826949869f67, findElement {using=xpath, value=//*[text()='SEARCH' or text()='FIND JOBS' or text()='Search'or text()='Browse Jobs' or text()='BROWSE JOBS' or @type='submit' or text()='More Jobs']}]
Capabilities {acceptInsecureCerts: false, browserName: chrome, browserVersion: 123.0.6312.86, chrome: {chromedriverVersion: 122.0.6261.94 (880dbf29479c..., userDataDir: C:\Users\JOBIAK\AppData\Loc...}, fedcm:accounts: true, goog:chromeOptions: {debuggerAddress: localhost:55595}, networkConnectionEnabled: false, pageLoadStrategy: normal, platformName: Windows 10, proxy: Proxy(), se:bidiEnabled: false, se:cdp: ws://192.168.0.7:4444/sessi..., se:cdpVersion: 123.0.6312.86, setWindowRect: true, strictFileInteractability: false, timeouts: {implicit: 0, pageLoad: 300000, script: 30000}, unhandledPromptBehavior: dismiss and notify, webauthn:extension:credBlob: true, webauthn:extension:largeBlob: true, webauthn:extension:minPinLength: true, webauthn:extension:prf: true, webauthn:virtualAuthenticators: true}
Session ID: 1c3af5aae9248dcb2848826949869f67
at org.openqa.selenium.remote.codec.w3c.W3CHttpResponseCodec.createException(W3CHttpResponseCodec.java:200)
at org.openqa.selenium.remote.codec.w3c.W3CHttpResponseCodec.decode(W3CHttpResponseCodec.java:133)
at org.openqa.selenium.remote.codec.w3c.W3CHttpResponseCodec.decode(W3CHttpResponseCodec.java:52)
at org.openqa.selenium.remote.HttpCommandExecutor.execute(HttpCommandExecutor.java:191)
at org.openqa.selenium.remote.TracedCommandExecutor.execute(TracedCommandExecutor.java:51)
at org.openqa.selenium.remote.RemoteWebDriver.execute(RemoteWebDriver.java:607)
at org.openqa.selenium.remote.ElementLocation$ElementFinder$2.findElement(ElementLocation.java:165)
at org.openqa.selenium.remote.ElementLocation.findElement(ElementLocation.java:59)
at org.openqa.selenium.remote.RemoteWebDriver.findElement(RemoteWebDriver.java:364)
at org.openqa.selenium.remote.RemoteWebDriver.findElement(RemoteWebDriver.java:358)
at pageElements.AbstractComponents.elementStore(AbstractComponents.java:23)
at pageElements.HomePageElements.clickOnSearch(HomePageElements.java:60)
at scripts.SearchPage_T_C.verifyDescRepetition(SearchPage_T_C.java:162)
at java.base/java.util.concurrent.ThreadPoolExecutor.runWorker(ThreadPoolExecutor.java:1144)
at java.base/java.util.concurrent.ThreadPoolExecutor$Worker.run(ThreadPoolExecutor.java:642)
at java.base/java.lang.Thread.run(Thread.java:1589)
... Removed 13 stack frames]]>
    </failure>
  </testcase> <!-- verifyDescRepetition -->
  <testcase classname="scripts.HomePage_T_C" name="verifyMetaContent" time="3.302">
    <failure type="java.lang.NullPointerException" message="Cannot invoke &amp;quot;java.util.List.get(int)&amp;quot; because the return value of &amp;quot;java.util.Map.get(Object)&amp;quot; is null">
      <![CDATA[java.lang.NullPointerException: Cannot invoke "java.util.List.get(int)" because the return value of "java.util.Map.get(Object)" is null
at utilities.MetaFileHandler.readMetaContentFromExcel(MetaFileHandler.java:99)
at scripts.HomePage_T_C.verifyMetaContent(HomePage_T_C.java:88)
at java.base/java.util.concurrent.ThreadPoolExecutor.runWorker(ThreadPoolExecutor.java:1144)
at java.base/java.util.concurrent.ThreadPoolExecutor$Worker.run(ThreadPoolExecutor.java:642)
at java.base/java.lang.Thread.run(Thread.java:1589)
... Removed 10 stack frames]]>
    </failure>
  </testcase> <!-- verifyMetaContent -->
  <testcase classname="scripts.SearchPage_T_C" name="verifyHttpInPageSource" time="6.871"/>
  <testcase classname="scripts.CookiePage_T_C" name="verifyScrollButton" time="8.131">
    <failure type="java.lang.AssertionError" message="The following asserts failed:
	738 expected [true] but found [false]">
      <![CDATA[java.lang.AssertionError: The following asserts failed:
738 expected [true] but found [false]
at scripts.CookiePage_T_C.verifyScrollButton(CookiePage_T_C.java:54)
at java.base/java.util.concurrent.ThreadPoolExecutor.runWorker(ThreadPoolExecutor.java:1144)
at java.base/java.util.concurrent.ThreadPoolExecutor$Worker.run(ThreadPoolExecutor.java:642)
at java.base/java.lang.Thread.run(Thread.java:1589)
... Removed 12 stack frames]]>
    </failure>
  </testcase> <!-- verifyScrollButton -->
  <testcase classname="scripts.ContactPage_T_C" name="verifyMailId" time="15.138">
    <failure type="org.openqa.selenium.NoSuchElementException" message="no such element: Unable to locate element: {&amp;quot;method&amp;quot;:&amp;quot;xpath&amp;quot;,&amp;quot;selector&amp;quot;:&amp;quot;//a[starts-with(@href,&amp;apos;mailto&amp;apos;)]&amp;quot;}
  (Session info: chrome=123.0.6312.86)
For documentation on this error, please visit: https://www.selenium.dev/documentation/webdriver/troubleshooting/errors#no-such-element-exception
Build info: version: &amp;apos;4.15.0&amp;apos;, revision: &amp;apos;1d14b5521b&amp;apos;
System info: os.name: &amp;apos;Windows 10&amp;apos;, os.arch: &amp;apos;amd64&amp;apos;, os.version: &amp;apos;10.0&amp;apos;, java.version: &amp;apos;19.0.2&amp;apos;
Driver info: org.openqa.selenium.remote.RemoteWebDriver
Command: [63fd3b949a077f5f24148e568a5e6f20, findElement {using=xpath, value=//a[starts-with(@href,&amp;apos;mailto&amp;apos;)]}]
Capabilities {acceptInsecureCerts: false, browserName: chrome, browserVersion: 123.0.6312.86, chrome: {chromedriverVersion: 122.0.6261.94 (880dbf29479c..., userDataDir: C:\Users\JOBIAK\AppData\Loc...}, fedcm:accounts: true, goog:chromeOptions: {debuggerAddress: localhost:55666}, networkConnectionEnabled: false, pageLoadStrategy: normal, platformName: Windows 10, proxy: Proxy(), se:bidiEnabled: false, se:cdp: ws://192.168.0.7:4444/sessi..., se:cdpVersion: 123.0.6312.86, setWindowRect: true, strictFileInteractability: false, timeouts: {implicit: 0, pageLoad: 300000, script: 30000}, unhandledPromptBehavior: dismiss and notify, webauthn:extension:credBlob: true, webauthn:extension:largeBlob: true, webauthn:extension:minPinLength: true, webauthn:extension:prf: true, webauthn:virtualAuthenticators: true}
Session ID: 63fd3b949a077f5f24148e568a5e6f20">
      <![CDATA[org.openqa.selenium.NoSuchElementException: no such element: Unable to locate element: {"method":"xpath","selector":"//a[starts-with(@href,'mailto')]"}
  (Session info: chrome=123.0.6312.86)
For documentation on this error, please visit: https://www.selenium.dev/documentation/webdriver/troubleshooting/errors#no-such-element-exception
Build info: version: '4.15.0', revision: '1d14b5521b'
System info: os.name: 'Windows 10', os.arch: 'amd64', os.version: '10.0', java.version: '19.0.2'
Driver info: org.openqa.selenium.remote.RemoteWebDriver
Command: [63fd3b949a077f5f24148e568a5e6f20, findElement {using=xpath, value=//a[starts-with(@href,'mailto')]}]
Capabilities {acceptInsecureCerts: false, browserName: chrome, browserVersion: 123.0.6312.86, chrome: {chromedriverVersion: 122.0.6261.94 (880dbf29479c..., userDataDir: C:\Users\JOBIAK\AppData\Loc...}, fedcm:accounts: true, goog:chromeOptions: {debuggerAddress: localhost:55666}, networkConnectionEnabled: false, pageLoadStrategy: normal, platformName: Windows 10, proxy: Proxy(), se:bidiEnabled: false, se:cdp: ws://192.168.0.7:4444/sessi..., se:cdpVersion: 123.0.6312.86, setWindowRect: true, strictFileInteractability: false, timeouts: {implicit: 0, pageLoad: 300000, script: 30000}, unhandledPromptBehavior: dismiss and notify, webauthn:extension:credBlob: true, webauthn:extension:largeBlob: true, webauthn:extension:minPinLength: true, webauthn:extension:prf: true, webauthn:virtualAuthenticators: true}
Session ID: 63fd3b949a077f5f24148e568a5e6f20
at org.openqa.selenium.remote.codec.w3c.W3CHttpResponseCodec.createException(W3CHttpResponseCodec.java:200)
at org.openqa.selenium.remote.codec.w3c.W3CHttpResponseCodec.decode(W3CHttpResponseCodec.java:133)
at org.openqa.selenium.remote.codec.w3c.W3CHttpResponseCodec.decode(W3CHttpResponseCodec.java:52)
at org.openqa.selenium.remote.HttpCommandExecutor.execute(HttpCommandExecutor.java:191)
at org.openqa.selenium.remote.TracedCommandExecutor.execute(TracedCommandExecutor.java:51)
at org.openqa.selenium.remote.RemoteWebDriver.execute(RemoteWebDriver.java:607)
at org.openqa.selenium.remote.ElementLocation$ElementFinder$2.findElement(ElementLocation.java:165)
at org.openqa.selenium.remote.ElementLocation.findElement(ElementLocation.java:59)
at org.openqa.selenium.remote.RemoteWebDriver.findElement(RemoteWebDriver.java:364)
at org.openqa.selenium.remote.RemoteWebDriver.findElement(RemoteWebDriver.java:358)
at pageElements.AbstractComponents.elementStore(AbstractComponents.java:23)
at pageElements.ContactPageElements.mailIdText(ContactPageElements.java:30)
at scripts.ContactPage_T_C.verifyMailId(ContactPage_T_C.java:20)
at java.base/java.util.concurrent.ThreadPoolExecutor.runWorker(ThreadPoolExecutor.java:1144)
at java.base/java.util.concurrent.ThreadPoolExecutor$Worker.run(ThreadPoolExecutor.java:642)
at java.base/java.lang.Thread.run(Thread.java:1589)
... Removed 13 stack frames]]>
    </failure>
  </testcase> <!-- verifyMailId -->
  <testcase classname="scripts.PrivacyPage_T_C" name="verifyScrollButton" time="8.949"/>
  <testcase classname="scripts.HomePage_T_C" name="verifyMetaContent" time="4.906">
    <failure type="java.lang.NullPointerException" message="Cannot invoke &amp;quot;java.util.List.get(int)&amp;quot; because the return value of &amp;quot;java.util.Map.get(Object)&amp;quot; is null">
      <![CDATA[java.lang.NullPointerException: Cannot invoke "java.util.List.get(int)" because the return value of "java.util.Map.get(Object)" is null
at utilities.MetaFileHandler.readMetaContentFromExcel(MetaFileHandler.java:99)
at scripts.HomePage_T_C.verifyMetaContent(HomePage_T_C.java:88)
at java.base/java.util.concurrent.ThreadPoolExecutor.runWorker(ThreadPoolExecutor.java:1144)
at java.base/java.util.concurrent.ThreadPoolExecutor$Worker.run(ThreadPoolExecutor.java:642)
at java.base/java.lang.Thread.run(Thread.java:1589)
... Removed 10 stack frames]]>
    </failure>
  </testcase> <!-- verifyMetaContent -->
  <testcase classname="scripts.ContactPage_T_C" name="verifyMailId" time="5.899">
    <failure type="java.lang.AssertionError" message="The following asserts failed:
	expected [true] but found [false]">
      <![CDATA[java.lang.AssertionError: The following asserts failed:
expected [true] but found [false]
at scripts.ContactPage_T_C.verifyMailId(ContactPage_T_C.java:21)
at java.base/java.util.concurrent.ThreadPoolExecutor.runWorker(ThreadPoolExecutor.java:1144)
at java.base/java.util.concurrent.ThreadPoolExecutor$Worker.run(ThreadPoolExecutor.java:642)
at java.base/java.lang.Thread.run(Thread.java:1589)
... Removed 12 stack frames]]>
    </failure>
  </testcase> <!-- verifyMailId -->
  <testcase classname="scripts.CookiePage_T_C" name="verifyScrollButton" time="8.253">
    <failure type="java.lang.AssertionError" message="The following asserts failed:
	0 expected [true] but found [false]">
      <![CDATA[java.lang.AssertionError: The following asserts failed:
0 expected [true] but found [false]
at scripts.CookiePage_T_C.verifyScrollButton(CookiePage_T_C.java:54)
at java.base/java.util.concurrent.ThreadPoolExecutor.runWorker(ThreadPoolExecutor.java:1144)
at java.base/java.util.concurrent.ThreadPoolExecutor$Worker.run(ThreadPoolExecutor.java:642)
at java.base/java.lang.Thread.run(Thread.java:1589)
... Removed 12 stack frames]]>
    </failure>
  </testcase> <!-- verifyScrollButton -->
  <testcase classname="scripts.SearchPage_T_C" name="verifyHttpInPageSource" time="8.696"/>
  <testcase classname="scripts.ContactPage_T_C" name="verifyMetaContent" time="4.971">
    <failure type="java.lang.NullPointerException" message="Cannot invoke &amp;quot;java.util.List.get(int)&amp;quot; because the return value of &amp;quot;java.util.Map.get(Object)&amp;quot; is null">
      <![CDATA[java.lang.NullPointerException: Cannot invoke "java.util.List.get(int)" because the return value of "java.util.Map.get(Object)" is null
at utilities.MetaFileHandler.readMetaContentFromExcel(MetaFileHandler.java:99)
at scripts.ContactPage_T_C.verifyMetaContent(ContactPage_T_C.java:141)
at java.base/java.util.concurrent.ThreadPoolExecutor.runWorker(ThreadPoolExecutor.java:1144)
at java.base/java.util.concurrent.ThreadPoolExecutor$Worker.run(ThreadPoolExecutor.java:642)
at java.base/java.lang.Thread.run(Thread.java:1589)
... Removed 10 stack frames]]>
    </failure>
  </testcase> <!-- verifyMetaContent -->
  <testcase classname="scripts.PrivacyPage_T_C" name="verifyScrollButton" time="7.64">
    <failure type="java.lang.AssertionError" message="The following asserts failed:
	637 expected [true] but found [false]">
      <![CDATA[java.lang.AssertionError: The following asserts failed:
637 expected [true] but found [false]
at scripts.PrivacyPage_T_C.verifyScrollButton(PrivacyPage_T_C.java:54)
at java.base/java.util.concurrent.ThreadPoolExecutor.runWorker(ThreadPoolExecutor.java:1144)
at java.base/java.util.concurrent.ThreadPoolExecutor$Worker.run(ThreadPoolExecutor.java:642)
at java.base/java.lang.Thread.run(Thread.java:1589)
... Removed 12 stack frames]]>
    </failure>
  </testcase> <!-- verifyScrollButton -->
  <testcase classname="scripts.HomePage_T_C" name="verifyMetaContent" time="2.737">
    <failure type="java.lang.NullPointerException" message="Cannot invoke &amp;quot;java.util.List.get(int)&amp;quot; because the return value of &amp;quot;java.util.Map.get(Object)&amp;quot; is null">
      <![CDATA[java.lang.NullPointerException: Cannot invoke "java.util.List.get(int)" because the return value of "java.util.Map.get(Object)" is null
at utilities.MetaFileHandler.readMetaContentFromExcel(MetaFileHandler.java:99)
at scripts.HomePage_T_C.verifyMetaContent(HomePage_T_C.java:88)
at java.base/java.util.concurrent.ThreadPoolExecutor.runWorker(ThreadPoolExecutor.java:1144)
at java.base/java.util.concurrent.ThreadPoolExecutor$Worker.run(ThreadPoolExecutor.java:642)
at java.base/java.lang.Thread.run(Thread.java:1589)
... Removed 10 stack frames]]>
    </failure>
  </testcase> <!-- verifyMetaContent -->
  <testcase classname="scripts.SearchPage_T_C" name="verifyHttpInPageSource" time="7.781"/>
  <testcase classname="scripts.ContactPage_T_C" name="verifyMetaContent" time="4.908">
    <failure type="java.lang.NullPointerException" message="Cannot invoke &amp;quot;java.util.List.get(int)&amp;quot; because the return value of &amp;quot;java.util.Map.get(Object)&amp;quot; is null">
      <![CDATA[java.lang.NullPointerException: Cannot invoke "java.util.List.get(int)" because the return value of "java.util.Map.get(Object)" is null
at utilities.MetaFileHandler.readMetaContentFromExcel(MetaFileHandler.java:99)
at scripts.ContactPage_T_C.verifyMetaContent(ContactPage_T_C.java:141)
at java.base/java.util.concurrent.ThreadPoolExecutor.runWorker(ThreadPoolExecutor.java:1144)
at java.base/java.util.concurrent.ThreadPoolExecutor$Worker.run(ThreadPoolExecutor.java:642)
at java.base/java.lang.Thread.run(Thread.java:1589)
... Removed 10 stack frames]]>
    </failure>
  </testcase> <!-- verifyMetaContent -->
  <testcase classname="scripts.CookiePage_T_C" name="verifyScrollButton" time="6.124">
    <failure type="java.lang.AssertionError" message="The following asserts failed:
	76 expected [true] but found [false]">
      <![CDATA[java.lang.AssertionError: The following asserts failed:
76 expected [true] but found [false]
at scripts.CookiePage_T_C.verifyScrollButton(CookiePage_T_C.java:54)
at java.base/java.util.concurrent.ThreadPoolExecutor.runWorker(ThreadPoolExecutor.java:1144)
at java.base/java.util.concurrent.ThreadPoolExecutor$Worker.run(ThreadPoolExecutor.java:642)
at java.base/java.lang.Thread.run(Thread.java:1589)
... Removed 12 stack frames]]>
    </failure>
  </testcase> <!-- verifyScrollButton -->
  <testcase classname="scripts.HomePage_T_C" name="verifyMetaContent" time="5.734">
    <failure type="java.lang.NullPointerException" message="Cannot invoke &amp;quot;java.util.List.get(int)&amp;quot; because the return value of &amp;quot;java.util.Map.get(Object)&amp;quot; is null">
      <![CDATA[java.lang.NullPointerException: Cannot invoke "java.util.List.get(int)" because the return value of "java.util.Map.get(Object)" is null
at utilities.MetaFileHandler.readMetaContentFromExcel(MetaFileHandler.java:99)
at scripts.HomePage_T_C.verifyMetaContent(HomePage_T_C.java:88)
at java.base/java.util.concurrent.ThreadPoolExecutor.runWorker(ThreadPoolExecutor.java:1144)
at java.base/java.util.concurrent.ThreadPoolExecutor$Worker.run(ThreadPoolExecutor.java:642)
at java.base/java.lang.Thread.run(Thread.java:1589)
... Removed 10 stack frames]]>
    </failure>
  </testcase> <!-- verifyMetaContent -->
  <testcase classname="scripts.PrivacyPage_T_C" name="verifyScrollButton" time="10.803"/>
  <testcase classname="scripts.ContactPage_T_C" name="verifyMetaContent" time="7.291">
    <failure type="java.lang.NullPointerException" message="Cannot invoke &amp;quot;java.util.List.get(int)&amp;quot; because the return value of &amp;quot;java.util.Map.get(Object)&amp;quot; is null">
      <![CDATA[java.lang.NullPointerException: Cannot invoke "java.util.List.get(int)" because the return value of "java.util.Map.get(Object)" is null
at utilities.MetaFileHandler.readMetaContentFromExcel(MetaFileHandler.java:99)
at scripts.ContactPage_T_C.verifyMetaContent(ContactPage_T_C.java:141)
at java.base/java.util.concurrent.ThreadPoolExecutor.runWorker(ThreadPoolExecutor.java:1144)
at java.base/java.util.concurrent.ThreadPoolExecutor$Worker.run(ThreadPoolExecutor.java:642)
at java.base/java.lang.Thread.run(Thread.java:1589)
... Removed 10 stack frames]]>
    </failure>
  </testcase> <!-- verifyMetaContent -->
  <testcase classname="scripts.SearchPage_T_C" name="verifyHttpInPageSource" time="14.783">
    <failure type="org.openqa.selenium.NoSuchElementException" message="no such element: Unable to locate element: {&amp;quot;method&amp;quot;:&amp;quot;xpath&amp;quot;,&amp;quot;selector&amp;quot;:&amp;quot;//*[text()=&amp;apos;SEARCH&amp;apos; or text()=&amp;apos;FIND JOBS&amp;apos; or text()=&amp;apos;Search&amp;apos;or text()=&amp;apos;Browse Jobs&amp;apos; or text()=&amp;apos;BROWSE JOBS&amp;apos; or @type=&amp;apos;submit&amp;apos; or text()=&amp;apos;More Jobs&amp;apos;]&amp;quot;}
  (Session info: chrome=123.0.6312.86)
For documentation on this error, please visit: https://www.selenium.dev/documentation/webdriver/troubleshooting/errors#no-such-element-exception
Build info: version: &amp;apos;4.15.0&amp;apos;, revision: &amp;apos;1d14b5521b&amp;apos;
System info: os.name: &amp;apos;Windows 10&amp;apos;, os.arch: &amp;apos;amd64&amp;apos;, os.version: &amp;apos;10.0&amp;apos;, java.version: &amp;apos;19.0.2&amp;apos;
Driver info: org.openqa.selenium.remote.RemoteWebDriver
Command: [da341b3ea6774f1d92a977b4b9fecb00, findElement {using=xpath, value=//*[text()=&amp;apos;SEARCH&amp;apos; or text()=&amp;apos;FIND JOBS&amp;apos; or text()=&amp;apos;Search&amp;apos;or text()=&amp;apos;Browse Jobs&amp;apos; or text()=&amp;apos;BROWSE JOBS&amp;apos; or @type=&amp;apos;submit&amp;apos; or text()=&amp;apos;More Jobs&amp;apos;]}]
Capabilities {acceptInsecureCerts: false, browserName: chrome, browserVersion: 123.0.6312.86, chrome: {chromedriverVersion: 122.0.6261.94 (880dbf29479c..., userDataDir: C:\Users\JOBIAK\AppData\Loc...}, fedcm:accounts: true, goog:chromeOptions: {debuggerAddress: localhost:55988}, networkConnectionEnabled: false, pageLoadStrategy: normal, platformName: Windows 10, proxy: Proxy(), se:bidiEnabled: false, se:cdp: ws://192.168.0.7:4444/sessi..., se:cdpVersion: 123.0.6312.86, setWindowRect: true, strictFileInteractability: false, timeouts: {implicit: 0, pageLoad: 300000, script: 30000}, unhandledPromptBehavior: dismiss and notify, webauthn:extension:credBlob: true, webauthn:extension:largeBlob: true, webauthn:extension:minPinLength: true, webauthn:extension:prf: true, webauthn:virtualAuthenticators: true}
Session ID: da341b3ea6774f1d92a977b4b9fecb00">
      <![CDATA[org.openqa.selenium.NoSuchElementException: no such element: Unable to locate element: {"method":"xpath","selector":"//*[text()='SEARCH' or text()='FIND JOBS' or text()='Search'or text()='Browse Jobs' or text()='BROWSE JOBS' or @type='submit' or text()='More Jobs']"}
  (Session info: chrome=123.0.6312.86)
For documentation on this error, please visit: https://www.selenium.dev/documentation/webdriver/troubleshooting/errors#no-such-element-exception
Build info: version: '4.15.0', revision: '1d14b5521b'
System info: os.name: 'Windows 10', os.arch: 'amd64', os.version: '10.0', java.version: '19.0.2'
Driver info: org.openqa.selenium.remote.RemoteWebDriver
Command: [da341b3ea6774f1d92a977b4b9fecb00, findElement {using=xpath, value=//*[text()='SEARCH' or text()='FIND JOBS' or text()='Search'or text()='Browse Jobs' or text()='BROWSE JOBS' or @type='submit' or text()='More Jobs']}]
Capabilities {acceptInsecureCerts: false, browserName: chrome, browserVersion: 123.0.6312.86, chrome: {chromedriverVersion: 122.0.6261.94 (880dbf29479c..., userDataDir: C:\Users\JOBIAK\AppData\Loc...}, fedcm:accounts: true, goog:chromeOptions: {debuggerAddress: localhost:55988}, networkConnectionEnabled: false, pageLoadStrategy: normal, platformName: Windows 10, proxy: Proxy(), se:bidiEnabled: false, se:cdp: ws://192.168.0.7:4444/sessi..., se:cdpVersion: 123.0.6312.86, setWindowRect: true, strictFileInteractability: false, timeouts: {implicit: 0, pageLoad: 300000, script: 30000}, unhandledPromptBehavior: dismiss and notify, webauthn:extension:credBlob: true, webauthn:extension:largeBlob: true, webauthn:extension:minPinLength: true, webauthn:extension:prf: true, webauthn:virtualAuthenticators: true}
Session ID: da341b3ea6774f1d92a977b4b9fecb00
at org.openqa.selenium.remote.codec.w3c.W3CHttpResponseCodec.createException(W3CHttpResponseCodec.java:200)
at org.openqa.selenium.remote.codec.w3c.W3CHttpResponseCodec.decode(W3CHttpResponseCodec.java:133)
at org.openqa.selenium.remote.codec.w3c.W3CHttpResponseCodec.decode(W3CHttpResponseCodec.java:52)
at org.openqa.selenium.remote.HttpCommandExecutor.execute(HttpCommandExecutor.java:191)
at org.openqa.selenium.remote.TracedCommandExecutor.execute(TracedCommandExecutor.java:51)
at org.openqa.selenium.remote.RemoteWebDriver.execute(RemoteWebDriver.java:607)
at org.openqa.selenium.remote.ElementLocation$ElementFinder$2.findElement(ElementLocation.java:165)
at org.openqa.selenium.remote.ElementLocation.findElement(ElementLocation.java:59)
at org.openqa.selenium.remote.RemoteWebDriver.findElement(RemoteWebDriver.java:364)
at org.openqa.selenium.remote.RemoteWebDriver.findElement(RemoteWebDriver.java:358)
at pageElements.AbstractComponents.elementStore(AbstractComponents.java:23)
at pageElements.HomePageElements.clickOnSearch(HomePageElements.java:60)
at scripts.SearchPage_T_C.verifyHttpInPageSource(SearchPage_T_C.java:140)
at java.base/java.util.concurrent.ThreadPoolExecutor.runWorker(ThreadPoolExecutor.java:1144)
at java.base/java.util.concurrent.ThreadPoolExecutor$Worker.run(ThreadPoolExecutor.java:642)
at java.base/java.lang.Thread.run(Thread.java:1589)
... Removed 13 stack frames]]>
    </failure>
  </testcase> <!-- verifyHttpInPageSource -->
  <testcase classname="scripts.CookiePage_T_C" name="verifyScrollButton" time="8.628">
    <failure type="java.lang.AssertionError" message="The following asserts failed:
	475 expected [true] but found [false]">
      <![CDATA[java.lang.AssertionError: The following asserts failed:
475 expected [true] but found [false]
at scripts.CookiePage_T_C.verifyScrollButton(CookiePage_T_C.java:54)
at java.base/java.util.concurrent.ThreadPoolExecutor.runWorker(ThreadPoolExecutor.java:1144)
at java.base/java.util.concurrent.ThreadPoolExecutor$Worker.run(ThreadPoolExecutor.java:642)
at java.base/java.lang.Thread.run(Thread.java:1589)
... Removed 12 stack frames]]>
    </failure>
  </testcase> <!-- verifyScrollButton -->
  <testcase classname="scripts.ContactPage_T_C" name="verifyMetaContent" time="3.141">
    <failure type="java.lang.NullPointerException" message="Cannot invoke &amp;quot;java.util.List.get(int)&amp;quot; because the return value of &amp;quot;java.util.Map.get(Object)&amp;quot; is null">
      <![CDATA[java.lang.NullPointerException: Cannot invoke "java.util.List.get(int)" because the return value of "java.util.Map.get(Object)" is null
at utilities.MetaFileHandler.readMetaContentFromExcel(MetaFileHandler.java:99)
at scripts.ContactPage_T_C.verifyMetaContent(ContactPage_T_C.java:141)
at java.base/java.util.concurrent.ThreadPoolExecutor.runWorker(ThreadPoolExecutor.java:1144)
at java.base/java.util.concurrent.ThreadPoolExecutor$Worker.run(ThreadPoolExecutor.java:642)
at java.base/java.lang.Thread.run(Thread.java:1589)
... Removed 10 stack frames]]>
    </failure>
  </testcase> <!-- verifyMetaContent -->
  <testcase classname="scripts.HomePage_T_C" name="verifyNetworkStatus" time="3.845"/>
  <testcase classname="scripts.PrivacyPage_T_C" name="verifyStaticContent" time="16.133">
    <failure type="org.openqa.selenium.NoSuchElementException" message="no such element: Unable to locate element: {&amp;quot;method&amp;quot;:&amp;quot;xpath&amp;quot;,&amp;quot;selector&amp;quot;:&amp;quot;//main&amp;quot;}
  (Session info: chrome=123.0.6312.86)
For documentation on this error, please visit: https://www.selenium.dev/documentation/webdriver/troubleshooting/errors#no-such-element-exception
Build info: version: &amp;apos;4.15.0&amp;apos;, revision: &amp;apos;1d14b5521b&amp;apos;
System info: os.name: &amp;apos;Windows 10&amp;apos;, os.arch: &amp;apos;amd64&amp;apos;, os.version: &amp;apos;10.0&amp;apos;, java.version: &amp;apos;19.0.2&amp;apos;
Driver info: org.openqa.selenium.remote.RemoteWebDriver
Command: [4a79d7029ed96ea2080b887ca6af3ed1, findElement {using=xpath, value=//main}]
Capabilities {acceptInsecureCerts: false, browserName: chrome, browserVersion: 123.0.6312.86, chrome: {chromedriverVersion: 122.0.6261.94 (880dbf29479c..., userDataDir: C:\Users\JOBIAK\AppData\Loc...}, fedcm:accounts: true, goog:chromeOptions: {debuggerAddress: localhost:56048}, networkConnectionEnabled: false, pageLoadStrategy: normal, platformName: Windows 10, proxy: Proxy(), se:bidiEnabled: false, se:cdp: ws://192.168.0.7:4444/sessi..., se:cdpVersion: 123.0.6312.86, setWindowRect: true, strictFileInteractability: false, timeouts: {implicit: 0, pageLoad: 300000, script: 30000}, unhandledPromptBehavior: dismiss and notify, webauthn:extension:credBlob: true, webauthn:extension:largeBlob: true, webauthn:extension:minPinLength: true, webauthn:extension:prf: true, webauthn:virtualAuthenticators: true}
Session ID: 4a79d7029ed96ea2080b887ca6af3ed1">
      <![CDATA[org.openqa.selenium.NoSuchElementException: no such element: Unable to locate element: {"method":"xpath","selector":"//main"}
  (Session info: chrome=123.0.6312.86)
For documentation on this error, please visit: https://www.selenium.dev/documentation/webdriver/troubleshooting/errors#no-such-element-exception
Build info: version: '4.15.0', revision: '1d14b5521b'
System info: os.name: 'Windows 10', os.arch: 'amd64', os.version: '10.0', java.version: '19.0.2'
Driver info: org.openqa.selenium.remote.RemoteWebDriver
Command: [4a79d7029ed96ea2080b887ca6af3ed1, findElement {using=xpath, value=//main}]
Capabilities {acceptInsecureCerts: false, browserName: chrome, browserVersion: 123.0.6312.86, chrome: {chromedriverVersion: 122.0.6261.94 (880dbf29479c..., userDataDir: C:\Users\JOBIAK\AppData\Loc...}, fedcm:accounts: true, goog:chromeOptions: {debuggerAddress: localhost:56048}, networkConnectionEnabled: false, pageLoadStrategy: normal, platformName: Windows 10, proxy: Proxy(), se:bidiEnabled: false, se:cdp: ws://192.168.0.7:4444/sessi..., se:cdpVersion: 123.0.6312.86, setWindowRect: true, strictFileInteractability: false, timeouts: {implicit: 0, pageLoad: 300000, script: 30000}, unhandledPromptBehavior: dismiss and notify, webauthn:extension:credBlob: true, webauthn:extension:largeBlob: true, webauthn:extension:minPinLength: true, webauthn:extension:prf: true, webauthn:virtualAuthenticators: true}
Session ID: 4a79d7029ed96ea2080b887ca6af3ed1
at org.openqa.selenium.remote.codec.w3c.W3CHttpResponseCodec.createException(W3CHttpResponseCodec.java:200)
at org.openqa.selenium.remote.codec.w3c.W3CHttpResponseCodec.decode(W3CHttpResponseCodec.java:133)
at org.openqa.selenium.remote.codec.w3c.W3CHttpResponseCodec.decode(W3CHttpResponseCodec.java:52)
at org.openqa.selenium.remote.HttpCommandExecutor.execute(HttpCommandExecutor.java:191)
at org.openqa.selenium.remote.TracedCommandExecutor.execute(TracedCommandExecutor.java:51)
at org.openqa.selenium.remote.RemoteWebDriver.execute(RemoteWebDriver.java:607)
at org.openqa.selenium.remote.ElementLocation$ElementFinder$2.findElement(ElementLocation.java:165)
at org.openqa.selenium.remote.ElementLocation.findElement(ElementLocation.java:59)
at org.openqa.selenium.remote.RemoteWebDriver.findElement(RemoteWebDriver.java:364)
at org.openqa.selenium.remote.RemoteWebDriver.findElement(RemoteWebDriver.java:358)
at pageElements.AbstractComponents.elementStore(AbstractComponents.java:23)
at pageElements.BaseElements.getPageContent(BaseElements.java:111)
at scripts.PrivacyPage_T_C.verifyStaticContent(PrivacyPage_T_C.java:14)
at java.base/java.util.concurrent.ThreadPoolExecutor.runWorker(ThreadPoolExecutor.java:1144)
at java.base/java.util.concurrent.ThreadPoolExecutor$Worker.run(ThreadPoolExecutor.java:642)
at java.base/java.lang.Thread.run(Thread.java:1589)
... Removed 13 stack frames]]>
    </failure>
  </testcase> <!-- verifyStaticContent -->
  <testcase classname="scripts.SearchPage_T_C" name="verifyMetaContent" time="8.681">
    <failure type="java.lang.NullPointerException" message="Cannot invoke &amp;quot;java.util.List.get(int)&amp;quot; because the return value of &amp;quot;java.util.Map.get(Object)&amp;quot; is null">
      <![CDATA[java.lang.NullPointerException: Cannot invoke "java.util.List.get(int)" because the return value of "java.util.Map.get(Object)" is null
at utilities.MetaFileHandler.readMetaContentFromExcel(MetaFileHandler.java:99)
at scripts.SearchPage_T_C.verifyMetaContent(SearchPage_T_C.java:127)
at java.base/java.util.concurrent.ThreadPoolExecutor.runWorker(ThreadPoolExecutor.java:1144)
at java.base/java.util.concurrent.ThreadPoolExecutor$Worker.run(ThreadPoolExecutor.java:642)
at java.base/java.lang.Thread.run(Thread.java:1589)
... Removed 10 stack frames]]>
    </failure>
  </testcase> <!-- verifyMetaContent -->
  <testcase classname="scripts.ContactPage_T_C" name="verifyNetworkStatus" time="5.496"/>
  <testcase classname="scripts.PrivacyPage_T_C" name="verifyStaticContent" time="6.284"/>
  <testcase classname="scripts.CookiePage_T_C" name="verifyStaticContent" time="16.005">
    <failure type="org.openqa.selenium.NoSuchElementException" message="no such element: Unable to locate element: {&amp;quot;method&amp;quot;:&amp;quot;xpath&amp;quot;,&amp;quot;selector&amp;quot;:&amp;quot;//main&amp;quot;}
  (Session info: chrome=123.0.6312.86)
For documentation on this error, please visit: https://www.selenium.dev/documentation/webdriver/troubleshooting/errors#no-such-element-exception
Build info: version: &amp;apos;4.15.0&amp;apos;, revision: &amp;apos;1d14b5521b&amp;apos;
System info: os.name: &amp;apos;Windows 10&amp;apos;, os.arch: &amp;apos;amd64&amp;apos;, os.version: &amp;apos;10.0&amp;apos;, java.version: &amp;apos;19.0.2&amp;apos;
Driver info: org.openqa.selenium.remote.RemoteWebDriver
Command: [a56af05f0428f1846d77eb4526908e78, findElement {using=xpath, value=//main}]
Capabilities {acceptInsecureCerts: false, browserName: chrome, browserVersion: 123.0.6312.86, chrome: {chromedriverVersion: 122.0.6261.94 (880dbf29479c..., userDataDir: C:\Users\JOBIAK\AppData\Loc...}, fedcm:accounts: true, goog:chromeOptions: {debuggerAddress: localhost:56120}, networkConnectionEnabled: false, pageLoadStrategy: normal, platformName: Windows 10, proxy: Proxy(), se:bidiEnabled: false, se:cdp: ws://192.168.0.7:4444/sessi..., se:cdpVersion: 123.0.6312.86, setWindowRect: true, strictFileInteractability: false, timeouts: {implicit: 0, pageLoad: 300000, script: 30000}, unhandledPromptBehavior: dismiss and notify, webauthn:extension:credBlob: true, webauthn:extension:largeBlob: true, webauthn:extension:minPinLength: true, webauthn:extension:prf: true, webauthn:virtualAuthenticators: true}
Session ID: a56af05f0428f1846d77eb4526908e78">
      <![CDATA[org.openqa.selenium.NoSuchElementException: no such element: Unable to locate element: {"method":"xpath","selector":"//main"}
  (Session info: chrome=123.0.6312.86)
For documentation on this error, please visit: https://www.selenium.dev/documentation/webdriver/troubleshooting/errors#no-such-element-exception
Build info: version: '4.15.0', revision: '1d14b5521b'
System info: os.name: 'Windows 10', os.arch: 'amd64', os.version: '10.0', java.version: '19.0.2'
Driver info: org.openqa.selenium.remote.RemoteWebDriver
Command: [a56af05f0428f1846d77eb4526908e78, findElement {using=xpath, value=//main}]
Capabilities {acceptInsecureCerts: false, browserName: chrome, browserVersion: 123.0.6312.86, chrome: {chromedriverVersion: 122.0.6261.94 (880dbf29479c..., userDataDir: C:\Users\JOBIAK\AppData\Loc...}, fedcm:accounts: true, goog:chromeOptions: {debuggerAddress: localhost:56120}, networkConnectionEnabled: false, pageLoadStrategy: normal, platformName: Windows 10, proxy: Proxy(), se:bidiEnabled: false, se:cdp: ws://192.168.0.7:4444/sessi..., se:cdpVersion: 123.0.6312.86, setWindowRect: true, strictFileInteractability: false, timeouts: {implicit: 0, pageLoad: 300000, script: 30000}, unhandledPromptBehavior: dismiss and notify, webauthn:extension:credBlob: true, webauthn:extension:largeBlob: true, webauthn:extension:minPinLength: true, webauthn:extension:prf: true, webauthn:virtualAuthenticators: true}
Session ID: a56af05f0428f1846d77eb4526908e78
at org.openqa.selenium.remote.codec.w3c.W3CHttpResponseCodec.createException(W3CHttpResponseCodec.java:200)
at org.openqa.selenium.remote.codec.w3c.W3CHttpResponseCodec.decode(W3CHttpResponseCodec.java:133)
at org.openqa.selenium.remote.codec.w3c.W3CHttpResponseCodec.decode(W3CHttpResponseCodec.java:52)
at org.openqa.selenium.remote.HttpCommandExecutor.execute(HttpCommandExecutor.java:191)
at org.openqa.selenium.remote.TracedCommandExecutor.execute(TracedCommandExecutor.java:51)
at org.openqa.selenium.remote.RemoteWebDriver.execute(RemoteWebDriver.java:607)
at org.openqa.selenium.remote.ElementLocation$ElementFinder$2.findElement(ElementLocation.java:165)
at org.openqa.selenium.remote.ElementLocation.findElement(ElementLocation.java:59)
at org.openqa.selenium.remote.RemoteWebDriver.findElement(RemoteWebDriver.java:364)
at org.openqa.selenium.remote.RemoteWebDriver.findElement(RemoteWebDriver.java:358)
at pageElements.AbstractComponents.elementStore(AbstractComponents.java:23)
at pageElements.BaseElements.getPageContent(BaseElements.java:111)
at scripts.CookiePage_T_C.verifyStaticContent(CookiePage_T_C.java:14)
at java.base/java.util.concurrent.ThreadPoolExecutor.runWorker(ThreadPoolExecutor.java:1144)
at java.base/java.util.concurrent.ThreadPoolExecutor$Worker.run(ThreadPoolExecutor.java:642)
at java.base/java.lang.Thread.run(Thread.java:1589)
... Removed 13 stack frames]]>
    </failure>
  </testcase> <!-- verifyStaticContent -->
  <testcase classname="scripts.HomePage_T_C" name="verifyNetworkStatus" time="8.22"/>
  <testcase classname="scripts.PrivacyPage_T_C" name="verifyStaticContent" time="5.436"/>
  <testcase classname="scripts.SearchPage_T_C" name="verifyMetaContent" time="9.449">
    <failure type="java.lang.NullPointerException" message="Cannot invoke &amp;quot;java.util.List.get(int)&amp;quot; because the return value of &amp;quot;java.util.Map.get(Object)&amp;quot; is null">
      <![CDATA[java.lang.NullPointerException: Cannot invoke "java.util.List.get(int)" because the return value of "java.util.Map.get(Object)" is null
at utilities.MetaFileHandler.readMetaContentFromExcel(MetaFileHandler.java:99)
at scripts.SearchPage_T_C.verifyMetaContent(SearchPage_T_C.java:127)
at java.base/java.util.concurrent.ThreadPoolExecutor.runWorker(ThreadPoolExecutor.java:1144)
at java.base/java.util.concurrent.ThreadPoolExecutor$Worker.run(ThreadPoolExecutor.java:642)
at java.base/java.lang.Thread.run(Thread.java:1589)
... Removed 10 stack frames]]>
    </failure>
  </testcase> <!-- verifyMetaContent -->
  <testcase classname="scripts.ContactPage_T_C" name="verifyNetworkStatus" time="6.76"/>
  <testcase classname="scripts.CookiePage_T_C" name="verifyStaticContent" time="7.552"/>
  <testcase classname="scripts.HomePage_T_C" name="verifyNetworkStatus" time="4.649"/>
  <testcase classname="scripts.ContactPage_T_C" name="verifyNetworkStatus" time="5.375"/>
  <testcase classname="scripts.HomePage_T_C" name="verifyNetworkStatus" time="4.733"/>
  <testcase classname="scripts.SearchPage_T_C" name="verifyMetaContent" time="6.045">
    <failure type="java.lang.NullPointerException" message="Cannot invoke &amp;quot;java.util.List.get(int)&amp;quot; because the return value of &amp;quot;java.util.Map.get(Object)&amp;quot; is null">
      <![CDATA[java.lang.NullPointerException: Cannot invoke "java.util.List.get(int)" because the return value of "java.util.Map.get(Object)" is null
at utilities.MetaFileHandler.readMetaContentFromExcel(MetaFileHandler.java:99)
at scripts.SearchPage_T_C.verifyMetaContent(SearchPage_T_C.java:127)
at java.base/java.util.concurrent.ThreadPoolExecutor.runWorker(ThreadPoolExecutor.java:1144)
at java.base/java.util.concurrent.ThreadPoolExecutor$Worker.run(ThreadPoolExecutor.java:642)
at java.base/java.lang.Thread.run(Thread.java:1589)
... Removed 10 stack frames]]>
    </failure>
  </testcase> <!-- verifyMetaContent -->
  <testcase classname="scripts.PrivacyPage_T_C" name="verifyStaticContent" time="15.069">
    <failure type="org.openqa.selenium.NoSuchElementException" message="no such element: Unable to locate element: {&amp;quot;method&amp;quot;:&amp;quot;xpath&amp;quot;,&amp;quot;selector&amp;quot;:&amp;quot;//main&amp;quot;}
  (Session info: chrome=123.0.6312.86)
For documentation on this error, please visit: https://www.selenium.dev/documentation/webdriver/troubleshooting/errors#no-such-element-exception
Build info: version: &amp;apos;4.15.0&amp;apos;, revision: &amp;apos;1d14b5521b&amp;apos;
System info: os.name: &amp;apos;Windows 10&amp;apos;, os.arch: &amp;apos;amd64&amp;apos;, os.version: &amp;apos;10.0&amp;apos;, java.version: &amp;apos;19.0.2&amp;apos;
Driver info: org.openqa.selenium.remote.RemoteWebDriver
Command: [c714c508061af30530825a88da8b8571, findElement {using=xpath, value=//main}]
Capabilities {acceptInsecureCerts: false, browserName: chrome, browserVersion: 123.0.6312.86, chrome: {chromedriverVersion: 122.0.6261.94 (880dbf29479c..., userDataDir: C:\Users\JOBIAK\AppData\Loc...}, fedcm:accounts: true, goog:chromeOptions: {debuggerAddress: localhost:56312}, networkConnectionEnabled: false, pageLoadStrategy: normal, platformName: Windows 10, proxy: Proxy(), se:bidiEnabled: false, se:cdp: ws://192.168.0.7:4444/sessi..., se:cdpVersion: 123.0.6312.86, setWindowRect: true, strictFileInteractability: false, timeouts: {implicit: 0, pageLoad: 300000, script: 30000}, unhandledPromptBehavior: dismiss and notify, webauthn:extension:credBlob: true, webauthn:extension:largeBlob: true, webauthn:extension:minPinLength: true, webauthn:extension:prf: true, webauthn:virtualAuthenticators: true}
Session ID: c714c508061af30530825a88da8b8571">
      <![CDATA[org.openqa.selenium.NoSuchElementException: no such element: Unable to locate element: {"method":"xpath","selector":"//main"}
  (Session info: chrome=123.0.6312.86)
For documentation on this error, please visit: https://www.selenium.dev/documentation/webdriver/troubleshooting/errors#no-such-element-exception
Build info: version: '4.15.0', revision: '1d14b5521b'
System info: os.name: 'Windows 10', os.arch: 'amd64', os.version: '10.0', java.version: '19.0.2'
Driver info: org.openqa.selenium.remote.RemoteWebDriver
Command: [c714c508061af30530825a88da8b8571, findElement {using=xpath, value=//main}]
Capabilities {acceptInsecureCerts: false, browserName: chrome, browserVersion: 123.0.6312.86, chrome: {chromedriverVersion: 122.0.6261.94 (880dbf29479c..., userDataDir: C:\Users\JOBIAK\AppData\Loc...}, fedcm:accounts: true, goog:chromeOptions: {debuggerAddress: localhost:56312}, networkConnectionEnabled: false, pageLoadStrategy: normal, platformName: Windows 10, proxy: Proxy(), se:bidiEnabled: false, se:cdp: ws://192.168.0.7:4444/sessi..., se:cdpVersion: 123.0.6312.86, setWindowRect: true, strictFileInteractability: false, timeouts: {implicit: 0, pageLoad: 300000, script: 30000}, unhandledPromptBehavior: dismiss and notify, webauthn:extension:credBlob: true, webauthn:extension:largeBlob: true, webauthn:extension:minPinLength: true, webauthn:extension:prf: true, webauthn:virtualAuthenticators: true}
Session ID: c714c508061af30530825a88da8b8571
at org.openqa.selenium.remote.codec.w3c.W3CHttpResponseCodec.createException(W3CHttpResponseCodec.java:200)
at org.openqa.selenium.remote.codec.w3c.W3CHttpResponseCodec.decode(W3CHttpResponseCodec.java:133)
at org.openqa.selenium.remote.codec.w3c.W3CHttpResponseCodec.decode(W3CHttpResponseCodec.java:52)
at org.openqa.selenium.remote.HttpCommandExecutor.execute(HttpCommandExecutor.java:191)
at org.openqa.selenium.remote.TracedCommandExecutor.execute(TracedCommandExecutor.java:51)
at org.openqa.selenium.remote.RemoteWebDriver.execute(RemoteWebDriver.java:607)
at org.openqa.selenium.remote.ElementLocation$ElementFinder$2.findElement(ElementLocation.java:165)
at org.openqa.selenium.remote.ElementLocation.findElement(ElementLocation.java:59)
at org.openqa.selenium.remote.RemoteWebDriver.findElement(RemoteWebDriver.java:364)
at org.openqa.selenium.remote.RemoteWebDriver.findElement(RemoteWebDriver.java:358)
at pageElements.AbstractComponents.elementStore(AbstractComponents.java:23)
at pageElements.BaseElements.getPageContent(BaseElements.java:111)
at scripts.PrivacyPage_T_C.verifyStaticContent(PrivacyPage_T_C.java:14)
at java.base/java.util.concurrent.ThreadPoolExecutor.runWorker(ThreadPoolExecutor.java:1144)
at java.base/java.util.concurrent.ThreadPoolExecutor$Worker.run(ThreadPoolExecutor.java:642)
at java.base/java.lang.Thread.run(Thread.java:1589)
... Removed 13 stack frames]]>
    </failure>
  </testcase> <!-- verifyStaticContent -->
  <testcase classname="scripts.CookiePage_T_C" name="verifyStaticContent" time="5.264"/>
  <testcase classname="scripts.ContactPage_T_C" name="verifyNetworkStatus" time="8.535"/>
  <testcase classname="scripts.HomePage_T_C" name="verifyOgImageNetwork" time="4.314"/>
  <testcase classname="scripts.PrivacyPage_T_C" name="verifySubdomain" time="6.338"/>
  <testcase classname="scripts.CookiePage_T_C" name="verifyStaticContent" time="15.642">
    <failure type="org.openqa.selenium.NoSuchElementException" message="no such element: Unable to locate element: {&amp;quot;method&amp;quot;:&amp;quot;xpath&amp;quot;,&amp;quot;selector&amp;quot;:&amp;quot;//main&amp;quot;}
  (Session info: chrome=123.0.6312.86)
For documentation on this error, please visit: https://www.selenium.dev/documentation/webdriver/troubleshooting/errors#no-such-element-exception
Build info: version: &amp;apos;4.15.0&amp;apos;, revision: &amp;apos;1d14b5521b&amp;apos;
System info: os.name: &amp;apos;Windows 10&amp;apos;, os.arch: &amp;apos;amd64&amp;apos;, os.version: &amp;apos;10.0&amp;apos;, java.version: &amp;apos;19.0.2&amp;apos;
Driver info: org.openqa.selenium.remote.RemoteWebDriver
Command: [a9fde858113b8383d789264097f7b69e, findElement {using=xpath, value=//main}]
Capabilities {acceptInsecureCerts: false, browserName: chrome, browserVersion: 123.0.6312.86, chrome: {chromedriverVersion: 122.0.6261.94 (880dbf29479c..., userDataDir: C:\Users\JOBIAK\AppData\Loc...}, fedcm:accounts: true, goog:chromeOptions: {debuggerAddress: localhost:56446}, networkConnectionEnabled: false, pageLoadStrategy: normal, platformName: Windows 10, proxy: Proxy(), se:bidiEnabled: false, se:cdp: ws://192.168.0.7:4444/sessi..., se:cdpVersion: 123.0.6312.86, setWindowRect: true, strictFileInteractability: false, timeouts: {implicit: 0, pageLoad: 300000, script: 30000}, unhandledPromptBehavior: dismiss and notify, webauthn:extension:credBlob: true, webauthn:extension:largeBlob: true, webauthn:extension:minPinLength: true, webauthn:extension:prf: true, webauthn:virtualAuthenticators: true}
Session ID: a9fde858113b8383d789264097f7b69e">
      <![CDATA[org.openqa.selenium.NoSuchElementException: no such element: Unable to locate element: {"method":"xpath","selector":"//main"}
  (Session info: chrome=123.0.6312.86)
For documentation on this error, please visit: https://www.selenium.dev/documentation/webdriver/troubleshooting/errors#no-such-element-exception
Build info: version: '4.15.0', revision: '1d14b5521b'
System info: os.name: 'Windows 10', os.arch: 'amd64', os.version: '10.0', java.version: '19.0.2'
Driver info: org.openqa.selenium.remote.RemoteWebDriver
Command: [a9fde858113b8383d789264097f7b69e, findElement {using=xpath, value=//main}]
Capabilities {acceptInsecureCerts: false, browserName: chrome, browserVersion: 123.0.6312.86, chrome: {chromedriverVersion: 122.0.6261.94 (880dbf29479c..., userDataDir: C:\Users\JOBIAK\AppData\Loc...}, fedcm:accounts: true, goog:chromeOptions: {debuggerAddress: localhost:56446}, networkConnectionEnabled: false, pageLoadStrategy: normal, platformName: Windows 10, proxy: Proxy(), se:bidiEnabled: false, se:cdp: ws://192.168.0.7:4444/sessi..., se:cdpVersion: 123.0.6312.86, setWindowRect: true, strictFileInteractability: false, timeouts: {implicit: 0, pageLoad: 300000, script: 30000}, unhandledPromptBehavior: dismiss and notify, webauthn:extension:credBlob: true, webauthn:extension:largeBlob: true, webauthn:extension:minPinLength: true, webauthn:extension:prf: true, webauthn:virtualAuthenticators: true}
Session ID: a9fde858113b8383d789264097f7b69e
at org.openqa.selenium.remote.codec.w3c.W3CHttpResponseCodec.createException(W3CHttpResponseCodec.java:200)
at org.openqa.selenium.remote.codec.w3c.W3CHttpResponseCodec.decode(W3CHttpResponseCodec.java:133)
at org.openqa.selenium.remote.codec.w3c.W3CHttpResponseCodec.decode(W3CHttpResponseCodec.java:52)
at org.openqa.selenium.remote.HttpCommandExecutor.execute(HttpCommandExecutor.java:191)
at org.openqa.selenium.remote.TracedCommandExecutor.execute(TracedCommandExecutor.java:51)
at org.openqa.selenium.remote.RemoteWebDriver.execute(RemoteWebDriver.java:607)
at org.openqa.selenium.remote.ElementLocation$ElementFinder$2.findElement(ElementLocation.java:165)
at org.openqa.selenium.remote.ElementLocation.findElement(ElementLocation.java:59)
at org.openqa.selenium.remote.RemoteWebDriver.findElement(RemoteWebDriver.java:364)
at org.openqa.selenium.remote.RemoteWebDriver.findElement(RemoteWebDriver.java:358)
at pageElements.AbstractComponents.elementStore(AbstractComponents.java:23)
at pageElements.BaseElements.getPageContent(BaseElements.java:111)
at scripts.CookiePage_T_C.verifyStaticContent(CookiePage_T_C.java:14)
at java.base/java.util.concurrent.ThreadPoolExecutor.runWorker(ThreadPoolExecutor.java:1144)
at java.base/java.util.concurrent.ThreadPoolExecutor$Worker.run(ThreadPoolExecutor.java:642)
at java.base/java.lang.Thread.run(Thread.java:1589)
... Removed 13 stack frames]]>
    </failure>
  </testcase> <!-- verifyStaticContent -->
  <testcase classname="scripts.ContactPage_T_C" name="verifyOgUrlRepetition" time="5.644"/>
  <testcase classname="scripts.HomePage_T_C" name="verifyOgImageNetwork" time="7.579"/>
  <testcase classname="scripts.SearchPage_T_C" name="verifyMetaContent" time="13.703">
    <failure type="org.openqa.selenium.NoSuchElementException" message="no such element: Unable to locate element: {&amp;quot;method&amp;quot;:&amp;quot;xpath&amp;quot;,&amp;quot;selector&amp;quot;:&amp;quot;//*[text()=&amp;apos;SEARCH&amp;apos; or text()=&amp;apos;FIND JOBS&amp;apos; or text()=&amp;apos;Search&amp;apos;or text()=&amp;apos;Browse Jobs&amp;apos; or text()=&amp;apos;BROWSE JOBS&amp;apos; or @type=&amp;apos;submit&amp;apos; or text()=&amp;apos;More Jobs&amp;apos;]&amp;quot;}
  (Session info: chrome=123.0.6312.86)
For documentation on this error, please visit: https://www.selenium.dev/documentation/webdriver/troubleshooting/errors#no-such-element-exception
Build info: version: &amp;apos;4.15.0&amp;apos;, revision: &amp;apos;1d14b5521b&amp;apos;
System info: os.name: &amp;apos;Windows 10&amp;apos;, os.arch: &amp;apos;amd64&amp;apos;, os.version: &amp;apos;10.0&amp;apos;, java.version: &amp;apos;19.0.2&amp;apos;
Driver info: org.openqa.selenium.remote.RemoteWebDriver
Command: [f1248a32ec93089517f75d6f31765dc1, findElement {using=xpath, value=//*[text()=&amp;apos;SEARCH&amp;apos; or text()=&amp;apos;FIND JOBS&amp;apos; or text()=&amp;apos;Search&amp;apos;or text()=&amp;apos;Browse Jobs&amp;apos; or text()=&amp;apos;BROWSE JOBS&amp;apos; or @type=&amp;apos;submit&amp;apos; or text()=&amp;apos;More Jobs&amp;apos;]}]
Capabilities {acceptInsecureCerts: false, browserName: chrome, browserVersion: 123.0.6312.86, chrome: {chromedriverVersion: 122.0.6261.94 (880dbf29479c..., userDataDir: C:\Users\JOBIAK\AppData\Loc...}, fedcm:accounts: true, goog:chromeOptions: {debuggerAddress: localhost:56499}, networkConnectionEnabled: false, pageLoadStrategy: normal, platformName: Windows 10, proxy: Proxy(), se:bidiEnabled: false, se:cdp: ws://192.168.0.7:4444/sessi..., se:cdpVersion: 123.0.6312.86, setWindowRect: true, strictFileInteractability: false, timeouts: {implicit: 0, pageLoad: 300000, script: 30000}, unhandledPromptBehavior: dismiss and notify, webauthn:extension:credBlob: true, webauthn:extension:largeBlob: true, webauthn:extension:minPinLength: true, webauthn:extension:prf: true, webauthn:virtualAuthenticators: true}
Session ID: f1248a32ec93089517f75d6f31765dc1">
      <![CDATA[org.openqa.selenium.NoSuchElementException: no such element: Unable to locate element: {"method":"xpath","selector":"//*[text()='SEARCH' or text()='FIND JOBS' or text()='Search'or text()='Browse Jobs' or text()='BROWSE JOBS' or @type='submit' or text()='More Jobs']"}
  (Session info: chrome=123.0.6312.86)
For documentation on this error, please visit: https://www.selenium.dev/documentation/webdriver/troubleshooting/errors#no-such-element-exception
Build info: version: '4.15.0', revision: '1d14b5521b'
System info: os.name: 'Windows 10', os.arch: 'amd64', os.version: '10.0', java.version: '19.0.2'
Driver info: org.openqa.selenium.remote.RemoteWebDriver
Command: [f1248a32ec93089517f75d6f31765dc1, findElement {using=xpath, value=//*[text()='SEARCH' or text()='FIND JOBS' or text()='Search'or text()='Browse Jobs' or text()='BROWSE JOBS' or @type='submit' or text()='More Jobs']}]
Capabilities {acceptInsecureCerts: false, browserName: chrome, browserVersion: 123.0.6312.86, chrome: {chromedriverVersion: 122.0.6261.94 (880dbf29479c..., userDataDir: C:\Users\JOBIAK\AppData\Loc...}, fedcm:accounts: true, goog:chromeOptions: {debuggerAddress: localhost:56499}, networkConnectionEnabled: false, pageLoadStrategy: normal, platformName: Windows 10, proxy: Proxy(), se:bidiEnabled: false, se:cdp: ws://192.168.0.7:4444/sessi..., se:cdpVersion: 123.0.6312.86, setWindowRect: true, strictFileInteractability: false, timeouts: {implicit: 0, pageLoad: 300000, script: 30000}, unhandledPromptBehavior: dismiss and notify, webauthn:extension:credBlob: true, webauthn:extension:largeBlob: true, webauthn:extension:minPinLength: true, webauthn:extension:prf: true, webauthn:virtualAuthenticators: true}
Session ID: f1248a32ec93089517f75d6f31765dc1
at org.openqa.selenium.remote.codec.w3c.W3CHttpResponseCodec.createException(W3CHttpResponseCodec.java:200)
at org.openqa.selenium.remote.codec.w3c.W3CHttpResponseCodec.decode(W3CHttpResponseCodec.java:133)
at org.openqa.selenium.remote.codec.w3c.W3CHttpResponseCodec.decode(W3CHttpResponseCodec.java:52)
at org.openqa.selenium.remote.HttpCommandExecutor.execute(HttpCommandExecutor.java:191)
at org.openqa.selenium.remote.TracedCommandExecutor.execute(TracedCommandExecutor.java:51)
at org.openqa.selenium.remote.RemoteWebDriver.execute(RemoteWebDriver.java:607)
at org.openqa.selenium.remote.ElementLocation$ElementFinder$2.findElement(ElementLocation.java:165)
at org.openqa.selenium.remote.ElementLocation.findElement(ElementLocation.java:59)
at org.openqa.selenium.remote.RemoteWebDriver.findElement(RemoteWebDriver.java:364)
at org.openqa.selenium.remote.RemoteWebDriver.findElement(RemoteWebDriver.java:358)
at pageElements.AbstractComponents.elementStore(AbstractComponents.java:23)
at pageElements.HomePageElements.clickOnSearch(HomePageElements.java:60)
at scripts.SearchPage_T_C.verifyMetaContent(SearchPage_T_C.java:125)
at java.base/java.util.concurrent.ThreadPoolExecutor.runWorker(ThreadPoolExecutor.java:1144)
at java.base/java.util.concurrent.ThreadPoolExecutor$Worker.run(ThreadPoolExecutor.java:642)
at java.base/java.lang.Thread.run(Thread.java:1589)
... Removed 13 stack frames]]>
    </failure>
  </testcase> <!-- verifyMetaContent -->
  <testcase classname="scripts.ContactPage_T_C" name="verifyOgUrlRepetition" time="7.349"/>
  <testcase classname="scripts.PrivacyPage_T_C" name="verifySubdomain" time="8.116"/>
  <testcase classname="scripts.CookiePage_T_C" name="verifySubdomain" time="9.724"/>
  <testcase classname="scripts.HomePage_T_C" name="verifyOgImageNetwork" time="4.377"/>
  <testcase classname="scripts.ContactPage_T_C" name="verifyOgUrlRepetition" time="6.202"/>
  <testcase classname="scripts.PrivacyPage_T_C" name="verifySubdomain" time="6.098"/>
  <testcase classname="scripts.HomePage_T_C" name="verifyOgImageNetwork" time="4.111"/>
  <testcase classname="scripts.SearchPage_T_C" name="verifyNetworkStatus" time="11.244"/>
  <testcase classname="scripts.CookiePage_T_C" name="verifySubdomain" time="7.847"/>
  <testcase classname="scripts.ContactPage_T_C" name="verifyOgUrlRepetition" time="4.71"/>
  <testcase classname="scripts.HomePage_T_C" name="verifyOgImageRepetition" time="4.254"/>
  <testcase classname="scripts.PrivacyPage_T_C" name="verifySubdomain" time="7.559"/>
  <testcase classname="scripts.CookiePage_T_C" name="verifySubdomain" time="6.331"/>
  <testcase classname="scripts.HomePage_T_C" name="verifyOgImageRepetition" time="7.053"/>
  <testcase classname="scripts.ContactPage_T_C" name="verifyProtocol" time="5.063"/>
  <testcase classname="scripts.CookiePage_T_C" name="verifySubdomain" time="7.351"/>
  <testcase classname="scripts.SearchPage_T_C" name="verifyNetworkStatus" time="16.762"/>
  <testcase classname="scripts.PrivacyPage_T_C" name="verifyTitleRepetition" time="7.594"/>
  <testcase classname="scripts.HomePage_T_C" name="verifyOgImageRepetition" time="3.551"/>
  <testcase classname="scripts.ContactPage_T_C" name="verifyProtocol" time="7.408"/>
  <testcase classname="scripts.CookiePage_T_C" name="verifyTitleRepetition" time="5.129"/>
  <testcase classname="scripts.HomePage_T_C" name="verifyOgImageRepetition" time="4.792"/>
  <testcase classname="scripts.SearchPage_T_C" name="verifyNetworkStatus" time="11.601"/>
  <testcase classname="scripts.ContactPage_T_C" name="verifyProtocol" time="5.393"/>
  <testcase classname="scripts.PrivacyPage_T_C" name="verifyTitleRepetition" time="9.219"/>
  <testcase classname="scripts.HomePage_T_C" name="verifyOgSiteName" time="3.494">
    <failure type="java.lang.AssertionError" message="The following asserts failed:
	Domain name:Hiring Event og:sitename: hiring-event expected [true] but found [false]">
      <![CDATA[java.lang.AssertionError: The following asserts failed:
Domain name:Hiring Event og:sitename: hiring-event expected [true] but found [false]
at scripts.HomePage_T_C.verifyOgSiteName(HomePage_T_C.java:139)
at java.base/java.util.concurrent.ThreadPoolExecutor.runWorker(ThreadPoolExecutor.java:1144)
at java.base/java.util.concurrent.ThreadPoolExecutor$Worker.run(ThreadPoolExecutor.java:642)
at java.base/java.lang.Thread.run(Thread.java:1589)
... Removed 12 stack frames]]>
    </failure>
  </testcase> <!-- verifyOgSiteName -->
  <testcase classname="scripts.CookiePage_T_C" name="verifyTitleRepetition" time="9.338"/>
  <testcase classname="scripts.ContactPage_T_C" name="verifyProtocol" time="5.617"/>
  <testcase classname="scripts.PrivacyPage_T_C" name="verifyTitleRepetition" time="4.945"/>
  <testcase classname="scripts.HomePage_T_C" name="verifyOgSiteName" time="6.137">
    <failure type="java.lang.AssertionError" message="The following asserts failed:
	Domain name:Jobs Notion og:sitename: jobsnotion expected [true] but found [false]">
      <![CDATA[java.lang.AssertionError: The following asserts failed:
Domain name:Jobs Notion og:sitename: jobsnotion expected [true] but found [false]
at scripts.HomePage_T_C.verifyOgSiteName(HomePage_T_C.java:139)
at java.base/java.util.concurrent.ThreadPoolExecutor.runWorker(ThreadPoolExecutor.java:1144)
at java.base/java.util.concurrent.ThreadPoolExecutor$Worker.run(ThreadPoolExecutor.java:642)
at java.base/java.lang.Thread.run(Thread.java:1589)
... Removed 12 stack frames]]>
    </failure>
  </testcase> <!-- verifyOgSiteName -->
  <testcase classname="scripts.SearchPage_T_C" name="verifyNetworkStatus" time="12.935">
    <failure type="org.openqa.selenium.NoSuchElementException" message="no such element: Unable to locate element: {&amp;quot;method&amp;quot;:&amp;quot;xpath&amp;quot;,&amp;quot;selector&amp;quot;:&amp;quot;//*[text()=&amp;apos;SEARCH&amp;apos; or text()=&amp;apos;FIND JOBS&amp;apos; or text()=&amp;apos;Search&amp;apos;or text()=&amp;apos;Browse Jobs&amp;apos; or text()=&amp;apos;BROWSE JOBS&amp;apos; or @type=&amp;apos;submit&amp;apos; or text()=&amp;apos;More Jobs&amp;apos;]&amp;quot;}
  (Session info: chrome=123.0.6312.86)
For documentation on this error, please visit: https://www.selenium.dev/documentation/webdriver/troubleshooting/errors#no-such-element-exception
Build info: version: &amp;apos;4.15.0&amp;apos;, revision: &amp;apos;1d14b5521b&amp;apos;
System info: os.name: &amp;apos;Windows 10&amp;apos;, os.arch: &amp;apos;amd64&amp;apos;, os.version: &amp;apos;10.0&amp;apos;, java.version: &amp;apos;19.0.2&amp;apos;
Driver info: org.openqa.selenium.remote.RemoteWebDriver
Command: [51ec9c4ab2a5b165357ef8c9ccf8123a, findElement {using=xpath, value=//*[text()=&amp;apos;SEARCH&amp;apos; or text()=&amp;apos;FIND JOBS&amp;apos; or text()=&amp;apos;Search&amp;apos;or text()=&amp;apos;Browse Jobs&amp;apos; or text()=&amp;apos;BROWSE JOBS&amp;apos; or @type=&amp;apos;submit&amp;apos; or text()=&amp;apos;More Jobs&amp;apos;]}]
Capabilities {acceptInsecureCerts: false, browserName: chrome, browserVersion: 123.0.6312.86, chrome: {chromedriverVersion: 122.0.6261.94 (880dbf29479c..., userDataDir: C:\Users\JOBIAK\AppData\Loc...}, fedcm:accounts: true, goog:chromeOptions: {debuggerAddress: localhost:57097}, networkConnectionEnabled: false, pageLoadStrategy: normal, platformName: Windows 10, proxy: Proxy(), se:bidiEnabled: false, se:cdp: ws://192.168.0.7:4444/sessi..., se:cdpVersion: 123.0.6312.86, setWindowRect: true, strictFileInteractability: false, timeouts: {implicit: 0, pageLoad: 300000, script: 30000}, unhandledPromptBehavior: dismiss and notify, webauthn:extension:credBlob: true, webauthn:extension:largeBlob: true, webauthn:extension:minPinLength: true, webauthn:extension:prf: true, webauthn:virtualAuthenticators: true}
Session ID: 51ec9c4ab2a5b165357ef8c9ccf8123a">
      <![CDATA[org.openqa.selenium.NoSuchElementException: no such element: Unable to locate element: {"method":"xpath","selector":"//*[text()='SEARCH' or text()='FIND JOBS' or text()='Search'or text()='Browse Jobs' or text()='BROWSE JOBS' or @type='submit' or text()='More Jobs']"}
  (Session info: chrome=123.0.6312.86)
For documentation on this error, please visit: https://www.selenium.dev/documentation/webdriver/troubleshooting/errors#no-such-element-exception
Build info: version: '4.15.0', revision: '1d14b5521b'
System info: os.name: 'Windows 10', os.arch: 'amd64', os.version: '10.0', java.version: '19.0.2'
Driver info: org.openqa.selenium.remote.RemoteWebDriver
Command: [51ec9c4ab2a5b165357ef8c9ccf8123a, findElement {using=xpath, value=//*[text()='SEARCH' or text()='FIND JOBS' or text()='Search'or text()='Browse Jobs' or text()='BROWSE JOBS' or @type='submit' or text()='More Jobs']}]
Capabilities {acceptInsecureCerts: false, browserName: chrome, browserVersion: 123.0.6312.86, chrome: {chromedriverVersion: 122.0.6261.94 (880dbf29479c..., userDataDir: C:\Users\JOBIAK\AppData\Loc...}, fedcm:accounts: true, goog:chromeOptions: {debuggerAddress: localhost:57097}, networkConnectionEnabled: false, pageLoadStrategy: normal, platformName: Windows 10, proxy: Proxy(), se:bidiEnabled: false, se:cdp: ws://192.168.0.7:4444/sessi..., se:cdpVersion: 123.0.6312.86, setWindowRect: true, strictFileInteractability: false, timeouts: {implicit: 0, pageLoad: 300000, script: 30000}, unhandledPromptBehavior: dismiss and notify, webauthn:extension:credBlob: true, webauthn:extension:largeBlob: true, webauthn:extension:minPinLength: true, webauthn:extension:prf: true, webauthn:virtualAuthenticators: true}
Session ID: 51ec9c4ab2a5b165357ef8c9ccf8123a
at org.openqa.selenium.remote.codec.w3c.W3CHttpResponseCodec.createException(W3CHttpResponseCodec.java:200)
at org.openqa.selenium.remote.codec.w3c.W3CHttpResponseCodec.decode(W3CHttpResponseCodec.java:133)
at org.openqa.selenium.remote.codec.w3c.W3CHttpResponseCodec.decode(W3CHttpResponseCodec.java:52)
at org.openqa.selenium.remote.HttpCommandExecutor.execute(HttpCommandExecutor.java:191)
at org.openqa.selenium.remote.TracedCommandExecutor.execute(TracedCommandExecutor.java:51)
at org.openqa.selenium.remote.RemoteWebDriver.execute(RemoteWebDriver.java:607)
at org.openqa.selenium.remote.ElementLocation$ElementFinder$2.findElement(ElementLocation.java:165)
at org.openqa.selenium.remote.ElementLocation.findElement(ElementLocation.java:59)
at org.openqa.selenium.remote.RemoteWebDriver.findElement(RemoteWebDriver.java:364)
at org.openqa.selenium.remote.RemoteWebDriver.findElement(RemoteWebDriver.java:358)
at pageElements.AbstractComponents.elementStore(AbstractComponents.java:23)
at pageElements.HomePageElements.clickOnSearch(HomePageElements.java:60)
at scripts.SearchPage_T_C.verifyNetworkStatus(SearchPage_T_C.java:89)
at java.base/java.util.concurrent.ThreadPoolExecutor.runWorker(ThreadPoolExecutor.java:1144)
at java.base/java.util.concurrent.ThreadPoolExecutor$Worker.run(ThreadPoolExecutor.java:642)
at java.base/java.lang.Thread.run(Thread.java:1589)
... Removed 13 stack frames]]>
    </failure>
  </testcase> <!-- verifyNetworkStatus -->
  <testcase classname="scripts.CookiePage_T_C" name="verifyTitleRepetition" time="5.911"/>
  <testcase classname="scripts.PrivacyPage_T_C" name="verifyTitleRepetition" time="6.111"/>
  <testcase classname="scripts.ContactPage_T_C" name="verifyScrollButton" time="8.378">
    <failure type="java.lang.AssertionError" message="The following asserts failed:
	876 expected [true] but found [false]">
      <![CDATA[java.lang.AssertionError: The following asserts failed:
876 expected [true] but found [false]
at scripts.ContactPage_T_C.verifyScrollButton(ContactPage_T_C.java:115)
at java.base/java.util.concurrent.ThreadPoolExecutor.runWorker(ThreadPoolExecutor.java:1144)
at java.base/java.util.concurrent.ThreadPoolExecutor$Worker.run(ThreadPoolExecutor.java:642)
at java.base/java.lang.Thread.run(Thread.java:1589)
... Removed 12 stack frames]]>
    </failure>
  </testcase> <!-- verifyScrollButton -->
  <testcase classname="scripts.HomePage_T_C" name="verifyOgSiteName" time="7.083">
    <failure type="java.lang.AssertionError" message="The following asserts failed:
	Domain name:Open Postions og:sitename: openpostions expected [true] but found [false]">
      <![CDATA[java.lang.AssertionError: The following asserts failed:
Domain name:Open Postions og:sitename: openpostions expected [true] but found [false]
at scripts.HomePage_T_C.verifyOgSiteName(HomePage_T_C.java:139)
at java.base/java.util.concurrent.ThreadPoolExecutor.runWorker(ThreadPoolExecutor.java:1144)
at java.base/java.util.concurrent.ThreadPoolExecutor$Worker.run(ThreadPoolExecutor.java:642)
at java.base/java.lang.Thread.run(Thread.java:1589)
... Removed 12 stack frames]]>
    </failure>
  </testcase> <!-- verifyOgSiteName -->
  <testcase classname="scripts.CookiePage_T_C" name="verifyTitleRepetition" time="5.472"/>
  <testcase classname="scripts.SearchPage_T_C" name="verifyOgUrlRepetition" time="9.864"/>
  <testcase classname="scripts.HomePage_T_C" name="verifyOgSiteName" time="3.078"/>
  <testcase classname="scripts.TermsPage_T_C" name="verifyConsole" time="4.483"/>
  <testcase classname="scripts.HomePage_T_C" name="verifyOgUrlRepetition" time="5.202"/>
  <testcase classname="scripts.ContactPage_T_C" name="verifyScrollButton" time="9.208">
    <failure type="java.lang.AssertionError" message="The following asserts failed:
	439 expected [true] but found [false]">
      <![CDATA[java.lang.AssertionError: The following asserts failed:
439 expected [true] but found [false]
at scripts.ContactPage_T_C.verifyScrollButton(ContactPage_T_C.java:115)
at java.base/java.util.concurrent.ThreadPoolExecutor.runWorker(ThreadPoolExecutor.java:1144)
at java.base/java.util.concurrent.ThreadPoolExecutor$Worker.run(ThreadPoolExecutor.java:642)
at java.base/java.lang.Thread.run(Thread.java:1589)
... Removed 12 stack frames]]>
    </failure>
  </testcase> <!-- verifyScrollButton -->
  <testcase classname="scripts.SearchPage_T_C" name="verifyOgUrlRepetition" time="13.399"/>
  <testcase classname="scripts.TermsPage_T_C" name="verifyConsole" time="8.771"/>
  <testcase classname="scripts.HomePage_T_C" name="verifyOgUrlRepetition" time="7.185"/>
  <testcase classname="scripts.ContactPage_T_C" name="verifyScrollButton" time="5.194">
    <failure type="java.lang.AssertionError" message="The following asserts failed:
	326 expected [true] but found [false]">
      <![CDATA[java.lang.AssertionError: The following asserts failed:
326 expected [true] but found [false]
at scripts.ContactPage_T_C.verifyScrollButton(ContactPage_T_C.java:115)
at java.base/java.util.concurrent.ThreadPoolExecutor.runWorker(ThreadPoolExecutor.java:1144)
at java.base/java.util.concurrent.ThreadPoolExecutor$Worker.run(ThreadPoolExecutor.java:642)
at java.base/java.lang.Thread.run(Thread.java:1589)
... Removed 12 stack frames]]>
    </failure>
  </testcase> <!-- verifyScrollButton -->
  <testcase classname="scripts.SearchPage_T_C" name="verifyOgUrlRepetition" time="7.934"/>
  <testcase classname="scripts.TermsPage_T_C" name="verifyConsole" time="5.041"/>
  <testcase classname="scripts.HomePage_T_C" name="verifyOgUrlRepetition" time="3.251"/>
  <testcase classname="scripts.ContactPage_T_C" name="verifyScrollButton" time="9.918"/>
  <testcase classname="scripts.HomePage_T_C" name="verifyOgUrlRepetition" time="4.294"/>
  <testcase classname="scripts.TermsPage_T_C" name="verifyConsole" time="6.855"/>
  <testcase classname="scripts.SearchPage_T_C" name="verifyOgUrlRepetition" time="13.912">
    <failure type="org.openqa.selenium.NoSuchElementException" message="no such element: Unable to locate element: {&amp;quot;method&amp;quot;:&amp;quot;xpath&amp;quot;,&amp;quot;selector&amp;quot;:&amp;quot;//*[text()=&amp;apos;SEARCH&amp;apos; or text()=&amp;apos;FIND JOBS&amp;apos; or text()=&amp;apos;Search&amp;apos;or text()=&amp;apos;Browse Jobs&amp;apos; or text()=&amp;apos;BROWSE JOBS&amp;apos; or @type=&amp;apos;submit&amp;apos; or text()=&amp;apos;More Jobs&amp;apos;]&amp;quot;}
  (Session info: chrome=123.0.6312.86)
For documentation on this error, please visit: https://www.selenium.dev/documentation/webdriver/troubleshooting/errors#no-such-element-exception
Build info: version: &amp;apos;4.15.0&amp;apos;, revision: &amp;apos;1d14b5521b&amp;apos;
System info: os.name: &amp;apos;Windows 10&amp;apos;, os.arch: &amp;apos;amd64&amp;apos;, os.version: &amp;apos;10.0&amp;apos;, java.version: &amp;apos;19.0.2&amp;apos;
Driver info: org.openqa.selenium.remote.RemoteWebDriver
Command: [0816bb73bebb5d87dd9166711ecfd8fb, findElement {using=xpath, value=//*[text()=&amp;apos;SEARCH&amp;apos; or text()=&amp;apos;FIND JOBS&amp;apos; or text()=&amp;apos;Search&amp;apos;or text()=&amp;apos;Browse Jobs&amp;apos; or text()=&amp;apos;BROWSE JOBS&amp;apos; or @type=&amp;apos;submit&amp;apos; or text()=&amp;apos;More Jobs&amp;apos;]}]
Capabilities {acceptInsecureCerts: false, browserName: chrome, browserVersion: 123.0.6312.86, chrome: {chromedriverVersion: 122.0.6261.94 (880dbf29479c..., userDataDir: C:\Users\JOBIAK\AppData\Loc...}, fedcm:accounts: true, goog:chromeOptions: {debuggerAddress: localhost:57556}, networkConnectionEnabled: false, pageLoadStrategy: normal, platformName: Windows 10, proxy: Proxy(), se:bidiEnabled: false, se:cdp: ws://192.168.0.7:4444/sessi..., se:cdpVersion: 123.0.6312.86, setWindowRect: true, strictFileInteractability: false, timeouts: {implicit: 0, pageLoad: 300000, script: 30000}, unhandledPromptBehavior: dismiss and notify, webauthn:extension:credBlob: true, webauthn:extension:largeBlob: true, webauthn:extension:minPinLength: true, webauthn:extension:prf: true, webauthn:virtualAuthenticators: true}
Session ID: 0816bb73bebb5d87dd9166711ecfd8fb">
      <![CDATA[org.openqa.selenium.NoSuchElementException: no such element: Unable to locate element: {"method":"xpath","selector":"//*[text()='SEARCH' or text()='FIND JOBS' or text()='Search'or text()='Browse Jobs' or text()='BROWSE JOBS' or @type='submit' or text()='More Jobs']"}
  (Session info: chrome=123.0.6312.86)
For documentation on this error, please visit: https://www.selenium.dev/documentation/webdriver/troubleshooting/errors#no-such-element-exception
Build info: version: '4.15.0', revision: '1d14b5521b'
System info: os.name: 'Windows 10', os.arch: 'amd64', os.version: '10.0', java.version: '19.0.2'
Driver info: org.openqa.selenium.remote.RemoteWebDriver
Command: [0816bb73bebb5d87dd9166711ecfd8fb, findElement {using=xpath, value=//*[text()='SEARCH' or text()='FIND JOBS' or text()='Search'or text()='Browse Jobs' or text()='BROWSE JOBS' or @type='submit' or text()='More Jobs']}]
Capabilities {acceptInsecureCerts: false, browserName: chrome, browserVersion: 123.0.6312.86, chrome: {chromedriverVersion: 122.0.6261.94 (880dbf29479c..., userDataDir: C:\Users\JOBIAK\AppData\Loc...}, fedcm:accounts: true, goog:chromeOptions: {debuggerAddress: localhost:57556}, networkConnectionEnabled: false, pageLoadStrategy: normal, platformName: Windows 10, proxy: Proxy(), se:bidiEnabled: false, se:cdp: ws://192.168.0.7:4444/sessi..., se:cdpVersion: 123.0.6312.86, setWindowRect: true, strictFileInteractability: false, timeouts: {implicit: 0, pageLoad: 300000, script: 30000}, unhandledPromptBehavior: dismiss and notify, webauthn:extension:credBlob: true, webauthn:extension:largeBlob: true, webauthn:extension:minPinLength: true, webauthn:extension:prf: true, webauthn:virtualAuthenticators: true}
Session ID: 0816bb73bebb5d87dd9166711ecfd8fb
at org.openqa.selenium.remote.codec.w3c.W3CHttpResponseCodec.createException(W3CHttpResponseCodec.java:200)
at org.openqa.selenium.remote.codec.w3c.W3CHttpResponseCodec.decode(W3CHttpResponseCodec.java:133)
at org.openqa.selenium.remote.codec.w3c.W3CHttpResponseCodec.decode(W3CHttpResponseCodec.java:52)
at org.openqa.selenium.remote.HttpCommandExecutor.execute(HttpCommandExecutor.java:191)
at org.openqa.selenium.remote.TracedCommandExecutor.execute(TracedCommandExecutor.java:51)
at org.openqa.selenium.remote.RemoteWebDriver.execute(RemoteWebDriver.java:607)
at org.openqa.selenium.remote.ElementLocation$ElementFinder$2.findElement(ElementLocation.java:165)
at org.openqa.selenium.remote.ElementLocation.findElement(ElementLocation.java:59)
at org.openqa.selenium.remote.RemoteWebDriver.findElement(RemoteWebDriver.java:364)
at org.openqa.selenium.remote.RemoteWebDriver.findElement(RemoteWebDriver.java:358)
at pageElements.AbstractComponents.elementStore(AbstractComponents.java:23)
at pageElements.HomePageElements.clickOnSearch(HomePageElements.java:60)
at scripts.SearchPage_T_C.verifyOgUrlRepetition(SearchPage_T_C.java:171)
at java.base/java.util.concurrent.ThreadPoolExecutor.runWorker(ThreadPoolExecutor.java:1144)
at java.base/java.util.concurrent.ThreadPoolExecutor$Worker.run(ThreadPoolExecutor.java:642)
at java.base/java.lang.Thread.run(Thread.java:1589)
... Removed 13 stack frames]]>
    </failure>
  </testcase> <!-- verifyOgUrlRepetition -->
  <testcase classname="scripts.ContactPage_T_C" name="verifySubdomain" time="6.964"/>
  <testcase classname="scripts.HomePage_T_C" name="verifyProtocol" time="3.636"/>
  <testcase classname="scripts.TermsPage_T_C" name="verifyDescRepetition" time="5.805"/>
  <testcase classname="scripts.HomePage_T_C" name="verifyProtocol" time="6.447"/>
  <testcase classname="scripts.ContactPage_T_C" name="verifySubdomain" time="10.418"/>
  <testcase classname="scripts.SearchPage_T_C" name="verifyProtocol" time="10.945"/>
  <testcase classname="scripts.HomePage_T_C" name="verifyProtocol" time="1.806"/>
  <testcase classname="scripts.TermsPage_T_C" name="verifyDescRepetition" time="8.832"/>
  <testcase classname="scripts.ContactPage_T_C" name="verifySubdomain" time="6.642"/>
  <testcase classname="scripts.HomePage_T_C" name="verifyProtocol" time="3.126"/>
  <testcase classname="scripts.SearchPage_T_C" name="verifyProtocol" time="11.895"/>
  <testcase classname="scripts.TermsPage_T_C" name="verifyDescRepetition" time="7.69"/>
  <testcase classname="scripts.HomePage_T_C" name="verifyRobotsBeforeSubmission" time="0.882">
    <failure type="java.lang.AssertionError" message="The following asserts failed:
	expected [true] but found [false]">
      <![CDATA[java.lang.AssertionError: The following asserts failed:
expected [true] but found [false]
at scripts.HomePage_T_C.verifyRobotsBeforeSubmission(HomePage_T_C.java:20)
at java.base/java.util.concurrent.ThreadPoolExecutor.runWorker(ThreadPoolExecutor.java:1144)
at java.base/java.util.concurrent.ThreadPoolExecutor$Worker.run(ThreadPoolExecutor.java:642)
at java.base/java.lang.Thread.run(Thread.java:1589)
... Removed 12 stack frames]]>
    </failure>
  </testcase> <!-- verifyRobotsBeforeSubmission -->
  <testcase classname="scripts.ContactPage_T_C" name="verifySubdomain" time="6.219"/>
  <testcase classname="scripts.HomePage_T_C" name="verifyRobotsBeforeSubmission" time="1.362">
    <failure type="java.lang.AssertionError" message="The following asserts failed:
	expected [true] but found [false]">
      <![CDATA[java.lang.AssertionError: The following asserts failed:
expected [true] but found [false]
at scripts.HomePage_T_C.verifyRobotsBeforeSubmission(HomePage_T_C.java:20)
at java.base/java.util.concurrent.ThreadPoolExecutor.runWorker(ThreadPoolExecutor.java:1144)
at java.base/java.util.concurrent.ThreadPoolExecutor$Worker.run(ThreadPoolExecutor.java:642)
at java.base/java.lang.Thread.run(Thread.java:1589)
... Removed 12 stack frames]]>
    </failure>
  </testcase> <!-- verifyRobotsBeforeSubmission -->
  <testcase classname="scripts.TermsPage_T_C" name="verifyDescRepetition" time="7.616"/>
  <testcase classname="scripts.SearchPage_T_C" name="verifyProtocol" time="8.565"/>
  <testcase classname="scripts.ContactPage_T_C" name="verifyTitleRepetition" time="7.879"/>
  <testcase classname="scripts.HomePage_T_C" name="verifyRobotsBeforeSubmission" time="1.416">
    <failure type="java.lang.AssertionError" message="The following asserts failed:
	expected [true] but found [false]">
      <![CDATA[java.lang.AssertionError: The following asserts failed:
expected [true] but found [false]
at scripts.HomePage_T_C.verifyRobotsBeforeSubmission(HomePage_T_C.java:20)
at java.base/java.util.concurrent.ThreadPoolExecutor.runWorker(ThreadPoolExecutor.java:1144)
at java.base/java.util.concurrent.ThreadPoolExecutor$Worker.run(ThreadPoolExecutor.java:642)
at java.base/java.lang.Thread.run(Thread.java:1589)
... Removed 12 stack frames]]>
    </failure>
  </testcase> <!-- verifyRobotsBeforeSubmission -->
  <testcase classname="scripts.TermsPage_T_C" name="verifyHttpInPageSource" time="5.492"/>
  <testcase classname="scripts.HomePage_T_C" name="verifyRobotsBeforeSubmission" time="0.989">
    <failure type="java.lang.AssertionError" message="The following asserts failed:
	expected [true] but found [false]">
      <![CDATA[java.lang.AssertionError: The following asserts failed:
expected [true] but found [false]
at scripts.HomePage_T_C.verifyRobotsBeforeSubmission(HomePage_T_C.java:20)
at java.base/java.util.concurrent.ThreadPoolExecutor.runWorker(ThreadPoolExecutor.java:1144)
at java.base/java.util.concurrent.ThreadPoolExecutor$Worker.run(ThreadPoolExecutor.java:642)
at java.base/java.lang.Thread.run(Thread.java:1589)
... Removed 12 stack frames]]>
    </failure>
  </testcase> <!-- verifyRobotsBeforeSubmission -->
  <testcase classname="scripts.ContactPage_T_C" name="verifyTitleRepetition" time="9.127"/>
  <testcase classname="scripts.SearchPage_T_C" name="verifyProtocol" time="11.35">
    <failure type="org.openqa.selenium.NoSuchElementException" message="no such element: Unable to locate element: {&amp;quot;method&amp;quot;:&amp;quot;xpath&amp;quot;,&amp;quot;selector&amp;quot;:&amp;quot;//*[text()=&amp;apos;SEARCH&amp;apos; or text()=&amp;apos;FIND JOBS&amp;apos; or text()=&amp;apos;Search&amp;apos;or text()=&amp;apos;Browse Jobs&amp;apos; or text()=&amp;apos;BROWSE JOBS&amp;apos; or @type=&amp;apos;submit&amp;apos; or text()=&amp;apos;More Jobs&amp;apos;]&amp;quot;}
  (Session info: chrome=123.0.6312.86)
For documentation on this error, please visit: https://www.selenium.dev/documentation/webdriver/troubleshooting/errors#no-such-element-exception
Build info: version: &amp;apos;4.15.0&amp;apos;, revision: &amp;apos;1d14b5521b&amp;apos;
System info: os.name: &amp;apos;Windows 10&amp;apos;, os.arch: &amp;apos;amd64&amp;apos;, os.version: &amp;apos;10.0&amp;apos;, java.version: &amp;apos;19.0.2&amp;apos;
Driver info: org.openqa.selenium.remote.RemoteWebDriver
Command: [38c492d133f64a8e2ebadf24b685715a, findElement {using=xpath, value=//*[text()=&amp;apos;SEARCH&amp;apos; or text()=&amp;apos;FIND JOBS&amp;apos; or text()=&amp;apos;Search&amp;apos;or text()=&amp;apos;Browse Jobs&amp;apos; or text()=&amp;apos;BROWSE JOBS&amp;apos; or @type=&amp;apos;submit&amp;apos; or text()=&amp;apos;More Jobs&amp;apos;]}]
Capabilities {acceptInsecureCerts: false, browserName: chrome, browserVersion: 123.0.6312.86, chrome: {chromedriverVersion: 122.0.6261.94 (880dbf29479c..., userDataDir: C:\Users\JOBIAK\AppData\Loc...}, fedcm:accounts: true, goog:chromeOptions: {debuggerAddress: localhost:57972}, networkConnectionEnabled: false, pageLoadStrategy: normal, platformName: Windows 10, proxy: Proxy(), se:bidiEnabled: false, se:cdp: ws://192.168.0.7:4444/sessi..., se:cdpVersion: 123.0.6312.86, setWindowRect: true, strictFileInteractability: false, timeouts: {implicit: 0, pageLoad: 300000, script: 30000}, unhandledPromptBehavior: dismiss and notify, webauthn:extension:credBlob: true, webauthn:extension:largeBlob: true, webauthn:extension:minPinLength: true, webauthn:extension:prf: true, webauthn:virtualAuthenticators: true}
Session ID: 38c492d133f64a8e2ebadf24b685715a">
      <![CDATA[org.openqa.selenium.NoSuchElementException: no such element: Unable to locate element: {"method":"xpath","selector":"//*[text()='SEARCH' or text()='FIND JOBS' or text()='Search'or text()='Browse Jobs' or text()='BROWSE JOBS' or @type='submit' or text()='More Jobs']"}
  (Session info: chrome=123.0.6312.86)
For documentation on this error, please visit: https://www.selenium.dev/documentation/webdriver/troubleshooting/errors#no-such-element-exception
Build info: version: '4.15.0', revision: '1d14b5521b'
System info: os.name: 'Windows 10', os.arch: 'amd64', os.version: '10.0', java.version: '19.0.2'
Driver info: org.openqa.selenium.remote.RemoteWebDriver
Command: [38c492d133f64a8e2ebadf24b685715a, findElement {using=xpath, value=//*[text()='SEARCH' or text()='FIND JOBS' or text()='Search'or text()='Browse Jobs' or text()='BROWSE JOBS' or @type='submit' or text()='More Jobs']}]
Capabilities {acceptInsecureCerts: false, browserName: chrome, browserVersion: 123.0.6312.86, chrome: {chromedriverVersion: 122.0.6261.94 (880dbf29479c..., userDataDir: C:\Users\JOBIAK\AppData\Loc...}, fedcm:accounts: true, goog:chromeOptions: {debuggerAddress: localhost:57972}, networkConnectionEnabled: false, pageLoadStrategy: normal, platformName: Windows 10, proxy: Proxy(), se:bidiEnabled: false, se:cdp: ws://192.168.0.7:4444/sessi..., se:cdpVersion: 123.0.6312.86, setWindowRect: true, strictFileInteractability: false, timeouts: {implicit: 0, pageLoad: 300000, script: 30000}, unhandledPromptBehavior: dismiss and notify, webauthn:extension:credBlob: true, webauthn:extension:largeBlob: true, webauthn:extension:minPinLength: true, webauthn:extension:prf: true, webauthn:virtualAuthenticators: true}
Session ID: 38c492d133f64a8e2ebadf24b685715a
at org.openqa.selenium.remote.codec.w3c.W3CHttpResponseCodec.createException(W3CHttpResponseCodec.java:200)
at org.openqa.selenium.remote.codec.w3c.W3CHttpResponseCodec.decode(W3CHttpResponseCodec.java:133)
at org.openqa.selenium.remote.codec.w3c.W3CHttpResponseCodec.decode(W3CHttpResponseCodec.java:52)
at org.openqa.selenium.remote.HttpCommandExecutor.execute(HttpCommandExecutor.java:191)
at org.openqa.selenium.remote.TracedCommandExecutor.execute(TracedCommandExecutor.java:51)
at org.openqa.selenium.remote.RemoteWebDriver.execute(RemoteWebDriver.java:607)
at org.openqa.selenium.remote.ElementLocation$ElementFinder$2.findElement(ElementLocation.java:165)
at org.openqa.selenium.remote.ElementLocation.findElement(ElementLocation.java:59)
at org.openqa.selenium.remote.RemoteWebDriver.findElement(RemoteWebDriver.java:364)
at org.openqa.selenium.remote.RemoteWebDriver.findElement(RemoteWebDriver.java:358)
at pageElements.AbstractComponents.elementStore(AbstractComponents.java:23)
at pageElements.HomePageElements.clickOnSearch(HomePageElements.java:60)
at scripts.SearchPage_T_C.verifyProtocol(SearchPage_T_C.java:81)
at java.base/java.util.concurrent.ThreadPoolExecutor.runWorker(ThreadPoolExecutor.java:1144)
at java.base/java.util.concurrent.ThreadPoolExecutor$Worker.run(ThreadPoolExecutor.java:642)
at java.base/java.lang.Thread.run(Thread.java:1589)
... Removed 13 stack frames]]>
    </failure>
  </testcase> <!-- verifyProtocol -->
  <testcase classname="scripts.HomePage_T_C" name="verifyScrollButton" time="7.993">
    <failure type="org.openqa.selenium.TimeoutException" message="Expected condition failed: waiting for Attribute or property &amp;apos;class&amp;apos; to be &amp;apos;d-none&amp;apos;. Current value: &amp;apos;scroll-top btn-hover border-0 py-2 px-3 position-fixed bottom-0 end-0 translate-middle&amp;apos; (tried for 3 second(s) with 500 milliseconds interval)
Build info: version: &amp;apos;4.15.0&amp;apos;, revision: &amp;apos;1d14b5521b&amp;apos;
System info: os.name: &amp;apos;Windows 10&amp;apos;, os.arch: &amp;apos;amd64&amp;apos;, os.version: &amp;apos;10.0&amp;apos;, java.version: &amp;apos;19.0.2&amp;apos;
Driver info: org.openqa.selenium.remote.RemoteWebDriver
Capabilities {acceptInsecureCerts: false, browserName: chrome, browserVersion: 123.0.6312.86, chrome: {chromedriverVersion: 122.0.6261.94 (880dbf29479c..., userDataDir: C:\Users\JOBIAK\AppData\Loc...}, fedcm:accounts: true, goog:chromeOptions: {debuggerAddress: localhost:58022}, networkConnectionEnabled: false, pageLoadStrategy: normal, platformName: Windows 10, proxy: Proxy(), se:bidiEnabled: false, se:cdp: ws://192.168.0.7:4444/sessi..., se:cdpVersion: 123.0.6312.86, setWindowRect: true, strictFileInteractability: false, timeouts: {implicit: 0, pageLoad: 300000, script: 30000}, unhandledPromptBehavior: dismiss and notify, webauthn:extension:credBlob: true, webauthn:extension:largeBlob: true, webauthn:extension:minPinLength: true, webauthn:extension:prf: true, webauthn:virtualAuthenticators: true}
Session ID: acff26d85985c650e46d56861dfea56a">
      <![CDATA[org.openqa.selenium.TimeoutException: Expected condition failed: waiting for Attribute or property 'class' to be 'd-none'. Current value: 'scroll-top btn-hover border-0 py-2 px-3 position-fixed bottom-0 end-0 translate-middle' (tried for 3 second(s) with 500 milliseconds interval)
Build info: version: '4.15.0', revision: '1d14b5521b'
System info: os.name: 'Windows 10', os.arch: 'amd64', os.version: '10.0', java.version: '19.0.2'
Driver info: org.openqa.selenium.remote.RemoteWebDriver
Capabilities {acceptInsecureCerts: false, browserName: chrome, browserVersion: 123.0.6312.86, chrome: {chromedriverVersion: 122.0.6261.94 (880dbf29479c..., userDataDir: C:\Users\JOBIAK\AppData\Loc...}, fedcm:accounts: true, goog:chromeOptions: {debuggerAddress: localhost:58022}, networkConnectionEnabled: false, pageLoadStrategy: normal, platformName: Windows 10, proxy: Proxy(), se:bidiEnabled: false, se:cdp: ws://192.168.0.7:4444/sessi..., se:cdpVersion: 123.0.6312.86, setWindowRect: true, strictFileInteractability: false, timeouts: {implicit: 0, pageLoad: 300000, script: 30000}, unhandledPromptBehavior: dismiss and notify, webauthn:extension:credBlob: true, webauthn:extension:largeBlob: true, webauthn:extension:minPinLength: true, webauthn:extension:prf: true, webauthn:virtualAuthenticators: true}
Session ID: acff26d85985c650e46d56861dfea56a
at org.openqa.selenium.support.ui.WebDriverWait.timeoutException(WebDriverWait.java:84)
at org.openqa.selenium.support.ui.FluentWait.until(FluentWait.java:229)
at pageElements.AbstractComponents.waitUsingAttribute(AbstractComponents.java:50)
at scripts.HomePage_T_C.verifyScrollButton(HomePage_T_C.java:60)
at java.base/java.util.concurrent.ThreadPoolExecutor.runWorker(ThreadPoolExecutor.java:1144)
at java.base/java.util.concurrent.ThreadPoolExecutor$Worker.run(ThreadPoolExecutor.java:642)
at java.base/java.lang.Thread.run(Thread.java:1589)
... Removed 10 stack frames]]>
    </failure>
  </testcase> <!-- verifyScrollButton -->
  <testcase classname="scripts.TermsPage_T_C" name="verifyHttpInPageSource" time="9.274"/>
  <testcase classname="scripts.ContactPage_T_C" name="verifyTitleRepetition" time="4.433"/>
  <testcase classname="scripts.SearchPage_T_C" name="verifyScrollButton" time="11.985"/>
  <testcase classname="scripts.TermsPage_T_C" name="verifyHttpInPageSource" time="6.21"/>
  <testcase classname="scripts.ContactPage_T_C" name="verifyTitleRepetition" time="3.862"/>
  <testcase classname="scripts.HomePage_T_C" name="verifyScrollButton" time="11.685">
    <failure type="org.openqa.selenium.TimeoutException" message="Expected condition failed: waiting for Attribute or property &amp;apos;class&amp;apos; to be &amp;apos;d-none&amp;apos;. Current value: &amp;apos;btn theme-btn py-2 px-3 rounded-20 position-fixed bottom-0 end-0 translate-middle d-none&amp;apos; (tried for 3 second(s) with 500 milliseconds interval)
Build info: version: &amp;apos;4.15.0&amp;apos;, revision: &amp;apos;1d14b5521b&amp;apos;
System info: os.name: &amp;apos;Windows 10&amp;apos;, os.arch: &amp;apos;amd64&amp;apos;, os.version: &amp;apos;10.0&amp;apos;, java.version: &amp;apos;19.0.2&amp;apos;
Driver info: org.openqa.selenium.remote.RemoteWebDriver
Capabilities {acceptInsecureCerts: false, browserName: chrome, browserVersion: 123.0.6312.86, chrome: {chromedriverVersion: 122.0.6261.94 (880dbf29479c..., userDataDir: C:\Users\JOBIAK\AppData\Loc...}, fedcm:accounts: true, goog:chromeOptions: {debuggerAddress: localhost:58115}, networkConnectionEnabled: false, pageLoadStrategy: normal, platformName: Windows 10, proxy: Proxy(), se:bidiEnabled: false, se:cdp: ws://192.168.0.7:4444/sessi..., se:cdpVersion: 123.0.6312.86, setWindowRect: true, strictFileInteractability: false, timeouts: {implicit: 0, pageLoad: 300000, script: 30000}, unhandledPromptBehavior: dismiss and notify, webauthn:extension:credBlob: true, webauthn:extension:largeBlob: true, webauthn:extension:minPinLength: true, webauthn:extension:prf: true, webauthn:virtualAuthenticators: true}
Session ID: be81b0d496a067228140c2575a56555a">
      <![CDATA[org.openqa.selenium.TimeoutException: Expected condition failed: waiting for Attribute or property 'class' to be 'd-none'. Current value: 'btn theme-btn py-2 px-3 rounded-20 position-fixed bottom-0 end-0 translate-middle d-none' (tried for 3 second(s) with 500 milliseconds interval)
Build info: version: '4.15.0', revision: '1d14b5521b'
System info: os.name: 'Windows 10', os.arch: 'amd64', os.version: '10.0', java.version: '19.0.2'
Driver info: org.openqa.selenium.remote.RemoteWebDriver
Capabilities {acceptInsecureCerts: false, browserName: chrome, browserVersion: 123.0.6312.86, chrome: {chromedriverVersion: 122.0.6261.94 (880dbf29479c..., userDataDir: C:\Users\JOBIAK\AppData\Loc...}, fedcm:accounts: true, goog:chromeOptions: {debuggerAddress: localhost:58115}, networkConnectionEnabled: false, pageLoadStrategy: normal, platformName: Windows 10, proxy: Proxy(), se:bidiEnabled: false, se:cdp: ws://192.168.0.7:4444/sessi..., se:cdpVersion: 123.0.6312.86, setWindowRect: true, strictFileInteractability: false, timeouts: {implicit: 0, pageLoad: 300000, script: 30000}, unhandledPromptBehavior: dismiss and notify, webauthn:extension:credBlob: true, webauthn:extension:largeBlob: true, webauthn:extension:minPinLength: true, webauthn:extension:prf: true, webauthn:virtualAuthenticators: true}
Session ID: be81b0d496a067228140c2575a56555a
at org.openqa.selenium.support.ui.WebDriverWait.timeoutException(WebDriverWait.java:84)
at org.openqa.selenium.support.ui.FluentWait.until(FluentWait.java:229)
at pageElements.AbstractComponents.waitUsingAttribute(AbstractComponents.java:50)
at scripts.HomePage_T_C.verifyScrollButton(HomePage_T_C.java:60)
at java.base/java.util.concurrent.ThreadPoolExecutor.runWorker(ThreadPoolExecutor.java:1144)
at java.base/java.util.concurrent.ThreadPoolExecutor$Worker.run(ThreadPoolExecutor.java:642)
at java.base/java.lang.Thread.run(Thread.java:1589)
... Removed 10 stack frames]]>
    </failure>
  </testcase> <!-- verifyScrollButton -->
  <testcase classname="scripts.TermsPage_T_C" name="verifyHttpInPageSource" time="6.237"/>
  <testcase classname="scripts.HomePage_T_C" name="verifyScrollButton" time="7.459">
    <failure type="org.openqa.selenium.TimeoutException" message="Expected condition failed: waiting for Attribute or property &amp;apos;class&amp;apos; to be &amp;apos;d-none&amp;apos;. Current value: &amp;apos;btn theme-btn py-2 px-3 position-fixed bottom-0 end-0 translate-middle d-none&amp;apos; (tried for 3 second(s) with 500 milliseconds interval)
Build info: version: &amp;apos;4.15.0&amp;apos;, revision: &amp;apos;1d14b5521b&amp;apos;
System info: os.name: &amp;apos;Windows 10&amp;apos;, os.arch: &amp;apos;amd64&amp;apos;, os.version: &amp;apos;10.0&amp;apos;, java.version: &amp;apos;19.0.2&amp;apos;
Driver info: org.openqa.selenium.remote.RemoteWebDriver
Capabilities {acceptInsecureCerts: false, browserName: chrome, browserVersion: 123.0.6312.86, chrome: {chromedriverVersion: 122.0.6261.94 (880dbf29479c..., userDataDir: C:\Users\JOBIAK\AppData\Loc...}, fedcm:accounts: true, goog:chromeOptions: {debuggerAddress: localhost:58205}, networkConnectionEnabled: false, pageLoadStrategy: normal, platformName: Windows 10, proxy: Proxy(), se:bidiEnabled: false, se:cdp: ws://192.168.0.7:4444/sessi..., se:cdpVersion: 123.0.6312.86, setWindowRect: true, strictFileInteractability: false, timeouts: {implicit: 0, pageLoad: 300000, script: 30000}, unhandledPromptBehavior: dismiss and notify, webauthn:extension:credBlob: true, webauthn:extension:largeBlob: true, webauthn:extension:minPinLength: true, webauthn:extension:prf: true, webauthn:virtualAuthenticators: true}
Session ID: b826d198d36b5a0c63a0533015d27a56">
      <![CDATA[org.openqa.selenium.TimeoutException: Expected condition failed: waiting for Attribute or property 'class' to be 'd-none'. Current value: 'btn theme-btn py-2 px-3 position-fixed bottom-0 end-0 translate-middle d-none' (tried for 3 second(s) with 500 milliseconds interval)
Build info: version: '4.15.0', revision: '1d14b5521b'
System info: os.name: 'Windows 10', os.arch: 'amd64', os.version: '10.0', java.version: '19.0.2'
Driver info: org.openqa.selenium.remote.RemoteWebDriver
Capabilities {acceptInsecureCerts: false, browserName: chrome, browserVersion: 123.0.6312.86, chrome: {chromedriverVersion: 122.0.6261.94 (880dbf29479c..., userDataDir: C:\Users\JOBIAK\AppData\Loc...}, fedcm:accounts: true, goog:chromeOptions: {debuggerAddress: localhost:58205}, networkConnectionEnabled: false, pageLoadStrategy: normal, platformName: Windows 10, proxy: Proxy(), se:bidiEnabled: false, se:cdp: ws://192.168.0.7:4444/sessi..., se:cdpVersion: 123.0.6312.86, setWindowRect: true, strictFileInteractability: false, timeouts: {implicit: 0, pageLoad: 300000, script: 30000}, unhandledPromptBehavior: dismiss and notify, webauthn:extension:credBlob: true, webauthn:extension:largeBlob: true, webauthn:extension:minPinLength: true, webauthn:extension:prf: true, webauthn:virtualAuthenticators: true}
Session ID: b826d198d36b5a0c63a0533015d27a56
at org.openqa.selenium.support.ui.WebDriverWait.timeoutException(WebDriverWait.java:84)
at org.openqa.selenium.support.ui.FluentWait.until(FluentWait.java:229)
at pageElements.AbstractComponents.waitUsingAttribute(AbstractComponents.java:50)
at scripts.HomePage_T_C.verifyScrollButton(HomePage_T_C.java:60)
at java.base/java.util.concurrent.ThreadPoolExecutor.runWorker(ThreadPoolExecutor.java:1144)
at java.base/java.util.concurrent.ThreadPoolExecutor$Worker.run(ThreadPoolExecutor.java:642)
at java.base/java.lang.Thread.run(Thread.java:1589)
... Removed 10 stack frames]]>
    </failure>
  </testcase> <!-- verifyScrollButton -->
  <testcase classname="scripts.SearchPage_T_C" name="verifyScrollButton" time="15.584"/>
  <testcase classname="scripts.TermsPage_T_C" name="verifyMetaContent" time="5.967">
    <failure type="java.lang.NullPointerException" message="Cannot invoke &amp;quot;java.util.List.get(int)&amp;quot; because the return value of &amp;quot;java.util.Map.get(Object)&amp;quot; is null">
      <![CDATA[java.lang.NullPointerException: Cannot invoke "java.util.List.get(int)" because the return value of "java.util.Map.get(Object)" is null
at utilities.MetaFileHandler.readMetaContentFromExcel(MetaFileHandler.java:99)
at scripts.TermsPage_T_C.verifyMetaContent(TermsPage_T_C.java:85)
at java.base/java.util.concurrent.ThreadPoolExecutor.runWorker(ThreadPoolExecutor.java:1144)
at java.base/java.util.concurrent.ThreadPoolExecutor$Worker.run(ThreadPoolExecutor.java:642)
at java.base/java.lang.Thread.run(Thread.java:1589)
... Removed 10 stack frames]]>
    </failure>
  </testcase> <!-- verifyMetaContent -->
  <testcase classname="scripts.HomePage_T_C" name="verifyScrollButton" time="6.377">
    <failure type="org.openqa.selenium.TimeoutException" message="Expected condition failed: waiting for Attribute or property &amp;apos;class&amp;apos; to be &amp;apos;d-none&amp;apos;. Current value: &amp;apos;btn theme-btn py-2 px-3 position-fixed bottom-0 end-0 translate-middle d-none&amp;apos; (tried for 3 second(s) with 500 milliseconds interval)
Build info: version: &amp;apos;4.15.0&amp;apos;, revision: &amp;apos;1d14b5521b&amp;apos;
System info: os.name: &amp;apos;Windows 10&amp;apos;, os.arch: &amp;apos;amd64&amp;apos;, os.version: &amp;apos;10.0&amp;apos;, java.version: &amp;apos;19.0.2&amp;apos;
Driver info: org.openqa.selenium.remote.RemoteWebDriver
Capabilities {acceptInsecureCerts: false, browserName: chrome, browserVersion: 123.0.6312.86, chrome: {chromedriverVersion: 122.0.6261.94 (880dbf29479c..., userDataDir: C:\Users\JOBIAK\AppData\Loc...}, fedcm:accounts: true, goog:chromeOptions: {debuggerAddress: localhost:58252}, networkConnectionEnabled: false, pageLoadStrategy: normal, platformName: Windows 10, proxy: Proxy(), se:bidiEnabled: false, se:cdp: ws://192.168.0.7:4444/sessi..., se:cdpVersion: 123.0.6312.86, setWindowRect: true, strictFileInteractability: false, timeouts: {implicit: 0, pageLoad: 300000, script: 30000}, unhandledPromptBehavior: dismiss and notify, webauthn:extension:credBlob: true, webauthn:extension:largeBlob: true, webauthn:extension:minPinLength: true, webauthn:extension:prf: true, webauthn:virtualAuthenticators: true}
Session ID: fe26225836db26e3cb17861eea70bda9">
      <![CDATA[org.openqa.selenium.TimeoutException: Expected condition failed: waiting for Attribute or property 'class' to be 'd-none'. Current value: 'btn theme-btn py-2 px-3 position-fixed bottom-0 end-0 translate-middle d-none' (tried for 3 second(s) with 500 milliseconds interval)
Build info: version: '4.15.0', revision: '1d14b5521b'
System info: os.name: 'Windows 10', os.arch: 'amd64', os.version: '10.0', java.version: '19.0.2'
Driver info: org.openqa.selenium.remote.RemoteWebDriver
Capabilities {acceptInsecureCerts: false, browserName: chrome, browserVersion: 123.0.6312.86, chrome: {chromedriverVersion: 122.0.6261.94 (880dbf29479c..., userDataDir: C:\Users\JOBIAK\AppData\Loc...}, fedcm:accounts: true, goog:chromeOptions: {debuggerAddress: localhost:58252}, networkConnectionEnabled: false, pageLoadStrategy: normal, platformName: Windows 10, proxy: Proxy(), se:bidiEnabled: false, se:cdp: ws://192.168.0.7:4444/sessi..., se:cdpVersion: 123.0.6312.86, setWindowRect: true, strictFileInteractability: false, timeouts: {implicit: 0, pageLoad: 300000, script: 30000}, unhandledPromptBehavior: dismiss and notify, webauthn:extension:credBlob: true, webauthn:extension:largeBlob: true, webauthn:extension:minPinLength: true, webauthn:extension:prf: true, webauthn:virtualAuthenticators: true}
Session ID: fe26225836db26e3cb17861eea70bda9
at org.openqa.selenium.support.ui.WebDriverWait.timeoutException(WebDriverWait.java:84)
at org.openqa.selenium.support.ui.FluentWait.until(FluentWait.java:229)
at pageElements.AbstractComponents.waitUsingAttribute(AbstractComponents.java:50)
at scripts.HomePage_T_C.verifyScrollButton(HomePage_T_C.java:60)
at java.base/java.util.concurrent.ThreadPoolExecutor.runWorker(ThreadPoolExecutor.java:1144)
at java.base/java.util.concurrent.ThreadPoolExecutor$Worker.run(ThreadPoolExecutor.java:642)
at java.base/java.lang.Thread.run(Thread.java:1589)
... Removed 10 stack frames]]>
    </failure>
  </testcase> <!-- verifyScrollButton -->
  <testcase classname="scripts.HomePage_T_C" name="verifySitemap" time="1.006"/>
  <testcase classname="scripts.SearchPage_T_C" name="verifyScrollButton" time="10.05"/>
  <testcase classname="scripts.TermsPage_T_C" name="verifyMetaContent" time="8.577">
    <failure type="java.lang.NullPointerException" message="Cannot invoke &amp;quot;java.util.List.get(int)&amp;quot; because the return value of &amp;quot;java.util.Map.get(Object)&amp;quot; is null">
      <![CDATA[java.lang.NullPointerException: Cannot invoke "java.util.List.get(int)" because the return value of "java.util.Map.get(Object)" is null
at utilities.MetaFileHandler.readMetaContentFromExcel(MetaFileHandler.java:99)
at scripts.TermsPage_T_C.verifyMetaContent(TermsPage_T_C.java:85)
at java.base/java.util.concurrent.ThreadPoolExecutor.runWorker(ThreadPoolExecutor.java:1144)
at java.base/java.util.concurrent.ThreadPoolExecutor$Worker.run(ThreadPoolExecutor.java:642)
at java.base/java.lang.Thread.run(Thread.java:1589)
... Removed 10 stack frames]]>
    </failure>
  </testcase> <!-- verifyMetaContent -->
  <testcase classname="scripts.HomePage_T_C" name="verifySitemap" time="1.166"/>
  <testcase classname="scripts.HomePage_T_C" name="verifySitemap" time="1.611"/>
  <testcase classname="scripts.HomePage_T_C" name="verifySitemap" time="1.579"/>
  <testcase classname="scripts.TermsPage_T_C" name="verifyMetaContent" time="5.305">
    <failure type="java.lang.NullPointerException" message="Cannot invoke &amp;quot;java.util.List.get(int)&amp;quot; because the return value of &amp;quot;java.util.Map.get(Object)&amp;quot; is null">
      <![CDATA[java.lang.NullPointerException: Cannot invoke "java.util.List.get(int)" because the return value of "java.util.Map.get(Object)" is null
at utilities.MetaFileHandler.readMetaContentFromExcel(MetaFileHandler.java:99)
at scripts.TermsPage_T_C.verifyMetaContent(TermsPage_T_C.java:85)
at java.base/java.util.concurrent.ThreadPoolExecutor.runWorker(ThreadPoolExecutor.java:1144)
at java.base/java.util.concurrent.ThreadPoolExecutor$Worker.run(ThreadPoolExecutor.java:642)
at java.base/java.lang.Thread.run(Thread.java:1589)
... Removed 10 stack frames]]>
    </failure>
  </testcase> <!-- verifyMetaContent -->
  <testcase classname="scripts.SearchPage_T_C" name="verifyScrollButton" time="13.675">
    <failure type="org.openqa.selenium.NoSuchElementException" message="no such element: Unable to locate element: {&amp;quot;method&amp;quot;:&amp;quot;xpath&amp;quot;,&amp;quot;selector&amp;quot;:&amp;quot;//*[text()=&amp;apos;SEARCH&amp;apos; or text()=&amp;apos;FIND JOBS&amp;apos; or text()=&amp;apos;Search&amp;apos;or text()=&amp;apos;Browse Jobs&amp;apos; or text()=&amp;apos;BROWSE JOBS&amp;apos; or @type=&amp;apos;submit&amp;apos; or text()=&amp;apos;More Jobs&amp;apos;]&amp;quot;}
  (Session info: chrome=123.0.6312.86)
For documentation on this error, please visit: https://www.selenium.dev/documentation/webdriver/troubleshooting/errors#no-such-element-exception
Build info: version: &amp;apos;4.15.0&amp;apos;, revision: &amp;apos;1d14b5521b&amp;apos;
System info: os.name: &amp;apos;Windows 10&amp;apos;, os.arch: &amp;apos;amd64&amp;apos;, os.version: &amp;apos;10.0&amp;apos;, java.version: &amp;apos;19.0.2&amp;apos;
Driver info: org.openqa.selenium.remote.RemoteWebDriver
Command: [4f4eea425a1f6d16ad68ecf201005c56, findElement {using=xpath, value=//*[text()=&amp;apos;SEARCH&amp;apos; or text()=&amp;apos;FIND JOBS&amp;apos; or text()=&amp;apos;Search&amp;apos;or text()=&amp;apos;Browse Jobs&amp;apos; or text()=&amp;apos;BROWSE JOBS&amp;apos; or @type=&amp;apos;submit&amp;apos; or text()=&amp;apos;More Jobs&amp;apos;]}]
Capabilities {acceptInsecureCerts: false, browserName: chrome, browserVersion: 123.0.6312.86, chrome: {chromedriverVersion: 122.0.6261.94 (880dbf29479c..., userDataDir: C:\Users\JOBIAK\AppData\Loc...}, fedcm:accounts: true, goog:chromeOptions: {debuggerAddress: localhost:58343}, networkConnectionEnabled: false, pageLoadStrategy: normal, platformName: Windows 10, proxy: Proxy(), se:bidiEnabled: false, se:cdp: ws://192.168.0.7:4444/sessi..., se:cdpVersion: 123.0.6312.86, setWindowRect: true, strictFileInteractability: false, timeouts: {implicit: 0, pageLoad: 300000, script: 30000}, unhandledPromptBehavior: dismiss and notify, webauthn:extension:credBlob: true, webauthn:extension:largeBlob: true, webauthn:extension:minPinLength: true, webauthn:extension:prf: true, webauthn:virtualAuthenticators: true}
Session ID: 4f4eea425a1f6d16ad68ecf201005c56">
      <![CDATA[org.openqa.selenium.NoSuchElementException: no such element: Unable to locate element: {"method":"xpath","selector":"//*[text()='SEARCH' or text()='FIND JOBS' or text()='Search'or text()='Browse Jobs' or text()='BROWSE JOBS' or @type='submit' or text()='More Jobs']"}
  (Session info: chrome=123.0.6312.86)
For documentation on this error, please visit: https://www.selenium.dev/documentation/webdriver/troubleshooting/errors#no-such-element-exception
Build info: version: '4.15.0', revision: '1d14b5521b'
System info: os.name: 'Windows 10', os.arch: 'amd64', os.version: '10.0', java.version: '19.0.2'
Driver info: org.openqa.selenium.remote.RemoteWebDriver
Command: [4f4eea425a1f6d16ad68ecf201005c56, findElement {using=xpath, value=//*[text()='SEARCH' or text()='FIND JOBS' or text()='Search'or text()='Browse Jobs' or text()='BROWSE JOBS' or @type='submit' or text()='More Jobs']}]
Capabilities {acceptInsecureCerts: false, browserName: chrome, browserVersion: 123.0.6312.86, chrome: {chromedriverVersion: 122.0.6261.94 (880dbf29479c..., userDataDir: C:\Users\JOBIAK\AppData\Loc...}, fedcm:accounts: true, goog:chromeOptions: {debuggerAddress: localhost:58343}, networkConnectionEnabled: false, pageLoadStrategy: normal, platformName: Windows 10, proxy: Proxy(), se:bidiEnabled: false, se:cdp: ws://192.168.0.7:4444/sessi..., se:cdpVersion: 123.0.6312.86, setWindowRect: true, strictFileInteractability: false, timeouts: {implicit: 0, pageLoad: 300000, script: 30000}, unhandledPromptBehavior: dismiss and notify, webauthn:extension:credBlob: true, webauthn:extension:largeBlob: true, webauthn:extension:minPinLength: true, webauthn:extension:prf: true, webauthn:virtualAuthenticators: true}
Session ID: 4f4eea425a1f6d16ad68ecf201005c56
at org.openqa.selenium.remote.codec.w3c.W3CHttpResponseCodec.createException(W3CHttpResponseCodec.java:200)
at org.openqa.selenium.remote.codec.w3c.W3CHttpResponseCodec.decode(W3CHttpResponseCodec.java:133)
at org.openqa.selenium.remote.codec.w3c.W3CHttpResponseCodec.decode(W3CHttpResponseCodec.java:52)
at org.openqa.selenium.remote.HttpCommandExecutor.execute(HttpCommandExecutor.java:191)
at org.openqa.selenium.remote.TracedCommandExecutor.execute(TracedCommandExecutor.java:51)
at org.openqa.selenium.remote.RemoteWebDriver.execute(RemoteWebDriver.java:607)
at org.openqa.selenium.remote.ElementLocation$ElementFinder$2.findElement(ElementLocation.java:165)
at org.openqa.selenium.remote.ElementLocation.findElement(ElementLocation.java:59)
at org.openqa.selenium.remote.RemoteWebDriver.findElement(RemoteWebDriver.java:364)
at org.openqa.selenium.remote.RemoteWebDriver.findElement(RemoteWebDriver.java:358)
at pageElements.AbstractComponents.elementStore(AbstractComponents.java:23)
at pageElements.HomePageElements.clickOnSearch(HomePageElements.java:60)
at scripts.SearchPage_T_C.verifyScrollButton(SearchPage_T_C.java:97)
at java.base/java.util.concurrent.ThreadPoolExecutor.runWorker(ThreadPoolExecutor.java:1144)
at java.base/java.util.concurrent.ThreadPoolExecutor$Worker.run(ThreadPoolExecutor.java:642)
at java.base/java.lang.Thread.run(Thread.java:1589)
... Removed 13 stack frames]]>
    </failure>
  </testcase> <!-- verifyScrollButton -->
  <testcase classname="scripts.TermsPage_T_C" name="verifyMetaContent" time="4.555">
    <failure type="java.lang.NullPointerException" message="Cannot invoke &amp;quot;java.util.List.get(int)&amp;quot; because the return value of &amp;quot;java.util.Map.get(Object)&amp;quot; is null">
      <![CDATA[java.lang.NullPointerException: Cannot invoke "java.util.List.get(int)" because the return value of "java.util.Map.get(Object)" is null
at utilities.MetaFileHandler.readMetaContentFromExcel(MetaFileHandler.java:99)
at scripts.TermsPage_T_C.verifyMetaContent(TermsPage_T_C.java:85)
at java.base/java.util.concurrent.ThreadPoolExecutor.runWorker(ThreadPoolExecutor.java:1144)
at java.base/java.util.concurrent.ThreadPoolExecutor$Worker.run(ThreadPoolExecutor.java:642)
at java.base/java.lang.Thread.run(Thread.java:1589)
... Removed 10 stack frames]]>
    </failure>
  </testcase> <!-- verifyMetaContent -->
  <testcase classname="scripts.HomePage_T_C" name="verifyStyleSheets" time="6.198">
    <failure type="java.lang.AssertionError" message="The following asserts failed:
	expected [false] but found [true],
	expected [false] but found [true]">
      <![CDATA[java.lang.AssertionError: The following asserts failed:
expected [false] but found [true],
expected [false] but found [true]
at scripts.HomePage_T_C.verifyStyleSheets(HomePage_T_C.java:232)
at java.base/java.util.concurrent.ThreadPoolExecutor.runWorker(ThreadPoolExecutor.java:1144)
at java.base/java.util.concurrent.ThreadPoolExecutor$Worker.run(ThreadPoolExecutor.java:642)
at java.base/java.lang.Thread.run(Thread.java:1589)
... Removed 12 stack frames]]>
    </failure>
  </testcase> <!-- verifyStyleSheets -->
  <testcase classname="scripts.TermsPage_T_C" name="verifyNetworkStatus" time="6.064"/>
  <testcase classname="scripts.HomePage_T_C" name="verifyStyleSheets" time="7.594"/>
  <testcase classname="scripts.SearchPage_T_C" name="verifySubdomain" time="13.012"/>
  <testcase classname="scripts.HomePage_T_C" name="verifyStyleSheets" time="5.182">
    <failure type="java.lang.AssertionError" message="The following asserts failed:
	expected [false] but found [true]">
      <![CDATA[java.lang.AssertionError: The following asserts failed:
expected [false] but found [true]
at scripts.HomePage_T_C.verifyStyleSheets(HomePage_T_C.java:232)
at java.base/java.util.concurrent.ThreadPoolExecutor.runWorker(ThreadPoolExecutor.java:1144)
at java.base/java.util.concurrent.ThreadPoolExecutor$Worker.run(ThreadPoolExecutor.java:642)
at java.base/java.lang.Thread.run(Thread.java:1589)
... Removed 12 stack frames]]>
    </failure>
  </testcase> <!-- verifyStyleSheets -->
  <testcase classname="scripts.TermsPage_T_C" name="verifyNetworkStatus" time="8.935"/>
  <testcase classname="scripts.HomePage_T_C" name="verifyStyleSheets" time="4.433"/>
  <testcase classname="scripts.SearchPage_T_C" name="verifySubdomain" time="14.375"/>
  <testcase classname="scripts.TermsPage_T_C" name="verifyNetworkStatus" time="6.397"/>
  <testcase classname="scripts.HomePage_T_C" name="verifySubdomain" time="5.946"/>
  <testcase classname="scripts.TermsPage_T_C" name="verifyNetworkStatus" time="6.68"/>
  <testcase classname="scripts.SearchPage_T_C" name="verifySubdomain" time="11.325"/>
  <testcase classname="scripts.HomePage_T_C" name="verifySubdomain" time="10.021"/>
  <testcase classname="scripts.TermsPage_T_C" name="verifyOgUrlRepetition" time="6.879"/>
  <testcase classname="scripts.HomePage_T_C" name="verifySubdomain" time="4.487"/>
  <testcase classname="scripts.TermsPage_T_C" name="verifyOgUrlRepetition" time="8.056"/>
  <testcase classname="scripts.SearchPage_T_C" name="verifySubdomain" time="13.661">
    <failure type="org.openqa.selenium.NoSuchElementException" message="no such element: Unable to locate element: {&amp;quot;method&amp;quot;:&amp;quot;xpath&amp;quot;,&amp;quot;selector&amp;quot;:&amp;quot;//*[text()=&amp;apos;SEARCH&amp;apos; or text()=&amp;apos;FIND JOBS&amp;apos; or text()=&amp;apos;Search&amp;apos;or text()=&amp;apos;Browse Jobs&amp;apos; or text()=&amp;apos;BROWSE JOBS&amp;apos; or @type=&amp;apos;submit&amp;apos; or text()=&amp;apos;More Jobs&amp;apos;]&amp;quot;}
  (Session info: chrome=123.0.6312.86)
For documentation on this error, please visit: https://www.selenium.dev/documentation/webdriver/troubleshooting/errors#no-such-element-exception
Build info: version: &amp;apos;4.15.0&amp;apos;, revision: &amp;apos;1d14b5521b&amp;apos;
System info: os.name: &amp;apos;Windows 10&amp;apos;, os.arch: &amp;apos;amd64&amp;apos;, os.version: &amp;apos;10.0&amp;apos;, java.version: &amp;apos;19.0.2&amp;apos;
Driver info: org.openqa.selenium.remote.RemoteWebDriver
Command: [5effef53aca66b1a0b1605ee7d134253, findElement {using=xpath, value=//*[text()=&amp;apos;SEARCH&amp;apos; or text()=&amp;apos;FIND JOBS&amp;apos; or text()=&amp;apos;Search&amp;apos;or text()=&amp;apos;Browse Jobs&amp;apos; or text()=&amp;apos;BROWSE JOBS&amp;apos; or @type=&amp;apos;submit&amp;apos; or text()=&amp;apos;More Jobs&amp;apos;]}]
Capabilities {acceptInsecureCerts: false, browserName: chrome, browserVersion: 123.0.6312.86, chrome: {chromedriverVersion: 122.0.6261.94 (880dbf29479c..., userDataDir: C:\Users\JOBIAK\AppData\Loc...}, fedcm:accounts: true, goog:chromeOptions: {debuggerAddress: localhost:58712}, networkConnectionEnabled: false, pageLoadStrategy: normal, platformName: Windows 10, proxy: Proxy(), se:bidiEnabled: false, se:cdp: ws://192.168.0.7:4444/sessi..., se:cdpVersion: 123.0.6312.86, setWindowRect: true, strictFileInteractability: false, timeouts: {implicit: 0, pageLoad: 300000, script: 30000}, unhandledPromptBehavior: dismiss and notify, webauthn:extension:credBlob: true, webauthn:extension:largeBlob: true, webauthn:extension:minPinLength: true, webauthn:extension:prf: true, webauthn:virtualAuthenticators: true}
Session ID: 5effef53aca66b1a0b1605ee7d134253">
      <![CDATA[org.openqa.selenium.NoSuchElementException: no such element: Unable to locate element: {"method":"xpath","selector":"//*[text()='SEARCH' or text()='FIND JOBS' or text()='Search'or text()='Browse Jobs' or text()='BROWSE JOBS' or @type='submit' or text()='More Jobs']"}
  (Session info: chrome=123.0.6312.86)
For documentation on this error, please visit: https://www.selenium.dev/documentation/webdriver/troubleshooting/errors#no-such-element-exception
Build info: version: '4.15.0', revision: '1d14b5521b'
System info: os.name: 'Windows 10', os.arch: 'amd64', os.version: '10.0', java.version: '19.0.2'
Driver info: org.openqa.selenium.remote.RemoteWebDriver
Command: [5effef53aca66b1a0b1605ee7d134253, findElement {using=xpath, value=//*[text()='SEARCH' or text()='FIND JOBS' or text()='Search'or text()='Browse Jobs' or text()='BROWSE JOBS' or @type='submit' or text()='More Jobs']}]
Capabilities {acceptInsecureCerts: false, browserName: chrome, browserVersion: 123.0.6312.86, chrome: {chromedriverVersion: 122.0.6261.94 (880dbf29479c..., userDataDir: C:\Users\JOBIAK\AppData\Loc...}, fedcm:accounts: true, goog:chromeOptions: {debuggerAddress: localhost:58712}, networkConnectionEnabled: false, pageLoadStrategy: normal, platformName: Windows 10, proxy: Proxy(), se:bidiEnabled: false, se:cdp: ws://192.168.0.7:4444/sessi..., se:cdpVersion: 123.0.6312.86, setWindowRect: true, strictFileInteractability: false, timeouts: {implicit: 0, pageLoad: 300000, script: 30000}, unhandledPromptBehavior: dismiss and notify, webauthn:extension:credBlob: true, webauthn:extension:largeBlob: true, webauthn:extension:minPinLength: true, webauthn:extension:prf: true, webauthn:virtualAuthenticators: true}
Session ID: 5effef53aca66b1a0b1605ee7d134253
at org.openqa.selenium.remote.codec.w3c.W3CHttpResponseCodec.createException(W3CHttpResponseCodec.java:200)
at org.openqa.selenium.remote.codec.w3c.W3CHttpResponseCodec.decode(W3CHttpResponseCodec.java:133)
at org.openqa.selenium.remote.codec.w3c.W3CHttpResponseCodec.decode(W3CHttpResponseCodec.java:52)
at org.openqa.selenium.remote.HttpCommandExecutor.execute(HttpCommandExecutor.java:191)
at org.openqa.selenium.remote.TracedCommandExecutor.execute(TracedCommandExecutor.java:51)
at org.openqa.selenium.remote.RemoteWebDriver.execute(RemoteWebDriver.java:607)
at org.openqa.selenium.remote.ElementLocation$ElementFinder$2.findElement(ElementLocation.java:165)
at org.openqa.selenium.remote.ElementLocation.findElement(ElementLocation.java:59)
at org.openqa.selenium.remote.RemoteWebDriver.findElement(RemoteWebDriver.java:364)
at org.openqa.selenium.remote.RemoteWebDriver.findElement(RemoteWebDriver.java:358)
at pageElements.AbstractComponents.elementStore(AbstractComponents.java:23)
at pageElements.HomePageElements.clickOnSearch(HomePageElements.java:60)
at scripts.SearchPage_T_C.verifySubdomain(SearchPage_T_C.java:116)
at java.base/java.util.concurrent.ThreadPoolExecutor.runWorker(ThreadPoolExecutor.java:1144)
at java.base/java.util.concurrent.ThreadPoolExecutor$Worker.run(ThreadPoolExecutor.java:642)
at java.base/java.lang.Thread.run(Thread.java:1589)
... Removed 13 stack frames]]>
    </failure>
  </testcase> <!-- verifySubdomain -->
  <testcase classname="scripts.HomePage_T_C" name="verifySubdomain" time="6.434"/>
  <testcase classname="scripts.TermsPage_T_C" name="verifyOgUrlRepetition" time="5.687"/>
  <testcase classname="scripts.HomePage_T_C" name="verifyTitleRepetition" time="3.904"/>
  <testcase classname="scripts.SearchPage_T_C" name="verifyTitleRepetition" time="9.527"/>
  <testcase classname="scripts.TermsPage_T_C" name="verifyOgUrlRepetition" time="6.585"/>
  <testcase classname="scripts.HomePage_T_C" name="verifyTitleRepetition" time="5.669"/>
  <testcase classname="scripts.TermsPage_T_C" name="verifyPageHeading" time="5.334"/>
  <testcase classname="scripts.SearchPage_T_C" name="verifyTitleRepetition" time="10.709"/>
  <testcase classname="scripts.HomePage_T_C" name="verifyTitleRepetition" time="5.036"/>
  <testcase classname="scripts.TermsPage_T_C" name="verifyPageHeading" time="6.114"/>
  <testcase classname="scripts.HomePage_T_C" name="verifyTitleRepetition" time="4.01"/>
  <testcase classname="scripts.SearchPage_T_C" name="verifyTitleRepetition" time="7.529"/>
  <testcase classname="scripts.TermsPage_T_C" name="verifyPageHeading" time="4.68"/>
  <testcase classname="scripts.TermsPage_T_C" name="verifyPageHeading" time="4.731"/>
  <testcase classname="scripts.SearchPage_T_C" name="verifyTitleRepetition" time="13.749">
    <failure type="org.openqa.selenium.NoSuchElementException" message="no such element: Unable to locate element: {&amp;quot;method&amp;quot;:&amp;quot;xpath&amp;quot;,&amp;quot;selector&amp;quot;:&amp;quot;//*[text()=&amp;apos;SEARCH&amp;apos; or text()=&amp;apos;FIND JOBS&amp;apos; or text()=&amp;apos;Search&amp;apos;or text()=&amp;apos;Browse Jobs&amp;apos; or text()=&amp;apos;BROWSE JOBS&amp;apos; or @type=&amp;apos;submit&amp;apos; or text()=&amp;apos;More Jobs&amp;apos;]&amp;quot;}
  (Session info: chrome=123.0.6312.86)
For documentation on this error, please visit: https://www.selenium.dev/documentation/webdriver/troubleshooting/errors#no-such-element-exception
Build info: version: &amp;apos;4.15.0&amp;apos;, revision: &amp;apos;1d14b5521b&amp;apos;
System info: os.name: &amp;apos;Windows 10&amp;apos;, os.arch: &amp;apos;amd64&amp;apos;, os.version: &amp;apos;10.0&amp;apos;, java.version: &amp;apos;19.0.2&amp;apos;
Driver info: org.openqa.selenium.remote.RemoteWebDriver
Command: [23225e5ab22fc8127ee7fabfdafb3fc9, findElement {using=xpath, value=//*[text()=&amp;apos;SEARCH&amp;apos; or text()=&amp;apos;FIND JOBS&amp;apos; or text()=&amp;apos;Search&amp;apos;or text()=&amp;apos;Browse Jobs&amp;apos; or text()=&amp;apos;BROWSE JOBS&amp;apos; or @type=&amp;apos;submit&amp;apos; or text()=&amp;apos;More Jobs&amp;apos;]}]
Capabilities {acceptInsecureCerts: false, browserName: chrome, browserVersion: 123.0.6312.86, chrome: {chromedriverVersion: 122.0.6261.94 (880dbf29479c..., userDataDir: C:\Users\JOBIAK\AppData\Loc...}, fedcm:accounts: true, goog:chromeOptions: {debuggerAddress: localhost:59023}, networkConnectionEnabled: false, pageLoadStrategy: normal, platformName: Windows 10, proxy: Proxy(), se:bidiEnabled: false, se:cdp: ws://192.168.0.7:4444/sessi..., se:cdpVersion: 123.0.6312.86, setWindowRect: true, strictFileInteractability: false, timeouts: {implicit: 0, pageLoad: 300000, script: 30000}, unhandledPromptBehavior: dismiss and notify, webauthn:extension:credBlob: true, webauthn:extension:largeBlob: true, webauthn:extension:minPinLength: true, webauthn:extension:prf: true, webauthn:virtualAuthenticators: true}
Session ID: 23225e5ab22fc8127ee7fabfdafb3fc9">
      <![CDATA[org.openqa.selenium.NoSuchElementException: no such element: Unable to locate element: {"method":"xpath","selector":"//*[text()='SEARCH' or text()='FIND JOBS' or text()='Search'or text()='Browse Jobs' or text()='BROWSE JOBS' or @type='submit' or text()='More Jobs']"}
  (Session info: chrome=123.0.6312.86)
For documentation on this error, please visit: https://www.selenium.dev/documentation/webdriver/troubleshooting/errors#no-such-element-exception
Build info: version: '4.15.0', revision: '1d14b5521b'
System info: os.name: 'Windows 10', os.arch: 'amd64', os.version: '10.0', java.version: '19.0.2'
Driver info: org.openqa.selenium.remote.RemoteWebDriver
Command: [23225e5ab22fc8127ee7fabfdafb3fc9, findElement {using=xpath, value=//*[text()='SEARCH' or text()='FIND JOBS' or text()='Search'or text()='Browse Jobs' or text()='BROWSE JOBS' or @type='submit' or text()='More Jobs']}]
Capabilities {acceptInsecureCerts: false, browserName: chrome, browserVersion: 123.0.6312.86, chrome: {chromedriverVersion: 122.0.6261.94 (880dbf29479c..., userDataDir: C:\Users\JOBIAK\AppData\Loc...}, fedcm:accounts: true, goog:chromeOptions: {debuggerAddress: localhost:59023}, networkConnectionEnabled: false, pageLoadStrategy: normal, platformName: Windows 10, proxy: Proxy(), se:bidiEnabled: false, se:cdp: ws://192.168.0.7:4444/sessi..., se:cdpVersion: 123.0.6312.86, setWindowRect: true, strictFileInteractability: false, timeouts: {implicit: 0, pageLoad: 300000, script: 30000}, unhandledPromptBehavior: dismiss and notify, webauthn:extension:credBlob: true, webauthn:extension:largeBlob: true, webauthn:extension:minPinLength: true, webauthn:extension:prf: true, webauthn:virtualAuthenticators: true}
Session ID: 23225e5ab22fc8127ee7fabfdafb3fc9
at org.openqa.selenium.remote.codec.w3c.W3CHttpResponseCodec.createException(W3CHttpResponseCodec.java:200)
at org.openqa.selenium.remote.codec.w3c.W3CHttpResponseCodec.decode(W3CHttpResponseCodec.java:133)
at org.openqa.selenium.remote.codec.w3c.W3CHttpResponseCodec.decode(W3CHttpResponseCodec.java:52)
at org.openqa.selenium.remote.HttpCommandExecutor.execute(HttpCommandExecutor.java:191)
at org.openqa.selenium.remote.TracedCommandExecutor.execute(TracedCommandExecutor.java:51)
at org.openqa.selenium.remote.RemoteWebDriver.execute(RemoteWebDriver.java:607)
at org.openqa.selenium.remote.ElementLocation$ElementFinder$2.findElement(ElementLocation.java:165)
at org.openqa.selenium.remote.ElementLocation.findElement(ElementLocation.java:59)
at org.openqa.selenium.remote.RemoteWebDriver.findElement(RemoteWebDriver.java:364)
at org.openqa.selenium.remote.RemoteWebDriver.findElement(RemoteWebDriver.java:358)
at pageElements.AbstractComponents.elementStore(AbstractComponents.java:23)
at pageElements.HomePageElements.clickOnSearch(HomePageElements.java:60)
at scripts.SearchPage_T_C.verifyTitleRepetition(SearchPage_T_C.java:153)
at java.base/java.util.concurrent.ThreadPoolExecutor.runWorker(ThreadPoolExecutor.java:1144)
at java.base/java.util.concurrent.ThreadPoolExecutor$Worker.run(ThreadPoolExecutor.java:642)
at java.base/java.lang.Thread.run(Thread.java:1589)
... Removed 13 stack frames]]>
    </failure>
  </testcase> <!-- verifyTitleRepetition -->
  <testcase classname="scripts.TermsPage_T_C" name="verifyProtocol" time="5.07"/>
  <testcase classname="scripts.TermsPage_T_C" name="verifyProtocol" time="5.835"/>
  <testcase classname="scripts.TermsPage_T_C" name="verifyProtocol" time="4.185"/>
  <testcase classname="scripts.TermsPage_T_C" name="verifyProtocol" time="4.458"/>
  <testcase classname="scripts.TermsPage_T_C" name="verifyScrollButton" time="5.102">
    <failure type="java.lang.AssertionError" message="The following asserts failed:
	966 expected [true] but found [false]">
      <![CDATA[java.lang.AssertionError: The following asserts failed:
966 expected [true] but found [false]
at scripts.TermsPage_T_C.verifyScrollButton(TermsPage_T_C.java:56)
at java.base/java.util.concurrent.ThreadPoolExecutor.runWorker(ThreadPoolExecutor.java:1144)
at java.base/java.util.concurrent.ThreadPoolExecutor$Worker.run(ThreadPoolExecutor.java:642)
at java.base/java.lang.Thread.run(Thread.java:1589)
... Removed 12 stack frames]]>
    </failure>
  </testcase> <!-- verifyScrollButton -->
  <testcase classname="scripts.TermsPage_T_C" name="verifyScrollButton" time="6.431">
    <failure type="java.lang.AssertionError" message="The following asserts failed:
	992 expected [true] but found [false]">
      <![CDATA[java.lang.AssertionError: The following asserts failed:
992 expected [true] but found [false]
at scripts.TermsPage_T_C.verifyScrollButton(TermsPage_T_C.java:56)
at java.base/java.util.concurrent.ThreadPoolExecutor.runWorker(ThreadPoolExecutor.java:1144)
at java.base/java.util.concurrent.ThreadPoolExecutor$Worker.run(ThreadPoolExecutor.java:642)
at java.base/java.lang.Thread.run(Thread.java:1589)
... Removed 12 stack frames]]>
    </failure>
  </testcase> <!-- verifyScrollButton -->
  <testcase classname="scripts.TermsPage_T_C" name="verifyScrollButton" time="4.597">
    <failure type="java.lang.AssertionError" message="The following asserts failed:
	982 expected [true] but found [false]">
      <![CDATA[java.lang.AssertionError: The following asserts failed:
982 expected [true] but found [false]
at scripts.TermsPage_T_C.verifyScrollButton(TermsPage_T_C.java:56)
at java.base/java.util.concurrent.ThreadPoolExecutor.runWorker(ThreadPoolExecutor.java:1144)
at java.base/java.util.concurrent.ThreadPoolExecutor$Worker.run(ThreadPoolExecutor.java:642)
at java.base/java.lang.Thread.run(Thread.java:1589)
... Removed 12 stack frames]]>
    </failure>
  </testcase> <!-- verifyScrollButton -->
  <testcase classname="scripts.TermsPage_T_C" name="verifyScrollButton" time="6.141">
    <failure type="java.lang.AssertionError" message="The following asserts failed:
	992 expected [true] but found [false]">
      <![CDATA[java.lang.AssertionError: The following asserts failed:
992 expected [true] but found [false]
at scripts.TermsPage_T_C.verifyScrollButton(TermsPage_T_C.java:56)
at java.base/java.util.concurrent.ThreadPoolExecutor.runWorker(ThreadPoolExecutor.java:1144)
at java.base/java.util.concurrent.ThreadPoolExecutor$Worker.run(ThreadPoolExecutor.java:642)
at java.base/java.lang.Thread.run(Thread.java:1589)
... Removed 12 stack frames]]>
    </failure>
  </testcase> <!-- verifyScrollButton -->
  <testcase classname="scripts.TermsPage_T_C" name="verifyStaticContent" time="14.403">
    <failure type="org.openqa.selenium.NoSuchElementException" message="no such element: Unable to locate element: {&amp;quot;method&amp;quot;:&amp;quot;xpath&amp;quot;,&amp;quot;selector&amp;quot;:&amp;quot;//main&amp;quot;}
  (Session info: chrome=123.0.6312.86)
For documentation on this error, please visit: https://www.selenium.dev/documentation/webdriver/troubleshooting/errors#no-such-element-exception
Build info: version: &amp;apos;4.15.0&amp;apos;, revision: &amp;apos;1d14b5521b&amp;apos;
System info: os.name: &amp;apos;Windows 10&amp;apos;, os.arch: &amp;apos;amd64&amp;apos;, os.version: &amp;apos;10.0&amp;apos;, java.version: &amp;apos;19.0.2&amp;apos;
Driver info: org.openqa.selenium.remote.RemoteWebDriver
Command: [aed8a7050f74cf893af15b82387b9133, findElement {using=xpath, value=//main}]
Capabilities {acceptInsecureCerts: false, browserName: chrome, browserVersion: 123.0.6312.86, chrome: {chromedriverVersion: 122.0.6261.94 (880dbf29479c..., userDataDir: C:\Users\JOBIAK\AppData\Loc...}, fedcm:accounts: true, goog:chromeOptions: {debuggerAddress: localhost:59224}, networkConnectionEnabled: false, pageLoadStrategy: normal, platformName: Windows 10, proxy: Proxy(), se:bidiEnabled: false, se:cdp: ws://192.168.0.7:4444/sessi..., se:cdpVersion: 123.0.6312.86, setWindowRect: true, strictFileInteractability: false, timeouts: {implicit: 0, pageLoad: 300000, script: 30000}, unhandledPromptBehavior: dismiss and notify, webauthn:extension:credBlob: true, webauthn:extension:largeBlob: true, webauthn:extension:minPinLength: true, webauthn:extension:prf: true, webauthn:virtualAuthenticators: true}
Session ID: aed8a7050f74cf893af15b82387b9133">
      <![CDATA[org.openqa.selenium.NoSuchElementException: no such element: Unable to locate element: {"method":"xpath","selector":"//main"}
  (Session info: chrome=123.0.6312.86)
For documentation on this error, please visit: https://www.selenium.dev/documentation/webdriver/troubleshooting/errors#no-such-element-exception
Build info: version: '4.15.0', revision: '1d14b5521b'
System info: os.name: 'Windows 10', os.arch: 'amd64', os.version: '10.0', java.version: '19.0.2'
Driver info: org.openqa.selenium.remote.RemoteWebDriver
Command: [aed8a7050f74cf893af15b82387b9133, findElement {using=xpath, value=//main}]
Capabilities {acceptInsecureCerts: false, browserName: chrome, browserVersion: 123.0.6312.86, chrome: {chromedriverVersion: 122.0.6261.94 (880dbf29479c..., userDataDir: C:\Users\JOBIAK\AppData\Loc...}, fedcm:accounts: true, goog:chromeOptions: {debuggerAddress: localhost:59224}, networkConnectionEnabled: false, pageLoadStrategy: normal, platformName: Windows 10, proxy: Proxy(), se:bidiEnabled: false, se:cdp: ws://192.168.0.7:4444/sessi..., se:cdpVersion: 123.0.6312.86, setWindowRect: true, strictFileInteractability: false, timeouts: {implicit: 0, pageLoad: 300000, script: 30000}, unhandledPromptBehavior: dismiss and notify, webauthn:extension:credBlob: true, webauthn:extension:largeBlob: true, webauthn:extension:minPinLength: true, webauthn:extension:prf: true, webauthn:virtualAuthenticators: true}
Session ID: aed8a7050f74cf893af15b82387b9133
at org.openqa.selenium.remote.codec.w3c.W3CHttpResponseCodec.createException(W3CHttpResponseCodec.java:200)
at org.openqa.selenium.remote.codec.w3c.W3CHttpResponseCodec.decode(W3CHttpResponseCodec.java:133)
at org.openqa.selenium.remote.codec.w3c.W3CHttpResponseCodec.decode(W3CHttpResponseCodec.java:52)
at org.openqa.selenium.remote.HttpCommandExecutor.execute(HttpCommandExecutor.java:191)
at org.openqa.selenium.remote.TracedCommandExecutor.execute(TracedCommandExecutor.java:51)
at org.openqa.selenium.remote.RemoteWebDriver.execute(RemoteWebDriver.java:607)
at org.openqa.selenium.remote.ElementLocation$ElementFinder$2.findElement(ElementLocation.java:165)
at org.openqa.selenium.remote.ElementLocation.findElement(ElementLocation.java:59)
at org.openqa.selenium.remote.RemoteWebDriver.findElement(RemoteWebDriver.java:364)
at org.openqa.selenium.remote.RemoteWebDriver.findElement(RemoteWebDriver.java:358)
at pageElements.AbstractComponents.elementStore(AbstractComponents.java:23)
at pageElements.BaseElements.getPageContent(BaseElements.java:111)
at scripts.TermsPage_T_C.verifyStaticContent(TermsPage_T_C.java:16)
at java.base/java.util.concurrent.ThreadPoolExecutor.runWorker(ThreadPoolExecutor.java:1144)
at java.base/java.util.concurrent.ThreadPoolExecutor$Worker.run(ThreadPoolExecutor.java:642)
at java.base/java.lang.Thread.run(Thread.java:1589)
... Removed 13 stack frames]]>
    </failure>
  </testcase> <!-- verifyStaticContent -->
  <testcase classname="scripts.TermsPage_T_C" name="verifyStaticContent" time="5.997"/>
  <testcase classname="scripts.TermsPage_T_C" name="verifyStaticContent" time="4.233"/>
  <testcase classname="scripts.TermsPage_T_C" name="verifyStaticContent" time="14.223">
    <failure type="org.openqa.selenium.NoSuchElementException" message="no such element: Unable to locate element: {&amp;quot;method&amp;quot;:&amp;quot;xpath&amp;quot;,&amp;quot;selector&amp;quot;:&amp;quot;//main&amp;quot;}
  (Session info: chrome=123.0.6312.86)
For documentation on this error, please visit: https://www.selenium.dev/documentation/webdriver/troubleshooting/errors#no-such-element-exception
Build info: version: &amp;apos;4.15.0&amp;apos;, revision: &amp;apos;1d14b5521b&amp;apos;
System info: os.name: &amp;apos;Windows 10&amp;apos;, os.arch: &amp;apos;amd64&amp;apos;, os.version: &amp;apos;10.0&amp;apos;, java.version: &amp;apos;19.0.2&amp;apos;
Driver info: org.openqa.selenium.remote.RemoteWebDriver
Command: [f7adeb869b7eceea61ec87a435455eb2, findElement {using=xpath, value=//main}]
Capabilities {acceptInsecureCerts: false, browserName: chrome, browserVersion: 123.0.6312.86, chrome: {chromedriverVersion: 122.0.6261.94 (880dbf29479c..., userDataDir: C:\Users\JOBIAK\AppData\Loc...}, fedcm:accounts: true, goog:chromeOptions: {debuggerAddress: localhost:59292}, networkConnectionEnabled: false, pageLoadStrategy: normal, platformName: Windows 10, proxy: Proxy(), se:bidiEnabled: false, se:cdp: ws://192.168.0.7:4444/sessi..., se:cdpVersion: 123.0.6312.86, setWindowRect: true, strictFileInteractability: false, timeouts: {implicit: 0, pageLoad: 300000, script: 30000}, unhandledPromptBehavior: dismiss and notify, webauthn:extension:credBlob: true, webauthn:extension:largeBlob: true, webauthn:extension:minPinLength: true, webauthn:extension:prf: true, webauthn:virtualAuthenticators: true}
Session ID: f7adeb869b7eceea61ec87a435455eb2">
      <![CDATA[org.openqa.selenium.NoSuchElementException: no such element: Unable to locate element: {"method":"xpath","selector":"//main"}
  (Session info: chrome=123.0.6312.86)
For documentation on this error, please visit: https://www.selenium.dev/documentation/webdriver/troubleshooting/errors#no-such-element-exception
Build info: version: '4.15.0', revision: '1d14b5521b'
System info: os.name: 'Windows 10', os.arch: 'amd64', os.version: '10.0', java.version: '19.0.2'
Driver info: org.openqa.selenium.remote.RemoteWebDriver
Command: [f7adeb869b7eceea61ec87a435455eb2, findElement {using=xpath, value=//main}]
Capabilities {acceptInsecureCerts: false, browserName: chrome, browserVersion: 123.0.6312.86, chrome: {chromedriverVersion: 122.0.6261.94 (880dbf29479c..., userDataDir: C:\Users\JOBIAK\AppData\Loc...}, fedcm:accounts: true, goog:chromeOptions: {debuggerAddress: localhost:59292}, networkConnectionEnabled: false, pageLoadStrategy: normal, platformName: Windows 10, proxy: Proxy(), se:bidiEnabled: false, se:cdp: ws://192.168.0.7:4444/sessi..., se:cdpVersion: 123.0.6312.86, setWindowRect: true, strictFileInteractability: false, timeouts: {implicit: 0, pageLoad: 300000, script: 30000}, unhandledPromptBehavior: dismiss and notify, webauthn:extension:credBlob: true, webauthn:extension:largeBlob: true, webauthn:extension:minPinLength: true, webauthn:extension:prf: true, webauthn:virtualAuthenticators: true}
Session ID: f7adeb869b7eceea61ec87a435455eb2
at org.openqa.selenium.remote.codec.w3c.W3CHttpResponseCodec.createException(W3CHttpResponseCodec.java:200)
at org.openqa.selenium.remote.codec.w3c.W3CHttpResponseCodec.decode(W3CHttpResponseCodec.java:133)
at org.openqa.selenium.remote.codec.w3c.W3CHttpResponseCodec.decode(W3CHttpResponseCodec.java:52)
at org.openqa.selenium.remote.HttpCommandExecutor.execute(HttpCommandExecutor.java:191)
at org.openqa.selenium.remote.TracedCommandExecutor.execute(TracedCommandExecutor.java:51)
at org.openqa.selenium.remote.RemoteWebDriver.execute(RemoteWebDriver.java:607)
at org.openqa.selenium.remote.ElementLocation$ElementFinder$2.findElement(ElementLocation.java:165)
at org.openqa.selenium.remote.ElementLocation.findElement(ElementLocation.java:59)
at org.openqa.selenium.remote.RemoteWebDriver.findElement(RemoteWebDriver.java:364)
at org.openqa.selenium.remote.RemoteWebDriver.findElement(RemoteWebDriver.java:358)
at pageElements.AbstractComponents.elementStore(AbstractComponents.java:23)
at pageElements.BaseElements.getPageContent(BaseElements.java:111)
at scripts.TermsPage_T_C.verifyStaticContent(TermsPage_T_C.java:16)
at java.base/java.util.concurrent.ThreadPoolExecutor.runWorker(ThreadPoolExecutor.java:1144)
at java.base/java.util.concurrent.ThreadPoolExecutor$Worker.run(ThreadPoolExecutor.java:642)
at java.base/java.lang.Thread.run(Thread.java:1589)
... Removed 13 stack frames]]>
    </failure>
  </testcase> <!-- verifyStaticContent -->
  <testcase classname="scripts.TermsPage_T_C" name="verifySubdomain" time="5.13"/>
  <testcase classname="scripts.TermsPage_T_C" name="verifySubdomain" time="6.078"/>
  <testcase classname="scripts.TermsPage_T_C" name="verifySubdomain" time="4.722"/>
  <testcase classname="scripts.TermsPage_T_C" name="verifySubdomain" time="4.395"/>
  <testcase classname="scripts.TermsPage_T_C" name="verifyTitleRepetition" time="4.464"/>
  <testcase classname="scripts.TermsPage_T_C" name="verifyTitleRepetition" time="5.815"/>
  <testcase classname="scripts.TermsPage_T_C" name="verifyTitleRepetition" time="4.333"/>
  <testcase classname="scripts.TermsPage_T_C" name="verifyTitleRepetition" time="5.063"/>
</testsuite> <!-- Home page -->
