<?xml version="1.0" encoding="UTF-8"?>
<!-- Generated by org.testng.reporters.JUnitXMLReporter -->
<testsuite ignored="0" hostname="DESKTOP-193VCU3" failures="2" tests="24" name="Privacy Page" time="161.01" errors="0" timestamp="2024-04-05T19:15:21 IST">
  <testcase classname="scripts.PrivacyPage_T_C" name="verifyConsole" time="5.193"/>
  <testcase classname="scripts.PrivacyPage_T_C" name="verifyConsole" time="5.026"/>
  <testcase classname="scripts.PrivacyPage_T_C" name="verifyDescRepetition" time="4.906"/>
  <testcase classname="scripts.PrivacyPage_T_C" name="verifyDescRepetition" time="5.161"/>
  <testcase classname="scripts.PrivacyPage_T_C" name="verifyHttpInPageSource" time="4.208"/>
  <testcase classname="scripts.PrivacyPage_T_C" name="verifyHttpInPageSource" time="4.578"/>
  <testcase classname="scripts.PrivacyPage_T_C" name="verifyMetaContent" time="4.81"/>
  <testcase classname="scripts.PrivacyPage_T_C" name="verifyMetaContent" time="5.066"/>
  <testcase classname="scripts.PrivacyPage_T_C" name="verifyNetworkStatus" time="5.362"/>
  <testcase classname="scripts.PrivacyPage_T_C" name="verifyNetworkStatus" time="5.548"/>
  <testcase classname="scripts.PrivacyPage_T_C" name="verifyOgUrlRepetition" time="4.418"/>
  <testcase classname="scripts.PrivacyPage_T_C" name="verifyOgUrlRepetition" time="3.608"/>
  <testcase classname="scripts.PrivacyPage_T_C" name="verifyPageHeading" time="3.983"/>
  <testcase classname="scripts.PrivacyPage_T_C" name="verifyPageHeading" time="4.169"/>
  <testcase classname="scripts.PrivacyPage_T_C" name="verifyProtocol" time="3.943"/>
  <testcase classname="scripts.PrivacyPage_T_C" name="verifyProtocol" time="4.96"/>
  <testcase classname="scripts.PrivacyPage_T_C" name="verifyScrollButton" time="4.593">
    <failure type="java.lang.AssertionError" message="The following asserts failed:
	967 expected [true] but found [false]">
      <![CDATA[java.lang.AssertionError: The following asserts failed:
967 expected [true] but found [false]
at scripts.PrivacyPage_T_C.verifyScrollButton(PrivacyPage_T_C.java:54)
at java.base/java.util.ArrayList.forEach(ArrayList.java:1511)
... Removed 27 stack frames]]>
    </failure>
  </testcase> <!-- verifyScrollButton -->
  <testcase classname="scripts.PrivacyPage_T_C" name="verifyScrollButton" time="4.124">
    <failure type="java.lang.AssertionError" message="The following asserts failed:
	998 expected [true] but found [false]">
      <![CDATA[java.lang.AssertionError: The following asserts failed:
998 expected [true] but found [false]
at scripts.PrivacyPage_T_C.verifyScrollButton(PrivacyPage_T_C.java:54)
at java.base/java.util.ArrayList.forEach(ArrayList.java:1511)
... Removed 27 stack frames]]>
    </failure>
  </testcase> <!-- verifyScrollButton -->
  <testcase classname="scripts.PrivacyPage_T_C" name="verifyStaticContent" time="4.854"/>
  <testcase classname="scripts.PrivacyPage_T_C" name="verifyStaticContent" time="4.431"/>
  <testcase classname="scripts.PrivacyPage_T_C" name="verifySubdomain" time="4.695"/>
  <testcase classname="scripts.PrivacyPage_T_C" name="verifySubdomain" time="5.877"/>
  <testcase classname="scripts.PrivacyPage_T_C" name="verifyTitleRepetition" time="3.988"/>
  <testcase classname="scripts.PrivacyPage_T_C" name="verifyTitleRepetition" time="4.324"/>
</testsuite> <!-- Privacy Page -->
