<?xml version="1.0" encoding="UTF-8"?>
<!-- Generated by org.testng.reporters.JUnitXMLReporter -->
<testsuite ignored="0" hostname="DESKTOP-193VCU3" failures="4" tests="10" name="Search page" time="91.177" errors="0" timestamp="2024-03-22T11:28:21 IST">
  <testcase classname="scripts.SearchPage_T_C" name="validateCompanyFilter" time="16.044">
    <failure type="org.openqa.selenium.NoSuchElementException" message="no such element: Unable to locate element: {&amp;quot;method&amp;quot;:&amp;quot;xpath&amp;quot;,&amp;quot;selector&amp;quot;:&amp;quot;//*[text()=&amp;apos;Search Results&amp;apos;]/following::*[contains(text(),&amp;apos;Jobs Available&amp;apos;)]&amp;quot;}
  (Session info: chrome=122.0.6261.129)
For documentation on this error, please visit: https://www.selenium.dev/documentation/webdriver/troubleshooting/errors#no-such-element-exception
Build info: version: &amp;apos;4.15.0&amp;apos;, revision: &amp;apos;1d14b5521b&amp;apos;
System info: os.name: &amp;apos;Windows 10&amp;apos;, os.arch: &amp;apos;amd64&amp;apos;, os.version: &amp;apos;10.0&amp;apos;, java.version: &amp;apos;19.0.2&amp;apos;
Driver info: org.openqa.selenium.remote.RemoteWebDriver
Command: [98c0e0fcc2e33414a855544905e53ed2, findElement {using=xpath, value=//*[text()=&amp;apos;Search Results&amp;apos;]/following::*[contains(text(),&amp;apos;Jobs Available&amp;apos;)]}]
Capabilities {acceptInsecureCerts: false, browserName: chrome, browserVersion: 122.0.6261.129, chrome: {chromedriverVersion: 122.0.6261.94 (880dbf29479c..., userDataDir: C:\Users\JOBIAK\AppData\Loc...}, fedcm:accounts: true, goog:chromeOptions: {debuggerAddress: localhost:60856}, networkConnectionEnabled: false, pageLoadStrategy: normal, platformName: Windows 10, proxy: Proxy(), se:bidiEnabled: false, se:cdp: ws://192.168.0.173:4444/ses..., se:cdpVersion: 122.0.6261.129, setWindowRect: true, strictFileInteractability: false, timeouts: {implicit: 0, pageLoad: 300000, script: 30000}, unhandledPromptBehavior: dismiss and notify, webauthn:extension:credBlob: true, webauthn:extension:largeBlob: true, webauthn:extension:minPinLength: true, webauthn:extension:prf: true, webauthn:virtualAuthenticators: true}
Session ID: 98c0e0fcc2e33414a855544905e53ed2">
      <![CDATA[org.openqa.selenium.NoSuchElementException: no such element: Unable to locate element: {"method":"xpath","selector":"//*[text()='Search Results']/following::*[contains(text(),'Jobs Available')]"}
  (Session info: chrome=122.0.6261.129)
For documentation on this error, please visit: https://www.selenium.dev/documentation/webdriver/troubleshooting/errors#no-such-element-exception
Build info: version: '4.15.0', revision: '1d14b5521b'
System info: os.name: 'Windows 10', os.arch: 'amd64', os.version: '10.0', java.version: '19.0.2'
Driver info: org.openqa.selenium.remote.RemoteWebDriver
Command: [98c0e0fcc2e33414a855544905e53ed2, findElement {using=xpath, value=//*[text()='Search Results']/following::*[contains(text(),'Jobs Available')]}]
Capabilities {acceptInsecureCerts: false, browserName: chrome, browserVersion: 122.0.6261.129, chrome: {chromedriverVersion: 122.0.6261.94 (880dbf29479c..., userDataDir: C:\Users\JOBIAK\AppData\Loc...}, fedcm:accounts: true, goog:chromeOptions: {debuggerAddress: localhost:60856}, networkConnectionEnabled: false, pageLoadStrategy: normal, platformName: Windows 10, proxy: Proxy(), se:bidiEnabled: false, se:cdp: ws://192.168.0.173:4444/ses..., se:cdpVersion: 122.0.6261.129, setWindowRect: true, strictFileInteractability: false, timeouts: {implicit: 0, pageLoad: 300000, script: 30000}, unhandledPromptBehavior: dismiss and notify, webauthn:extension:credBlob: true, webauthn:extension:largeBlob: true, webauthn:extension:minPinLength: true, webauthn:extension:prf: true, webauthn:virtualAuthenticators: true}
Session ID: 98c0e0fcc2e33414a855544905e53ed2
at org.openqa.selenium.remote.codec.w3c.W3CHttpResponseCodec.createException(W3CHttpResponseCodec.java:200)
at org.openqa.selenium.remote.codec.w3c.W3CHttpResponseCodec.decode(W3CHttpResponseCodec.java:133)
at org.openqa.selenium.remote.codec.w3c.W3CHttpResponseCodec.decode(W3CHttpResponseCodec.java:52)
at org.openqa.selenium.remote.HttpCommandExecutor.execute(HttpCommandExecutor.java:191)
at org.openqa.selenium.remote.TracedCommandExecutor.execute(TracedCommandExecutor.java:51)
at org.openqa.selenium.remote.RemoteWebDriver.execute(RemoteWebDriver.java:607)
at org.openqa.selenium.remote.ElementLocation$ElementFinder$2.findElement(ElementLocation.java:165)
at org.openqa.selenium.remote.ElementLocation.findElement(ElementLocation.java:59)
at org.openqa.selenium.remote.RemoteWebDriver.findElement(RemoteWebDriver.java:364)
at org.openqa.selenium.remote.RemoteWebDriver.findElement(RemoteWebDriver.java:358)
at pageElements.AbstractComponents.elementStore(AbstractComponents.java:23)
at pageElements.SearchPageElements.searchResult(SearchPageElements.java:83)
at scripts.SearchPage_T_C.validateCompanyFilter(SearchPage_T_C.java:23)
at java.base/java.util.concurrent.ThreadPoolExecutor.runWorker(ThreadPoolExecutor.java:1144)
at java.base/java.util.concurrent.ThreadPoolExecutor$Worker.run(ThreadPoolExecutor.java:642)
at java.base/java.lang.Thread.run(Thread.java:1589)
... Removed 13 stack frames]]>
    </failure>
  </testcase> <!-- validateCompanyFilter -->
  <testcase classname="scripts.SearchPage_T_C" name="validateMinimumJobCount" time="4.639">
    <failure type="java.lang.AssertionError" message="The following asserts failed:
	1   120 expected [true] but found [false]">
      <![CDATA[java.lang.AssertionError: The following asserts failed:
1   120 expected [true] but found [false]
at scripts.SearchPage_T_C.validateMinimumJobCount(SearchPage_T_C.java:45)
at java.base/java.util.concurrent.ThreadPoolExecutor.runWorker(ThreadPoolExecutor.java:1144)
at java.base/java.util.concurrent.ThreadPoolExecutor$Worker.run(ThreadPoolExecutor.java:642)
at java.base/java.lang.Thread.run(Thread.java:1589)
... Removed 12 stack frames]]>
    </failure>
  </testcase> <!-- validateMinimumJobCount -->
  <testcase classname="scripts.SearchPage_T_C" name="verifyApplyButton" time="7.508"/>
  <testcase classname="scripts.SearchPage_T_C" name="verifyClearButton" time="6.446"/>
  <testcase classname="scripts.SearchPage_T_C" name="verifyConsole" time="4.641"/>
  <testcase classname="scripts.SearchPage_T_C" name="verifyMetaContent" time="4.571">
    <failure type="java.lang.NullPointerException" message="Cannot invoke &amp;quot;java.util.List.get(int)&amp;quot; because the return value of &amp;quot;java.util.Map.get(Object)&amp;quot; is null">
      <![CDATA[java.lang.NullPointerException: Cannot invoke "java.util.List.get(int)" because the return value of "java.util.Map.get(Object)" is null
at utilities.MetaFileHandler.readMetaContentFromExcel(MetaFileHandler.java:99)
at scripts.SearchPage_T_C.verifyMetaContent(SearchPage_T_C.java:128)
at java.base/java.util.concurrent.ThreadPoolExecutor.runWorker(ThreadPoolExecutor.java:1144)
at java.base/java.util.concurrent.ThreadPoolExecutor$Worker.run(ThreadPoolExecutor.java:642)
at java.base/java.lang.Thread.run(Thread.java:1589)
... Removed 10 stack frames]]>
    </failure>
  </testcase> <!-- verifyMetaContent -->
  <testcase classname="scripts.SearchPage_T_C" name="verifyNetworkStatus" time="5.75"/>
  <testcase classname="scripts.SearchPage_T_C" name="verifyProtocol" time="4.374"/>
  <testcase classname="scripts.SearchPage_T_C" name="verifyScrollButton" time="6.776">
    <failure type="java.lang.AssertionError" message="The following asserts failed:
	expected [true] but found [false]">
      <![CDATA[java.lang.AssertionError: The following asserts failed:
expected [true] but found [false]
at scripts.SearchPage_T_C.verifyScrollButton(SearchPage_T_C.java:102)
at java.base/java.util.concurrent.ThreadPoolExecutor.runWorker(ThreadPoolExecutor.java:1144)
at java.base/java.util.concurrent.ThreadPoolExecutor$Worker.run(ThreadPoolExecutor.java:642)
at java.base/java.lang.Thread.run(Thread.java:1589)
... Removed 12 stack frames]]>
    </failure>
  </testcase> <!-- verifyScrollButton -->
  <testcase classname="scripts.SearchPage_T_C" name="verifySubdomain" time="6.266"/>
</testsuite> <!-- Search page -->
