<?xml version="1.0" encoding="UTF-8"?>
<!-- Generated by org.testng.reporters.JUnitXMLReporter -->
<testsuite ignored="0" hostname="DESKTOP-193VCU3" failures="4" tests="11" name="Terms" time="39.417" errors="0" timestamp="2024-04-24T15:45:01 IST">
  <testcase classname="scripts.TermsPage_T_C" name="verifyDescRepetition" time="4.229">
    <failure type="org.openqa.selenium.StaleElementReferenceException" message="stale element reference: stale element not found
  (Session info: chrome=124.0.6367.61)
For documentation on this error, please visit: https://www.selenium.dev/documentation/webdriver/troubleshooting/errors#stale-element-reference-exception
Build info: version: &amp;apos;4.19.1&amp;apos;, revision: &amp;apos;abe0ee07dc&amp;apos;
System info: os.name: &amp;apos;Windows 10&amp;apos;, os.arch: &amp;apos;amd64&amp;apos;, os.version: &amp;apos;10.0&amp;apos;, java.version: &amp;apos;19.0.2&amp;apos;
Driver info: org.openqa.selenium.chrome.ChromeDriver
Command: [eee44253efdc8b4c7fb0501bae0c49f7, executeScript {script=arguments[0].click();, args=[{element-6066-11e4-a52e-4f735466cecf=f.34C5CE99A1F7A35B91FE12CAB4FB38AF.d.B60AFC8BF1A750B9DCC5E10E9908FCD9.e.15}]}]
Capabilities {acceptInsecureCerts: false, browserName: chrome, browserVersion: 124.0.6367.61, chrome: {chromedriverVersion: 124.0.6367.78 (a087f2dd364d..., userDataDir: C:\Users\JOBIAK\AppData\Loc...}, fedcm:accounts: true, goog:chromeOptions: {debuggerAddress: localhost:50065}, networkConnectionEnabled: false, pageLoadStrategy: normal, platformName: windows, proxy: Proxy(), se:cdp: ws://localhost:50065/devtoo..., se:cdpVersion: 124.0.6367.61, setWindowRect: true, strictFileInteractability: false, timeouts: {implicit: 0, pageLoad: 300000, script: 30000}, unhandledPromptBehavior: dismiss and notify, webauthn:extension:credBlob: true, webauthn:extension:largeBlob: true, webauthn:extension:minPinLength: true, webauthn:extension:prf: true, webauthn:virtualAuthenticators: true}
Session ID: eee44253efdc8b4c7fb0501bae0c49f7">
      <![CDATA[org.openqa.selenium.StaleElementReferenceException: stale element reference: stale element not found
  (Session info: chrome=124.0.6367.61)
For documentation on this error, please visit: https://www.selenium.dev/documentation/webdriver/troubleshooting/errors#stale-element-reference-exception
Build info: version: '4.19.1', revision: 'abe0ee07dc'
System info: os.name: 'Windows 10', os.arch: 'amd64', os.version: '10.0', java.version: '19.0.2'
Driver info: org.openqa.selenium.chrome.ChromeDriver
Command: [eee44253efdc8b4c7fb0501bae0c49f7, executeScript {script=arguments[0].click();, args=[{element-6066-11e4-a52e-4f735466cecf=f.34C5CE99A1F7A35B91FE12CAB4FB38AF.d.B60AFC8BF1A750B9DCC5E10E9908FCD9.e.15}]}]
Capabilities {acceptInsecureCerts: false, browserName: chrome, browserVersion: 124.0.6367.61, chrome: {chromedriverVersion: 124.0.6367.78 (a087f2dd364d..., userDataDir: C:\Users\JOBIAK\AppData\Loc...}, fedcm:accounts: true, goog:chromeOptions: {debuggerAddress: localhost:50065}, networkConnectionEnabled: false, pageLoadStrategy: normal, platformName: windows, proxy: Proxy(), se:cdp: ws://localhost:50065/devtoo..., se:cdpVersion: 124.0.6367.61, setWindowRect: true, strictFileInteractability: false, timeouts: {implicit: 0, pageLoad: 300000, script: 30000}, unhandledPromptBehavior: dismiss and notify, webauthn:extension:credBlob: true, webauthn:extension:largeBlob: true, webauthn:extension:minPinLength: true, webauthn:extension:prf: true, webauthn:virtualAuthenticators: true}
Session ID: eee44253efdc8b4c7fb0501bae0c49f7
at org.openqa.selenium.remote.ErrorCodec.decode(ErrorCodec.java:167)
at org.openqa.selenium.remote.codec.w3c.W3CHttpResponseCodec.decode(W3CHttpResponseCodec.java:138)
at org.openqa.selenium.remote.codec.w3c.W3CHttpResponseCodec.decode(W3CHttpResponseCodec.java:50)
at org.openqa.selenium.remote.HttpCommandExecutor.execute(HttpCommandExecutor.java:190)
at org.openqa.selenium.remote.service.DriverCommandExecutor.invokeExecute(DriverCommandExecutor.java:216)
at org.openqa.selenium.remote.service.DriverCommandExecutor.execute(DriverCommandExecutor.java:174)
at org.openqa.selenium.remote.RemoteWebDriver.execute(RemoteWebDriver.java:518)
at org.openqa.selenium.remote.RemoteWebDriver.executeScript(RemoteWebDriver.java:463)
at pageElements.AbstractComponents.clickElement(AbstractComponents.java:39)
at pageElements.HomePageElements.clickOnTerms(HomePageElements.java:113)
at scripts.TermsPage_T_C.verifyDescRepetition(TermsPage_T_C.java:108)
at java.base/java.util.concurrent.ThreadPoolExecutor.runWorker(ThreadPoolExecutor.java:1144)
at java.base/java.util.concurrent.ThreadPoolExecutor$Worker.run(ThreadPoolExecutor.java:642)
at java.base/java.lang.Thread.run(Thread.java:1589)
... Removed 13 stack frames]]>
    </failure>
  </testcase> <!-- verifyDescRepetition -->
  <testcase classname="scripts.TermsPage_T_C" name="verifyHttpInPageSource" time="4.107"/>
  <testcase classname="scripts.TermsPage_T_C" name="verifyConsole" time="9.821">
    <failure type="org.openqa.selenium.NoSuchSessionException" message="invalid session id
Build info: version: &amp;apos;4.19.1&amp;apos;, revision: &amp;apos;abe0ee07dc&amp;apos;
System info: os.name: &amp;apos;Windows 10&amp;apos;, os.arch: &amp;apos;amd64&amp;apos;, os.version: &amp;apos;10.0&amp;apos;, java.version: &amp;apos;19.0.2&amp;apos;
Driver info: org.openqa.selenium.chrome.ChromeDriver
Command: [eee44253efdc8b4c7fb0501bae0c49f7, executeScript {script=arguments[0].click();, args=[{element-6066-11e4-a52e-4f735466cecf=f.34C5CE99A1F7A35B91FE12CAB4FB38AF.d.16DD9C01C637C8F28AF1558441C7F750.e.21}]}]
Capabilities {acceptInsecureCerts: false, browserName: chrome, browserVersion: 124.0.6367.61, chrome: {chromedriverVersion: 124.0.6367.78 (a087f2dd364d..., userDataDir: C:\Users\JOBIAK\AppData\Loc...}, fedcm:accounts: true, goog:chromeOptions: {debuggerAddress: localhost:50065}, networkConnectionEnabled: false, pageLoadStrategy: normal, platformName: windows, proxy: Proxy(), se:cdp: ws://localhost:50065/devtoo..., se:cdpVersion: 124.0.6367.61, setWindowRect: true, strictFileInteractability: false, timeouts: {implicit: 0, pageLoad: 300000, script: 30000}, unhandledPromptBehavior: dismiss and notify, webauthn:extension:credBlob: true, webauthn:extension:largeBlob: true, webauthn:extension:minPinLength: true, webauthn:extension:prf: true, webauthn:virtualAuthenticators: true}
Session ID: eee44253efdc8b4c7fb0501bae0c49f7">
      <![CDATA[org.openqa.selenium.NoSuchSessionException: invalid session id
Build info: version: '4.19.1', revision: 'abe0ee07dc'
System info: os.name: 'Windows 10', os.arch: 'amd64', os.version: '10.0', java.version: '19.0.2'
Driver info: org.openqa.selenium.chrome.ChromeDriver
Command: [eee44253efdc8b4c7fb0501bae0c49f7, executeScript {script=arguments[0].click();, args=[{element-6066-11e4-a52e-4f735466cecf=f.34C5CE99A1F7A35B91FE12CAB4FB38AF.d.16DD9C01C637C8F28AF1558441C7F750.e.21}]}]
Capabilities {acceptInsecureCerts: false, browserName: chrome, browserVersion: 124.0.6367.61, chrome: {chromedriverVersion: 124.0.6367.78 (a087f2dd364d..., userDataDir: C:\Users\JOBIAK\AppData\Loc...}, fedcm:accounts: true, goog:chromeOptions: {debuggerAddress: localhost:50065}, networkConnectionEnabled: false, pageLoadStrategy: normal, platformName: windows, proxy: Proxy(), se:cdp: ws://localhost:50065/devtoo..., se:cdpVersion: 124.0.6367.61, setWindowRect: true, strictFileInteractability: false, timeouts: {implicit: 0, pageLoad: 300000, script: 30000}, unhandledPromptBehavior: dismiss and notify, webauthn:extension:credBlob: true, webauthn:extension:largeBlob: true, webauthn:extension:minPinLength: true, webauthn:extension:prf: true, webauthn:virtualAuthenticators: true}
Session ID: eee44253efdc8b4c7fb0501bae0c49f7
at org.openqa.selenium.remote.ErrorCodec.decode(ErrorCodec.java:167)
at org.openqa.selenium.remote.codec.w3c.W3CHttpResponseCodec.decode(W3CHttpResponseCodec.java:138)
at org.openqa.selenium.remote.codec.w3c.W3CHttpResponseCodec.decode(W3CHttpResponseCodec.java:50)
at org.openqa.selenium.remote.HttpCommandExecutor.execute(HttpCommandExecutor.java:190)
at org.openqa.selenium.remote.service.DriverCommandExecutor.invokeExecute(DriverCommandExecutor.java:216)
at org.openqa.selenium.remote.service.DriverCommandExecutor.execute(DriverCommandExecutor.java:174)
at org.openqa.selenium.remote.RemoteWebDriver.execute(RemoteWebDriver.java:518)
at org.openqa.selenium.remote.RemoteWebDriver.executeScript(RemoteWebDriver.java:463)
at pageElements.AbstractComponents.clickElement(AbstractComponents.java:39)
at pageElements.HomePageElements.clickOnTerms(HomePageElements.java:113)
at scripts.TermsPage_T_C.verifyConsole(TermsPage_T_C.java:53)
at java.base/java.util.concurrent.ThreadPoolExecutor.runWorker(ThreadPoolExecutor.java:1144)
at java.base/java.util.concurrent.ThreadPoolExecutor$Worker.run(ThreadPoolExecutor.java:642)
at java.base/java.lang.Thread.run(Thread.java:1589)
... Removed 13 stack frames]]>
    </failure>
  </testcase> <!-- verifyConsole -->
  <testcase classname="scripts.TermsPage_T_C" name="verifyMetaContent" time="7.073">
    <failure type="java.lang.AssertionError" message="The following asserts failed:
	Explore a Variety of Job Opportunities across Industries and Locations on our Search Our Career and Apply for jobs that match your skills and experience. Read our terms and conditions to understand the rules for using our platform in finding jobs and connecting with employers. expected [true] but found [false]">
      <![CDATA[java.lang.AssertionError: The following asserts failed:
Explore a Variety of Job Opportunities across Industries and Locations on our Search Our Career and Apply for jobs that match your skills and experience. Read our terms and conditions to understand the rules for using our platform in finding jobs and connecting with employers. expected [true] but found [false]
at scripts.TermsPage_T_C.verifyMetaContent(TermsPage_T_C.java:80)
at java.base/java.util.concurrent.ThreadPoolExecutor.runWorker(ThreadPoolExecutor.java:1144)
at java.base/java.util.concurrent.ThreadPoolExecutor$Worker.run(ThreadPoolExecutor.java:642)
at java.base/java.lang.Thread.run(Thread.java:1589)
... Removed 12 stack frames]]>
    </failure>
  </testcase> <!-- verifyMetaContent -->
  <testcase classname="scripts.TermsPage_T_C" name="verifyNetworkStatus" time="8.286"/>
  <testcase classname="scripts.TermsPage_T_C" name="verifyOgUrlRepetition" time="8.301">
    <failure type="java.lang.AssertionError" message="The following asserts failed:
	og url: https://searchourcareer.com/terms-of-service canonical: https://searchourcareer.com/terms-of-service expected [true] but found [false]">
      <![CDATA[java.lang.AssertionError: The following asserts failed:
og url: https://searchourcareer.com/terms-of-service canonical: https://searchourcareer.com/terms-of-service expected [true] but found [false]
at scripts.TermsPage_T_C.verifyOgUrlRepetition(TermsPage_T_C.java:119)
at java.base/java.util.concurrent.ThreadPoolExecutor.runWorker(ThreadPoolExecutor.java:1144)
at java.base/java.util.concurrent.ThreadPoolExecutor$Worker.run(ThreadPoolExecutor.java:642)
at java.base/java.lang.Thread.run(Thread.java:1589)
... Removed 12 stack frames]]>
    </failure>
  </testcase> <!-- verifyOgUrlRepetition -->
  <testcase classname="scripts.TermsPage_T_C" name="verifyProtocol" time="3.741"/>
  <testcase classname="scripts.TermsPage_T_C" name="verifyPageHeading" time="11.145"/>
  <testcase classname="scripts.TermsPage_T_C" name="verifyStaticContent" time="6.75"/>
  <testcase classname="scripts.TermsPage_T_C" name="verifySubdomain" time="4.51"/>
  <testcase classname="scripts.TermsPage_T_C" name="verifyTitleRepetition" time="5.551"/>
</testsuite> <!-- Terms -->
